{
    "Name": "docker.io/kitware/kwiver",
    "Digest": "sha256:f0433e1d2bd80e00f924b0c096b709e6f7b533b95f3975b4b54c777580817b61",
    "RepoTags": [
        "1.3.0",
        "1.4.0",
        "1.5.0",
        "1.5.1",
        "latest",
        "release"
    ],
    "Created": "2022-01-13T18:56:06.148486645Z",
    "DockerVersion": "",
    "Labels": {
        "com.nvidia.cudnn.version": "7.6.5.32",
        "maintainer": "NVIDIA CORPORATION \u003ccudatools@nvidia.com\u003e"
    },
    "Architecture": "amd64",
    "Os": "linux",
    "Layers": [
        "sha256:feac5306138255e28a9862d3f3d29025d0a4d0648855afe1acd6131af07138ac",
        "sha256:ac23afdea97d7a4f543461e5b9617bdd9b472aebaeb427141ac0f32ca7424d91",
        "sha256:6e1a133ff12013454d898ce04f723d7b2ba46ed1db0a927e37602965ed01ef2b",
        "sha256:c50ae2b0948523b7a201403174b19c453c87dc99f81e9e61c556cf483f414af7",
        "sha256:8383fa66049c2c16639d6b9f40ca6e1d3715f40fe7b8e806cb2f71c74bcc5517",
        "sha256:d8f8c968231adf11a6e522fcf4df5d115de6c09b3c2068df51c76b6fc2036b17",
        "sha256:614c3e5f955a5ea9d98fa1545a004ca7682a4b27f93a4ce2c3ff2c1294a625a8",
        "sha256:8c5556079a4615ebd23ecc3115bb209229f6617611fc33a1d15015cf45d22eeb",
        "sha256:1ac63349bc3c2ae802190a163ce9ae61d33f8063c3a8ca958485255e2bebcc4f",
        "sha256:5d75b699225230a600dcd00f384e28a388294d621509d281ea45e61579d76ba2",
        "sha256:43b924cc95825d79b4b4d23f6164f136dbfe55fee72d182a840e05bfd03c8cde",
        "sha256:efe5c141410f91834a020b9fc711a4a0196ed7005e3b4a2867a9b5ae35f19e98",
        "sha256:077aeee153d49a76e0c367ab9fdd906486495852ea3873f17c75aacad9973506",
        "sha256:7e7915176107894652b06c8d973bfced9c411004272ba08812852eedfb9d9d93",
        "sha256:fdfcb9f0e9def2a4f4562e3fa4ad6ce799186e175d3f6373bfa1c579c5da9377",
        "sha256:8a3e4dc4347f3839e2fc7b6b4f08b6b2cce14a3fc5be7906c51009b93d304a3a",
        "sha256:3ac522de25229afbef97b726263a5891eb26e5693978090cd84d7d9369a57408",
        "sha256:ea13e3eef385c393f567ba544f970968cfe46b72fb78ff56d3135928b673a7df",
        "sha256:177013c94fb61ff83ae37139fff352b6ba885f49e9b05be1c88d1935d9ae129e",
        "sha256:91280b829d8f90a6e492ba726f5efc7189a52c2d2dd7ce16b276ba0d7406745e",
        "sha256:5a1e5e9c2e35d4b14478cf9da1b737a7844cc3a8070b808caf75484f3cdd01ac"
    ],
    "Env": [
        "PATH=/usr/local/nvidia/bin:/usr/local/cuda/bin:/usr/local/sbin:/usr/local/bin:/usr/sbin:/usr/bin:/sbin:/bin",
        "NVARCH=x86_64",
        "NVIDIA_REQUIRE_CUDA=cuda\u003e=10.0 brand=tesla,driver\u003e=384,driver\u003c385 brand=tesla,driver\u003e=410,driver\u003c411",
        "NV_CUDA_CUDART_VERSION=10.0.130-1",
        "NV_ML_REPO_ENABLED=1",
        "NV_ML_REPO_URL=https://developer.download.nvidia.com/compute/machine-learning/repos/ubuntu1804/x86_64",
        "CUDA_VERSION=10.0.130",
        "LD_LIBRARY_PATH=/opt/kitware/fletch/lib/:/usr/local/nvidia/lib:/usr/local/nvidia/lib64",
        "NVIDIA_VISIBLE_DEVICES=all",
        "NVIDIA_DRIVER_CAPABILITIES=compute,utility",
        "NV_CUDA_LIB_VERSION=10.0.130-1",
        "NV_NVTX_VERSION=10.0.130-1",
        "NV_LIBNPP_VERSION=10.0.130-1",
        "NV_LIBCUSPARSE_VERSION=10.0.130-1",
        "NV_LIBCUBLAS_PACKAGE_NAME=cuda-cublas-10-0",
        "NV_LIBCUBLAS_VERSION=10.0.130-1",
        "NV_LIBCUBLAS_PACKAGE=cuda-cublas-10-0=10.0.130-1",
        "NV_LIBNCCL_PACKAGE_NAME=libnccl2",
        "NV_LIBNCCL_PACKAGE_VERSION=2.6.4-1",
        "NCCL_VERSION=2.6.4-1",
        "NV_LIBNCCL_PACKAGE=libnccl2=2.6.4-1+cuda10.0",
        "NV_CUDA_CUDART_DEV_VERSION=10.0.130-1",
        "NV_NVML_DEV_VERSION=10.0.130-1",
        "NV_LIBCUSPARSE_DEV_VERSION=10.0.130-1",
        "NV_LIBNPP_DEV_VERSION=10.0.130-1",
        "NV_LIBCUBLAS_DEV_PACKAGE_NAME=cuda-cublas-dev-10-0",
        "NV_LIBCUBLAS_DEV_VERSION=10.0.130-1",
        "NV_LIBCUBLAS_DEV_PACKAGE=cuda-cublas-dev-10-0=10.0.130-1",
        "NV_LIBNCCL_DEV_PACKAGE_NAME=libnccl-dev",
        "NV_LIBNCCL_DEV_VERSION=2.6.4-1",
        "NV_LIBNCCL_DEV_PACKAGE=libnccl-dev=2.6.4-1+cuda10.0",
        "LIBRARY_PATH=/usr/local/cuda/lib64/stubs",
        "NV_CUDNN_PACKAGE_VERSION=7.6.5.32-1",
        "NV_CUDNN_VERSION=7.6.5.32",
        "NV_CUDNN_PACKAGE_NAME=libcudnn7",
        "NV_CUDNN_PACKAGE=libcudnn7=7.6.5.32-1+cuda10.0",
        "NV_CUDNN_PACKAGE_DEV=libcudnn7-dev=7.6.5.32-1+cuda10.0",
        "CUDNN_VERSION=7.6.5.32"
    ]
}
