{
    "Name": "docker.io/pytorch/pytorch",
    "Digest": "sha256:cf9197f9321ac3f49276633b4e78c79aa55f22578de3b650b3158ce6e3481f61",
    "RepoTags": [
        "0.4-cuda9-cudnn7-devel",
        "0.4.1-cuda9-cudnn7-devel",
        "0.4.1-cuda9-cudnn7-runtime",
        "0.4_cuda9_cudnn7",
        "1.0-cuda10.0-cudnn7-devel",
        "1.0-cuda10.0-cudnn7-runtime",
        "1.0.1-cuda10.0-cudnn7-devel",
        "1.0.1-cuda10.0-cudnn7-runtime",
        "1.1.0-cuda10.0-cudnn7.5-devel",
        "1.1.0-cuda10.0-cudnn7.5-runtime",
        "1.10.0-cuda11.3-cudnn8-devel",
        "1.10.0-cuda11.3-cudnn8-runtime",
        "1.2-cuda10.0-cudnn7-devel",
        "1.2-cuda10.0-cudnn7-runtime",
        "1.3-cuda10.1-cudnn7-devel",
        "1.3-cuda10.1-cudnn7-runtime",
        "1.4-cuda10.1-cudnn7-devel",
        "1.4-cuda10.1-cudnn7-runtime",
        "1.5-cuda10.1-cudnn7-devel",
        "1.5-cuda10.1-cudnn7-runtime",
        "1.5.1-cuda10.1-cudnn7-devel",
        "1.5.1-cuda10.1-cudnn7-runtime",
        "1.6.0-cuda10.1-cudnn7-devel",
        "1.6.0-cuda10.1-cudnn7-runtime",
        "1.7.0-cuda11.0-cudnn8-devel",
        "1.7.0-cuda11.0-cudnn8-runtime",
        "1.7.1-cuda11.0-cudnn8-devel",
        "1.7.1-cuda11.0-cudnn8-runtime",
        "1.8.0-cuda11.1-cudnn8-devel",
        "1.8.0-cuda11.1-cudnn8-runtime",
        "1.8.1-cuda10.2-cudnn7-devel",
        "1.8.1-cuda10.2-cudnn7-runtime",
        "1.8.1-cuda11.1-cudnn8-devel",
        "1.8.1-cuda11.1-cudnn8-runtime",
        "1.9.0-cuda10.2-cudnn7-devel",
        "1.9.0-cuda10.2-cudnn7-runtime",
        "1.9.0-cuda11.1-cudnn8-devel",
        "1.9.0-cuda11.1-cudnn8-runtime",
        "1.9.1-cuda11.1-cudnn8-devel",
        "1.9.1-cuda11.1-cudnn8-runtime",
        "latest",
        "nightly-devel-cuda10.0-cudnn7",
        "nightly-devel-cuda9.2-cudnn7",
        "nightly-runtime-cuda10.0-cudnn7",
        "nightly-runtime-cuda9.2-cudnn7",
        "v0.2"
    ],
    "Created": "2021-10-21T09:05:58.387901026-07:00",
    "DockerVersion": "",
    "Labels": {
        "com.nvidia.volumes.needed": "nvidia_driver"
    },
    "Architecture": "amd64",
    "Os": "linux",
    "Layers": [
        "sha256:284055322776031bac33723839acb0db2d063a525ba4fa1fd268a831c7553b26",
        "sha256:641a02cb4e212b5cd6bfbc5f7b2ef4946c12316e566eeea2a73b852f3501a820",
        "sha256:e293b1d03d39e56a587b1c5aa38cee156b5fea79b61c01820dc83159b91fc567",
        "sha256:d58be659dcd9d270fd79b150e314c72ad0e05d2d2af5717c8d982600f47b16f6"
    ],
    "Env": [
        "PATH=/opt/conda/bin:/usr/local/sbin:/usr/local/bin:/usr/sbin:/usr/bin:/sbin:/bin",
        "NVIDIA_VISIBLE_DEVICES=all",
        "NVIDIA_DRIVER_CAPABILITIES=compute,utility",
        "LD_LIBRARY_PATH=/usr/local/nvidia/lib:/usr/local/nvidia/lib64",
        "PYTORCH_VERSION=v1.10.0"
    ]
}
