{
    "Name": "docker.io/recognai/rubrix",
    "Digest": "sha256:be00aafd61c085b556050a58d41917ed590c18d0a79204c9125c3d203a9a1624",
    "RepoTags": [
        "latest",
        "master",
        "releases-0.x",
        "v0.1.0",
        "v0.1.0-beta.1",
        "v0.1.0-beta.2",
        "v0.1.0-beta.3",
        "v0.1.0-beta.4",
        "v0.1.0-beta.5",
        "v0.1.0-beta.6",
        "v0.1.0-beta.7",
        "v0.1.0-beta.8",
        "v0.1.0-beta.9",
        "v0.1.0.rc2",
        "v0.1.0.rc3",
        "v0.1.0.rc4",
        "v0.1.1",
        "v0.1.2",
        "v0.1.3",
        "v0.2.0",
        "v0.3.0",
        "v0.4.0",
        "v0.4.0-alpha.0",
        "v0.4.0-alpha.1",
        "v0.4.1",
        "v0.5.0",
        "v0.5.0-alpha.0",
        "v0.5.0-alpha.1",
        "v0.6.0",
        "v0.6.0-alpha.0",
        "v0.6.0-alpha.1",
        "v0.6.1",
        "v0.6.1-alpha.0",
        "v0.6.2",
        "v0.6.2-alpha.0",
        "v0.7.0",
        "v0.7.0-alpha.0",
        "v0.7.0-alpha.1",
        "v0.8.0",
        "v0.8.0-alpha.0",
        "v0.8.0-alpha.1"
    ],
    "Created": "2022-01-12T10:39:40.246944243Z",
    "DockerVersion": "",
    "Labels": {
        "maintainer": "Sebastian Ramirez \u003ctiangolo@gmail.com\u003e",
        "org.opencontainers.image.created": "2022-01-12T10:38:53.094Z",
        "org.opencontainers.image.description": "✨A Python framework to label, refine, and monitor data for NLP projects",
        "org.opencontainers.image.licenses": "Apache-2.0",
        "org.opencontainers.image.revision": "415f0921b91af8ca356f81f7e459734c2162c985",
        "org.opencontainers.image.source": "https://github.com/recognai/rubrix",
        "org.opencontainers.image.title": "rubrix",
        "org.opencontainers.image.url": "https://github.com/recognai/rubrix",
        "org.opencontainers.image.version": "v0.8.0"
    },
    "Architecture": "amd64",
    "Os": "linux",
    "Layers": [
        "sha256:df5590a8898bedd76f02205dc8caa5cc9863267dbcd8aac038bcd212688c1cc7",
        "sha256:705bb4cb554eb7751fd21a994f6f32aee582fbe5ea43037db6c43d321763992b",
        "sha256:519df5fceacdeaadeec563397b1d9f4d7c29c9f6eff879739cab6f0c144f49e1",
        "sha256:ccc287cbeddc96a0772397ca00ec85482a7b7f9a9fac643bfddd87b932f743db",
        "sha256:e3f8e6af58ed3a502f0c3c15dce636d9d362a742eb5b67770d0cfcb72f3a9884",
        "sha256:aebed27b2d86a5a3a2cbe186247911047a7e432b9d17daad8f226597c0ea4276",
        "sha256:3b81dff756ff4333c0aa6bdd25335679c0e5f7baafbaf663151e57610912b564",
        "sha256:6e4f59a23b58b034aca9e284e24eb048a5bd8a08dfaf009cfd664804b5422e06",
        "sha256:5cdb61eb416d184070e2a3179d0fbf5195a965fb1a4051ba4ac497a42f711002",
        "sha256:415755650c078c48027e842a05cc34353cd2faee9c229c8353b56c67e72ab36c",
        "sha256:82af7648a68a3cdd74a95f3b8e467a68ad164374f726184cdedca6369af31c1c",
        "sha256:697e3cdf6fdb54685dd4b6ef30199efb83c70d5ba9060cd7beae411eef6c0664",
        "sha256:8d414b25a011a87ef0532614a30e5befa150ccb1f6307ee8c9cea3d4dbc5be59",
        "sha256:3e3cfa737f563f22f21cab6f758afa05a8095c325ffbdf1ce11060e1f4f51aa0",
        "sha256:1595db7eb9b17f8f89289166cfad8ff9dc7e39776bd627408ba5816d062c87da",
        "sha256:d2d3fcd4b870b1af2eb777f132032774d461109aa700325a3dcb351bc9aa14e6",
        "sha256:35f87fd78dc8b33cd8339a58d1da5f75fe2fd8c85478891e5e70e02d793e4c42",
        "sha256:146e266752fc4dcd9c2073f27ca8769e23189df00d9b57b56aa59340e90b67a0",
        "sha256:57df244389c008c329cd8ee89a74f8f36e3984715e65607caca22c30d21efe83",
        "sha256:e8391aa94779ce81d31831f53777c61b634a0e7df78be5549e41edf932679f48",
        "sha256:17c5baf8d6c8b0109756218027891a8ba6f6db30ab171cdb6d31794bbe5bca21",
        "sha256:9c367430bffdb0e659caa6866c2b31125e2975c3857ad7e5a92422cb0c985b29"
    ],
    "Env": [
        "PATH=/usr/local/bin:/usr/local/sbin:/usr/local/bin:/usr/sbin:/usr/bin:/sbin:/bin",
        "LANG=C.UTF-8",
        "GPG_KEY=0D96DF4D4110E5C43FBFB17F2D347EA6AA65421D",
        "PYTHON_VERSION=3.7.12",
        "PYTHON_PIP_VERSION=21.2.4",
        "PYTHON_SETUPTOOLS_VERSION=57.5.0",
        "PYTHON_GET_PIP_URL=https://github.com/pypa/get-pip/raw/c20b0cfd643cd4a19246ccf204e2997af70f6b21/public/get-pip.py",
        "PYTHON_GET_PIP_SHA256=fa6f3fb93cce234cd4e8dd2beb54a51ab9c247653b52855a48dd44e6b21ff28b",
        "PYTHONPATH=/app",
        "USERS_DB=/config/.users.yml",
        "MODULE_NAME=rubrix.server.server",
        "VARIABLE_NAME=app"
    ]
}
