{
    "Name": "docker.io/modernmt/master",
    "Digest": "sha256:975abdee7ae87025ff2e7262b1182f704d86807f1e8300d28b3906772b229406",
    "RepoTags": [
        "latest",
        "v0.15",
        "v0.15.1",
        "v1.0",
        "v1.0.1",
        "v1.0.2",
        "v1.0.3",
        "v2.0",
        "v2.0.1",
        "v2.0.2",
        "v2.1",
        "v2.3",
        "v2.4",
        "v2.5",
        "v3.0",
        "v3.1",
        "v3.2",
        "v3.2.3",
        "v3.3",
        "v3.3.1",
        "v3.3.2",
        "v4.0",
        "v4.1.1",
        "v4.1.2",
        "v4.1.3",
        "v4.1.4",
        "v4.2",
        "v4.4",
        "v4.4.1",
        "v4.4.2",
        "v4.5",
        "v4.5.4",
        "v4.9.5"
    ],
    "Created": "2021-02-19T11:01:43.371239289Z",
    "DockerVersion": "20.10.3",
    "Labels": {
        "com.nvidia.cudnn.version": "7.6.5.32",
        "maintainer": "NVIDIA CORPORATION \u003ccudatools@nvidia.com\u003e"
    },
    "Architecture": "amd64",
    "Os": "linux",
    "Layers": [
        "sha256:d519e2592276828ca171d85e0532899cd4f98c70f5c697b45fa2e126e9f9fe49",
        "sha256:d22d2dfcfa9cd230ed3c47defec2670d45081598c721dd85cafc34ea459f970e",
        "sha256:b3afe92c540b778c64ca316d1e679d55d2d2e812e450f516a808ee591f0c3f77",
        "sha256:13a10df09dc11cc5b00564b34576228d0ff1dfa290a19161c58499d6232c2128",
        "sha256:4f0bc36a7e1dbc20657f99b209f1b99a86a04af66b5e7e5d9b3bb046d34fa11a",
        "sha256:cd710321007d521bbbea2398e45e087c96b33c518366b3a8be8666118aa22da4",
        "sha256:b42540e9935e9b59467f806063b3746115f30bdef4efff10df7ab52a15bbd053",
        "sha256:f721a7b389f30d6464982922a8174f2620ef0979f78dc57aacf47e216e198d08",
        "sha256:5987ad3b23cb7abab14797a1ad489758301b52f84fe9b6bad896a6b965001625",
        "sha256:f77f1a3441656098cb290cfbe6aad72a0da5dffe7b5ba803a8e4f757364d9eeb",
        "sha256:b774344073f6577546788f532d9b1a888381d464d9d36f16f8bd912d514d7ffa"
    ],
    "Env": [
        "PATH=/usr/local/nvidia/bin:/usr/local/cuda/bin:/usr/local/sbin:/usr/local/bin:/usr/sbin:/usr/bin:/sbin:/bin",
        "CUDA_VERSION=10.1.243",
        "CUDA_PKG_VERSION=10-1=10.1.243-1",
        "LD_LIBRARY_PATH=/usr/local/cuda/lib64:/opt/mmt/build/lib",
        "NVIDIA_VISIBLE_DEVICES=all",
        "NVIDIA_DRIVER_CAPABILITIES=compute,utility",
        "NVIDIA_REQUIRE_CUDA=cuda\u003e=10.1 brand=tesla,driver\u003e=396,driver\u003c397 brand=tesla,driver\u003e=410,driver\u003c411 brand=tesla,driver\u003e=418,driver\u003c419",
        "NCCL_VERSION=2.8.3",
        "CUDNN_VERSION=7.6.5.32",
        "LANG=en_US.UTF-8",
        "LANGUAGE=en_US.UTF-8",
        "LC_ALL=en_US.UTF-8",
        "MMT_HOME=/opt/mmt"
    ]
}
