{
    "Name": "docker.io/hydrosphere/serving-manager",
    "Digest": "sha256:daacd24a6a2258d160f7c1d7f29d2721591db8345dbd84aa5a00655e6acc18b1",
    "RepoTags": [
        "0.0.11",
        "0.0.12",
        "0.0.13",
        "0.0.15",
        "0.0.16",
        "0.0.17",
        "0.0.18",
        "0.0.19",
        "0.0.20",
        "0.0.21",
        "0.0.22",
        "0.0.23",
        "0.0.24",
        "0.0.25",
        "0.0.25-SNAPSHOT",
        "0.0.26-SNAPSHOT",
        "03955936455c864ce5f3557ff3f7e5b5f4d14567",
        "03d3aa50c16f10d1127a18e01f3afdeeed02a0f2",
        "0495b7331b12fd65a5921eac2922d72523334683",
        "054369a41ad1defcecff14b39b460a39dd4e6a2a",
        "06393554b6a833108f1e87f50a276372e3a5c45d",
        "07dc3c2284fa4f93f0a31d439a96236c3e618fa5",
        "0a3bb1e89200b251ad8e7f2b7667e20aeead0e8e",
        "0a503596976e2311027e521b48bd2dfb2f299d0b",
        "0c029174cf73e847906cfa21395d0334bca69582",
        "0cbb1af84b89485f18a279b3389468ad4e89a908",
        "0eb49a8aaa2782d3b0e2f9172fe662270d5fbe14",
        "0f90ed836cc65203ebed399cad48d28c6139d2e0",
        "1423e71aabb0294ec410235d957f8e80ee712cae",
        "157743aedd2d3f03ddfd9b43a3323169da07553a",
        "17db6007615868962c6ecf44d22e689713cae811",
        "18a7bb77bdf9c39d97ff30882dec8275ab71c6e6",
        "1cf4a434c7f960aa058494148fbcc9ef2b512fcc",
        "1f73a2ad9a86c0a67847cd8f004e5c5e2ac331d1",
        "2.0.0",
        "2.0.0-test",
        "2.0.1",
        "2.1.0",
        "2.2.0",
        "2.3.0",
        "2.4.0",
        "204ac12d0e7caaa97712f3cd46a5ab28902b25f0",
        "22755588a3dae95d2db6337fac760d903035e95e",
        "241f31476a9133454a58142d4acce930c9b5bd56",
        "2683900a6cc56f893573f2b18248efec6d77ac6d",
        "2860de4422506d06e365ab20e2612cc315c0c995",
        "29d06bc78668152766ad35996d62c959c6e3dcf3",
        "2c78143afe33023f1f0e022408c4232d2d384c0f",
        "2ee5e0752ab8c5adcd1d26a525c4c4b5e0577f49",
        "3.0.0",
        "3.0.0-dev1",
        "3.0.0-dev2",
        "3.0.0-dev3",
        "3.0.0-dev4",
        "3.0.0-test",
        "3.0.0-test1",
        "3.0.0-test2",
        "3.0.0-test3",
        "3.0.0-test4",
        "3.0.0-test6",
        "3.0.0-test7",
        "3.0.1",
        "3.0.2",
        "3.0.3",
        "316814e004857026d319b818a064bdcec66d806c",
        "325db13d4997aa1203268d57db0dcd01e8d341f3",
        "377feb007d6bba28ee1a15b65deeb43ab7ed50d0",
        "378b281f6c31c0e638f72d9442b24b498f2602f0",
        "3a5391aa4851f8c91a41d414e665acaea8a3c6da",
        "3e4db2d602747b0699e99d829e2d65f04c7905eb",
        "481c3aa362815303a757da602e2d80afdbf325fd",
        "4b677f430c0a5a1bf5e99a9f5b9deda69086d356",
        "4e343d1d1c82d291790cd304cf719509c0f0053c",
        "4ed069be98a5c5b4784ba5d67eb6cfb52012496e",
        "4ed78ce1812d59975c1361e6abb98089f32d9f9c",
        "4f524ed07b803ed4d733462119b488d5a4e8512c",
        "4f6a921c96e6ed912fb6c1c459f044f0a0db965e",
        "547acd27a963d78dd7fe0f7ee45ccd1bf42c23f3",
        "54956bb7bac0947e9bb2b42c26d42249085f2208",
        "58448317764d0cbfa812184351fe399bfe952f4d",
        "59ce52210247ab70d03548075c3e3c534d675d25",
        "5b698efff60c8852749c9fb2c0f7b2848da55bd5",
        "5b8c83aa40f803afda41d0f58a73abfd37e0e191",
        "5cd74fc4bfc5120b697ecd9a8a94141989bedec9",
        "5cec683816bb5b043d1286ae0818a19d7180693a",
        "5de2187f6365e123361379cb08ea46895cbaa64a",
        "5fe69ed83f02dd9465542738e4853dc91b264bf2",
        "602268c2d67c30643b4da9addf0ba005e2119450",
        "627ff653bd67f698ecaba14625f9d97b6ead1e31",
        "64cea0cc1f81c99ab5e4df8659c0aee62aee08fd",
        "6757bc137ab41e99b8d5bc13b3609bc2162c5c29",
        "67fe11727c5a763c5fa141ee25e2c83b628c20d9",
        "68e57374c2cc8fd4bd972beeea8bcbd2acd4464a",
        "6ca66d62644e969eb672eb1b2d4ca4be769b57dd",
        "6d038975920d5b39367ff4054d000d2711f27e70",
        "6da185e856431e75b998a6956f58d700394b7a09",
        "6f2b3d806606bf36cb6070c455c16f5d1154bf00",
        "6f3ede6e08c58710cb96960b01eefb74b50cfda7",
        "70a6f3bc5313a86f2225933dac09e08b68d99130",
        "71349d7d57a2a0cbc98a11fe0d50065c9656d39a",
        "7276800723f4b832b1223e65b469fc561394f575",
        "794163fe15e42f2c6155907adea720ed59d32c34",
        "7abe50286bd734524dbd68cd3ed8e6a9d153ad44",
        "7c396e47767b5074e25839e9eb7263076c780761",
        "7dba6444dc5abcfbfa5c8def5b1597b5d37dc9ae",
        "7eeeb0ba4049a70130810cba2b0fa1f64f7ef6b2",
        "80a87f45b80553827cf4f4b28b6a9af329ed1ef2",
        "81441c99d03ebd58199fd31264c3d24b5d68fc9a",
        "81e5cc47e5cc2a24bee0ffa3c38cdb6743461647",
        "82f63b622015d4b6f409b94f5160a880abc62f2d",
        "84577ed60b2a0c5b407ead325fd619fa6b268aba",
        "857de73c3a9820a46c132e37884ca089f2714302",
        "8658548fa8e084c511adfffbb4dafeaa39712c26",
        "868e5bdb8f98dda19c7409366c4e72b3c4873a57",
        "888277bb9947be587620f3ba7e5f1f9fb4eea211",
        "8a5a06a4b1d022c7511eea86c9475e958e9e273e",
        "8a64273eb4838d4a85c4e2852eaccc8070762ab9",
        "8a6ca8968b1c8565648e705b83bae3c917945e05",
        "8b2ad5140ee2960e145463b9f1a8bad258c7f50a",
        "9266bf80210c2329d3eb04151aef020a84383a0a",
        "950c1b33d8cf2da07a112fda5c2be882553a4f5a",
        "97197afd29f2868b7867f3b1464a13ba2856e052",
        "976b2cf58df12c919c9a894117f7b2ba8b0de46b",
        "98c2a612b199bcc262990c9f0f4e5bc7d67013f9",
        "9b3e70a5573fcab953f558d45c2a930876a33434",
        "9b4435b8332162cec2ad451806f63923a756c8cc",
        "9b5d17d2fefeb6f36e5bfa6f7e06b6771f828346",
        "9d5bc14b892d880b3ffd94ca2bb09c7cd54edde9",
        "9d7ed7ecf2aac0974b02aea83ccd6a7467b7cf6f",
        "9dae09432d86c4d03cc98d127fd4f0a2bb4f5d6d",
        "9e439787d3b3e377646edc089b74c82ebcbbdf7f",
        "9f93f847cb005b654409e859c54188b9241b938a",
        "a2a220d9f1bb6eb943ef2309706112d983661db0",
        "a34694058f4fe929b29cce9785208ea9c1c5a0a6",
        "a34e527d037e0870cd0266665fc4e33565b8c0d8",
        "a73473ee857aed89eb31388a845f8036045b5bc1",
        "a938b18effc8c8263f689b32eaa9a063be4cc2d6",
        "a946eb1ea1cfd7b669d84a94996cb6de6b6bdff9",
        "aadef0bf5f5b7bbfa70b91939005fe9a3d1dc70d",
        "ab5a105569e4ef440889edb40a9023a1ae162a35",
        "ae596f08335728fee3a072eaf9b0ca72f7cccc2e",
        "api-v2",
        "api-v2-dos65",
        "api-v2-dos652",
        "b017e6bb229e6845ac4ddefe50a860e1f86fcd95",
        "b284268bf4301e9822ad81c898ad733f7dd438d0",
        "b36eae491cb63b216697cbbd431e5c1018f527e5",
        "b3f2317eb26b92450221d2ed477b835f040946fb",
        "b3faf1f338bcae51d698a7644a6a9cb8c87974ac",
        "b8f39405e5cb63c02cee474495afb71e95e898c4",
        "b966c5028c27bca43621da03e486a43fb3649914",
        "bb515cfe97e1b129c088e7e6a2038bc3e3cf6a57",
        "bb7f77f99ce214d57ead3b719acedda94db56b04",
        "bc95fd9352fc58e526ec9b6273cda7d9790fe72f",
        "bcadfed367353fdd27dae59f9b6e67833059f150",
        "bd4f5fc6febcaf707de8bfb186008b236455540e",
        "bf67c2d43a962ae6893d5142eb631d862ffaa042",
        "bf6e2b74633c91ca66858e05e186fee895e00653",
        "bf880e341ccb938bf27712c52620945be5938933",
        "buildlogs1",
        "buildlogs2",
        "c1bf5161c22355c5d0bf49305922bccfeb2bc13e",
        "c2739c675ec5d159c210d01c33fd301d85993d7c",
        "c34811fb11a20f6e4a50f93a4ac8dbe1c947507a",
        "c56b9735a1a53e8173fc379a93bcbb9cdc8df5fb",
        "c7583bb57077c4a08da522f146418f6d8f2fedf1",
        "c84b4563d4b7c8419f21ebc041ab368ea69fabf2",
        "c8ade20e7f66895cf2259f91eed99fb0b15c7718",
        "cdaf824d6ff1c4ab2e8bc5c695307e0393cb1fb8",
        "d110e688f039ed98db63ccd198c2ce4edb2bfcb8",
        "d1c2080c1f5d430622163bed6211aa586bd9e34d",
        "d24efab3a5618e52c5e9e0769ed82092f0bf7de6",
        "d27118a51151e2b6b0df748a2d6bcb3d20d19027",
        "d27e43005189b032a90772a6f652acbf69e6cf08",
        "d2b26931b7357fba38143fe7de0a14bef9e59d31",
        "d41c3af43e2269c96a44962ae7c13c5fb3b88dbd",
        "d44d695ecc98e6ae24653d1942f747e74dd5778e",
        "d9e08fd4ad5ccce4544e69ec659cc29e12343634",
        "dab78c676ad4a82327a4ac9b24906583d20180bc",
        "dbe4b8a7c1a5f48e5ced659fff40d0c706cfff93",
        "dcf7219b965fcc5d36207353f3032826775dee0f",
        "dee1ecbc44e264415eb7515a02c99fc37e5ae1e4",
        "demo1",
        "dev",
        "df21843a29271bffbef88abf1441ba51d1da1e41",
        "e29d10eb36589ca966f1d0cecb3aafb4d333907f",
        "e728129dd384d36c18076f10b12bdbea954fe804",
        "e8269a7772218b4de0631bb588dc7deba44b12ff",
        "e9ac0bef9fd072ab9b7afbde083767ccd0f6c5bc",
        "e9c80a3255ee6b92c057379f219156b26f773f0f",
        "e9dc1cd30764d0a87ee342828f9b4ccbe6992e31",
        "ea5e31c8150315207f5abce0a678c0838017dac3",
        "ebce3777f71a77276a2015235e7acbe584112d8d",
        "ebdd3e477cf025e6620be363209b1072e56da479",
        "ec632e6cb7f35c9e266de549010b5fabacf32354",
        "ee2d79d622bbc34c14ff241610eb9fc541b7dab9",
        "f07aa781c085f3821646d6433f0b0d3bb18fde5d",
        "f1a6e6b019214cdb5a51077112f89fdfe0db4f26",
        "f23d2d4fea4f93ade5624c241de93028dbaf30eb",
        "f2633a48bba292328c98a25357151e3e90947c63",
        "f50cf3c5ffd4003c45604e895ece9ea42daccbef",
        "f66aac8e6a24513dcea329c782fc7103ee366229",
        "f69ab381b042a7a73d708020a01306eac4996217",
        "fe83c6ae3a0fe87883aadd9d1250766c4766645c",
        "fee192171d2711cb651de04d23b9738548debea1",
        "ff0dff80a31d13c6745f1d063af076624a4548fe",
        "ffcd55ba8f9ed7e3205704d4654eb63ada16e243",
        "fffe1385668ab99408117c3bee88dea4879aa991",
        "headless",
        "hostselector1",
        "hostselector2",
        "latest",
        "logs1",
        "modellogs1",
        "remove_envoy"
    ],
    "Created": "2021-06-18T07:03:53.275955172Z",
    "DockerVersion": "19.03.13",
    "Labels": null,
    "Architecture": "amd64",
    "Os": "linux",
    "Layers": [
        "sha256:ff3a5c916c92643ff77519ffa742d3ec61b7f591b6b7504599d95a4a41134e28",
        "sha256:a8906544047d741c82ab8e4f6b3a698cdc37170b9afe8006a7c2aee85bc78618",
        "sha256:a790ae7377b003b4c5f694a197f9f92de583b71838a02f66e8db9498e1c548d8",
        "sha256:f0267cefdb6968c916a2de317b1448b8e1e647fbced4be0fdbb0e69d803a9167",
        "sha256:710f80898e245481af7ae0450e214bebd1d81ac0acd5dc9133e6b4c11a988386",
        "sha256:e04cf457a49c6e0fceca19b20a2b716faf82c7076dec7d141a182b66ffcb6b33",
        "sha256:ab9c975907efae1c266c8f04bd0a57e0a71472d5097a7c7a25c12a3d552f2d9f",
        "sha256:dfa0bf0f61c102860ca54543a7d8980ea69d82c4f1c0b1999ce3d70de6b6023c",
        "sha256:f6fee6078d3e91b3d8138eeb4d8569b12ca82d3a8cffcd1b0f7c116c03883c8e"
    ],
    "Env": [
        "PATH=/usr/local/sbin:/usr/local/bin:/usr/sbin:/usr/bin:/sbin:/bin:/usr/lib/jvm/java-1.8-openjdk/jre/bin:/usr/lib/jvm/java-1.8-openjdk/bin",
        "LANG=C.UTF-8",
        "JAVA_HOME=/usr/lib/jvm/java-1.8-openjdk/jre",
        "JAVA_VERSION=8u151",
        "JAVA_ALPINE_VERSION=8.151.12-r0"
    ]
}
