{
    "Name": "docker.io/hydrosphere/serving-manager-ui",
    "Digest": "sha256:d3a5c7d34c115db6d666baf613a54419c15aad3caa8696d21276eed0d6034d09",
    "RepoTags": [
        "0.0.0",
        "0.0.10",
        "0.0.11",
        "0.0.12",
        "0.0.13",
        "0.0.14",
        "0.0.15",
        "0.0.16",
        "0.0.17",
        "0.0.18",
        "0.0.19",
        "0.0.20",
        "0.0.21",
        "0.0.21-SNAPSHOT",
        "0.0.22",
        "0.0.22-SNAPSHOT",
        "0.0.23",
        "0.0.23-SNAPSHOT",
        "0.0.24",
        "0.0.24-SNAPSHOT",
        "0.0.25",
        "0.0.25-SNAPSHOT",
        "0.0.26",
        "0.0.26-SNAPSHOT",
        "0.0.27",
        "0.0.27-SNAPSHOT",
        "0.0.28",
        "0.0.28-SNAPSHOT",
        "0.0.29-SNAPSHOT",
        "0.0.9",
        "00f3ab5cb869a2d811b0c34ba108edd2188eb69b-public",
        "0204ed7aea8309ebcf3e2b77ddc08c4af8662f0b",
        "02a3b383ea2a00e2f1feb3f7ae3d78951e4cf4b3",
        "02dc6203862839a3eaffdff27ad9af420247ac4f",
        "02fe2cf14c3e6cdfc85b9dfc218102d4b968ece1",
        "0314de8565c71229433275917bfe4ac3126fddb8",
        "043ccb270a19a6fdc4c7d00dec3a23ca8df13779",
        "059b7a4f1e291c0dee9e98eb87611ff14c41852c--1289079877",
        "065edc80528590c86b3970358694292c5ec60d61-1135239080",
        "08080ffa470cfc840178a1bdd004616e4fd2f249",
        "096b0d5b681ba5b21588b22337aa0dd735dda557-349776087",
        "0b075de94cf76bd501783ada2912339778f4cf6a",
        "0ced5d179734e2f68c5b91b7b8a5ad8da2d890fa",
        "0d27b4eb0bdc360915fb16e7275d7cf2c3e2409b",
        "0ffd5253a2c44364c869a22a7db149d8b687d44c",
        "109417a79110479633661f9c3dfea6e352e4bc13",
        "10e20a62010240338fd9e2e2a2e7dd94dfdd5e54",
        "114f077905e0cc3e3b978507fcb7e9994026992b",
        "14d9504f4c57b5daefcb3feb53956f64dc368473--439277248",
        "159293e1fc30455eb86fbb66e16d5d612b13613d--241711626-public",
        "159293e1fc30455eb86fbb66e16d5d612b13613d-1789694838-public",
        "159293e1fc30455eb86fbb66e16d5d612b13613d-2121826906",
        "159293e1fc30455eb86fbb66e16d5d612b13613d-2121826906-public",
        "17e8fd553328ead5b10b88fd69a7bb29d4bc52d8-285463055",
        "1bd94b1651813400cdfde81c9fa9adf1358bc892-367856143",
        "1bd94b1651813400cdfde81c9fa9adf1358bc892-373527907",
        "1c2152e7028f0228d44c130460e6ef78376f542e",
        "1c99234de605b76924da11de4ca2c9c23ab60636",
        "1e4809da8d0140e0d0e3481d6b985d10d8c58d63",
        "1e905981648b4a2649dd9126b17582bbeb876b6f",
        "1f1b5f911d570392c4a5ce974e3a18e5229e1dd9",
        "1f33eea17ae751195ec9637498154a3d03b5d7cb",
        "1ff719483613e7f9ab4a0524fd250e0d216a6821",
        "2.0.0",
        "2.1.0",
        "2.2.0",
        "2.3.0",
        "2.4.0",
        "20fa8d1d4046460927f26af58afa77dc12674ca2",
        "235cc3a3e2ef2e7eb6151ff279297b9cbad4f673-248471653",
        "27d8ba8c60d6f59de84bb4ccf29d8c6c80a0308a",
        "290d2945b35496f71279d44192831420e014102a",
        "2c130195ebff04a513c22dada6fcd73cb358a1a3",
        "2dea0c2fd39921964105f65999639cfa8acf958f",
        "2e01c8258be929d9b94140c3034f3eccfeca821b",
        "2e4ea8f51be93888ef5771d71fbdbeae3d4630df",
        "2e9a07aadb12e805f0f0d73412827cf2c7e641a4",
        "2ee85df88913967fa338d24761976bbea5874964",
        "3007ec0fe3fbc6dfd4e0b2df6b231a891797b639--105937220-public",
        "30b26ac09686345ea1ec06b707c6d1c9603b0a7a",
        "319a1443c22d0b433d50d74ddebdd5c8aaa924cd",
        "330663c6be45e0c969aa09c3655fd90f1e822772",
        "340bdd6d29ab4a22c1e7320c38d11e7238d409ce",
        "34f517de40a99491872d0b5da4f34b67ea4d9d26",
        "35681a656b138c0f7bbeeeff33e067d6c7a4a830",
        "356e6d0faf62f8201a9dd9a1d71ea700866fdc30",
        "358703de20a9b4897b0ebf67b0e60194b44f0a00",
        "35a4ac16694e301225663d94d3802442fbe3c085",
        "368e6148342cdb934b1c8d68b0755c5181bfd9a1--1545728279",
        "36e54cb1e44b776b61649632c1adff808dfbdeb3",
        "3824bb592cd1a506b136ddec72da6e6082c2995e",
        "3a6f1bad623f0ebc92ad751fa29295b50f7d19d1--1890730839",
        "3c63cb09e61633364293271724c82580b7021067",
        "3c68cbe9f5bffff854db3f5f71b7ce41083d45dd",
        "3d9ae13d441da3913ea55bd98c035ac2dfba4313",
        "3e3696dec82078572b7bb3f942cc152bec338173",
        "3ec4d48c8db0d9c0942fbfba44cf9b1b54410ba0--233897311",
        "3f13d802bf807940112b0d918d42c15d9258d66a",
        "47cac618058815d01faa64488cea23b651696732",
        "48e4ad07a7893f89e9cd4b4df9d5d3e841425821",
        "49da7bf6fb0037343e23e6540645f2b3d4ab5581-1613875314",
        "4a2cec8ff4c52704f1b5897bbf0c7fdbdc699927--39930606",
        "4a2cec8ff4c52704f1b5897bbf0c7fdbdc699927-1981683335",
        "4a2cec8ff4c52704f1b5897bbf0c7fdbdc699927-1982735911",
        "4a9da5d460a99b4d78837e18e7ea9e6c0aa55136",
        "4c383907ef2eac594165051ebce48898807dedf7",
        "4cbeab2442de7dda638f881505b0baf202e8c69a",
        "4e23d2a1ac3fc012a51abdf407e30a318ee4d237",
        "4e92555b73926ccfbe9a3bfaf33152a597c9994a--1335805893-public",
        "4e92555b73926ccfbe9a3bfaf33152a597c9994a--1336761363-public",
        "4e92555b73926ccfbe9a3bfaf33152a597c9994a--280686358-public",
        "4e92555b73926ccfbe9a3bfaf33152a597c9994a-2114504484",
        "4e92555b73926ccfbe9a3bfaf33152a597c9994a-2114504484-public",
        "4e9c384925d20b15258499e2750a9c52df4d67b3",
        "4e9e897dd15a7de3deef9dcc722240430a266a2a--1799673414",
        "4ece67c02224104842aaf07bd77d135d7206bf15",
        "4f188c9272270a20f7e16e0e235f305ac686b6ca",
        "4fad85e6ca5fde2d2c6354bf8a2ab094cc0a100d-1022288327-public",
        "4fad85e6ca5fde2d2c6354bf8a2ab094cc0a100d-1537272071",
        "50a0489787ab2c2395b73aa22631daa7bd914565",
        "5160388fb06d79a54d21fe36484d3040c64ee70c",
        "52a96a426af5142746e81356704b76b60349eb23-216954435",
        "533d732c2920f79e43925d678414c176dadb2be8",
        "5368c12e44e70b6aeb8a76bb836f6ac47539f80f",
        "542cc560e183c0533b3f5c8bb458ca0895e6ef72",
        "5883f2e908dfa9d60bb6b8ff3aac8d92885c90a5-2017287616",
        "5a6fc7ee112c3697bfcd32bb367cf30b0856568b",
        "5abb204a03aff49b68a6041ffd9558f948d27ecd--1051994469",
        "5bb77af747fab77dbee3545824e01f3b0c718da5--397830265",
        "5bd68431efd82590e88e890a34d8640e97473364",
        "5c31d2d921b5af9500c38a23be36c5af84bfa018",
        "5c5782d23fac4d83a30302282e2a1667b16eb9b5",
        "5cd152060b8308c125ebe8deb5de7d3116cb8e73",
        "5df8a636fcc3c871428a166af34975382bcc808e--12424862",
        "5df8a636fcc3c871428a166af34975382bcc808e-2040030008",
        "5df8a636fcc3c871428a166af34975382bcc808e-2044420893",
        "5e1e2a7f93db17c292be4672b9e1ab717e0488d1",
        "601939e861899502caf3e8d2dfb876af87a2d34e-1278478006",
        "604b911b84a58dd37843e07bfebae37a429dff79",
        "61f7e4c2069ebe2a1f7868894461f1565af10586--1994184361",
        "61f7e4c2069ebe2a1f7868894461f1565af10586-827962171",
        "62695aeedb64e00733a86f40388c6bccf1d4bffb",
        "629b41411f49a25ebcd07e0ea89f6cec70d6388b",
        "641483193a0575f7fb31beda7bd7f6a055b22447",
        "64861e2abb7f103ac553bbfa67bc7451948d00fe",
        "66ca41e6f2fc68a3eaccab8c0d9cdbae81bff8d0--1528656880",
        "66ca41e6f2fc68a3eaccab8c0d9cdbae81bff8d0--1536618876",
        "66e2a9dac7d8eb067f6e0cd61d8a79c9d71632a6",
        "6742e996e937321f407e500e5090200b1258af1d",
        "67e1443797920057385e6a770f86140ad7289127",
        "6c56f95564371f89c9135b26ea51d13783925a92",
        "6d3673d34b7d3c110a7dda7317f0d40718edc7d0",
        "6d427dd02379bf2b1b4e78b2043404d89d663ec6--329449434",
        "6d427dd02379bf2b1b4e78b2043404d89d663ec6-642090255",
        "714239a50eb7b81e32fd8cb78f6a57b8f6af3e10",
        "71783f5ad1c69825381eb47eb64ab7f997c0e9e2",
        "72003553e5bf08cfbe22602f2898cff4069820cf",
        "72e68c11e70f6c5b17a3af433e21775629898408-219581495",
        "73493f9800dd5e282fc5840ed577fd34224d478b",
        "73b9258d5f57c0c1ffcc872db90568bc06aa7cc6-1967340296",
        "753a6fb0b918c19165756736a425a5fc708a1000",
        "753f510aada53c950130e67ad16031d2c53e435f-281731887",
        "75ab8ee898bc543b4b0dcec4ac5e7faa1b260024",
        "75d123376d36f024fdb20d782ca7de08ce7e91e2",
        "75e0f6ebef2b7e54867dcc8144bd34919843e10d",
        "75ebf8ddf9142be2238daaba3e5becc4a1df5f32",
        "76aff8104004195ab927d6ba6c8df543089995bd",
        "774872ebeec519f7b46a75f1f3bb5d8c3e4454a3",
        "78a23e296bd2d6b3be42ca3ae9cbabb1bc3c45f8",
        "78aa67ffa9b9525a78eb2db8d34a747051ffbff3",
        "7a042641520806e53ec5838d2b0c63c08d5c9f3f",
        "7bbcdbeb8d35d457225f143e3304c405595be9e2-481836617",
        "7ef2b501fda059434f6fb9dfa2d6788f62100e1a",
        "7f87cedff8cbc50340ada5d9bf899f21fd666b36-538143671",
        "807ef3de2161ef4d9b8a0e4eb4f7fdcfc217aea2--741541760",
        "807ef3de2161ef4d9b8a0e4eb4f7fdcfc217aea2-939812784",
        "821194bcf3255c8da9f3b800c62651369525816e--1575636421",
        "847db9b0282424db07d63282e6179a491bb4df17",
        "84ed0536e63c754b5e4106a1d47b84f40e2ea2ec",
        "872d061ba5cb6c1ce2ec21431058c438997d2245--743963393",
        "87fd71b0aec1c2848b197a7a259e0b1bafc3900e",
        "8867e8203966e77bcd953c28315e04bf6ee74227",
        "89292a0c3291988f92709d6dd12deaf110679c8d",
        "89ef38a0405101d4d857a593fd572262d3630b59",
        "8b3e6fd61914cf3f25e762dd519599f73db85264",
        "8b7a2f27ecec92b24fdc267dccc911cf37928982",
        "8c95fdb075ca9b199c88d130fdc17059031ecde2",
        "8cc140e31cc6b6446d2026ebc703ee055c78efc2-181523277",
        "8ceb01b568bbfdaecfb89556f5abd2d2d8d90561",
        "8f213814e8679dc6c226f1cffa9890e261bc55dc",
        "8f78e072430201a67bc22e722654c2b2a161af7b",
        "8fccfd81c92a3c32c004d5a6a033f2d06de0ca19-1667541489-public",
        "8fccfd81c92a3c32c004d5a6a033f2d06de0ca19-1668325822-public",
        "8fccfd81c92a3c32c004d5a6a033f2d06de0ca19-1736871202-public",
        "90fad9848ed5ab5f5fb63cb8b558bfc97bb3a892-241441320",
        "9330950fd61e5c9385b1c4514ffa6839d897315c",
        "93fcded8bd8d855fb003a838689413a9d5bc3594",
        "942ca7ea37566fa6c0c29b7a4228e3820b4e7914--1977102644",
        "948353f798bfee866940f2f17afaddfa7c213812",
        "951c48093668b7bff79a6adbfb94e5edf7a9cb58",
        "95aa266d3f0bf4f5fb1e37583510d1c468ec7ac4",
        "96fe90f21674a6af7d5ef851ddb7026950e2c01c",
        "97b91815820dc567770154b4278595672c86aacf",
        "9859dcbd13934d68d0844840286ba06a50379340-107296158",
        "9b815050b2127fb8e39c64b0c90c6576f0c16a73",
        "9c8c1dbaedc285d72b31225b745829ac56ea66fe",
        "9cd01decd14aaa8c838d13a40aa42329aecdf224",
        "9da24a461508d8c66ce036f57643f02feeb39b6c-1750189947",
        "9f37958bd6e2b2e8395ab6a904d9119318afaead",
        "a18de9153f07694c0545fbf15d8b254ffa0f18fb",
        "a4b7b5b6d5ac1491e218af448a1a52453c8c5c2f",
        "a4e21d6775355e6dbd16c3ed3a865d3d886ff9bf--1349332274",
        "a4e21d6775355e6dbd16c3ed3a865d3d886ff9bf--1349332274-public",
        "a4e21d6775355e6dbd16c3ed3a865d3d886ff9bf--1357967017-public",
        "a4e21d6775355e6dbd16c3ed3a865d3d886ff9bf-810356272-public",
        "a4e21d6775355e6dbd16c3ed3a865d3d886ff9bf-885920929",
        "a4e21d6775355e6dbd16c3ed3a865d3d886ff9bf-886175439",
        "a4e21d6775355e6dbd16c3ed3a865d3d886ff9bf-887345160",
        "a717303e84d5640807b541c909f5eea08073a048",
        "a75c5873f28e8cd7432a5a2423978a3dd693338b",
        "a886728a97ade401c9d5c5e77ee2ed9be027f287-491690340",
        "a9f69013b75215384587de966d1637148eabf8ce",
        "aa6a044332553ef8f372fc4718746379c87e309a",
        "aaa12d8223bf5263aee94a112af7979b1166b70e-147541060",
        "adff9dbcc2be431f985c50985aa27c28f822ddc6",
        "ae-hack-1",
        "ae-hack-2",
        "ae-hack-3",
        "api-v2",
        "b113080705aadd7a2594748651a68137b73d4087",
        "b152f160ad66680b60c945a649e57f83d06b039a",
        "b215d99a39c9def7543c45cae5959a14407e0ae8--667582688",
        "b414f7d36b7f292035516e92fc894d2737cd85b0",
        "b71dc6dff70cae010e27d5071e6eb45bbdc41693-392926736",
        "b7bbfe9ea827fad358be1532edb66dc1028ab2c2--1893255410-public",
        "b7bbfe9ea827fad358be1532edb66dc1028ab2c2-1269673204-public",
        "b863b56622738637cf23a7a0c85b761e9f34c102",
        "b91e69588b313beee5f2555de7ca01d8c0306ac0",
        "b9c5579c5b8b2eda3e3031f88c9511177d0cad9d--1219311104",
        "ba2fa9e3484027114b42ebb33bb0825c345b9b27--818781253",
        "ba3445ae5002657a0fde14f9958650558da0356b",
        "bcb0c4368366d452d7a896a333a77d08229f666b",
        "bd3a06cc6825500d60b840145acf0c81113f92b3",
        "bf46ef602ea6638a02ba343e2654bc26f87452fe",
        "c010ff33d470ed8cd06e692d77a2e187bbacc3cb",
        "c0904d382e62de376626f38136f396f25a98ad26",
        "c18bbca2f546b7bd545e5a3ceb932060ef1552d1",
        "c1a5fe83bd4602620556b33075b20d8936d0c3cc",
        "c1b19b44628bec3ec4ce2502f95f1c56c3212718",
        "c1c369d3787650a15ecc5d5bf3e3644ad5ea450b--1291256360-public",
        "c30d7590f496fe8d72f6b2986e25c0fdf9adcbc1--560871760",
        "c36bd95e6b0b7cfd1aa0a155c7e8ca907620a6f7",
        "c5819b1c776d8fdffda14209f191d6a8d0e49c15",
        "c60dcde7e515d4adfc9c8d70ac76ef88007c99d2--1010102643",
        "c6bac662bab7436f44864a44669ac783462da55e",
        "c773d60189e87e675ec047f6b8a28b0da91fab54--1844607865-public",
        "c8a236664fd75bad03e95e1c2488c36fcf50cfd3",
        "ca0563385e3b785fb1f526e61988906f85f7cbdc",
        "ca32244fe5da38bf9008bdb915c7a4e138e8b2c2",
        "cafe049cbaba432fea0a0ae7768a2a8b96c49da0",
        "cb83f595f7d629aa3c6f68dedb91f0ef87e63fbc--786194797",
        "cb9bbc9f0f91880a17d7490f72cb260a313dc86c",
        "cc1166c0f294016e8200f9149db32779d5bc2759",
        "ccf007c275eb0432b1a03e646eac9dd7d549d5af",
        "cd4a6f42fd7c7520d07081d36990b79133520525",
        "cd74ac3370481045fdecc674564af383b86ab873",
        "cead65e0f4636bd9b3ea177017b16dd1ff04eb6d",
        "d1067d30a2cc532f0987ae3136f35c13f780f428",
        "d11b661bc340b1c9d43d61c6cb1024ed1209d4d0",
        "d239e136ee3ab58e52f3be770ce232c8e1248c13",
        "d353bc5d26eb3f553cb53dba7e9a6d1410184339",
        "d382ffac1b388c157a199b4e2a3cc4d20c836aa3-1986279326",
        "d3b2a77a762f5794f65e1be2451c9eb7b416043d--1656085932",
        "d45d963cf1a03b802301b51691a7f02221e2bbdf",
        "d49831289d08e552d80439988a19611ce7fcb551",
        "d50d1de76350f2a093978c184ea2c7d73e5f412e",
        "d52d5218ef556c351cc8f9b47dd285f9a74a611f",
        "d54f84ad78f1405a5d2018f94d120c37faeb8564",
        "d59c35e3ebdbdc7d5108d4df9ff579ef84625c1f",
        "d5bb7cbec45085bac6af50b1a26d14e1ebba966f",
        "d7b6dfa3eb4a9735ccb7c0dd33814e01ec62bb63",
        "d7c08825fdf837859aa2c2c8b905275fd28e4735",
        "d7de39c0d9eea505c4bd90dfd2926e75549ef1dc--367391544",
        "d7de39c0d9eea505c4bd90dfd2926e75549ef1dc--858695272",
        "d8630ce0879bdc8b4813f09ecd1c10d21ded3d95",
        "d8b79996012415f0cba9fb75f31ab9723b63eaaf",
        "d985d7ea4337c00d45a90308d397b0d40d6ec991",
        "db2a4fb8b711180036b46a91d2ec7a8c3aa5075b",
        "db343b3b4c992ec2c1b87f4f3b687201ea44cd4f",
        "db692a752dd76c473d8f0f056b4307c52e105dc3",
        "dc948f24d6752b8d9344297b28fdb4a5f3ad5dc9",
        "dd4dc9470662da22153ad5484503b531d55ea9e9--1272507253",
        "dd4dc9470662da22153ad5484503b531d55ea9e9--1708733439",
        "dd4dc9470662da22153ad5484503b531d55ea9e9--661756209",
        "dd4dc9470662da22153ad5484503b531d55ea9e9--667715160",
        "dd4dc9470662da22153ad5484503b531d55ea9e9--676784793",
        "demo1",
        "dev",
        "dfd9f1c1829e295324f7e66ec278e467f5135c52",
        "e4d808bf5906a11f6962826b9e43c5596a8cef7c",
        "e6d619ae4188050753e63cfa374dce94ffc55ec6",
        "e7b44b58d4f94e870ef3138be1114628ccafb4da",
        "e8bf39e15006ce1cf3588f0324252fa97dd305f3--1488440578",
        "e9896cd522cf5d5059bde84bfdc87d56559c79b5",
        "e99a3feb0607d033bf6482c183ff73bd492d2bdc",
        "e99fcc42563760276f9be4d4e730c5abfd880867",
        "ebcdb7637aea852b2ada0e4df4885da16c2d2456",
        "ed2c7b617d262a6e717cc554c6c689d64a05a102--225632226",
        "ee656406ab7931d08bfdf4f1b0e434711d8143e9",
        "ef0c0606c73da9f9661636255f43e7867d218b90",
        "f014329d109cd9ba814f9ddee542c0694eef1916--811176125",
        "f0bdf33132e6f52fda4e1b2ac74b0ccc62d8c28d--1093677769",
        "f1ffe5c6d6c3f8637e83dfb308197953a4875b75--2055741860",
        "f33b732d6842a5183419f43fb3a9df0fe0a0c08a-2044558816-public",
        "f35b81ddecef3c7eb943451c6f8f35f395f39fa2-951111445",
        "f3de25957751508f9127aef790ddd0fdcc59655d",
        "f455aaf3b992d151a90060ff6c8de4c207ef3a4d-1082162832",
        "f5250a47d5040d62f6ce175d09a8ec6b29f31c05--409345743",
        "f5250a47d5040d62f6ce175d09a8ec6b29f31c05--741395080",
        "f5250a47d5040d62f6ce175d09a8ec6b29f31c05-1005149825",
        "f5250a47d5040d62f6ce175d09a8ec6b29f31c05-1447272739",
        "f5250a47d5040d62f6ce175d09a8ec6b29f31c05-1772016857",
        "f5aa3a822965664c256fc6d558aff792c27c1308",
        "faf2c5acccfd47939f76c28f137812cd7bb7b4e0-1938175070",
        "fb84c7ed5359cb4668ba53d5f8008d302644de60-1437467741",
        "fc8d2591732680d6b4217290f1fc07b07e79fd1c",
        "fd5be4c5a0c6ee65ccf11498c391b8321a966909--1511854809",
        "fe4468d32960a6615deffc3800bd882cf09640ad",
        "ff8b430c054f900915cddbb400e3196681417eee",
        "ffb71cf34396229b3b4ec06e3f7c4115f8c7651a",
        "fff7a9ecec5ab01405443803ecc06ed30f53084c",
        "hostselector2",
        "latest",
        "modellogs1",
        "remove_envoy",
        "test-basehref-v1",
        "test-basehref-v2"
    ],
    "Created": "2019-04-04T09:28:58.752462877Z",
    "DockerVersion": "18.09.2",
    "Labels": {
        "maintainer": "NGINX Docker Maintainers \u003cdocker-maint@nginx.com\u003e"
    },
    "Architecture": "amd64",
    "Os": "linux",
    "Layers": [
        "sha256:8e402f1a9c577ded051c1ef10e9fe4492890459522089959988a4852dee8ab2c",
        "sha256:56b0d9b69cc9e7c88f4f58c9581e5c7078b4e4fe36b898776515f60b1c3936e4",
        "sha256:b66c8bb200cc772c68ed8a66895bd9c82e9de3d05b8a68240b64a4e78760ccef",
        "sha256:4ec77fc9c55fa0dcb20d0d16cba0d93e33529dd3171ae96a09ba2fe566ad63ea",
        "sha256:8e2aebb380d30a26d890069ec66dba3f33a930956f60a2b0c00c04c8934bbb1b",
        "sha256:42f2ad485c53db596cdfffa97d7434aadcfb9c28da0bca1caa27436307d5e1df"
    ],
    "Env": [
        "PATH=/usr/local/sbin:/usr/local/bin:/usr/sbin:/usr/bin:/sbin:/bin",
        "NGINX_VERSION=1.15.10",
        "MANAGER_HOST=localhost",
        "GATEWAY_HOST=localhost",
        "MONITORING_HOST=localhost",
        "REQSTORE_HOST=localhost",
        "MANAGER_HTTP_PORT=8080",
        "MANAGER_GRPC_PORT=9090",
        "GATEWAY_HTTP_PORT=8080",
        "GATEWAY_GRPC_PORT=9090",
        "MONITORING_HTTP_PORT=8080",
        "MONITORING_GRPC_PORT=9090",
        "REQSTORE_HTTP_PORT=8080",
        "REQSTORE_GRPC_PORT=9090"
    ]
}
