{
    "Name": "docker.io/hydrosphere/hydro-visualization",
    "Digest": "sha256:ea6dcd2749ef79ea2dfbea78772af30222cf5f802caa89d309bd67dae0db9882",
    "RepoTags": [
        "0087ab16c40cd361b156a55f0eaa8c452efd0017",
        "0233dc0f3971eb9def2d203bdb8944a11859dfed",
        "0927ceaf1c86c03f885f78f88fdfd706be3f38aa",
        "098a6285ed2f9cf4d2a6b608543761a3ccc82f17",
        "11a948003b8a9b16a831acac7a3b11efee4f9f46",
        "1af6fefa8dfea14bec89e8e737689b1691cd5ae7",
        "1efd133b43d811b59649c8ad6d2ca03aa06c8f82",
        "217f534305750881ea6401912519eeae30aac6e3",
        "255b4018c305ef37a75a31c51c1856afa389beb6",
        "25b2aa06edb47dd5d05d34e84b896ffa34f5cbbc",
        "3.0.0",
        "3.0.1",
        "3.0.2",
        "3.0.3",
        "309eca2f620a3959ab0173854d2a2d305bebc2e4",
        "345d63abfa9a3f93540b1016c2e8f858bf1eace7",
        "3462ef32f9454bda5a946bafe28aba4d9db90638",
        "4085b5eb2261802d1ed5812289bf1343be554478",
        "4961d7b99219c023117b38470f00c3e55526b52a",
        "5068ce4a8307ceb5b072f6868bd0453c2165907e",
        "60fec5f9ea07ce9a517f6c06abab829ba0a46b8c",
        "6c8346dac21374c1e43f5b39d80b726c5e927fb3",
        "6cecdf16159dac32fc0a336c1fd21a3aeaebe24d",
        "6patch",
        "77848eee1d6391b48ac81dc02265c1847e04aede",
        "7ad01d8e86a616d7a60305d683da7d3dbc5ae79d",
        "7dc486f6d226b2ab326b978f934ca7c12cdf0bf8",
        "8311ee5a6289409de080bc8a4021f24ff2a9e453",
        "8663f7f992d43db276917951b4cce0e2d8a0458f",
        "92ad6e4a95c487d400a93988e69a3ee04941a40b",
        "94f27b119de749cc646d9faa3bedb83160d25002",
        "9c1723617243694270ccef9f6539127cb5fdb025",
        "acf94b58453faeb4299be266c99488b6607b4412",
        "ae408af3df629b70bfce2418c87a4f3d4f146f9f",
        "b498e987681e5b8c71e7e9e0fe687e1d8673b50c",
        "d04699ad25d3b55a261023d0083282e404bce9b6",
        "dda454a88342eedf20738a82e6687b309eeb6645",
        "f7373508aa8fe8cc58acc7083367fb7bf4628bac",
        "f7750f418d7c49f7224187972a0121c77efd5874",
        "f9ddb809e690e1bf183653787f5cbc80e3f56e93",
        "fa9ff705deb7192baa984569505c5cc6b8151de9",
        "latest",
        "patch",
        "patch1",
        "tech"
    ],
    "Created": "2021-11-12T16:41:16.729728467Z",
    "DockerVersion": "",
    "Labels": {
        "maintainer": "support@hydrosphere.io"
    },
    "Architecture": "amd64",
    "Os": "linux",
    "Layers": [
        "sha256:7d63c13d9b9b6ec5f05a2b07daadacaa9c610d01102a662ae9b1d082105f1ffa",
        "sha256:7c9d54bd144b6b064612a059b5b49c147c720e5bdae3b2d9fe2f0fabb89d6270",
        "sha256:6c659176d5c8de5158520bc099a93780616e8c351e5fbe5ffb6b34869fd934fc",
        "sha256:31bfadeaf52b8b9db1f8fc7707bd26790f6397f8295788b3a96caaf42bd68524",
        "sha256:2bb8ff279f6283b1b9b000a0996b02468def5a177626adc4c822e4a8fbbeca97",
        "sha256:637a7fba0d13eb94dddfddec5cb05af8c4df4f88b67c61183f771b1472321628",
        "sha256:eb814249df30adc8123c3d75e5c457694bd696e337649ef76a3ee323d8d5cc8b",
        "sha256:452aed2b9a95048e32cb814fca713820e498030685c787e2f8ec9778608b19de",
        "sha256:47bf0d8c06513646f6202877b3a83262a49daca1362949ccd94ce4cd5fd5e21b",
        "sha256:da1cc4b7499bbd6b1a339d99c0b087088ad35b609b459c35fd4ab0950e06b01b",
        "sha256:06c5657d70ca46a1a9523f2c09dd99328ee1b61c17c2796fa1e2d92f88590e84",
        "sha256:a3c517d3dd2218204c4b40d960cc20bb493b247562b680ac9da3ef1ac2744023"
    ],
    "Env": [
        "PATH=/opt/poetry/bin:/opt/venv/bin:/usr/local/bin:/usr/local/sbin:/usr/local/bin:/usr/sbin:/usr/bin:/sbin:/bin",
        "LANG=C.UTF-8",
        "GPG_KEY=E3FF2839C048B25C084DEBE9B26995E310250568",
        "PYTHON_VERSION=3.8.12",
        "PYTHON_PIP_VERSION=21.2.4",
        "PYTHON_SETUPTOOLS_VERSION=57.5.0",
        "PYTHON_GET_PIP_URL=https://github.com/pypa/get-pip/raw/3cb8888cc2869620f57d5d2da64da38f516078c7/public/get-pip.py",
        "PYTHON_GET_PIP_SHA256=c518250e91a70d7b20cceb15272209a4ded2a0c263ae5776f129e0d9b5674309",
        "PYTHONUNBUFFERED=1",
        "PYTHONDONTWRITEBYTECODE=1",
        "POETRY_PATH=/opt/poetry",
        "VENV_PATH=/opt/venv",
        "POETRY_VERSION=1.1.6",
        "APP_PORT=5000",
        "GRPC_PORT=5003"
    ]
}
