{
    "Name": "docker.io/hydrosphere/serving-gateway",
    "Digest": "sha256:1c7fd77f303e9df0c756a1d6ee3f9577a6329c4f217598b2469539360c00c985",
    "RepoTags": [
        "0.0.1",
        "0.0.1-SNAPSHOT",
        "0.0.11",
        "0.0.12",
        "0.0.13",
        "0.0.15",
        "0.0.16",
        "0.0.17",
        "0.0.18",
        "0.0.2-SNAPSHOT",
        "05533fc5cf04986a457f5d5db54e007e4e96e770",
        "0e20cb4257be274948ae068381c20fda5a556b85",
        "1548274fea9d4e9211c09aa9d8b249e3f96a386a",
        "1cc1af9c786a287cf38ccbf77d7d707b96f9d1ea",
        "2.0.0",
        "2.0.0-alpha",
        "2.0.0-rc6dev",
        "2.0.1",
        "2.0.2",
        "2.1.0",
        "2.1.0-dos65",
        "2.1.1-dos65",
        "2.2.0",
        "2.3.0",
        "2.4.0",
        "2a09feb9a200e4fa39317cabf33420c52c0fa23d",
        "3.0.0",
        "3.0.0-dev4",
        "3.0.0-test",
        "3.0.1",
        "3.0.2",
        "3.0.3",
        "3126a9b59a7758402173efc38970d67e8fbb8d3c",
        "3ae75a74213c57273192da6406b14602319c4b9c",
        "4d1f9bba68eeff9b734711c24ca4546145686f2b",
        "4fcc79009505954451867b489eae18cd78dd4e25",
        "5062209818b3c2a9c79a895619a8f04bf51fa4b1",
        "58cb77cd8109f7f772c1a277146f8e10934d0a6e",
        "5fade6880c11acc6812d7c6b4ddc2cd6db7eb92d",
        "67e967e5dd7a106f9f018206fe6f1330cc112de7",
        "68cbcda8208b24d1060445a319832feabf4008b2",
        "6f07b1fbc59063f184e0f13ada6d5bfdf36cc333",
        "6ff70d3a9eedebdd1b3f7d514336a4247fead153",
        "7779b0a88c77b663cf1c65e34f825052744b3402",
        "7efc404a2877ce9d52eb393593f539225fd691b2",
        "839883b3b7df5d988dffb264e8562504e2f154aa",
        "8634cd7dc2d555625ec570478c29dc06ebe4d419",
        "933ed22f29815c126c312cd484cc3bff0c4c9eef",
        "935a8107a910b025e1ae1e590cc0e5ade282b0de",
        "9703a1d87126ca95552d9c3dbdd3b7a5ac1a3013",
        "984a9e246453e71bae37580387973d597a82364f",
        "98e9add3a034ef5b85d628bb17cbceec1bfd515c",
        "a1f9d2eeb890a4d2287fd8cce6ea01c99882bcb8",
        "api-v2",
        "api-v2-dos65",
        "b42481e31da5329994aba9e68135673ef8f89b86",
        "b9e167e340fa2dd1f361147b0e0daa460e2eab19",
        "baf1199aee714385e635dbfaee49e58954048da3",
        "ca4923e3e5fc54d5011c265c010986022b3fd98e",
        "cbbffaa3253bb19f36e01d848744420e72b2d789",
        "cdad668ec7f6606d5978a42b675d455a56c27bb0",
        "cfa1c00a36bb68e58a8cd15832de59367313fd08",
        "d0b1c8a3459e3d7ac52d39c68c03884ae709871a",
        "dev",
        "e03703b2a7871913318679844615d0574d5e4b0e",
        "e28788006e0cbf7d9bfa3ca6c0c9779a6f322220",
        "e30733951e1b08c6933a89f7fa8635ac1ea9d0ca",
        "e3de71b6f638a09fb564f16d052decfd81a499ac",
        "e9940dbf8116bbc27f7eb0fd468db9a4af77b76f",
        "ed1df514d1d9d13effc6f6b91df176d0ec2c0428",
        "f06ea5f5b72ebb2213eeeae4afe2a4879df877e4",
        "fa294e8b8e95285c7ab697783ff6a44a10e8801c",
        "latest",
        "remove_envoy",
        "sstest",
        "sstest1",
        "sstest2",
        "sstest3",
        "sstest4"
    ],
    "Created": "2021-06-18T07:50:14.925986594Z",
    "DockerVersion": "19.03.13",
    "Labels": null,
    "Architecture": "amd64",
    "Os": "linux",
    "Layers": [
        "sha256:e7c96db7181be991f19a9fb6975cdbbd73c65f4a2681348e63a141a2192a5f10",
        "sha256:f910a506b6cb1dbec766725d70356f695ae2bf2bea6224dbe8c7c6ad4f3664a2",
        "sha256:b6abafe80f63b02535fc111df2ed6b3c728469679ab654e03e482b6f347c9639",
        "sha256:6d1c49b6fab4cc99be9de59655a7e3b25846425043b4ca3997eec2da24954cc9",
        "sha256:1b2eef7d04e0880a0c2da855accfabdafd9cc3e11bb1af3eb36bb7d6ae73236c",
        "sha256:de11c4744eef67e8dc988aab428730e3945ff6d5cd59deb5fa907704d3a85cf2"
    ],
    "Env": [
        "PATH=/usr/local/sbin:/usr/local/bin:/usr/sbin:/usr/bin:/sbin:/bin:/usr/lib/jvm/java-1.8-openjdk/jre/bin:/usr/lib/jvm/java-1.8-openjdk/bin",
        "LANG=C.UTF-8",
        "JAVA_HOME=/usr/lib/jvm/java-1.8-openjdk/jre",
        "JAVA_VERSION=8u212",
        "JAVA_ALPINE_VERSION=8.212.04-r0",
        "APP_PORT=9090"
    ]
}
