{
    "Name": "docker.io/hydrosphere/hydro-root-cause",
    "Digest": "sha256:37010c687a85526152dc49eb9209bc31ca05250847bddfbd820dcc55eb4b869e",
    "RepoTags": [
        "0.1.1",
        "1d3495440b803fee80cdaa20707ae1d84a3796c7",
        "2422bedda3ee2d00f8e0be2fcf6e5a739a397cbf",
        "256d6e3ef012d45be79e7287dde54ca2764d9cfd",
        "25a275c461be413b6d8639607931dbb3aab02c2c",
        "2786128c1c5d5c9dd1e05d8c67e053f8b6e7213d",
        "3.0.0",
        "3.0.0-test",
        "3.0.1",
        "3.0.2",
        "3.0.3",
        "3ea2acc1bafeff30e5bff776af3d8421b3e5ca1b",
        "3eb2421617eda3ecbe864e17d0cca0770f307a7e",
        "48a56b7d2fd7113f3bbd95844cde2ca3beaeecc2",
        "6ccad450c7f64a04f5f10511b8bbc1953e992067",
        "6eeca863c06f5321cd7d0b2c9b86d1fd775a14cc",
        "73721910db505b35226249756bdfe3b475f97497",
        "7a1260f018890ca80c3ca84bc5b643b52af489c9",
        "83c6594bfd3a3d7c26123e6cbf3adeb507cb2648",
        "9b03e06de09b00a98c503a751fd35614bc81c64c",
        "9c2fcf21e5730878b550fcfdea2409ac22d37ab2",
        "b25c6c1e06934f5058f3526e4cc5f90c57ff625d",
        "b3ac139fa54bd4b09a4059110dd74ed51880ef34",
        "bdfc070d63959e728db47c462a57c752795f85b0",
        "cfe80c567ccac943d25e4dd18ca1fc403693ac59",
        "da825a188b2014afab1d97d0a3c42819910a18c2",
        "ed27c4f85c043aae7ec73d0826cac6f363222145",
        "fd53787e458648a32d6d01d57c21e8afe50c8e19",
        "latest"
    ],
    "Created": "2021-06-25T12:18:59.124688387Z",
    "DockerVersion": "19.03.13",
    "Labels": null,
    "Architecture": "amd64",
    "Os": "linux",
    "Layers": [
        "sha256:aed007321795cdc03a0ba9b238567ffa299459e9b0322a3d835a04d06afc2500",
        "sha256:8f16ed85ea43cc2cc006b5297fcc1a7c6c86634de5551f72038b6383e1420454",
        "sha256:7620a150244aae8b4b4f0c3515264c16ba754f47071b5a88a320b7be95b5f3fb",
        "sha256:333104cc1c877e86fd8b0b4c33d7d65ecbba464087b2b580052b8fec84b2bed3",
        "sha256:fbd3cc98b392496c614ae4ee6b2fbf28b7e9d108a152031a171ef214394fbe5f",
        "sha256:e704497185dd9ecb6eca34d21d837755d3b83bcb9666f8f7577759505a7f993b",
        "sha256:301ee0a419a38ee77edb347469a36f05bb6d62e6c704d1d0d823a1f030b00c6f",
        "sha256:ae56b77b7d1d467ebc598a22458e5cb74f80fc9aa188f9efd7d35239f517dde1",
        "sha256:04d36e1f0d32d9d4103133e6e0cb585d09792a4a7477f8aa9e9d02e229e9a662",
        "sha256:8b7a0499f9fb0d20b485874acd6656275905a367746430bf7a54cb8b29787a13",
        "sha256:8b6256ca3b5db13d25ca8ddb82160c53e5e964c4d970209e8147be63ca924654",
        "sha256:0e8253112caabdf90c17c05202c5976513c3209cbdaec086a0d2ec5dfce23c95",
        "sha256:f8cd9f53def9d694f846a9ca4d3bcee5ef4557d938948870851b99ba07317977",
        "sha256:a5d0dd6c8b51cddac63cd135c71f8dff952e3ca58e1331fb34302a0fa42dae29",
        "sha256:2191eb22107bd545aa9559de0c6df9c1de9ee8191be61c5d71fedee3c2425934",
        "sha256:592f3689aa1f21dc4c47444c2b5e01f48ecbb33ae63c7a31e6314cafc7465fd0",
        "sha256:9db30c8c889cd5d96fcfe6817334a4cacf23aa9a484c02efbf82429dae18334d",
        "sha256:a26def93c41eb2b49d69f0990525b088785e5e6613249b1badb6526afaace910"
    ],
    "Env": [
        "PATH=/usr/local/bin:/usr/local/sbin:/usr/local/bin:/usr/sbin:/usr/bin:/sbin:/bin",
        "LANG=C.UTF-8",
        "GPG_KEY=0D96DF4D4110E5C43FBFB17F2D347EA6AA65421D",
        "PYTHON_VERSION=3.7.10",
        "PYTHON_PIP_VERSION=21.1.2",
        "PYTHON_GET_PIP_URL=https://github.com/pypa/get-pip/raw/936e08ce004d0b2fae8952c50f7ccce1bc578ce5/public/get-pip.py",
        "PYTHON_GET_PIP_SHA256=8890955d56a8262348470a76dc432825f61a84a54e2985a86cd520f656a6e220"
    ]
}
