{
    "Name": "docker.io/redislabs/redisai",
    "Digest": "sha256:556b0f02d63a99cb93e5ebed11ba257e3b5cf63fa2493975bb6bc6e91721b309",
    "RepoTags": [
        "1.0.3-cpu-x64-bionic",
        "1.0.3-cpu-x64-xenial",
        "1.0.3-gpu-x64-bionic",
        "1.0.3-gpu-x64-xenial",
        "1.2.3-cpu-bionic",
        "1.2.3-cpu-xenial",
        "1.2.3-gpu-bionic",
        "1.2.3-gpu-xenial",
        "1.2.4-cpu-bionic",
        "1.2.4-cpu-xenial",
        "1.2.4-gpu-bionic",
        "1.2.4-gpu-xenial",
        "1.2.5",
        "1.2.5-cpu-bionic",
        "1.2.5-cpu-centos8",
        "1.2.5-cpu-xenial",
        "1.2.5-gpu-bionic",
        "1.2.5-gpu-centos8",
        "1.2.5-gpu-xenial",
        "1.2.6-cpu-bionic",
        "1.2.6-cpu-centos8",
        "1.2.6-gpu-bionic",
        "1.2.6-gpu-centos8",
        "edge",
        "edge-cpu-bionic",
        "edge-cpu-centos8",
        "edge-cpu-xenial",
        "edge-gpu-bionic",
        "edge-gpu-centos8",
        "edge-gpu-xenial",
        "latest",
        "latest-gpu",
        "preview-cpu-x64-bionic",
        "preview-cpu-x64-xenial",
        "preview-gpu-x64-bionic",
        "preview-gpu-x64-xenial"
    ],
    "Created": "2021-11-07T12:52:37.704994107Z",
    "DockerVersion": "17.09.0-ce",
    "Labels": null,
    "Architecture": "amd64",
    "Os": "linux",
    "Layers": [
        "sha256:284055322776031bac33723839acb0db2d063a525ba4fa1fd268a831c7553b26",
        "sha256:b7286e96019c06a4e83ce125d36de5cba1f6228b735686ea8d24d7c12e8a1c28",
        "sha256:8d789d3c47a461ced4c5e2c6352ab08a0e2fc5acd7f07807de96f164eff4ad6b",
        "sha256:3806fdc99c732b2187009e345f3271b19fe1c0b018b41ab8fbd0cc6a01f5fda1",
        "sha256:e751a0826f382e27db46de074b39d36768898ca4449e7c88e73512c37ab7e9d7",
        "sha256:ef5499a774c1cb861e43dcebcea3dd2cfebba7bd6b394c14aa2226262d167ce1",
        "sha256:c72d4acf12b31d764fa1fbd66729745f50580e3fe843673819252d1dace050e5",
        "sha256:38d98e95a9437dc61a83baa2ead19f981da58822e653cbb946dde0e8644caba1",
        "sha256:4a50810bd51958bf481fd255f9ce5997e2efea838a2dc5d81a48ad7bd6a82169",
        "sha256:4a50810bd51958bf481fd255f9ce5997e2efea838a2dc5d81a48ad7bd6a82169",
        "sha256:9bdd0cd70760b2c7b9cd1886ab18a6534d54c4124a6231eefe9a72ecd80fe457",
        "sha256:11ca509fbfbe92a359d8dabc8447f28ea3d880c73919ffa703c011a2f8620a1e",
        "sha256:7d5be7fee5d4a91e313d6503f391ef1a4653ecbb5e1db5f5112785339e78abf8",
        "sha256:80e9e1499862e701eef383f8cfbe500742f5d3234b846af788a2d36fecae35a9"
    ],
    "Env": [
        "PATH=/usr/local/sbin:/usr/local/bin:/usr/sbin:/usr/bin:/sbin:/bin",
        "REDIS_MODULES=/usr/lib/redis/modules",
        "LD_LIBRARY_PATH=/usr/lib/redis/modules"
    ]
}
