{
    "Name": "docker.io/catalystteam/catalyst",
    "Digest": "sha256:62b394a987d95159cd550c9835770a3e721346dbd0a5dea338b7204ce840e555",
    "RepoTags": [
        "19.10",
        "19.10-dev",
        "19.10-dev-fp16",
        "19.10-fp16",
        "19.11",
        "19.11-dev",
        "19.11-dev-fp16",
        "19.11-fp16",
        "19.12",
        "19.12-fp16",
        "20.01",
        "20.01-dev",
        "20.01-dev-fp16",
        "20.01-fp16",
        "20.02",
        "20.02-dev",
        "20.02-dev-fp16",
        "20.02-fp16",
        "20.03",
        "20.03-dev",
        "20.03-dev-fp16",
        "20.03-fp16",
        "20.04",
        "20.04-dev",
        "20.04-dev-fp16",
        "20.04-fp16",
        "20.1",
        "20.1-dev",
        "20.1-dev-fp16",
        "20.1-fp16",
        "latest",
        "v20.06",
        "v20.06-dev",
        "v20.06-dev-fp16",
        "v20.06-fp16",
        "v21.09-all-pytorch-1.3-cuda10.1-cudnn7-devel",
        "v21.09-all-pytorch-1.7.0-cuda11.0-cudnn8-devel",
        "v21.09-all-pytorch-1.8.1-cuda11.1-cudnn8-devel",
        "v21.09-all-pytorch-1.9.0-cuda11.1-cudnn8-devel",
        "v21.09-pytorch-1.3-cuda10.1-cudnn7-devel",
        "v21.09-pytorch-1.7.0-cuda11.0-cudnn8-devel",
        "v21.09-pytorch-1.8.1-cuda11.1-cudnn8-devel",
        "v21.09-pytorch-1.9.0-cuda11.1-cudnn8-devel",
        "v21.09rc1-all-pytorch-1.3-cuda10.1-cudnn7-devel",
        "v21.09rc1-all-pytorch-1.7.0-cuda11.0-cudnn8-devel",
        "v21.09rc1-all-pytorch-1.8.1-cuda11.1-cudnn8-devel",
        "v21.09rc1-all-pytorch-1.9.0-cuda11.1-cudnn8-devel",
        "v21.09rc1-pytorch-1.3-cuda10.1-cudnn7-devel",
        "v21.09rc1-pytorch-1.7.0-cuda11.0-cudnn8-devel",
        "v21.09rc1-pytorch-1.8.1-cuda11.1-cudnn8-devel",
        "v21.09rc1-pytorch-1.9.0-cuda11.1-cudnn8-devel",
        "v21.10-all-pytorch-1.3-cuda10.1-cudnn7-devel",
        "v21.10-all-pytorch-1.7.0-cuda11.0-cudnn8-devel",
        "v21.10-all-pytorch-1.8.1-cuda11.1-cudnn8-devel",
        "v21.10-all-pytorch-1.9.0-cuda11.1-cudnn8-devel",
        "v21.10-pytorch-1.3-cuda10.1-cudnn7-devel",
        "v21.10-pytorch-1.7.0-cuda11.0-cudnn8-devel",
        "v21.10-pytorch-1.8.1-cuda11.1-cudnn8-devel",
        "v21.10-pytorch-1.9.0-cuda11.1-cudnn8-devel",
        "v21.11-all-pytorch-1.3-cuda10.1-cudnn7-devel",
        "v21.11-all-pytorch-1.7.0-cuda11.0-cudnn8-devel",
        "v21.11-all-pytorch-1.8.1-cuda11.1-cudnn8-devel",
        "v21.11-all-pytorch-1.9.0-cuda11.1-cudnn8-devel",
        "v21.11-pytorch-1.3-cuda10.1-cudnn7-devel",
        "v21.11-pytorch-1.7.0-cuda11.0-cudnn8-devel",
        "v21.11-pytorch-1.8.1-cuda11.1-cudnn8-devel",
        "v21.11-pytorch-1.9.0-cuda11.1-cudnn8-devel",
        "v21.12-all-pytorch-1.3-cuda10.1-cudnn7-devel",
        "v21.12-all-pytorch-1.7.0-cuda11.0-cudnn8-devel",
        "v21.12-all-pytorch-1.8.1-cuda11.1-cudnn8-devel",
        "v21.12-all-pytorch-1.9.0-cuda11.1-cudnn8-devel",
        "v21.12-pytorch-1.3-cuda10.1-cudnn7-devel",
        "v21.12-pytorch-1.7.0-cuda11.0-cudnn8-devel",
        "v21.12-pytorch-1.8.1-cuda11.1-cudnn8-devel",
        "v21.12-pytorch-1.9.0-cuda11.1-cudnn8-devel"
    ],
    "Created": "2021-07-10T18:54:44.634853585Z",
    "DockerVersion": "20.10.6+azure",
    "Labels": {
        "com.nvidia.volumes.needed": "nvidia_driver"
    },
    "Architecture": "amd64",
    "Os": "linux",
    "Layers": [
        "sha256:92dc2a97ff99354714f17180401813eb3073e4f62a67643d66b461505a604cbe",
        "sha256:be13a9d27eb82db7e9c7f3a76f70919a2d690e34e78cda8cae60161b0f5e9137",
        "sha256:c8299583700ab4cc65a0126f99ca6f2b836a097dedcc64270094bea59b8b4306",
        "sha256:70a80b9c71007a41f21c520c9c425f37e38210dff7b8d37b6d3d2bcd43c52600",
        "sha256:9dda6e51b6e44e98b1723d7ce31dbd4ec633c479055749c3b4fb6bcae89a0721",
        "sha256:ab1504e75c6c1ec5d1fda55cc1bd0385eb90357aa4c2ee08a8fb766f1d3e18bc",
        "sha256:8a51b5646a945601ae291b6dfeb15a061d101c704694ee6c8153f06258d805bc"
    ],
    "Env": [
        "PATH=/opt/conda/bin:/usr/local/sbin:/usr/local/bin:/usr/sbin:/usr/bin:/sbin:/bin",
        "NVIDIA_VISIBLE_DEVICES=all",
        "NVIDIA_DRIVER_CAPABILITIES=compute,utility",
        "LD_LIBRARY_PATH=/usr/local/nvidia/lib:/usr/local/nvidia/lib64",
        "PYTORCH_VERSION=v1.8.1"
    ]
}
