{
    "Name": "docker.io/novetta/adaptnlp",
    "Digest": "sha256:e0cb1a361ada555f19d024ecb02f4c5da7f28c138f2337693719a7b463f5d85b",
    "RepoTags": [
        "0.2.3",
        "0.2.3-api-question-answering",
        "0.2.3-api-sequence-classification",
        "0.2.3-api-summarization",
        "0.2.3-api-text-generation",
        "0.2.3-api-token-tagging",
        "0.2.3-api-translation",
        "0.2.5-api-question-answering",
        "0.2.5-api-sequence-classification",
        "0.2.5-api-summarization",
        "0.2.5-api-text-generation",
        "0.2.5-api-token-tagging",
        "0.2.5-api-translation",
        "0.3.0",
        "0.3.1",
        "0.3.2",
        "0.3.3",
        "0.3.3-api-question-answering",
        "0.3.3-api-sequence-classification",
        "0.3.3-api-summarization",
        "0.3.3-api-text-generation",
        "0.3.3-api-token-tagging",
        "0.3.3-api-translation",
        "0.3.4",
        "0.3.5",
        "0.3.5-api-question-answering",
        "0.3.5-api-sequence-classification",
        "0.3.5-api-summarization",
        "0.3.5-api-text-generation",
        "0.3.5-api-token-tagging",
        "0.3.5-api-translation",
        "0.3.6-api-question-answering",
        "0.3.6-api-sequence-classification",
        "0.3.6-api-summarization",
        "0.3.6-api-text-generation",
        "0.3.6-api-token-tagging",
        "0.3.6-api-translation",
        "0.3.7-api-question-answering",
        "0.3.7-api-sequence-classification",
        "0.3.7-api-summarization",
        "0.3.7-api-text-generation",
        "0.3.7-api-token-tagging",
        "0.3.7-api-translation",
        "dev-2021-06-07",
        "dev-2021-06-18",
        "dev-2021-07-07",
        "latest",
        "latest-api-question-answering",
        "latest-api-sequence-classification",
        "latest-api-summarization",
        "latest-api-text-generation",
        "latest-api-token-tagging",
        "latest-api-translation"
    ],
    "Created": "2021-10-05T21:19:56.347441181Z",
    "DockerVersion": "",
    "Labels": {
        "maintainer": "NVIDIA CORPORATION \u003ccudatools@nvidia.com\u003e"
    },
    "Architecture": "amd64",
    "Os": "linux",
    "Layers": [
        "sha256:e4ca327ec0e73c737201b7a6d7b2df779a3ccf34fe9cf1b0c031e767f6464240",
        "sha256:9ba32254bb3c4076e2ca8e2bb3d8884a753a7ba1d3fcf6ed091c2a9f86f7d5aa",
        "sha256:21bb6c18f647932ed71c2d2998ec8fa688b4d08d1cb681ce18f91921f25269c3",
        "sha256:9d1c8624fb43cdc151ee388ba640326c85fe6102dcbda52f6dad30748064f4ed",
        "sha256:612015fefa01a08465593c463679249974d4cabc6eb307b61c3ecb4d36b0a0fc",
        "sha256:f674c21ac467237f63cde19a5f55b3f85d04926f9149f44946d1f3bffc01c01c",
        "sha256:ef33eff4864d143c2233387db69849275128c43fbf75d082b079e9dc2ffaf34c",
        "sha256:336f447e8f3d95bd8ed1bf9baaa7156ddb356ff6792adf1f983c0ac0a04abe86",
        "sha256:b52f181d3f79c28f16fe4d8111532356d80cd9b9c253f01affaf7bc85ef54511",
        "sha256:51d3d174b6754c7188cf544cee8ec5655cfb6c820640283a637a8d17437bf35e",
        "sha256:e4832cabd37f1dba913a5af50bfd9039c306bcd07e43a07d902e3645649dd89b",
        "sha256:7924b12e7363001c448975cb0ed277d4c01f97096e04c47f5d3e0dc4b3cbed6a",
        "sha256:850bc86707f6f69ee1398a9613b8370c9f038b0deb4acede0478c69876d72f88",
        "sha256:edb0fe140f3efef0a267d7790050da5b89b5c886cb1509c3f56be4f3db700bce",
        "sha256:84d6d5b4794a49c7aca2c034c8d30946e5689eda6f701d030dfe078dfbcc4b46",
        "sha256:4f4fb700ef54461cfa02571ae0db9a0dc1e0cdb5577484a6d75e68dc38e8acc1",
        "sha256:5f103688ec7f3fe91e2d306a7a663126be067f871da1ad6e4f8c537e0c4d70f8"
    ],
    "Env": [
        "PATH=/opt/venv/bin:/usr/local/nvidia/bin:/usr/local/cuda/bin:/usr/local/sbin:/usr/local/bin:/usr/sbin:/usr/bin:/sbin:/bin",
        "NVARCH=x86_64",
        "NVIDIA_REQUIRE_CUDA=cuda\u003e=10.2 brand=tesla,driver\u003e=396,driver\u003c397 brand=tesla,driver\u003e=410,driver\u003c411 brand=tesla,driver\u003e=418,driver\u003c419 brand=tesla,driver\u003e=440,driver\u003c441",
        "NV_CUDA_CUDART_VERSION=10.2.89-1",
        "NV_ML_REPO_ENABLED=1",
        "NV_ML_REPO_URL=https://developer.download.nvidia.com/compute/machine-learning/repos/ubuntu1804/x86_64",
        "CUDA_VERSION=10.2.89",
        "LD_LIBRARY_PATH=/usr/local/nvidia/lib:/usr/local/nvidia/lib64",
        "NVIDIA_VISIBLE_DEVICES=all",
        "NVIDIA_DRIVER_CAPABILITIES=compute,utility",
        "NV_CUDA_LIB_VERSION=10.2.89-1",
        "NV_NVTX_VERSION=10.2.89-1",
        "NV_LIBNPP_VERSION=10.2.89-1",
        "NV_LIBCUSPARSE_VERSION=10.2.89-1",
        "NV_LIBCUBLAS_PACKAGE_NAME=libcublas10",
        "NV_LIBCUBLAS_VERSION=10.2.2.89-1",
        "NV_LIBCUBLAS_PACKAGE=libcublas10=10.2.2.89-1",
        "NV_LIBNCCL_PACKAGE_NAME=libnccl2",
        "NV_LIBNCCL_PACKAGE_VERSION=2.11.4-1",
        "NCCL_VERSION=2.11.4",
        "NV_LIBNCCL_PACKAGE=libnccl2=2.11.4-1+cuda10.2",
        "PYTHONUNBUFFERED=1",
        "PYTHONDONTWRITEBYTECODE=1",
        "PIP_NO_CACHE_DIR=off",
        "PIP_DISABLE_PIP_VERSION_CHECK=on",
        "PIP_DEFAULT_TIMEOUT=100",
        "VIRTUAL_ENV=/opt/venv"
    ]
}
