{
    "Name": "docker.io/nvidia/digits",
    "Digest": "sha256:9b37921080efcedb93e1cd138b8981de14c65ca4cdb2dbcbb465d02a0fb6a513",
    "RepoTags": [
        "3.0",
        "3.3",
        "4.0",
        "5.0",
        "6.0",
        "latest"
    ],
    "Created": "2018-03-27T04:00:32.550141563Z",
    "DockerVersion": "18.03.0-ce",
    "Labels": {
        "com.nvidia.build.id": "59605035",
        "com.nvidia.build.ref": "5f0d76026175fc035c3c81e0161654efec32d64e",
        "com.nvidia.cuda.version": "8.0.61",
        "com.nvidia.cudnn.version": "5.1.10",
        "com.nvidia.digits.version": "6.0",
        "com.nvidia.volumes.needed": "nvidia_driver",
        "maintainer": "NVIDIA CORPORATION \u003ccudatools@nvidia.com\u003e"
    },
    "Architecture": "amd64",
    "Os": "linux",
    "Layers": [
        "sha256:99ad4e3ced4d361a0f042c611a6fe5295ed5364287276a96483b80ca85588041",
        "sha256:ec5a723f4e2aa55867633696e9763c27fce7b7a143e30b36571a5f9a3142022c",
        "sha256:2a175e11567c4a374dd86c53ab8744d9ba21046fbed1fea612d1d37ae0e24afa",
        "sha256:8d26426e95e04222aa7782fb871a3beeee110d03b312ed89b428e72c0b747b2c",
        "sha256:46e451596b7c64397d1d3c39cd6ea32a055f456fafaf3ce79a92725c9b47e404",
        "sha256:79f02f6ab0591ba52da7f09aa374779e957be1a11272bb171ac90cfbd4870980",
        "sha256:59d2eaa1372d8ac7f940e64fe0282a406ddc22a00b72226d2c237d53c18b2c60",
        "sha256:4421cd6e3c30c316f6459bf4530b969befc95af0217406c223d74c1fb48e8a27",
        "sha256:9a47758649e571634589e2e75302eaed1206e5180c9984171256ef5072e97a55",
        "sha256:ce8dfeeea4e708a2f80c95276b99e242b47bd1a8bb37bc59b09ea4ec06d97f4b",
        "sha256:0a42029881726c24e68d40bce56279853ef1fe1cd0d71d112c4da130049c0ae2",
        "sha256:505bc2c93c81c05e2f60c42c1bc103bfd0fe9ff1508982766b86f8c129394ab6",
        "sha256:18dccdda6b6ed4eb8dfd74310511e8fa6b0a9316bd897387cee2937d7eed3ea6",
        "sha256:a0dbf08682d24f6fee1eb92e51366ed3677c638e9a08445c968b7ea1afd45ab2",
        "sha256:2795e82bc224e8897fdd366da10d7f25e6f120e631cb163a1c890bdc22be5f01",
        "sha256:a5f44492569ebe4850728b890971e39894ea8cdc837ddef3942fc813c95ead11",
        "sha256:e10245179830bc5dafef4a3d8a6ce7a5915f465691e9016e7e7abf01a8835747"
    ],
    "Env": [
        "PATH=/usr/local/nvidia/bin:/usr/local/cuda/bin:/usr/local/sbin:/usr/local/bin:/usr/sbin:/usr/bin:/sbin:/bin",
        "CUDA_VERSION=8.0.61",
        "CUDA_PKG_VERSION=8-0=8.0.61-1",
        "LD_LIBRARY_PATH=/usr/local/nvidia/lib:/usr/local/nvidia/lib64",
        "NVIDIA_VISIBLE_DEVICES=all",
        "NVIDIA_DRIVER_CAPABILITIES=compute,utility",
        "NVIDIA_REQUIRE_CUDA=cuda\u003e=8.0",
        "CUDNN_VERSION=5.1.10",
        "DIGITS_VERSION=6.0",
        "DIGITS_JOBS_DIR=/jobs",
        "DIGITS_LOGFILE_FILENAME=/jobs/digits.log",
        "PYTHONPATH=/usr/local/python"
    ]
}
