{
    "Name": "docker.io/heidelbergcementds/hcrystalball",
    "Digest": "sha256:b0c26deaef0cfd28782ae8977d7619bf085ad10fa68ab17da198bce97aee6a6e",
    "RepoTags": [
        "011f0dddd3c8",
        "016a2fcf5ec7",
        "053c6959de65",
        "1259d83bae62",
        "22e4f791882f",
        "2638a449d251",
        "26c1acfb2012",
        "2885cccda25d",
        "310130eae159",
        "33fcf2ec91af",
        "34f7825cf1d1",
        "43edb8df1ca5",
        "4bcf7e45368b",
        "571b04737f93",
        "5d1fecb3a337",
        "677c85eabfb2",
        "67e5e14c1e11",
        "75edf57d4996",
        "79c37df6b2f0",
        "80f44924300b",
        "9b327b1db052",
        "a1bfbc2cec79",
        "b28dc295b9e8",
        "bc984a5171e5",
        "be705b4cdd2f",
        "ce1406a5ac60",
        "d0791964278a",
        "d3eae00b9c88",
        "dbd8aeb66c5b",
        "e9f5fd85028e",
        "f6b3b73d38d1",
        "latest"
    ],
    "Created": "2021-07-26T07:37:26.423156183Z",
    "DockerVersion": "20.10.7+azure",
    "Labels": {
        "repo2docker.ref": "None",
        "repo2docker.repo": "local",
        "repo2docker.version": "2021.03.0+70.g43891a6"
    },
    "Architecture": "amd64",
    "Os": "linux",
    "Layers": [
        "sha256:e7ae86ffe2df0787131a4c49ace1b018fd38d62929b007d86bdd1f825e56a852",
        "sha256:9ce443e20fc86732c10960851f26800e6cebf13458f8dcf0cdddaaab061c3599",
        "sha256:e4f37762e578acbec391decc8fb89c06ef4df6bec5669eabe1333e533deafc72",
        "sha256:6b6f701eb0667baa80df701d01c859a3507a2d162572c8ad292e9314bedb9549",
        "sha256:911107637e7fbe308ac235d2b991a61d8e3c5e2dd34fab62819bfe42a4b1ccef",
        "sha256:5b829408818dd1c0cf215f09b9497026ed8f1cc1aac746c3e5592851fbdf2321",
        "sha256:a58fc172b5584836abd0d06d71aa46694c236e1202d68072dbb3809be53fe84f",
        "sha256:6208cc7f07857505ab25a618df1872aa8dd5c4c44ba8f9766dddf43555c5c2b8",
        "sha256:ebe7f289d7eead4f41528b7e8d398e5342bf82e164d20a01a689f4d27d540019",
        "sha256:e8e5af4e7a0444dc171ce61220bfebc5d53ece16b1f64b17d3c14419de03deb3",
        "sha256:0925adb05db681a9729d759aa1bb9cd96f8004a3e04be35f4a6127d6cc9d2c2b",
        "sha256:a876e7610de4fa0b37d650256e66b07abf2b0964670345334a96419b762899f0",
        "sha256:4b9358ff67f9e8ca229b5bfc2cacfb85b84d9e5cb70d401f3b7dd5672758f09f",
        "sha256:6f62ecb224afe90599d0afb1ee7f560fbb498312ad1c36584924d6f115bdae9b",
        "sha256:142c4885e54bc438c2be7b33987791dc654fedfcf59dd06ce44bf7edc1567776",
        "sha256:1704a1b33f0cf28ffdbddd59d7f5436da9712da74eb5900efeb04ea0a34e0e2b",
        "sha256:a3035da9b0b0fc3a13f64ae8761af5c0085c4218536784522cd973ab881503b9",
        "sha256:c2e320b44f32e57d8062f6441a06e879a1bc756be61dbc0115eb7f09492bcb72",
        "sha256:61b064468f7aa7000640855914b9f976abaa864a113bfb61988a7712c5a427d6",
        "sha256:6dc373d907b60f11ff7cb82e530de72c3c183cf7f85a535d75c94eeec2b49b86"
    ],
    "Env": [
        "PATH=/home/jovyan/.local/bin:/home/jovyan/.local/bin:/srv/conda/envs/notebook/bin:/srv/conda/bin:/srv/npm/bin:/usr/local/sbin:/usr/local/bin:/usr/sbin:/usr/bin:/sbin:/bin",
        "DEBIAN_FRONTEND=noninteractive",
        "LC_ALL=en_US.UTF-8",
        "LANG=en_US.UTF-8",
        "LANGUAGE=en_US.UTF-8",
        "SHELL=/bin/bash",
        "USER=jovyan",
        "HOME=/home/jovyan",
        "APP_BASE=/srv",
        "NPM_DIR=/srv/npm",
        "NPM_CONFIG_GLOBALCONFIG=/srv/npm/npmrc",
        "CONDA_DIR=/srv/conda",
        "NB_PYTHON_PREFIX=/srv/conda/envs/notebook",
        "NB_ENVIRONMENT_FILE=/tmp/env/environment.lock",
        "KERNEL_PYTHON_PREFIX=/srv/conda/envs/notebook",
        "REPO_DIR=/home/jovyan",
        "CONDA_DEFAULT_ENV=/srv/conda/envs/notebook",
        "PYTHONUNBUFFERED=1"
    ]
}
