{
    "Name": "docker.io/nipreps/smriprep",
    "Digest": "sha256:311b117d13f66bfa1f715b7554871e0d0eef6b7450a310827037b6d427a1889c",
    "RepoTags": [
        "0.7.0",
        "0.7.0rc1",
        "0.7.0rc2",
        "0.7.1",
        "0.7.2",
        "0.8.0",
        "0.8.0rc0",
        "0.8.0rc1",
        "0.8.0rc2",
        "0.8.0rc3",
        "0.8.1",
        "0.8.2",
        "latest",
        "unstable"
    ],
    "Created": "2021-12-13T18:30:23.478859419Z",
    "DockerVersion": "20.10.7",
    "Labels": {
        "org.label-schema.build-date": "2021-12-13T18:27:49Z",
        "org.label-schema.description": "sMRIPrep - robust structural MRI preprocessing tool",
        "org.label-schema.name": "sMRIPrep",
        "org.label-schema.schema-version": "1.0",
        "org.label-schema.url": "http://smriprep.org",
        "org.label-schema.vcs-ref": "99da65ae",
        "org.label-schema.vcs-url": "https://github.com/nipreps/smriprep",
        "org.label-schema.version": "0.8.2"
    },
    "Architecture": "amd64",
    "Os": "linux",
    "Layers": [
        "sha256:345e3491a907bb7c6f1bdddcf4a94284b8b6ddd77eb7d93f09432b17b20f2bbe",
        "sha256:57671312ef6fdbecf340e5fed0fb0863350cd806c92b1fdd7978adbd02afc5c3",
        "sha256:5e9250ddb7d0fa6d13302c7c3e6a0aa40390e42424caed1e5289077ee4054709",
        "sha256:14f96b35727b546eceb2967ea3fc9d7a996857b75065f3b58c748eb799afb122",
        "sha256:aa85f5603f6fd1f0e03a5f06cdf14139f00a8d22f338779014f5a35821e2b41d",
        "sha256:f73c9aa5cd8e3163f684bbbaf28ee3a448d87502a638d5fc15ff18d977d5c799",
        "sha256:eb04c40286df3557c33fcbe95468137d1645391b804ee4ed77c315d916750579",
        "sha256:65e4989e617f760a5a812b90f98406fcfc1fdf71e1262d1a61942813b2b34e0a",
        "sha256:3c8ece1f1eae6ef10f583178da6200d63b0fddec6238c7a09401f282abd4c229",
        "sha256:ba2517a8382a85ad4e3a7430ec7b2830bec5d0617c2c1e9a254e6c2da2063cd9",
        "sha256:f928c7c478c2d2d39c625ade72e82cd9b599284b059b23dfad2b3390a9ec11e7",
        "sha256:790d6114a5344e902f0e1f567b17e277244d0d3486cdc6faa8a73222e5cd1796",
        "sha256:7befe44d4be66384bbe86d56bacd64add1b90e522aeb53be1b16019aaedadbe3",
        "sha256:e14a9f7583a171ec4047ab72fe103b4115dbc463389c99e8b2d9a9146d2c5706",
        "sha256:482524a1e1f2557045ec848a66dbe1d7beb8470c3b874a2586e5dbd8bab3ffb9",
        "sha256:44fa0a7d4fb7d5162870683639154607382d8d530e22639d8f6afe17fd6a1921",
        "sha256:627061f89c9a4e6444fa67efe94ccec131cc1f0ed6c544972b64b875c808e0a9",
        "sha256:185d896570e04368af298a782d1651f4b27a8af0b90de6c0ccee2702fd779849",
        "sha256:75bb27422b6d513e45789abb04d473ddfb9b3e24cb94336b3d53a5a960418685",
        "sha256:ed20fb0f82a08235467c0b29b387137b206b460cf73ebe7cad66892aaf231360"
    ],
    "Env": [
        "PATH=/opt/conda/bin:/opt/ants:/opt/afni-latest:/opt/convert3d-1.0.0/bin:/opt/fsl-6.0.5.1/bin:/opt/freesurfer/bin:/bin:/opt/freesurfer/tktools:/opt/freesurfer/mni/bin:/usr/local/sbin:/usr/local/bin:/usr/sbin:/usr/bin:/sbin:/bin",
        "DEBIAN_FRONTEND=noninteractive",
        "LANG=C.UTF-8",
        "LC_ALL=C.UTF-8",
        "FSL_DIR=/opt/fsl-6.0.5.1",
        "OS=Linux",
        "FS_OVERRIDE=0",
        "FIX_VERTEX_AREA=",
        "FSF_OUTPUT_FORMAT=nii.gz",
        "FREESURFER_HOME=/opt/freesurfer",
        "SUBJECTS_DIR=/opt/freesurfer/subjects",
        "FUNCTIONALS_DIR=/opt/freesurfer/sessions",
        "MNI_DIR=/opt/freesurfer/mni",
        "LOCAL_DIR=/opt/freesurfer/local",
        "MINC_BIN_DIR=/opt/freesurfer/mni/bin",
        "MINC_LIB_DIR=/opt/freesurfer/mni/lib",
        "MNI_DATAPATH=/opt/freesurfer/mni/data",
        "PERL5LIB=/opt/freesurfer/mni/lib/perl5/5.8.5",
        "MNI_PERL5LIB=/opt/freesurfer/mni/lib/perl5/5.8.5",
        "FSLDIR=/opt/fsl-6.0.5.1",
        "FSLOUTPUTTYPE=NIFTI_GZ",
        "FSLMULTIFILEQUIT=TRUE",
        "FSLLOCKDIR=",
        "FSLMACHINELIST=",
        "FSLREMOTECALL=",
        "FSLGECUDAQ=cuda.q",
        "LD_LIBRARY_PATH=/usr/lib/x86_64-linux-gnu:/opt/conda/lib:/opt/fsl-6.0.5.1/lib:",
        "C3DPATH=/opt/convert3d-1.0.0",
        "AFNI_IMSAVE_WARNINGS=NO",
        "AFNI_PLUGINPATH=/opt/afni-latest",
        "ANTSPATH=/opt/ants",
        "CPATH=/opt/conda/include:",
        "PYTHONNOUSERSITE=1",
        "MKL_NUM_THREADS=1",
        "OMP_NUM_THREADS=1",
        "HOME=/home/smriprep",
        "IS_DOCKER_8395080871=1"
    ]
}
