{
    "Name": "docker.io/huggingface/transformers-pytorch-cpu",
    "Digest": "sha256:618631eb7c6f2c58dd9ec5b121926314391bff4e8a0049cc59b6c198f4fd9b2d",
    "RepoTags": [
        "2.10.0",
        "2.11.0",
        "2.6.0",
        "2.7.0",
        "2.8.0",
        "2.9.0",
        "2.9.1",
        "3.0.0",
        "3.0.1",
        "3.0.2",
        "3.1.0",
        "3.2.0",
        "3.3.0",
        "3.3.1",
        "3.4.0",
        "3.5.0",
        "3.5.1",
        "4",
        "4.0.0",
        "4.0.1",
        "4.1.0",
        "4.1.1",
        "4.2.0",
        "4.2.1",
        "4.2.2",
        "4.3.0",
        "4.3.1",
        "4.3.2",
        "4.3.3",
        "4.4.0",
        "4.4.1",
        "4.4.2",
        "4.5.0",
        "4.5.1",
        "4.6.0",
        "4.6.1",
        "4.7.0",
        "4.8.0",
        "4.8.1",
        "4.8.2",
        "4.9.0",
        "4.9.1",
        "latest"
    ],
    "Created": "2021-07-26T15:10:21.757448649Z",
    "DockerVersion": "",
    "Labels": {
        "maintainer": "Hugging Face",
        "repository": "transformers"
    },
    "Architecture": "amd64",
    "Os": "linux",
    "Layers": [
        "sha256:e7ae86ffe2df0787131a4c49ace1b018fd38d62929b007d86bdd1f825e56a852",
        "sha256:617718122aa369fb77d30cd0c681758f2e8495ae581f830c9f7ab1a90c96225e",
        "sha256:63572e6966fe5e6626a269ce90fc6fb81514134d2c0e31820233ecbd78cd991f",
        "sha256:5810a0116d3e44b9cd9e5969c7a29a2c85ac7815666f6ae27a950c96c5bf9607",
        "sha256:e4840d47e3ccc9ec98284f61878d5591ecbc85806544d50a7b9bd088e332db44",
        "sha256:4c36bc7a518e5ac17b6f2eb8efd853dce3515ad0fb1f867d18fbf75b53ee3c63"
    ],
    "Env": [
        "PATH=/usr/local/sbin:/usr/local/bin:/usr/sbin:/usr/bin:/sbin:/bin"
    ]
}
