{
    "Name": "docker.io/huggingface/transformers-gpu",
    "Digest": "sha256:64a25ae728ba45ac1c3d5de883437a46a1f60c07adfc19909ec608920d19e79f",
    "RepoTags": [
        "2.10.0",
        "2.11.0",
        "2.5.1",
        "2.8.0",
        "2.9.0",
        "2.9.1",
        "3.0.0",
        "3.0.1",
        "3.0.2",
        "3.1.0",
        "3.2.0",
        "3.3.0",
        "3.3.1",
        "3.4.0",
        "3.5.0",
        "3.5.1",
        "4",
        "4.0.0",
        "4.0.1",
        "4.1.0",
        "4.1.1",
        "4.2.0",
        "4.2.1",
        "4.2.2",
        "4.3.0",
        "4.3.1",
        "4.3.2",
        "4.3.3",
        "4.4.0",
        "4.4.1",
        "4.4.2",
        "4.5.0",
        "4.5.1",
        "4.6.1",
        "4.7.0",
        "4.8.0",
        "4.8.1",
        "4.8.2",
        "4.9.0",
        "4.9.1",
        "latest"
    ],
    "Created": "2021-07-26T14:27:45.918867527Z",
    "DockerVersion": "",
    "Labels": {
        "com.nvidia.cudnn.version": "7.6.5.32",
        "maintainer": "Hugging Face",
        "repository": "transformers"
    },
    "Architecture": "amd64",
    "Os": "linux",
    "Layers": [
        "sha256:25fa05cd42bd8fabb25d2a6f3f8c9f7ab34637903d00fd2ed1c1d0fa980427dd",
        "sha256:24a22c1b72605a4dbcec13b743ef60a6cbb43185fe46fd8a35941f9af7c11153",
        "sha256:8dea37be3176a88fae41c265562d5fb438d9281c356dcb4edeaa51451dbdfdb2",
        "sha256:b4dc78aeafca6321025300e9d3050c5ba3fb2ac743ae547c6e1efa3f9284ce0b",
        "sha256:a57130ec8de1e44163e965620d5aed2abe6cddf48b48272964bfd8bca101df38",
        "sha256:d5d706ce7b293ffb369d3bf0e3f58f959977903b82eb26433fe58645f79b778b",
        "sha256:880a66924cf5e11df601a4f531f3741c6867a3e05238bc9b7cebb2a68d479204",
        "sha256:5321d693a4aa37052681f0908da0eca8f123783c859af537a21c608a8a15991a",
        "sha256:57abc22d8588cdbe66cecf5056a462a051e00087d4823d2bef4346a3bba04438",
        "sha256:052cf5dcba5f56563b83d3af590583e4b83503e693f97501ef44cfe10ba04789",
        "sha256:224480af756cb3ab9aff2465c444a02b8e26bbb6a0c4baa703a101a065e01783",
        "sha256:c1cccb1ba7986ed6aa04d2bbbaa0306134b6ee3efb0947bed7e96a08f0d5d01d",
        "sha256:12b9c19fc99afd03125c48dfa2086182dee659bd2c0381f385225d75231566b4",
        "sha256:99637b328a7b314c029446289841524793aec236c9d3cebb7bc1422594eb8d05",
        "sha256:680a3b1490892e47125f36c6bdf29ad514703647b65a3b772ab794785ff1065c"
    ],
    "Env": [
        "PATH=/usr/local/nvidia/bin:/usr/local/cuda/bin:/usr/local/sbin:/usr/local/bin:/usr/sbin:/usr/bin:/sbin:/bin",
        "CUDA_VERSION=10.2.89",
        "CUDA_PKG_VERSION=10-2=10.2.89-1",
        "LD_LIBRARY_PATH=/usr/local/nvidia/lib:/usr/local/nvidia/lib64",
        "NVIDIA_VISIBLE_DEVICES=all",
        "NVIDIA_DRIVER_CAPABILITIES=compute,utility",
        "NVIDIA_REQUIRE_CUDA=cuda\u003e=10.2 brand=tesla,driver\u003e=396,driver\u003c397 brand=tesla,driver\u003e=410,driver\u003c411 brand=tesla,driver\u003e=418,driver\u003c419 brand=tesla,driver\u003e=440,driver\u003c441",
        "NCCL_VERSION=2.10.3",
        "LIBRARY_PATH=/usr/local/cuda/lib64/stubs",
        "CUDNN_VERSION=7.6.5.32"
    ]
}
