{
    "Name": "docker.io/huggingface/transformers-pytorch-gpu",
    "Digest": "sha256:3b38c866d511c6ad5a24a218710db9c1296d8eb0b1f264cb47ea8260554a894d",
    "RepoTags": [
        "2.10.0",
        "2.11.0",
        "2.6.0",
        "2.7.0",
        "2.8.0",
        "2.9.0",
        "2.9.1",
        "3.0.0",
        "3.0.1",
        "3.0.2",
        "3.1.0",
        "3.2.0",
        "3.3.0",
        "3.3.1",
        "3.4.0",
        "3.5.0",
        "3.5.1",
        "4",
        "4.0.0",
        "4.0.1",
        "4.1.0",
        "4.1.1",
        "4.2.0",
        "4.2.1",
        "4.2.2",
        "4.3.0",
        "4.3.1",
        "4.3.2",
        "4.3.3",
        "4.4.0",
        "4.4.1",
        "4.4.2",
        "4.5.0",
        "4.5.1",
        "4.6.1",
        "4.7.0",
        "4.8.0",
        "4.8.1",
        "4.8.2",
        "4.9.0",
        "4.9.1",
        "latest"
    ],
    "Created": "2021-07-26T15:17:21.267202122Z",
    "DockerVersion": "",
    "Labels": {
        "com.nvidia.cudnn.version": "7.6.5.32",
        "maintainer": "Hugging Face",
        "repository": "transformers"
    },
    "Architecture": "amd64",
    "Os": "linux",
    "Layers": [
        "sha256:25fa05cd42bd8fabb25d2a6f3f8c9f7ab34637903d00fd2ed1c1d0fa980427dd",
        "sha256:24a22c1b72605a4dbcec13b743ef60a6cbb43185fe46fd8a35941f9af7c11153",
        "sha256:8dea37be3176a88fae41c265562d5fb438d9281c356dcb4edeaa51451dbdfdb2",
        "sha256:b4dc78aeafca6321025300e9d3050c5ba3fb2ac743ae547c6e1efa3f9284ce0b",
        "sha256:a57130ec8de1e44163e965620d5aed2abe6cddf48b48272964bfd8bca101df38",
        "sha256:d5d706ce7b293ffb369d3bf0e3f58f959977903b82eb26433fe58645f79b778b",
        "sha256:880a66924cf5e11df601a4f531f3741c6867a3e05238bc9b7cebb2a68d479204",
        "sha256:5321d693a4aa37052681f0908da0eca8f123783c859af537a21c608a8a15991a",
        "sha256:a9064b890be2a307052e5a1f2351f87d11b7d8cb9ba209b7f9639d4a744be9da",
        "sha256:89d4ab728bd4bcfd0f7cc2c54ce73e27b3f3039439f021edb73267af885d49b5",
        "sha256:92b78e37d77103c915c0d12c18168df75aa74e9488bc58e1083f347d7192788a",
        "sha256:abf870cda9edd056a98307eb61b66be22cd31ade0ed2daac2dc59d95b6eb7ece",
        "sha256:3288b3354e52f6d6a0fec70f8df0672b4b5316c55bb17aba0046c8bf55b7336c",
        "sha256:fa03e868d71909ba958f2dbab60978379c81360f8aedbbf9b57886a35afb9a6e",
        "sha256:0804d5bfe18c33846b442a29f506dacf2a832d548e51fd52a51de998938aec0e"
    ],
    "Env": [
        "PATH=/usr/local/nvidia/bin:/usr/local/cuda/bin:/usr/local/sbin:/usr/local/bin:/usr/sbin:/usr/bin:/sbin:/bin",
        "CUDA_VERSION=10.2.89",
        "CUDA_PKG_VERSION=10-2=10.2.89-1",
        "LD_LIBRARY_PATH=/usr/local/nvidia/lib:/usr/local/nvidia/lib64",
        "NVIDIA_VISIBLE_DEVICES=all",
        "NVIDIA_DRIVER_CAPABILITIES=compute,utility",
        "NVIDIA_REQUIRE_CUDA=cuda\u003e=10.2 brand=tesla,driver\u003e=396,driver\u003c397 brand=tesla,driver\u003e=410,driver\u003c411 brand=tesla,driver\u003e=418,driver\u003c419 brand=tesla,driver\u003e=440,driver\u003c441",
        "NCCL_VERSION=2.10.3",
        "LIBRARY_PATH=/usr/local/cuda/lib64/stubs",
        "CUDNN_VERSION=7.6.5.32"
    ]
}
