{
    "Name": "docker.io/huggingface/transformers-tensorflow-cpu",
    "Digest": "sha256:ad08c55c87fed59a99a1583f1421abb7b08176d3bf0393a6fc61fc1c23a803ce",
    "RepoTags": [
        "2.10.0",
        "2.11.0",
        "2.5.1",
        "2.6.0",
        "2.7.0",
        "2.8.0",
        "2.9.0",
        "2.9.1",
        "3.0.0",
        "3.0.1",
        "3.0.2",
        "3.1.0",
        "3.2.0",
        "3.3.0",
        "3.3.1",
        "3.4.0",
        "3.5.0",
        "3.5.1",
        "4",
        "4.0.0",
        "4.0.1",
        "4.1.0",
        "4.1.1",
        "4.2.0",
        "4.2.1",
        "4.2.2",
        "4.3.0",
        "4.3.1",
        "4.3.2",
        "4.3.3",
        "4.4.0",
        "4.4.1",
        "4.4.2",
        "4.5.0",
        "4.5.1",
        "4.6.0",
        "4.6.1",
        "4.7.0",
        "4.8.0",
        "4.8.1",
        "4.8.2",
        "4.9.0",
        "4.9.1",
        "latest"
    ],
    "Created": "2021-07-26T14:37:10.289045114Z",
    "DockerVersion": "",
    "Labels": {
        "maintainer": "Hugging Face",
        "repository": "transformers"
    },
    "Architecture": "amd64",
    "Os": "linux",
    "Layers": [
        "sha256:e7ae86ffe2df0787131a4c49ace1b018fd38d62929b007d86bdd1f825e56a852",
        "sha256:c8b53a264efd20562e587f852dffedf98f8d59ff434f17a0eff8e6227632074e",
        "sha256:918f258910463540e51c65b7935901a0a7729034bbede535742218e5daee8ae9",
        "sha256:da43132fe81e7ba3422516c44d00b065d82d399f1abaca95437f9919885bfd3e",
        "sha256:65a806b78a4b1d6a776bbcd61ad14a2e9eeb12f5e29266a04627b02271ff063c",
        "sha256:092ecbc4cf48373765d73ea924ad7319cdbc7cb2f541c8bab6f4c7ca569b3ef5"
    ],
    "Env": [
        "PATH=/usr/local/sbin:/usr/local/bin:/usr/sbin:/usr/bin:/sbin:/bin"
    ]
}
