{
    "Name": "docker.io/huggingface/transformers-tensorflow-gpu",
    "Digest": "sha256:2ad10cfc3e704386ccc4141224d6d4a21c78247d203a161c43b6aea0559ed131",
    "RepoTags": [
        "2.10.0",
        "2.11.0",
        "2.5.1",
        "2.6.0",
        "2.7.0",
        "2.8.0",
        "2.9.0",
        "2.9.1",
        "3.0.0",
        "3.0.1",
        "3.0.2",
        "3.1.0",
        "3.2.0",
        "3.3.0",
        "3.3.1",
        "3.4.0",
        "3.5.0",
        "3.5.1",
        "4",
        "4.0.0",
        "4.0.1",
        "4.1.0",
        "4.1.1",
        "4.2.0",
        "4.2.1",
        "4.2.2",
        "4.3.0",
        "4.3.1",
        "4.3.2",
        "4.3.3",
        "4.4.0",
        "4.4.1",
        "4.4.2",
        "4.5.0",
        "4.5.1",
        "4.6.0",
        "4.6.1",
        "4.7.0",
        "4.8.0",
        "4.8.1",
        "4.8.2",
        "4.9.0",
        "4.9.1",
        "latest"
    ],
    "Created": "2021-07-26T15:05:51.996262525Z",
    "DockerVersion": "",
    "Labels": {
        "com.nvidia.cudnn.version": "7.6.5.32",
        "maintainer": "Hugging Face",
        "repository": "transformers"
    },
    "Architecture": "amd64",
    "Os": "linux",
    "Layers": [
        "sha256:25fa05cd42bd8fabb25d2a6f3f8c9f7ab34637903d00fd2ed1c1d0fa980427dd",
        "sha256:2d6e353a95ec31e1d24b8f8a7fd2ed4e418465d789165f835ee005620d10b5cd",
        "sha256:1e9ee2cfc404372e71555f003fe11dacedb8c117326f6f5dcf3d7a00ad1e1d32",
        "sha256:5f9764d07d47e61c6b2d26cc879a85b8a551a303a8586d97b12230325757e430",
        "sha256:af198b3d7e10ac79ff2548e6fd9bd193db4e84a23d371939875f8ed0b90115d2",
        "sha256:629635d04c269e3461c57daf5cf887b0428e6df9e29962c74d1ed94394268246",
        "sha256:653c147f6100c1becc6cb04eb9d00d90090fe8ce3a23c5a2a4f4f78cb51d7f95",
        "sha256:054f9557455ddd674ae6bd0de64a67c31d88f7de7dc5dfb510e2b19ffb9b91a4",
        "sha256:82c441a485f7c42ad074671a8604d7d85c89201361c8007417939a8b4357968c",
        "sha256:cef3c62508271fedb970de842bfd2a4e45ff8e218d624c92adcc6c5528cdf2be",
        "sha256:d94dfcb5bffc2f099c7d02e539835467807795bce65a55370e00100753207245",
        "sha256:f80b9f56392e6a593a4ef8b3b1def25e8b77f1fc5073c42ee881b6a731bd706c",
        "sha256:2206e1cf48cc68ce0f4c7d2770f08cb2261b43a171f9b5b92db4e9c832486dc0"
    ],
    "Env": [
        "PATH=/usr/local/nvidia/bin:/usr/local/cuda/bin:/usr/local/sbin:/usr/local/bin:/usr/sbin:/usr/bin:/sbin:/bin",
        "CUDA_VERSION=10.1.243",
        "CUDA_PKG_VERSION=10-1=10.1.243-1",
        "LD_LIBRARY_PATH=/usr/local/nvidia/lib:/usr/local/nvidia/lib64",
        "NVIDIA_VISIBLE_DEVICES=all",
        "NVIDIA_DRIVER_CAPABILITIES=compute,utility",
        "NVIDIA_REQUIRE_CUDA=cuda\u003e=10.1 brand=tesla,driver\u003e=396,driver\u003c397 brand=tesla,driver\u003e=410,driver\u003c411 brand=tesla,driver\u003e=418,driver\u003c419",
        "NCCL_VERSION=2.8.3",
        "CUDNN_VERSION=7.6.5.32"
    ]
}
