{
    "Name": "docker.io/huggingface/transformers-cpu",
    "Digest": "sha256:12a7ebb081f45fe191a3e154ae44691ef6f1853c9685e1e3b74d1f489ea51152",
    "RepoTags": [
        "2.10.0",
        "2.11.0",
        "2.5.1",
        "2.6.0",
        "2.7.0",
        "2.8.0",
        "2.9.0",
        "2.9.1",
        "3.0.0",
        "3.0.1",
        "3.0.2",
        "3.1.0",
        "3.2.0",
        "3.3.0",
        "3.3.1",
        "3.4.0",
        "3.5.0",
        "3.5.1",
        "4",
        "4.0.0",
        "4.0.1",
        "4.1.0",
        "4.1.1",
        "4.2.0",
        "4.2.1",
        "4.2.2",
        "4.3.0",
        "4.3.1",
        "4.3.2",
        "4.3.3",
        "4.4.0",
        "4.4.1",
        "4.4.2",
        "4.5.0",
        "4.5.1",
        "4.6.0",
        "4.6.1",
        "4.7.0",
        "4.8.0",
        "4.8.1",
        "4.8.2",
        "4.9.0",
        "4.9.1",
        "latest"
    ],
    "Created": "2021-07-26T14:32:57.971366976Z",
    "DockerVersion": "",
    "Labels": {
        "maintainer": "Hugging Face",
        "repository": "transformers"
    },
    "Architecture": "amd64",
    "Os": "linux",
    "Layers": [
        "sha256:e7ae86ffe2df0787131a4c49ace1b018fd38d62929b007d86bdd1f825e56a852",
        "sha256:75defcbdcce012c26e611c18fca2d496032e8d839a248a842f97c612453c2fd5",
        "sha256:fd77e99e6abb3985a52afdf7893f412aec380b173d7d4d567b74c2dd62d97621",
        "sha256:fb3ab500cd57f1ec3c63b5568e6c4b825ba907d17d03ac8d9ee5c334df172cf7",
        "sha256:48ccba5c2aa7b9bf107927e111b72e9bd42aeeaf7c76e4b729c5551432264340",
        "sha256:2fd7bfb4c232b05439a9ab978d79c8ae7104e75fdfb54e248eaf018ccf030d4c"
    ],
    "Env": [
        "PATH=/usr/local/sbin:/usr/local/bin:/usr/sbin:/usr/bin:/sbin:/bin"
    ]
}
