{
    "Name": "docker.io/apulistech/mmdetection",
    "Digest": "sha256:555624b559113df3c33410589bcab123a59f08b5ae6aeaa2b4e0414e5ddebfb6",
    "RepoTags": [
        "latest",
        "test",
        "v2.0"
    ],
    "Created": "2020-06-10T08:07:44.196983898Z",
    "DockerVersion": "19.03.8",
    "Labels": {
        "com.nvidia.cudnn.version": "7.6.5.32",
        "com.nvidia.volumes.needed": "nvidia_driver",
        "maintainer": "NVIDIA CORPORATION \u003ccudatools@nvidia.com\u003e"
    },
    "Architecture": "amd64",
    "Os": "linux",
    "Layers": [
        "sha256:7ddbc47eeb70dc7f08e410a6667948b87ff3883024eb41478b44ef9a81bf400c",
        "sha256:c1bbdc448b7263673926b8fe2e88491e5083a8b4b06ddfabf311f2fc5f27e2ff",
        "sha256:8c3b70e3904492c753652606df4726430426f42ea56e06ea924d6fea7ae162a1",
        "sha256:45d437916d5781043432f2d72608049dcf74ddbd27daa01a25fa63c8f1b9adc4",
        "sha256:d8f1569ddae616589c5a2dabf668fadd250ee9d89253ef16f0cb0c8a9459b322",
        "sha256:85386706b02069c58ffaea9de66c360f9d59890e56f58485d05c1a532ca30db1",
        "sha256:ee9b457b77d047ff322858e2de025e266ff5908aec569560e77e2e4451fc23f4",
        "sha256:be4f3343ecd31ebf7ec8809f61b1d36c2c2f98fc4e63582401d9108575bc443a",
        "sha256:30b4effda4fdab95ec4eba8873f86e7574c2edddf4dc5df8212e3eda1545aafa",
        "sha256:b398e882f4149bf61faa8f2c1d47a4fe98b8fe1b2c9379da1d58ddc54fe67cf0",
        "sha256:839749267f44015294f93e1d05cdb677ebdb4b7c3fc94f7e2b7bc7dfcde76ade",
        "sha256:d65aae2facd910019a4288e714dab5fc21085205a4c9eb6a984ba0d590b38221",
        "sha256:2a536cd2ec00b9e11ac9a51e23bcbf77fe2d728ea0f64483c47bd2cf513a2b31",
        "sha256:0a5fe5cbb00fc12cb8bc7654b97bdf75771c08db86ecabcc25f96cb3e9b3905d",
        "sha256:4eafb9b485ea8af02d0b3237997cdc135fd20539a3788e88037d029e65ac4670",
        "sha256:3290ae34cafa329644dca901a66678cb15283cbcb0043db33a2dd984d792ae81",
        "sha256:f050cf0a8393cd3795eafa3f0f7ec66f987b37e3dfd7e5b140306b92f5d8724c",
        "sha256:c76a5740cfb6df79fa3d1b93bfefebe1918eb7a5458f8888130bfbea7bfb071b",
        "sha256:1a27228b69fa0be58e1049bf56a9e26e53d6e257e4d31997e46495e53d7b3b77"
    ],
    "Env": [
        "PATH=/opt/conda/bin:/usr/local/nvidia/bin:/usr/local/cuda/bin:/usr/local/sbin:/usr/local/bin:/usr/sbin:/usr/bin:/sbin:/bin",
        "CUDA_VERSION=10.1.243",
        "CUDA_PKG_VERSION=10-1=10.1.243-1",
        "LD_LIBRARY_PATH=/usr/local/nvidia/lib:/usr/local/nvidia/lib64",
        "NVIDIA_VISIBLE_DEVICES=all",
        "NVIDIA_DRIVER_CAPABILITIES=compute,utility",
        "NVIDIA_REQUIRE_CUDA=cuda\u003e=10.1 brand=tesla,driver\u003e=384,driver\u003c385 brand=tesla,driver\u003e=396,driver\u003c397 brand=tesla,driver\u003e=410,driver\u003c411",
        "NCCL_VERSION=2.4.8",
        "LIBRARY_PATH=/usr/local/cuda/lib64/stubs",
        "CUDNN_VERSION=7.6.5.32",
        "TORCH_CUDA_ARCH_LIST=6.0 6.1 7.0+PTX",
        "TORCH_NVCC_FLAGS=-Xfatbin -compress-all",
        "CMAKE_PREFIX_PATH=$(dirname $(which conda))/../",
        "FORCE_CUDA=1"
    ]
}
