{
    "Name": "docker.io/robocarstore/donkeycar",
    "Digest": "sha256:c30570bcc696ae901bc722a71e6c9a8a32a68bf26aea3ff280987034ad8ce9c0",
    "RepoTags": [
        "latest"
    ],
    "Created": "2021-05-05T02:16:25.187962585Z",
    "DockerVersion": "19.03.8",
    "Labels": null,
    "Architecture": "amd64",
    "Os": "linux",
    "Layers": [
        "sha256:bd8f6a7501ccbe80b95c82519ed6fd4f7236a41e0ae59ba4a8df76af24629efc",
        "sha256:44718e6d535d365250316b02459f98a1b0fa490158cc53057d18858507504d60",
        "sha256:efe9738af0cb2184ee8f3fb3dcb130455385aa428a27d14e1e07a5587ff16e64",
        "sha256:f37aabde37b87d272286df45e6a3145b0884b72e07e657bf1a2a1e74a92c6172",
        "sha256:3923d444ed0552ce73ef51fa235f1b45edafdec096abda6abab710637dac7ec6",
        "sha256:1ecef690e281c31d68c3cd0628207e8b02fb0e60575604fc5436404d1007a75e",
        "sha256:421f6f1f94dcb5afbb48326919340616c2b967126fb364762f68d70fadf9301d",
        "sha256:157a466660e5c9ae294c78290d6b92bb0e363531a13603a92429c653c2a9c764",
        "sha256:56ba8375de385069394e11e6289c28041914a6ae21cea0e50831d8c97f3ad9f2",
        "sha256:8ed4ca981e8497de8a08a85581755e40fc2c9ce6ccba665de4e414cbaca7e3f7",
        "sha256:3996da99bc569a8cbafb026a71c3277764b3545c59e5aaceba5ae03884269927",
        "sha256:a4b4495b21b88c7f333a37ca34757764b166a487654ca79b5058c327881dfea1",
        "sha256:a03899cad948e4e1e7009e71f69fd14dee0670df9b142e98e68a121bb7f8c14b",
        "sha256:4a95edd84e3e5c7f2ab075c5006ce1aea64568855e542d7761ac74fb9d54da2d",
        "sha256:7d930ed62888984aabc52ba4d1fd3d8c74b53b494169035f88e0df293afbdb58",
        "sha256:c280a7642f08ec21b74bcaf98df5c9c83d104a44a57ddadcc542a79adcfb0b17",
        "sha256:9152c6a965e0b758a425ebbe6bd85d2d69ededb38e4636eb74f275f800f28361",
        "sha256:99b869ce615237577c9d7306a0c867d51103350a48ca08b7bba76852f99e79dc",
        "sha256:67814dcd61333fadc7eeccedaf58bc784c6eb820f746391c44199b1231b216ba",
        "sha256:9b952ab73e9fd18979e67b9d1e8509ed74b55f66a2fa353e9525261560c1364d",
        "sha256:cef9428509cfc937f31d20b1e1a1a0e7dde6db8256eb7b7c9b629358e337b05d",
        "sha256:d4c73dbb0af122461dea2f1ec8611399d9210f5a9e8afd4b8858112d254373e0",
        "sha256:e815dcb9ac4bf4a0ac661fc1d7d5a0e6ba7b83d16ec7319905886e0aa855e1a1",
        "sha256:5d9619986574a88ddac04c7550a6d56a60ddad1075fb287ed4265f129c10ad9a",
        "sha256:3679798f7bbd52250ed6a56660b8d43132ad29024cf56265c24bf7c6d746e2ac",
        "sha256:5582eac0519811f34379d0f28d7f338faceb354670d0aef117bb1b642dd5696e",
        "sha256:93297b9cdd5fa5a5176941abf224698365780f4528881162204656b3d9636edb",
        "sha256:a0e931811549093fa937e1f8ac10acb6d170d2a29a1453493668bdac6b1c61ca",
        "sha256:8c57fd4742199c9ecde0eedc7322f0d2ec90293598e3aa95427c7f09e0bf62e1",
        "sha256:9843197a2abcd1adfe19e98c3ab0a77fd510ee502234d2307a4201a474e77123",
        "sha256:98524a7337e895e149751e5362792ef47605e351ed2b2fbc97f9372b21c35814"
    ],
    "Env": [
        "PATH=/usr/local/bin:/usr/local/sbin:/usr/local/bin:/usr/sbin:/usr/bin:/sbin:/bin",
        "LANG=C.UTF-8",
        "GPG_KEY=0D96DF4D4110E5C43FBFB17F2D347EA6AA65421D",
        "PYTHON_VERSION=3.7.10",
        "PYTHON_PIP_VERSION=21.1.1",
        "PYTHON_GET_PIP_URL=https://github.com/pypa/get-pip/raw/1954f15b3f102ace496a34a013ea76b061535bd2/public/get-pip.py",
        "PYTHON_GET_PIP_SHA256=f499d76e0149a673fb8246d88e116db589afbd291739bd84f2cd9a7bca7b6993",
        "RUNTIME_ENV=env"
    ]
}
