{
    "Name": "docker.io/land007/tfjs-node",
    "Digest": "sha256:544ade795729faf1bbb8f1ef06ca6b7db5610e34cdca8fbba0dec9fb51523da3",
    "RepoTags": [
        "20190729",
        "latest"
    ],
    "Created": "2021-03-28T13:53:47.751793006Z",
    "DockerVersion": "19.03.8",
    "Labels": null,
    "Architecture": "amd64",
    "Os": "linux",
    "Layers": [
        "sha256:e4c3d3e4f7b024979a1c12daa4073f6353b2ba92d96418bc90451994927c9bff",
        "sha256:0b165b0dac114fa28ccdc3b594527577ee3888aa5f075f785230af0f8026bfc5",
        "sha256:b9a94b4084dbd9549b5cf7c55caee36c70a0dd79d320d8f742b3f4f94e847dcf",
        "sha256:4a42c9ed1d11a4329092c22db3733e81bccf7fd72732866d9f66426c1cc20388",
        "sha256:9c0a1e59de3d9ce138d3fa16da8f6c49290a3d25f28facd7cb4d671e1cc945c1",
        "sha256:320eaa8e912d49fb939e05ebbad82b26de673b5bb4b59ae686a5faaa172a213f",
        "sha256:a9b02bbb90195f4a04c7f54db5a0a7449d7d9bab1f527c03f98e0291d82f7b7f",
        "sha256:ee8153ed7485ad41c5f5a028ef031ba96d3fa42f2a5ee1647f8b1d92491bb7b4",
        "sha256:302c42ba7b3a3ed4db8ed7715734cd9765e54046caa426b6a77e6822c6860f75",
        "sha256:909188b5e752264121fee128e63beb11795248becee64a932dd4b58adf18b49a",
        "sha256:47669692a007b9199083cf734d7b5d759c1dd4c7bec0625a1fb4cd01a40442ba",
        "sha256:eb7bb26e9c72672b1547be450c2cdd571c713ec06d996e7f9b7fd07a62f3f80f",
        "sha256:096c1dd41313b4e3e6f7a3b03e2318a0c569562e95420b27a2b1210ca4c4c1db",
        "sha256:3980dcd9b00061b7a571d07b5011a42a6029b395083f6c38fdf4d32c6da98a85",
        "sha256:1040ed8f2a609a8832b08b99699e4cd4488f51ec41591ffdf9f2518d14767f8d",
        "sha256:c0c0f31120cab56ab69b7096e54fadcc75311e0a31e6e129c6a48f5494aaf601",
        "sha256:7eb265bed84101116c4396afbfefd0fd84dba17feb4256bd2141c50c0467abec",
        "sha256:58d19c3403dab2868490f19ff2cc9504b2a82a9a495e1f6772af81c02bc97cec",
        "sha256:cfd48b88d4f0ad0bb0b5751b73d71d5d8dd3275b17c1a0fb48560fae614b4037",
        "sha256:dc3a14899120ed0b62bf192b90df77d1282fd0847eaf869ffbe4b751039ece6b",
        "sha256:06cbeaf83542ce850c215a59580eb37289a155528bc5417e78c0da2ba6f869d9",
        "sha256:87fcee3f1dd2cc9b8b4a07901319994b67010e5553a05ed168371371bd1be687",
        "sha256:ed8d2afece3fa339b4f949e3f078b3adc02ba3e735c797f35d7f78d0100bfd8b",
        "sha256:0f8a1b66f5c458d92e1c137658263470d40f3607b89f13213d8ca9e7ac2d39fd",
        "sha256:94a302da4f8a637490dc550631a688a40250f18787311ae4fd20dda781e68cb3",
        "sha256:111ab5e2f926058fe9c7001e794fdd5eb8ace521995f33221681001ad7240e74",
        "sha256:e295b38f62e0cd14f82bcb6c0b18d314efaddbcfd754b39a9312e36295a4ed42",
        "sha256:0bfdc0e9f303c36d2932faa591e5a4aec9838d5948a9c8fde46da3925653d647",
        "sha256:9db5b1a618cac4e4fd8e15495ba631df6cd3ea0ee04ffb3991701e308c42b82a",
        "sha256:15da80226f18fc5ef1d3704c45522b163580f01f2851954af0e6c9eab37c9133",
        "sha256:656eecc25adcc540b13f794bc23059fd175b2dc14128e437a65a1d78928a6c8b",
        "sha256:0d0ea29b603b7e49b08e96592635cc44ffde5236eb0ff1138ef824ad0ba701e8"
    ],
    "Env": [
        "PATH=/usr/local/sbin:/usr/local/bin:/usr/sbin:/usr/bin:/sbin:/bin:/root/.nvm/versions/node/v10.20.0/bin",
        "DEBIAN_FRONTEND=noninteractive",
        "LC_ALL=zh_CN.UTF-8",
        "NVM_DIR=/root/.nvm",
        "SHIPPABLE_NODE_VERSION=v10.20.0",
        "NVM_NODEJS_ORG_MIRROR=http://nodejs.org/dist"
    ]
}
