{
    "Name": "docker.io/andrejorsula/drl_grasping",
    "Digest": "sha256:c127aec2e3c9fcdbc225b74bbb7ffd828f3edc18f19ef893933d46da515973e9",
    "RepoTags": [
        "1.0.0",
        "1.1.0",
        "latest"
    ],
    "Created": "2021-10-13T17:07:52.895899499Z",
    "DockerVersion": "20.10.9",
    "Labels": {
        "maintainer": "NVIDIA CORPORATION \u003ccudatools@nvidia.com\u003e"
    },
    "Architecture": "amd64",
    "Os": "linux",
    "Layers": [
        "sha256:35807b77a593c1147d13dc926a91dcc3015616ff7307cc30442c5a8e07546283",
        "sha256:c63faf7ebb912a5959c11942160dacdf01e2325361a2dae80c8ac54753ee2a9f",
        "sha256:d0af4aff2aacd91e60fd0e5d5761f8065aa40db9d64cd7a494b6eb4b00442675",
        "sha256:4860ac2ea9aa7960f69e2f15af989bd40fcb85479d04d9d75df4fa5e100727b4",
        "sha256:964f8d4cadc4a614dce2b20896dbe4c84d25686a8cbe696d5ed4fe49f962f055",
        "sha256:f68bad238d01924ca5e1d2a3f0bdf2ccf42f742d9a67de0d8d2c0da49661cca0",
        "sha256:75dd747f11f92841c3823e94e07c3b1ae0a6a6e6e4668f9a9d3bd75a11384eb4",
        "sha256:66bca8babce250f4784ec08fdf2e31cd725fb0bd5b297c18a3a2ad8005f57110",
        "sha256:97cfad4752a53c138231066007488466b3a0961d70cf6ff7963c965f9543dc39",
        "sha256:97ed0d5f10a841c9c0780b7735176433dc726ee2059890e29d5e8b63a1f72702",
        "sha256:d35c98dc1ca2c7e78d24e44cf839098f77af38d94a1440b5f2015398145348f3",
        "sha256:d47c4d48afefcdba51a8138873a22ba502cb3ae88d9f0a69951b2164f7ce2437",
        "sha256:68f4730d021458906eb088f1deaf15781e16460d4f53972033a1b596d4108dd7",
        "sha256:9bd3efcf1156c0bba4b01a9053cd29ecef8fd990352d4b9c273cdf3dc9cc377c",
        "sha256:00f94e76c0299cf80b3be8155c77c86e3fd46741c9020ef5409d2521dcec5b29",
        "sha256:cc939614c784c157c99c7853d828d9c65f35d0d0f88411f39a16a7d0f3678075",
        "sha256:e0d3252ce7b66909b6a690cef1f297d9d64b1da6cf4097ee5aca41fd6a1e8e3c",
        "sha256:a6da5ab886d325fa70b7a07e5fe443895e841509ecc44fcec91c7b07113b9fa1",
        "sha256:686a66a86b6c542705483de8de7752764d4975562dce7d87fe1c4a292416a5d8",
        "sha256:2e48ffc965a334b3516c80f460b560631c3a7aaad615cd7c487d2a7106be1504",
        "sha256:ad6ecb74958b343e68a81873d1571965f0df2d726c3562db78190364b2b3ec9f",
        "sha256:be74c987fee0a0b087f808b3a40dc9f900206fe8abbbf14612815ad5971d84b2",
        "sha256:4a24de61d50d5013f4772dc07319161a9eb4a72b24626452411ed0baf0b83b91",
        "sha256:7ca7510f04125cf8ab8e821465f850ce50e0a3559febabb659cd70848a0d15b6",
        "sha256:05f38ab3d69dcc1dba713ce3a5d5f350c7fc39d3d723106234d0ed618c2f47c9",
        "sha256:dae7ea5431c9605bf2f9bb4f9cec70caaf7e12aece58029d2d4c5963f29bfea6",
        "sha256:825bd92f701d71f283542cc46ac7a6da336533f213a645f66e1daa4872ca6298",
        "sha256:00e513a3fc2837114f32b5e22037eb74319d64041ad4ae25c317706842aabc03",
        "sha256:08aeecef651db5ee0b00857fdb39a5f2fcf1d9dbd8bd33fa8eb122624d562247"
    ],
    "Env": [
        "PATH=/usr/local/nvidia/bin:/usr/local/cuda/bin:/usr/local/sbin:/usr/local/bin:/usr/sbin:/usr/bin:/sbin:/bin",
        "NVARCH=x86_64",
        "NVIDIA_REQUIRE_CUDA=cuda\u003e=11.4 brand=tesla,driver\u003e=418,driver\u003c419 brand=tesla,driver\u003e=440,driver\u003c441 driver\u003e=450",
        "NV_CUDA_CUDART_VERSION=11.4.108-1",
        "NV_CUDA_COMPAT_PACKAGE=cuda-compat-11-4",
        "CUDA_VERSION=11.4.2",
        "LD_LIBRARY_PATH=/usr/lib/x86_64-linux-gnu:/usr/lib/i386-linux-gnu:/usr/local/nvidia/lib:/usr/local/nvidia/lib64:/usr/local/nvidia/lib:/usr/local/nvidia/lib64",
        "NVIDIA_VISIBLE_DEVICES=all",
        "NVIDIA_DRIVER_CAPABILITIES=compute,utility,graphics,compat32,utility",
        "NV_CUDA_LIB_VERSION=11.4.2-1",
        "NV_NVTX_VERSION=11.4.120-1",
        "NV_LIBNPP_VERSION=11.4.0.110-1",
        "NV_LIBNPP_PACKAGE=libnpp-11-4=11.4.0.110-1",
        "NV_LIBCUSPARSE_VERSION=11.6.0.120-1",
        "NV_LIBCUBLAS_PACKAGE_NAME=libcublas-11-4",
        "NV_LIBCUBLAS_VERSION=11.6.1.51-1",
        "NV_LIBCUBLAS_PACKAGE=libcublas-11-4=11.6.1.51-1",
        "NV_LIBNCCL_PACKAGE_NAME=libnccl2",
        "NV_LIBNCCL_PACKAGE_VERSION=2.11.4-1",
        "NCCL_VERSION=2.11.4-1",
        "NV_LIBNCCL_PACKAGE=libnccl2=2.11.4-1+cuda11.4",
        "NV_CUDA_CUDART_DEV_VERSION=11.4.108-1",
        "NV_NVML_DEV_VERSION=11.4.120-1",
        "NV_LIBCUSPARSE_DEV_VERSION=11.6.0.120-1",
        "NV_LIBNPP_DEV_VERSION=11.4.0.110-1",
        "NV_LIBNPP_DEV_PACKAGE=libnpp-dev-11-4=11.4.0.110-1",
        "NV_LIBCUBLAS_DEV_VERSION=11.6.1.51-1",
        "NV_LIBCUBLAS_DEV_PACKAGE_NAME=libcublas-dev-11-4",
        "NV_LIBCUBLAS_DEV_PACKAGE=libcublas-dev-11-4=11.6.1.51-1",
        "NV_LIBNCCL_DEV_PACKAGE_NAME=libnccl-dev",
        "NV_LIBNCCL_DEV_PACKAGE_VERSION=2.11.4-1",
        "NV_LIBNCCL_DEV_PACKAGE=libnccl-dev=2.11.4-1+cuda11.4",
        "LIBRARY_PATH=/usr/local/cuda/lib64/stubs",
        "DRL_GRASPING_DIR=/root/drl_grasping",
        "ROS2_DISTRO=rolling",
        "IGNITION_VERSION=fortress",
        "ROS_LOCALHOST_ONLY=1",
        "ROS_DOMAIN_ID=69",
        "DRL_GRASPING_DEBUG_LEVEL=ERROR"
    ]
}
