{
    "Name": "mcr.microsoft.com/azureml/aml-triton",
    "Digest": "sha256:878eb4184c85462a87fdc20de0a5584d48db8267cbc4d4ff9129527dc888bfac",
    "RepoTags": [
        "20200918.v1",
        "20201202.v1",
        "20201209.v1",
        "20201221.v1",
        "20210402.v1",
        "20210811.v1",
        "latest"
    ],
    "Created": "2021-07-30T01:49:43.894612972Z",
    "DockerVersion": "20.10.5+azure",
    "Labels": {
        "com.nvidia.build.id": "\u003cunknown\u003e",
        "com.nvidia.build.ref": "",
        "com.nvidia.cublas.version": "11.2.1.74",
        "com.nvidia.cuda.version": "9.0",
        "com.nvidia.cudnn.version": "8.0.4.30",
        "com.nvidia.cufft.version": "10.3.0.74",
        "com.nvidia.curand.version": "10.2.2.74",
        "com.nvidia.cusolver.version": "11.0.0.74",
        "com.nvidia.cusparse.version": "11.2.0.275",
        "com.nvidia.nccl.version": "2.7.8",
        "com.nvidia.npp.version": "11.1.1.269",
        "com.nvidia.nsightcompute.version": "2020.2.0.18",
        "com.nvidia.nsightsystems.version": "2020.3.4.32",
        "com.nvidia.nvjpeg.version": "11.2.0.74",
        "com.nvidia.tensorrt.version": "7.2.1.4",
        "com.nvidia.tensorrtoss.version": "",
        "com.nvidia.tritonserver.version": "2.4.0",
        "com.nvidia.volumes.needed": "nvidia_driver"
    },
    "Architecture": "amd64",
    "Os": "linux",
    "Layers": [
        "sha256:171857c49d0f5e2ebf623e6cb36a8bcad585ed0c2aa99c87a055df034c1e5848",
        "sha256:419640447d267f068d2f84a093cb13a56ce77e130877f5b8bdb4294f4a90a84f",
        "sha256:61e52f862619ab016d3bcfbd78e5c7aaaa1989b4c295e6dbcacddd2d7b93e1f5",
        "sha256:b4fd783898fda414157a491ac4d5834c242111d214e64b3de0d1614bbeaacaf0",
        "sha256:630da9a3a306e59e03ebe63bff40bef446320b4e5ed0f16b505eb9f3e7e8e2a3",
        "sha256:9cd8e2a57ae2bd91dbe35dd88ca858a76ae56fefc8a6b4db5ce7ed144fa2adf6",
        "sha256:b75f9f76e286fe9d91d3b4c0e77a3df7ff28547dc178efc01607fad488fb947b",
        "sha256:fc3917a8c1ed8763498bc2e7fc82efc99763a62de55b03a094221e31af336de8",
        "sha256:d7a4bbc77abd1ba9326f8dfe8ea8b5465d8b3429f7f1cc417f907e0df7ef062a",
        "sha256:e85df16fe2e0e37feccb85d1f4331e859f7d073337288d0fa0efabdcd55ad7c0",
        "sha256:dd95667f2c29a4d9e017047e9ec02b34a55e088e1cfa212f246ea0bbba662e73",
        "sha256:46e3e8d3343606518d533be876c13e3acee3a9a97156f665088ffa6faa600bb9",
        "sha256:878b83e9a23cc8bab007d48264f67d2b58ec53d3d837a55e1355efe81ac838b9",
        "sha256:c6bd830b2184f6218ced7905dbca54f2e21a6687e0e334aace16de9317c943a4",
        "sha256:6d2529f59bf346f154f2b147a60164c7017eb57b04acb6ed28ec74938cb4d848",
        "sha256:1f3ba05332366815e13f0169bbeb25e1ef2efb940e5c4f01af16c0e82d0126c1",
        "sha256:01e93d82852f56a0dba5010622a21c78880229ec6f210b25aee59cc35b62d89a",
        "sha256:0a6fe83c2832d307f2d5f4eaf9b6fc8d05a57d308e70ee36f2d5f848660c3bda",
        "sha256:77330016a72da484ddb0cffcd53425a43c4e024166a14c53046a5253d6bb11dc",
        "sha256:ee425557825675cf23bb85b98969ed28b2c1b80629d03da22f27d21bf7a8778c",
        "sha256:456157ed8b06c5476df73bfee8f553e55e120f963c97710767daf7265235b1f9",
        "sha256:ea887e78380fa1cdddc808418d99ab051dc51b34232c54cc2aef6b11826e8151",
        "sha256:c1dc6c75d0c4a05baeac9e1daec174f095a49c3958529a18c8344d4d1c1c1b0a",
        "sha256:0de4827509667f29a4a175e4fb09fa6796fadd399796210784d333ab265ab1d9",
        "sha256:cbdb084bea0cf020f0d18e14de80e79abec145ee67a614cce10bff873d33088d",
        "sha256:1edbe51be10be8ed2f69b2d725e52b17f9357f0a30f9f76477c244ff94745d23",
        "sha256:58ac05993efe70791c55c66e6046ddecf83f0401aae791f9e42413b8f14c4a82",
        "sha256:97d9b6cbc9963c538a58a0227bffbf4835d5db967602c65ffedb12ac865c5387",
        "sha256:45b0c2b51d8a25c2ab23f1f4d6205c6d908a26abeb1b638a7501653c26b9989a",
        "sha256:8ff2dfcdd5af41412c11a5224f2fb5fe53f05b276b59464ff6f9883dd3c6d6e3",
        "sha256:bcb9ec64ef5746e8c4952661954f9f6097848086cb585b6149d2217f8ac6cf67",
        "sha256:ad305a722abfb3ccf985eeaebdf848370d1b7a4d1116f011ef74f99beec03772",
        "sha256:20eb3dc5a905ac8c77031c01971998a8aaf82e79a284d7e18a91feb658eb40be",
        "sha256:d67db0e36913732b9184b13e15f4f16313aff373d774de5b372b196ed7623853",
        "sha256:7326a7d62d9d377c6ead418e72485b289f9a75cac614f57e1325ce1e97f59c2a",
        "sha256:36b4b16b4c40026a400f313841427be0412e4639aaec7278764fa92d6e49fe59",
        "sha256:af0269eda55ed42ce24c1bdf3e9ad8aae5d8d493172f571e1b1f33fa9561cb85",
        "sha256:52aab7e3da397249deb295aa942232924b178706bb8691cec65948a899dbbb2c",
        "sha256:ff9cce65d8dded529d09ca7c4e11b7cc40eed0f4a9edf864f60f7b73859e31ed",
        "sha256:01917ca7212c2b5c636efc55213ae02a57d99e287e100fe07ee8e6ebb5d33295",
        "sha256:77c2a086e7a61ab235f5d25e605795339d199521675cc65117b59fc30e8c3893",
        "sha256:42262ff58da3783f49a51fac2a8420eb01ce26f5c5e1864a187a62b83925441b",
        "sha256:ec42ed6e9e84976678636f15b47c287334b8d38d30b473df32dd8345c1396daf",
        "sha256:e4587643be932264a0b4e0774281d335f4bfc18eddbe67b3eebea5ce6cae8d3b",
        "sha256:010a5782d8f595f8af4551ac4c6bb38d37a8c468dc0361e4f0dd4919057ce721",
        "sha256:cc4b9026e0fe6cab7416c6ad8213ce2e71b808eaa9c34992cc246f3e7497e216",
        "sha256:788ef44375927e8d739ab0b1ef05c7608068538ac8a9470203b9da40a9dd8706",
        "sha256:a1a2ac1a434397b2404484319cf711d6e7c24890069a826b8ec1afae02842149",
        "sha256:90daa6f0b73b4fa0ef8c70dc75b11f6f38092ee587e94fc6b347d62d844fce1d",
        "sha256:84a0a6e85025f6ad61250fcb9422fe08c9a52d2c53835c2365c6b89c497ace78",
        "sha256:d708e62dc8fb7ba3ee10490e8f77adecaf3d7053581ced7b8de7ba13385e98fd",
        "sha256:347aa5077b4188f140b75fa9a1a4ade471fe83c396cf4d1dd491c8d9ec953353",
        "sha256:6651f42b206a2d32e3aac4b4ca65db7eb21380ca3d7824ffba427b461a7b407d",
        "sha256:198da4383310fda7b880acce9f4216a15d80da2a9c1ff82df89f8eca806c6388"
    ],
    "Env": [
        "PATH=/opt/miniconda/bin:/opt/tritonserver/bin:/usr/local/mpi/bin:/usr/local/nvidia/bin:/usr/local/cuda/bin:/usr/local/sbin:/usr/local/bin:/usr/sbin:/usr/bin:/sbin:/bin:/usr/local/ucx/bin",
        "CUDA_VERSION=11.1.0.024",
        "CUDA_DRIVER_VERSION=455.23.05",
        "CUDA_CACHE_DISABLE=1",
        "_CUDA_COMPAT_PATH=/usr/local/cuda/compat",
        "ENV=/etc/shinit_v2",
        "BASH_ENV=/etc/bash.bashrc",
        "NVIDIA_REQUIRE_CUDA=cuda\u003e=9.0",
        "NCCL_VERSION=2.7.8",
        "CUBLAS_VERSION=11.2.1.74",
        "CUFFT_VERSION=10.3.0.74",
        "CURAND_VERSION=10.2.2.74",
        "CUSPARSE_VERSION=11.2.0.275",
        "CUSOLVER_VERSION=11.0.0.74",
        "NPP_VERSION=11.1.1.269",
        "NVJPEG_VERSION=11.2.0.74",
        "CUDNN_VERSION=8.0.4.30",
        "TRT_VERSION=7.2.1.4",
        "TRTOSS_VERSION=",
        "NSIGHT_SYSTEMS_VERSION=2020.3.4.32",
        "NSIGHT_COMPUTE_VERSION=2020.2.0.18",
        "DALI_VERSION=0.26.0",
        "DALI_BUILD=1608709",
        "DLPROF_VERSION=20.10",
        "LD_LIBRARY_PATH=/opt/tritonserver/lib/pytorch/:/usr/local/cuda/compat/lib:/usr/local/nvidia/lib:/usr/local/nvidia/lib64",
        "NVIDIA_VISIBLE_DEVICES=all",
        "NVIDIA_DRIVER_CAPABILITIES=compute,utility,video",
        "MOFED_VERSION=5.1-2.3.7",
        "OPENUCX_VERSION=1.9.0",
        "OPENMPI_VERSION=4.0.5",
        "LIBRARY_PATH=/usr/local/cuda/lib64/stubs:",
        "TRITON_SERVER_VERSION=2.4.0",
        "NVIDIA_TRITON_SERVER_VERSION=20.10",
        "TF_ADJUST_HUE_FUSED=1",
        "TF_ADJUST_SATURATION_FUSED=1",
        "TF_ENABLE_WINOGRAD_NONFUSED=1",
        "TF_AUTOTUNE_THRESHOLD=2",
        "MKL_THREADING_LAYER=GNU",
        "TRITON_SERVER_USER=triton-server",
        "NVIDIA_BUILD_ID=\u003cunknown\u003e",
        "LANG=C.UTF-8",
        "LC_ALL=C.UTF-8",
        "DEBIAN_FRONTEND=noninteractive",
        "MINICONDA_VERSION=4.7.12.1",
        "OMP_WAIT_POLICY=PASSIVE",
        "AZUREML_ASYNC_SERVING=True"
    ]
}
