{
    "Name": "docker.io/kundajelab/dragonn",
    "Digest": "sha256:b140836d5ec647a08aa8f9b6ad354494fb4ed3f4c7b19748b8febcb434378cca",
    "RepoTags": [
        "GTC",
        "docker",
        "latest",
        "master"
    ],
    "Created": "2017-08-31T00:30:26.725736746Z",
    "DockerVersion": "17.06.1-ce",
    "Labels": {
        "com.nvidia.build.id": "29071360",
        "com.nvidia.build.ref": "836d5387f8888c3924aff7a011f9b2cd9956d3db",
        "com.nvidia.cuda.version": "8.0.61",
        "com.nvidia.cudnn.version": "5.1.10",
        "com.nvidia.volumes.needed": "nvidia_driver",
        "maintainer": "NVIDIA CORPORATION \u003ccudatools@nvidia.com\u003e"
    },
    "Architecture": "amd64",
    "Os": "linux",
    "Layers": [
        "sha256:d5c6f90da05dc7e77d2e5fef63c341ab05ba2a03396ab5ae8f18814a7bbf5265",
        "sha256:1300883d87d5ae0582a4e0f3f86ad93985b18676e8d829f6f3b4990403fdf145",
        "sha256:c220aa3cfc1bff0c1df733eac869a66476ea35136c69d881da1e297ed8d0af2f",
        "sha256:2e9398f099dcc5a3e5521205e1f55ee5d7665e203193cf48b32553eabcca323c",
        "sha256:dc27a084064fee108f4d486469939bbfa6a5b16f6d6d3c6b5b2475e938f4c71e",
        "sha256:15d538e0e90c358f5b4fc839b20b70e4a80f0db002466bccf7a39f3086c9d8cc",
        "sha256:2c4b3f104d307bcb5f7274b428f41590d7486fa0539447de9b120a8c2d36d8ce",
        "sha256:dff9b53e96051a3c5ca1e029d16170d9c8c50dc73cd8caa98f9fbdcf7af7a4b2",
        "sha256:cccdbfed169aa7a66658176ca7869535b9e23765eb008e28140ce798fd5056f4",
        "sha256:9db12a8d62b819af6e8b310bdfd1cbe05de4f7c205e7f7d40b06870ec58987be",
        "sha256:a2c676ec43563e72ccfa20c2c5acd23dca219fff7acfa224e8a10c9bbee25672",
        "sha256:3bc771ba35434d2bf223ad265d783adb5b22ccac7507cb6049179e3d34b4f298",
        "sha256:2bffa776db8d091de4c0e40f9357dd98a72205d17a25e74f576a630474892fd6",
        "sha256:4cfe9a9ba9b0df555206fa212eb8f6b56f2c4bb6b64a7d7ada51f0e67fea1a5f",
        "sha256:da5c701e6e7c3737541d1cbe46871f1d3851f7752abb062e4f343d2afd1a1e47",
        "sha256:1fa3bfc8897f88609cbf1a97333ef0c31de4528f2a7f9e91230f5a1f7f1518ce",
        "sha256:69872ce2a03e78a7cfbcfdc0665dfe375feccbe559a3ca96fc859a0527ed960a",
        "sha256:055c974ab393155735b0eae372ce9e43db18fbb2807898ba05c11e97009d428f",
        "sha256:87e24439edc622bd8a2a193d5f4bc0bca6a5d33463aaafbfeb52b9a9c925de9b",
        "sha256:22f666eed6f3a7fbb95623cbaf9c7148adbca4a3ce2d32d98266ecf738eb8e00",
        "sha256:cccd91e30363adb98bba65cea2ab1c7f8f76127c4f5097f42500ebab35ef2398",
        "sha256:8b41e32d7f60f77bf8e9fabf84256a1ead260009904fa21e7c46c23e86657b2b",
        "sha256:24bf6066a4aaff20b94f46e044648df8d5defb2c5fd3329527cdd2de686f5ea0",
        "sha256:570c2d57e6b6bac9ce637a645fc4fa7c8ffad66a83469083ad7a6d7a9c298bf8",
        "sha256:445b37aba697765ca5d894fa1b3b476f50614a7fd2456f40c66f587b7e4cc663",
        "sha256:d8ef6c31801762d29d649957c7b86d86c0f338fb6bc921b5787ecfe9b05e67d8",
        "sha256:234fdb08e0c04723dc353bc4249b8525086143ad1f5b01207fcda77050e5c195",
        "sha256:645ca753605072253ae34b784b9b22b20a51f2b755af2828489b239ffe2d41cc",
        "sha256:34de778a3a7c9446d8767eca0462a4dbd327fe7a645c82fc728dab2c18c5598a",
        "sha256:343420e3e8724869f2fea6e3aa88b500cef4f58f3260af0bfc2a82f2311245cd",
        "sha256:08a56976e32818114e0c561d50fccb5580045c6fceca2d6eca1fbb895984e411"
    ],
    "Env": [
        "PATH=/opt/conda/bin:/opt/conda/bin:/usr/local/nvidia/bin:/usr/local/cuda/bin:/usr/local/sbin:/usr/local/bin:/usr/sbin:/usr/bin:/sbin:/bin",
        "CUDA_VERSION=8.0.61",
        "NVIDIA_CUDA_VERSION=8.0.61",
        "CUDA_PKG_VERSION=8-0=8.0.61-1",
        "LD_LIBRARY_PATH=/usr/local/cuda-8.0/lib64:/usr/local/cuda-8.0/extras/CUPTI/lib64:/usr/local/nvidia/lib:/usr/local/nvidia/lib64",
        "NVIDIA_VISIBLE_DEVICES=all",
        "NVIDIA_DRIVER_CAPABILITIES=compute,utility",
        "LIBRARY_PATH=/usr/local/cuda/lib64/stubs:",
        "CUDNN_VERSION=5.1.10",
        "CONDA_DIR=/opt/conda",
        "NB_USER=keras",
        "NB_UID=1000",
        "TINI_VERSION=v0.14.0"
    ]
}
