{
    "Name": "docker.io/openvino/onnxruntime_ep_ubuntu18",
    "Digest": "sha256:cb7ca13e43830ad807b9cda6da5a003861251765367d1fe71f4d86c933781cd9",
    "RepoTags": [
        "2021.3",
        "2021.4",
        "2021.4.1",
        "2021.4.2",
        "latest"
    ],
    "Created": "2021-11-24T16:01:33.021282298Z",
    "DockerVersion": "20.10.11",
    "Labels": {
        "description": "This is the runtime image for Intel(R) Distribution of OpenVINO(TM) toolkit on Ubuntu 18.04 LTS",
        "vendor": "Intel Corporation"
    },
    "Architecture": "amd64",
    "Os": "linux",
    "Layers": [
        "sha256:284055322776031bac33723839acb0db2d063a525ba4fa1fd268a831c7553b26",
        "sha256:a30a153b9d3db50ccec2a881e4f253cdb8d7c28913a55e005d33871e1b363e88",
        "sha256:c04d4b074809ad3aab9f9f19dd991b47b9c6873274243bbb6ca44a9af127a8fe",
        "sha256:fd6a63025afa9f365937c39a555bfa1d9b27848b4af9fbde303aab813a3853c5",
        "sha256:e5e9afbc0f958e3ed5a85e63a9e9a35e89034290a9c220317b975a0a8ee91a16",
        "sha256:ce1dee597a4dc4f67f1eb1c01c2f5c77ffaf9bcf0c670f53ba8a2431c34a4273",
        "sha256:af3b57c15501a8e97eab0f5ea65e3c69de9b0d811aa66e7e4995535d9df45c67",
        "sha256:ef282318e285cb7796492ce80b72427b6a08450d80093036be16988d328f1ffe",
        "sha256:4399f821c67245078f092b594859f54b8a6a104e040672192314ad06fe2e4ed2",
        "sha256:e12f26369f8fb9121150bace48c90a6830a406565133c4f2ffdb190e92cffae9",
        "sha256:13a195856c954981e10f55788f74076d0fe4c30a04b3130bbe9d46e351562132",
        "sha256:822bb25af882f68f0b0fbfd307526f48c64732779cd0375691310652517bf6c5",
        "sha256:087b52d16c9d44c56f81a8681d0ecea611db3585ff7f09a24c165cf764f0a55d",
        "sha256:d46e18af0ee324249821a040770122d9edcc15f298e08141a0ab2d7f80c8fbc0",
        "sha256:12030b4b0f677d0ced03e57ae7e477ca1fad7aa0874278fcf19010c05eacbd2a",
        "sha256:d55a3ef71f7faf3c7fced5800a9a3f87255b09c9934e27939ce0b530f4f498aa",
        "sha256:684d5967f21cd6750b3e6fedbefe745fe0c15f53b795c4ce53963d01c99d9f2a",
        "sha256:a180e9232ab514ac7d2008a0191e87aadde9ace47264f2d53ff940042ffbf770",
        "sha256:bc2140effa3d9c14dcce826f697f72c47859a1fb8f5cd5870a4e83b48c518ba1",
        "sha256:74e59c88cb922b8690ba948b739c6ba8a70d54171b380c23ac174f19a6312e0f",
        "sha256:6f18b7908812801574872e3ba19b0271ad51d240b839c15effab4944118bd06d",
        "sha256:3611aa0e73c6833e841431ab0a2323bbe0aa22c0667f1fbf0b0a98e9a8f9d63c",
        "sha256:701ae8d9f69be106b8b8b907f57d10ddd4497ffc84c8fbbb843677ff72941139"
    ],
    "Env": [
        "PATH=/home/onnxruntimedev/miniconda/bin:/home/onnxruntimedev/cmake-dir/bin:/usr/local/sbin:/usr/local/bin:/usr/sbin:/usr/bin:/sbin:/bin",
        "DEBIAN_FRONTEND=noninteractive",
        "INTEL_OPENVINO_DIR=/opt/intel/openvino",
        "PYTHON_VER=python3.6",
        "WORKDIR_PATH=/home/onnxruntimedev",
        "IE_PLUGINS_PATH=/opt/intel/openvino/deployment_tools/inference_engine/lib/intel64",
        "LD_LIBRARY_PATH=/opt/intel/opencl:/opt/intel/openvino/inference_engine/external/gna/lib:/opt/intel/openvino/deployment_tools/inference_engine/external/mkltiny_lnx/lib:/opt/intel/openvino/deployment_tools/ngraph/lib:/opt/intel/openvino/deployment_tools/inference_engine/external/omp/lib:/opt/intel/openvino/deployment_tools/inference_engine/external/tbb/lib:/opt/intel/openvino/deployment_tools/inference_engine/lib/intel64:"
    ]
}
