{
    "Name": "docker.io/hqkhan/bindsnet",
    "Digest": "sha256:270b9723182a23f6af3d6dc174542819f806278c0ec646e15364fc2623f1a850",
    "RepoTags": [
        "latest"
    ],
    "Created": "2019-01-28T20:30:13.932093163Z",
    "DockerVersion": "18.09.1",
    "Labels": {},
    "Architecture": "amd64",
    "Os": "linux",
    "Layers": [
        "sha256:6ef22d2c307949c6b24dd0ed10b2528eeb757aec47751426f7d38e491483e248",
        "sha256:97a9502e1eb97bbd5b859b21e335e8fadbce1c43be158a48a4161aab3dae806b",
        "sha256:f3b8d16b6af11c99d1997568e47a7b3ff4f5afceaa663a325c1d836d52b352dc",
        "sha256:825a957f25c6565a07ffa1f0c49571407e2bece920234fda7835f627f79c5f21",
        "sha256:b000e036c5c572d56afa8ed720fe05c04361bf0f42eac2f8cddcffb3b03498f9",
        "sha256:cf3b452811ca020d520fb9732872b77eb2ea155faf76f8838e13141466541281",
        "sha256:61bd05292e687bc4e5ca0dfc4915d5fea741b259bd0690e6bf7f6f3d52721091",
        "sha256:eb4addc769d1a2d90653cdeeb4d185f2052bea03c9f81dd6f0f50b8d9ace636f",
        "sha256:4a47a9646eda9f12d14d5e86f53cdcec5964edc1a764e61dabc848a2f677baa4",
        "sha256:74ae639ce3d4ec4c54c53417567c568a8c103a52b9dc2e27457bb05046a11167",
        "sha256:462c75bdf1561944361883029db387579341f45c1898b66f145a102eb852bf4e",
        "sha256:cf4271ac3470ffef902e9377dd8ab4ecf802e715acc4ee6b3a69c975c5f044a4",
        "sha256:dd2a866673a85e6acae40451f423c2ca9292830666b017b90a4004027d173401",
        "sha256:80b64dc9d7e022b7cc62f027782ce362723da1b060b3e094403727746b17b968",
        "sha256:6ef4bcfec747f90e1cfb6b1448cbeeadb4a5611d02db92e5a65a74321af63642",
        "sha256:680e1f069579649fdefc1e6f87617e2a88d9004e2d9ec7cd9d13e79f15424bbb",
        "sha256:a73f06e5099f9220f552594311f3a1869d80e8f63a9df1a311e77358493ecc7e",
        "sha256:a2bcd68ada127fcdcb280ead0fb0cd516a0473dcc310c23c4845f1266cf44924",
        "sha256:264e3000541c3cb453ec2e31e606736be909773ec850177e8550e573f220df88",
        "sha256:2454eac7d6310c0709377f5396eeeaa679e9cf91101d6d9f735ef917fd15fd0a",
        "sha256:bc3f0fc02ac057463a442d9b49813ef69254984edfe2ffa7d500545d365dd30b",
        "sha256:69a3f7e22c0ff749493ddf81c676869ea94513f57411544fc352a5279023101a"
    ],
    "Env": [
        "PATH=/usr/local/sbin:/usr/local/bin:/usr/sbin:/usr/bin:/sbin:/bin"
    ]
}
