{
    "Name": "docker.io/erechtheus79/geolocation",
    "Digest": "sha256:ca3271edd5c1f11edc02176f727374e19ee112d29ca6fa275cca8a982de53d75",
    "RepoTags": [
        "latest",
        "v0.1"
    ],
    "Created": "2020-04-06T14:21:00.97826045Z",
    "DockerVersion": "19.03.8",
    "Labels": null,
    "Architecture": "amd64",
    "Os": "linux",
    "Layers": [
        "sha256:f15005b0235fa8bd31cc6988c4f2758016fe412d696e81aecf73e52be079f19e",
        "sha256:41ebfd3d2fd0de99b1c63aa36a507bf5555481d06e571d84ed84440d30671494",
        "sha256:b998346ba308e3362a85c7bf7faed28d0277c68203696134192fe812f809abb2",
        "sha256:f01ec562c947a8ca1b168415da6a4a8f8920808f9b5d6f420ef8fa9af249b1f1",
        "sha256:2447a2c119076510a07d71cfcec029fceac2e59eea21fc7b39cf0eb234d3798e",
        "sha256:da3a3213d74f097a47dc0a367fdf7d2581b63d8381415ee19d5da3104ed426dd",
        "sha256:f651e23d51f38f506203e72e4a954245d7d2c7314a9e23614d4cd606e14f4183",
        "sha256:469e71af0b615c2e6f0d4594f0c7c9c7b00037fe99037890dfaa3ce78111bdd7",
        "sha256:b860a1a9fd721af73de4b862ff7f7990b483305538be82775e127cb20102ff80",
        "sha256:80fd32ef09bf766c84c973da1acb8ffe13aca4cbf13484212363a49fd7038585",
        "sha256:69cf1832675d8403c35333907a27a0e8de23bd197e7f3b8270a0227f6382087a",
        "sha256:367aa853c0282204fe7b5b665ba443de5be315ae3a6ace0a248662aca72d0315",
        "sha256:66c3003127dd91b1d38f25256bdcfec973f94fbc83afd61c82c658fb3679bc95",
        "sha256:9f0800765048255cfb441fa18fead19821c63abcad67d3c2a9ab127e4f252b26"
    ],
    "Env": [
        "PATH=/usr/local/bin:/usr/local/sbin:/usr/local/bin:/usr/sbin:/usr/bin:/sbin:/bin",
        "LANG=C.UTF-8",
        "GPG_KEY=0D96DF4D4110E5C43FBFB17F2D347EA6AA65421D",
        "PYTHON_VERSION=3.6.10",
        "PYTHON_PIP_VERSION=20.0.2",
        "PYTHON_GET_PIP_URL=https://github.com/pypa/get-pip/raw/d59197a3c169cef378a22428a3fa99d33e080a5d/get-pip.py",
        "PYTHON_GET_PIP_SHA256=421ac1d44c0cf9730a088e337867d974b91bdce4ea2636099275071878cc189e"
    ]
}
