{
    "Name": "docker.io/funkey/gunpowder",
    "Digest": "sha256:094440654799f1475a732b9f7a6604489784f9a5512c9ca997541b45dc49a31a",
    "RepoTags": [
        "latest",
        "v0.1",
        "v0.2",
        "v0.2-prerelease",
        "v0.2a",
        "v0.2b",
        "v0.2c",
        "v0.2d",
        "v0.2e",
        "v0.3",
        "v0.3-pre1",
        "v0.3-pre2",
        "v0.3-pre3",
        "v0.3-pre4",
        "v0.3-pre5",
        "v0.3-pre6",
        "v0.3-pre7",
        "v0.3-pre8",
        "v0.3-prerelease",
        "v0.3.1",
        "v0.3.2"
    ],
    "Created": "2017-05-31T22:53:30.892524364Z",
    "DockerVersion": "17.03.1-ce",
    "Labels": {
        "com.nvidia.build.id": "17092126",
        "com.nvidia.build.ref": "9673f05290f77b37078cf3e0ccc9bab583a8a552",
        "com.nvidia.cuda.version": "8.0.61",
        "com.nvidia.cudnn.version": "6.0.21",
        "com.nvidia.volumes.needed": "nvidia_driver",
        "maintainer": "jfunke@iri.upc.edu"
    },
    "Architecture": "amd64",
    "Os": "linux",
    "Layers": [
        "sha256:b6f892c0043b37bd1834a4a1b7d68fe6421c6acbc7e7e63a4527e1d379f92c1b",
        "sha256:55010f332b047687e081a9639fac04918552c144bc2da4edb3422ce8efcc1fb1",
        "sha256:2955fb827c947b782af190a759805d229cfebc75978dba2d01b4a59e6a333845",
        "sha256:3deef3fcbd3072b45771bd0d192d4e5ff2b7310b99ea92bce062e01097953505",
        "sha256:cf9722e506aada1109f5c00a9ba542a81c9e109606c01c81f5991b1f93de7b66",
        "sha256:1df830bdd6c6f8be1d5d4f1ef113ad64cd86729dc2385b6d6a13876f66ed8603",
        "sha256:56233bf5a5654e23adcb74a975184f5618ad4c976c76d89edbea56bd403b91ab",
        "sha256:d08784d7669f59c9eba913996d07394fb35c7222f91924b38773a2a29ee2359f",
        "sha256:ef2aac4411b9b32450ba3913d4b04208c1c2962ae28d44b544d6a2cd2e313de9",
        "sha256:d89bb95b1a0eeb1f20721b8c04921d358772bf77299b94427f83788f738beb86",
        "sha256:542660485102328ead16871d8085b070f9860eca9bec852052fbac861cd23474",
        "sha256:1f33182bb1f5d9843e6ef84735d04376d222eb3bb2ff0f307381fa3fe8d0311b",
        "sha256:02a4ae8276b0c2828cda5b9ef3d15e1fb16a07fab997ab87e3aa22b48fe16096",
        "sha256:7a67683bfb72ee32cedb98bf6e40da96fd4d5036feaab5547fa760890afffb66",
        "sha256:188dc17387a6a8dd1efc2ce92530e3e96ee2043fae965c53d414a5cc0945ad59",
        "sha256:91d30bcc0409a720a8e28ce8863caaa3d4e2649334a886bccbd2ac5ca7b3b34f",
        "sha256:7199f0e5894dfc2f7e5f5ed415074e028e830ca8301d9ff16a8bdc8059451fd8",
        "sha256:5220f3b9c3a831eb9eebdd73fa49bdc8c85e355aee2c38407e1010e955456d5e",
        "sha256:ab26ab03fbb8b0f5b75d66bd7f33923c2f945cc750a7f452fa78e197add4968b",
        "sha256:9b4de43c9c0b67f1046a5606f61629c805c73b8c53cdd349406c2bfebf1e0650",
        "sha256:cdd88a5b9d2cde708c6253a20d92bee3000b99ccfa7a3cb13e9ff913845831d8",
        "sha256:4d145f47adc743a2ef69c3c58d6e09636fa2817a7a4faf458791442b9839866a",
        "sha256:9443cc45b7ff95379181dd4f246d6ba9e51b942a7a0f54e3d3c5badec5fe34b6",
        "sha256:22a103d881d5bb1c48972690e497a319e13cef4067713310ab27bbe1fb17a8c5",
        "sha256:6ffbb77aaf248bddbb7612cdf56031b3e904916b1bcf0ad32bafd35b62bb8058",
        "sha256:466b20b525a92d3d3d6cef74d4bc427f1b57363603c9525caf7b26a8b1000aab",
        "sha256:74d6c9f0f6e728a312821774ef2464660dd429bc3f361a556ff05aa13623a3c4",
        "sha256:a1668a44a94eb3b833c0b2de4a1d2c1a38d9f54c34244e5f5deb910fbbdee0c9"
    ],
    "Env": [
        "PATH=/src/caffe/build/tools:/src/caffe/python:/usr/local/nvidia/bin:/usr/local/cuda/bin:/usr/local/sbin:/usr/local/bin:/usr/sbin:/usr/bin:/sbin:/bin",
        "CUDA_VERSION=8.0.61",
        "CUDA_PKG_VERSION=8-0=8.0.61-1",
        "LD_LIBRARY_PATH=/usr/local/nvidia/lib:/usr/local/nvidia/lib64",
        "LIBRARY_PATH=/usr/local/cuda/lib64/stubs:",
        "CUDNN_VERSION=6.0.21",
        "CAFFE_ROOT=/src/caffe",
        "CAFFE_REPOSITORY=https://github.com/naibaf7/caffe.git",
        "CAFFE_REVISION=02310e1e73b5724b94784f4020bb8f118020d4f1",
        "PYCAFFE_ROOT=/src/caffe/python",
        "PYTHONPATH=/src/gunpowder:/src/dvision:/src/augment:/src/malis:/src/caffe/python:"
    ]
}
