{
    "Name": "docker.io/openvino/model_server",
    "Digest": "sha256:4db02ff930768e49c5f5369303dd3e07ddfb1eecfb16762d4dd4ed6223c5d683",
    "RepoTags": [
        "2020.3",
        "2020.4",
        "2021.1",
        "2021.1-gpu",
        "2021.2",
        "2021.2-gpu",
        "2021.2.1",
        "2021.2.1-gpu",
        "2021.3",
        "2021.3-gpu",
        "2021.4",
        "2021.4-gpu",
        "2021.4.1",
        "2021.4.1-gpu",
        "2021.4.2",
        "2021.4.2-gpu",
        "latest",
        "latest-gpu"
    ],
    "Created": "2021-11-15T09:29:46.174585556Z",
    "DockerVersion": "20.10.10",
    "Labels": null,
    "Architecture": "amd64",
    "Os": "linux",
    "Layers": [
        "sha256:16ec32c2132b43494832a05f2b02f7a822479f8250c173d0ab27b3de78b2f058",
        "sha256:1462c05a6e8c23043a3b2c91eb7e63136327237f87b39f914e9692aefb6cf012",
        "sha256:4d1b5c050592e0fef4a3c350f73b7ad02b30b3f53062b07cf7ba288e85ba2133",
        "sha256:e4a111a39932958cf80e05b8efb129c188b1d23114aa9c5f426c7b8cfe0ac117",
        "sha256:2022172de773e0efd8d595b1e749969e704c9ad70efc4f9ae1eeb1076c83710d",
        "sha256:7030dd4a1a5a254cab84969683e24222331595e7940350bdd2041030ba800947",
        "sha256:30599975a7178d11d91ffe3759f06a369add390dc1f462d8f1d0f15d726d4a4a",
        "sha256:01f4e17111c4d78495d4ec76497c535c7008fb0cc7110e7c661c255ead4b2a60"
    ],
    "Env": [
        "PATH=/usr/local/sbin:/usr/local/bin:/usr/sbin:/usr/bin:/sbin:/bin",
        "INSTALL_RPMS_FROM_URL=http://repository.toolbox.iotg.sclab.intel.com/ovms-deps/centos-7.8.2003-ovms-deps-rpms.tar.xz",
        "HDDL_INSTALL_DIR=/ovms/lib/hddl",
        "INSTALL_DRIVER_VERSION=20.35.17767",
        "GPU=0",
        "DEBIAN_FRONTEND=noninteractive"
    ]
}
