{
    "Name": "docker.io/intel/intel-optimized-tensorflow",
    "Digest": "sha256:fddce39835332701ad57ee1a2c1efb0fc387ff2baf5785181080c86cd595c980",
    "RepoTags": [
        "1.15.2",
        "2.0.1",
        "2.1.0",
        "2.1.1",
        "2.1.1-jupyter",
        "2.2.0",
        "2.2.0-centos-8",
        "2.2.0-centos-8-jupyter",
        "2.2.0-centos-8-mpi-horovod",
        "2.2.0-centos-8-mpi-horovod-jupyter",
        "2.2.0-centos-8-mpich-horovod",
        "2.2.0-centos-8-mpich-horovod-jupyter",
        "2.2.0-jupyter",
        "2.2.0-ubuntu-16.04",
        "2.2.0-ubuntu-16.04-jupyter",
        "2.2.0-ubuntu-16.04-mpi-horovod",
        "2.2.0-ubuntu-16.04-mpi-horovod-jupyter",
        "2.2.0-ubuntu-18.04",
        "2.2.0-ubuntu-18.04-jupyter",
        "2.2.0-ubuntu-18.04-mpi-horovod",
        "2.2.0-ubuntu-18.04-mpi-horovod-jupyter",
        "2.2.0-ubuntu-20.04",
        "2.2.0-ubuntu-20.04-jupyter",
        "2.2.0-ubuntu-20.04-mpi-horovod",
        "2.2.0-ubuntu-20.04-mpi-horovod-jupyter",
        "2.3.0",
        "2.3.0-centos-8",
        "2.3.0-centos-8-jupyter",
        "2.3.0-centos-8-mpi-horovod",
        "2.3.0-centos-8-mpi-horovod-jupyter",
        "2.3.0-centos-8-mpich-horovod",
        "2.3.0-centos-8-mpich-horovod-jupyter",
        "2.3.0-jupyter",
        "2.3.0-mkl",
        "2.3.0-mkl-jupyter",
        "2.3.0-ubuntu-16.04",
        "2.3.0-ubuntu-16.04-jupyter",
        "2.3.0-ubuntu-16.04-mpi-horovod",
        "2.3.0-ubuntu-16.04-mpi-horovod-jupyter",
        "2.3.0-ubuntu-16.04-mpich-horovod",
        "2.3.0-ubuntu-16.04-mpich-horovod-jupyter",
        "2.3.0-ubuntu-18.04",
        "2.3.0-ubuntu-18.04-jupyter",
        "2.3.0-ubuntu-18.04-mpi-horovod",
        "2.3.0-ubuntu-18.04-mpi-horovod-jupyter",
        "2.3.0-ubuntu-18.04-mpich-horovod",
        "2.3.0-ubuntu-18.04-mpich-horovod-jupyter",
        "2.3.0-ubuntu-20.04",
        "2.3.0-ubuntu-20.04-jupyter",
        "2.3.0-ubuntu-20.04-mpi-horovod",
        "2.3.0-ubuntu-20.04-mpi-horovod-jupyter",
        "2.3.0-ubuntu-20.04-mpich-horovod",
        "2.3.0-ubuntu-20.04-mpich-horovod-jupyter",
        "2.4.0",
        "2.4.0-avx512-mkl",
        "2.4.0-avx512-mkl-jupyter",
        "2.4.0-centos-7",
        "2.4.0-centos-7-jupyter",
        "2.4.0-centos-7-mpi-horovod",
        "2.4.0-centos-7-mpi-horovod-jupyter",
        "2.4.0-centos-8",
        "2.4.0-centos-8-jupyter",
        "2.4.0-centos-8-mpi-horovod",
        "2.4.0-centos-8-mpi-horovod-jupyter",
        "2.4.0-centos-8-mpich-horovod",
        "2.4.0-centos-8-mpich-horovod-jupyter",
        "2.4.0-jupyter",
        "2.4.0-mkl",
        "2.4.0-mkl-jupyter",
        "2.4.0-ubuntu-16.04",
        "2.4.0-ubuntu-16.04-jupyter",
        "2.4.0-ubuntu-16.04-mpi-horovod",
        "2.4.0-ubuntu-16.04-mpi-horovod-jupyter",
        "2.4.0-ubuntu-16.04-mpich-horovod",
        "2.4.0-ubuntu-16.04-mpich-horovod-jupyter",
        "2.4.0-ubuntu-18.04",
        "2.4.0-ubuntu-18.04-jupyter",
        "2.4.0-ubuntu-18.04-mpi-horovod",
        "2.4.0-ubuntu-18.04-mpi-horovod-jupyter",
        "2.4.0-ubuntu-18.04-mpich-horovod",
        "2.4.0-ubuntu-18.04-mpich-horovod-jupyter",
        "2.4.0-ubuntu-20.04",
        "2.4.0-ubuntu-20.04-jupyter",
        "2.4.0-ubuntu-20.04-mpi-horovod",
        "2.4.0-ubuntu-20.04-mpi-horovod-jupyt",
        "2.4.0-ubuntu-20.04-mpi-horovod-jupyter",
        "2.4.0-ubuntu-20.04-mpich-horovod",
        "2.4.0-ubuntu-20.04-mpich-horovod-jup",
        "2.4.0-ubuntu-20.04-mpich-horovod-jupyter",
        "2.5.0",
        "2.5.0-centos-8",
        "2.5.0-centos-8-jupyter",
        "2.5.0-centos-8-mpi-horovod",
        "2.5.0-jupyter",
        "2.5.0-mpi-horovod",
        "2.5.0-ubuntu-18.04",
        "2.5.0-ubuntu-18.04-jupyter",
        "2.5.0-ubuntu-18.04-mpi-horovod",
        "2.5.0-ubuntu-20.04",
        "2.5.0-ubuntu-20.04-jupyter",
        "2.5.0-ubuntu-20.04-mpi-horovod",
        "2.6.0",
        "2.6.0-centos-8",
        "2.6.0-centos-8-jupyter",
        "2.6.0-centos-8-mpi-horovod",
        "2.6.0-jupyter",
        "2.6.0-jupyter-performance",
        "2.6.0-mpi-horovod",
        "2.6.0-ubuntu-18.04",
        "2.6.0-ubuntu-18.04-jupyter",
        "2.6.0-ubuntu-18.04-mpi-horovod",
        "2.6.0-ubuntu-20.04",
        "2.6.0-ubuntu-20.04-jupyter",
        "2.6.0-ubuntu-20.04-mpi-horovod",
        "2.7.0",
        "2.7.0-jupyter",
        "2.7.0-mpi-horovod",
        "2.7.0-ubuntu-18.04",
        "2.7.0-ubuntu-18.04-jupyter",
        "2.7.0-ubuntu-18.04-mpi-horovod",
        "2.7.0-ubuntu-20.04",
        "2.7.0-ubuntu-20.04-jupyter",
        "2.7.0-ubuntu-20.04-mpi-horovod",
        "centos-8",
        "centos-8-jupyter",
        "centos-8-mpi-horovod",
        "jupyter",
        "jupyter-performance",
        "latest",
        "mpi-horovod",
        "r2.4-icx-ww46-ef82f4c66",
        "r2.4-ubuntu-18.04-icx-ef82f4c66",
        "tensorflow-2.2-bf16-nightly",
        "tensorflow-2.2-bf16-rn50-nightly",
        "tf-2.3.0-imz-2.1.1-jupyter-performance",
        "tf-2.3.0-imz-2.2.0-jupyter-performance",
        "tf-r2.5-icx-b631821f",
        "tf-r2.5-icx-b631821f-mpi-horovod",
        "ubuntu-18.04",
        "ubuntu-18.04-jupyter",
        "ubuntu-18.04-mpi-horovod",
        "ubuntu-20.04",
        "ubuntu-20.04-jupyter",
        "ubuntu-20.04-mpi-horovod"
    ],
    "Created": "2021-12-02T17:42:39.200360295Z",
    "DockerVersion": "20.10.11",
    "Labels": null,
    "Architecture": "amd64",
    "Os": "linux",
    "Layers": [
        "sha256:7b1a6ab2e44dbac178598dabe7cff59bd67233dba0b27e4fbd1f9d4b3c877a54",
        "sha256:8e55ec9f06467c0dcf9a68e6c58af4f4600af1f87e6e08a6e9c2dfc76005ac54",
        "sha256:9f52dd1a8a4416803c2f3794bd97587355a56ed604752754fbcf8dca1c7967a7",
        "sha256:fd240994affdfdea1aa9c2b812c6f64fb904288dc3d612f7b869e434e8a7693f",
        "sha256:fdde6cc8ff0f2c3fdf9e124dd72b723571974920b9ad1803d25feab426480dee",
        "sha256:6735ed189924d66d39a8f1966f46fd4d57f7440385d6362d83ad470b9ba13969",
        "sha256:27297c8836067d8e29cfb0b0bcf030cab7c06cb0e12e2b7c1ae9c510a77e446d"
    ],
    "Env": [
        "PATH=/usr/local/sbin:/usr/local/bin:/usr/sbin:/usr/bin:/sbin:/bin",
        "KMP_AFFINITY=granularity=fine,verbose,compact,1,0",
        "KMP_BLOCKTIME=1",
        "KMP_SETTINGS=1",
        "LANG=C.UTF-8"
    ]
}
