{
    "Name": "docker.io/kitware/diva",
    "Digest": "sha256:72a6a6e7de55baa9fde0b947826b40e0374bbbaa010924ca5f93601261cf6b9a",
    "RepoTags": [
        "latest"
    ],
    "Created": "2019-12-27T18:36:33.692586225Z",
    "DockerVersion": "18.09.7",
    "Labels": {
        "com.nvidia.cuda.version": "8.0.61",
        "com.nvidia.cudnn.version": "5.1.10",
        "com.nvidia.volumes.needed": "nvidia_driver",
        "maintainer": "NVIDIA CORPORATION \u003ccudatools@nvidia.com\u003e"
    },
    "Architecture": "amd64",
    "Os": "linux",
    "Layers": [
        "sha256:976a760c94fcdd7d105269ae621e8269e7bb25a58c52ae667b4029a6bc7e33cb",
        "sha256:c58992f3c37bb64aeba18910408cda9a7a63e212fe27e95065a8d54130ca5926",
        "sha256:0ca0e5e7f12e6eb512246aea5579fcb771fe7203bc60944384d5cd7962f87ddb",
        "sha256:f2a274cc00ca5f671b1740c43672dbc96504760cee585e7604029a3fe56854a8",
        "sha256:18f6bda03f84372b23d132688ce5dcf2804b4d348fb2de17b0d2781683d3fca7",
        "sha256:440e5e4bf99bfd2133ec7ca12b49e166b4407646505213eadd0ae48656d12f19",
        "sha256:9efec85da40212d1378bdd3a65dd42c99f1c6bf1af8919f264be29df18dea84e",
        "sha256:c4d36a838ac7ddb03da975b75be684cef2c5e763e4adb063307725988d24db6e",
        "sha256:2c30398ef7e3ed95756db54c31e24b3af742216e03143a622c94516466f63ae2",
        "sha256:8fd70f952b09f53d9e1f3ea199b6582d25f242bb83a62fc28725ba1bae84bf9c",
        "sha256:e0a5460f112d6cbaff11fec83c130771f35b95b34aff13b1f9619c7d448f41f9",
        "sha256:787063bb83813b34b52eaec07fde1ebd58974cec615d54990bf184a63bbc595f",
        "sha256:e6adb5353cba728513a76ce8c864c39e9b71991602b93256456ec65a1122c2bf",
        "sha256:7778ccfe74c82c306311c187ccaecedea5cb2b9799a647e3e13869104a384460",
        "sha256:712cd2acfce7e820b9010963d25babac8241c2738eb54db0ed76eab4a00e44b6",
        "sha256:520987b9857c8bd4945dfc5d86b3c49580db7e7463843caa77aded07b9a44fff",
        "sha256:9ec574cac38f901423b5640f42eb5c71390ab78dbc71a09924d6a6db56a80851",
        "sha256:5b428bcaa5d145340bbcaf5c4f302363c314aa7f8e9bd03df2cb73ebf4c9a5a6",
        "sha256:9e408803e83dacf356b9009182117a1686e473db738a43d3c0a819ed28565306",
        "sha256:45c08f6e3ae52a13125fb513b0300f7d5712afd4f53849e151f27ebdef9c6e2a",
        "sha256:fb8d2349cd6b1699aa5a61101e4318c1641655a0781367790e529c40e8dfeeac",
        "sha256:ff0cf3299807de6903b4dced1a453d678bdefebd4788743f40fd1db11fc9fa8d",
        "sha256:0f08e5a0659bfce95b0cda8406fc3c49744787dcb72b720f69190c67d66ff805",
        "sha256:d17d327f7f1055d8d552bd139e2db3d817dc940d45939ef116b09c1d37c4a184",
        "sha256:eff74a5b6a19226433791ecce2ada2c567ba96a7d35c795e2c71c02e794fa316",
        "sha256:9ef287d06c1e9c88c6438aabdafabb962e1e8a30595996421e74b1bd933fa31f",
        "sha256:f0e4cad1934c864871c470cfcf13cd56b606bbcfc87996441d6964c07d9c9990",
        "sha256:97d74e416446e318c3f7b1dc54fcab7e042c5f0b8dee1ffa79763f438be68924",
        "sha256:dde952bd68c3b3883f92a7cdbf763e6523e2cf5d69bdd7edff8bba4088bff22c",
        "sha256:8d00bd401cff804fd75fee83a1312816efd473684de3f5e8cef71e213bd0d6ad",
        "sha256:740c4bb82779bff14f3af817af9143ac7089a32c91c9af8e514ec4c5d9df6597",
        "sha256:98c58dae4ef8cd12cb2c5bbb97ab03d8796b2c30bfdf867e264278a9b4c0e09f",
        "sha256:c3ad1ac91fbe871bbbd81ca8f5afd02d88905f3c907b750f5c342b388e31fc09",
        "sha256:f1c6ffcfa8bbe0a2979b42ac6e1fbfb4d49176999b776ec22ee3764b66b106d2",
        "sha256:0526589e7dd853fd60719a566ae2af1fc803f9c850951fc04de26a15193d12d1"
    ],
    "Env": [
        "PATH=/opt/diva/bin:/usr/local/nvidia/bin:/usr/local/cuda/bin:/usr/local/sbin:/usr/local/bin:/usr/sbin:/usr/bin:/sbin:/bin",
        "CUDA_VERSION=8.0.61",
        "CUDA_PKG_VERSION=8-0=8.0.61-1",
        "LD_LIBRARY_PATH=/opt/diva/lib:/usr/local/lib:/opt/kitware/fletch/lib/:/usr/local/nvidia/lib:/usr/local/nvidia/lib64",
        "NVIDIA_VISIBLE_DEVICES=all",
        "NVIDIA_DRIVER_CAPABILITIES=compute,utility",
        "NVIDIA_REQUIRE_CUDA=cuda\u003e=8.0 ",
        "LIBRARY_PATH=/usr/local/cuda/lib64/stubs",
        "CUDNN_VERSION=5.1.10",
        "DIVA_BASE=/diva",
        "DIVA_INSTALL=/opt/diva",
        "KWIVER_INSTALL=/usr/local/lib/kwiver",
        "DIVA_SRC=/diva/src",
        "DIVA_BUILD=/diva/build",
        "DIVA_TEMP=/diva/tmp",
        "VG_PLUGIN_PATH=/opt/diva",
        "KWIVER_PLUGIN_PATH=/opt/diva/lib/diva/processes:/opt/diva/lib/diva/modules:/usr/local/lib/kwiver/modules:/usr/local/lib/kwiver/processes:",
        "VITAL_LOGGER_FACTORY=/usr/local/lib/kwiver/modules/vital_log4cplus_logger",
        "LOG4CPLUS_CONFIGURATION=/usr/local/log4cplus.properties",
        "PYTHON_LIBRARY=/usr/lib/x86_64-linux-gnu/libpython3.5m.so",
        "PYTHONPATH=/usr/local/lib/python3/dist-packages:/usr/local/lib/python3/dist-packages/kwiver:/opt/diva/lib/python3/dist-packages:",
        "SPROKIT_PYTHON_MODULES=DIVA.processes:DIVA.processes.rc3d:DIVA.processs.act:kwiver.processes"
    ]
}
