{
    "Name": "docker.io/deepspeed/deepspeed",
    "Digest": "sha256:589ec2555fe68022b7ae8804cbb8fb84c8c5f1a6ec7ad3448842d4bd9cb1962b",
    "RepoTags": [
        "0.2_torch12",
        "0.2_torch12_no_user",
        "0.2_torch15_cuda101_no_user",
        "1023",
        "1072",
        "1078",
        "1088",
        "1095",
        "1106",
        "1116",
        "1123",
        "1130",
        "1136",
        "1139",
        "1148",
        "1169",
        "1191",
        "1207",
        "1219",
        "1226",
        "1250",
        "1267",
        "1308",
        "1314",
        "1316",
        "1320",
        "1324",
        "1332",
        "1336",
        "1343",
        "1345",
        "1371",
        "1375",
        "1387",
        "1390",
        "1393",
        "1397",
        "1404",
        "1409",
        "1417",
        "1454",
        "1476",
        "1484",
        "1489",
        "1494",
        "1505",
        "1508",
        "1515",
        "1521",
        "1542",
        "1549",
        "1568",
        "1578",
        "158",
        "1584",
        "1605",
        "1617",
        "1624",
        "164",
        "1641",
        "1648",
        "1670",
        "1680",
        "1690",
        "1703",
        "1707",
        "1713",
        "173",
        "1734",
        "1743",
        "1752",
        "1797",
        "1816",
        "182",
        "1830",
        "1840",
        "1863",
        "1872",
        "1882",
        "1891",
        "1897",
        "190",
        "1925",
        "193",
        "2014",
        "2040",
        "209",
        "2127",
        "2128",
        "2130",
        "2133",
        "2134",
        "2150",
        "2211",
        "2219",
        "2238",
        "226",
        "2295",
        "2326",
        "233",
        "236",
        "240",
        "2400",
        "2405",
        "2436",
        "2443",
        "245",
        "249",
        "253",
        "2620",
        "272",
        "2752",
        "2754",
        "2755",
        "2757",
        "2760",
        "2761",
        "2762",
        "2764",
        "2767",
        "2779",
        "2784",
        "2791",
        "2797",
        "2822",
        "2830",
        "2835",
        "2844",
        "285",
        "2859",
        "2861",
        "2870",
        "2874",
        "2877",
        "2884",
        "2895",
        "2899",
        "2911",
        "2925",
        "2931",
        "2948",
        "2960",
        "2962",
        "2964",
        "297",
        "2970",
        "2973",
        "2984",
        "3025",
        "303",
        "3049",
        "3072",
        "328",
        "340",
        "354",
        "364",
        "370",
        "384",
        "390",
        "402",
        "408",
        "416",
        "420",
        "428",
        "431",
        "435",
        "441",
        "446",
        "450",
        "455",
        "477",
        "482",
        "491",
        "527",
        "539",
        "546",
        "551",
        "556",
        "565",
        "570",
        "573",
        "582",
        "588",
        "593",
        "603",
        "616",
        "622",
        "627",
        "631",
        "642",
        "647",
        "656",
        "675",
        "693",
        "699",
        "739",
        "760",
        "940",
        "975",
        "aml_master_torch.1.2.0_cuda10",
        "aml_master_torch.1.5.0_cuda10.1",
        "base_cuda10",
        "base_cuda101",
        "base_cuda102",
        "dlts_base_torch.1.5.0_cuda10.1",
        "latest",
        "latest-torch170",
        "latest-torch170-cuda110",
        "latest_cu102",
        "mvapich2.3.4_torch1.2_cuda10.0",
        "mvapich_torch1.2_cuda10.0",
        "simple_torch1.6_cuda11.0",
        "torch12",
        "torch12_cuda10",
        "torch150_cuda101",
        "torch150_cuda102",
        "v031_torch14_cuda101",
        "v031_torch15_cuda101",
        "v031_torch17_cuda11",
        "v031_torch17_cuda11_apex",
        "v034-jitops-torch170-cuda11"
    ],
    "Created": "2021-02-20T21:33:39.553836619Z",
    "DockerVersion": "19.03.4",
    "Labels": {
        "maintainer": "NVIDIA CORPORATION \u003ccudatools@nvidia.com\u003e"
    },
    "Architecture": "amd64",
    "Os": "linux",
    "Layers": [
        "sha256:7ddbc47eeb70dc7f08e410a6667948b87ff3883024eb41478b44ef9a81bf400c",
        "sha256:c1bbdc448b7263673926b8fe2e88491e5083a8b4b06ddfabf311f2fc5f27e2ff",
        "sha256:8c3b70e3904492c753652606df4726430426f42ea56e06ea924d6fea7ae162a1",
        "sha256:45d437916d5781043432f2d72608049dcf74ddbd27daa01a25fa63c8f1b9adc4",
        "sha256:d8f1569ddae616589c5a2dabf668fadd250ee9d89253ef16f0cb0c8a9459b322",
        "sha256:de5a2c57c41d7e713c0c7d9b1b659f9a88bcfd8daf88e26e5fa765394885c48c",
        "sha256:ea6f04a005433b76aadde074848126d24f8dbe2f129f357730e9460009e4028d",
        "sha256:7b872974e97c3f579d41aee074ef40438a6cd9bae1ba7a816611cfdfc2e23926",
        "sha256:ba8a751eb7d974c108c1f55b378f53422061737a0f55d14daef980b18a817a63",
        "sha256:4959f8a1fe89792cdc49f32eb5cf6ca82493f3d618e4b89335753b9f1d5eca4f",
        "sha256:e35044394dd25a297311fcdfc3e16c0f3448e38daf29a2ab0139cea4e977cbe0",
        "sha256:bd69566b38ccbaedce2c9b21e8f3c995923e8afded5a06acc4962308c7a0f57e",
        "sha256:73f2a8c747ea6f43b9f7dd8e8d0bca6195fc68755ebdcea7ce8b3c8e56cd4a20",
        "sha256:ef87ed6257e8448c3b03c805c6080f2440fdf3f624145f680d8ce42c4c8c9500",
        "sha256:54d46421249200c16600639c35a0410bf38c47d20b75317bb22b85ec34f200d7",
        "sha256:9151992b2ce20d6e03010a11a1b01ba7528d856116c643e14a07a628459bfad8",
        "sha256:fbbaf6dc9447ff73d4da602dcb5953d931aebf226d5484b2206b3bbc27f42813",
        "sha256:2f4d58d2231e061a47bcf732833081e449406b87b2525446c3e5b58b2469658f",
        "sha256:2f047d9866677f41bd46a39430da69c326d938c796c5c6672d18c7c7167d6988",
        "sha256:1f0c77316dc4adf0f7522a4a1e85b6f25d6413e0e9956f85a55327ace3e87143",
        "sha256:04fbefaadf80a8b2b73f6b1fae3a140ef08580357cf0e595a1a84fa6a319c116",
        "sha256:79b1a63dc8abe3cd23aa0d77c4f2cf6bb2abbef8ed8e85db517c0b4941aca6a0",
        "sha256:5c8d8f0c0aa0659c934f0cac50d234ed8ab82b169cd5f541b88ec4d62f6504c8",
        "sha256:c887764d823c20f25ab3e338ebbaaaaa26d6f3f79359792afc9c130dd8884941",
        "sha256:556c2f3ed76b3bde731cb72bb6f56ebd88bd8fe242cac7a1e56dbb63ae1f5b61",
        "sha256:1ca68caaa74479e03f2b639860382b31acf2c88864c1085e94fa2e26ae9cb3cf",
        "sha256:f2da2739af645d7bd435fcc0bce63fc0c25ca30795d42224222dc4d157584954",
        "sha256:aee69befe2c54244acd1ec05752d6c42b7d09306f8cb55496cb29485cba5e7c7",
        "sha256:4e39f30f6f3d91fa2b7ffbaec657d6aa74e72823c30a78cc5ddb29367f2b86c6",
        "sha256:dc310947cbad12c547d6a5a59425a442d029c913a41947ef46fcd845cccd9149",
        "sha256:f9cdeaeb6acd8872c52e897233a639aad90a82c4fd64e64d461122fd6b16e85b",
        "sha256:ae476d3145cb756e79f184ad98171c111462a26eb9d3035fa9b3cf3099599ec1",
        "sha256:c4b08f1a2b65129ccaad62a27c79ddcd0241aed4d9079ae661f79b2dbdd98b97"
    ],
    "Env": [
        "PATH=/usr/local/mpi/bin:/usr/local/nvidia/bin:/usr/local/cuda/bin:/usr/local/sbin:/usr/local/bin:/usr/sbin:/usr/bin:/sbin:/bin",
        "CUDA_VERSION=10.0.130",
        "CUDA_PKG_VERSION=10-0=10.0.130-1",
        "LD_LIBRARY_PATH=/usr/local/lib:/usr/local/mpi/lib:/usr/local/mpi/lib64:/usr/local/nvidia/lib:/usr/local/nvidia/lib64",
        "NVIDIA_VISIBLE_DEVICES=all",
        "NVIDIA_DRIVER_CAPABILITIES=compute,utility",
        "NVIDIA_REQUIRE_CUDA=cuda\u003e=10.0 brand=tesla,driver\u003e=384,driver\u003c385 brand=tesla,driver\u003e=410,driver\u003c411",
        "NCCL_VERSION=2.4.8",
        "LIBRARY_PATH=/usr/local/cuda/lib64/stubs",
        "STAGE_DIR=/tmp",
        "MLNX_OFED_VERSION=4.6-1.0.1.1",
        "NV_PEER_MEM_VERSION=1.1",
        "NV_PEER_MEM_TAG=1.1-0",
        "OPENMPI_BASEVERSION=4.0",
        "OPENMPI_VERSION=4.0.1",
        "DEBIAN_FRONTEND=noninteractive",
        "PYTHON_VERSION=3",
        "TENSORFLOW_VERSION=1.15.2",
        "SSH_PORT=2222",
        "PYTORCH_VERSION=1.2.0",
        "TORCHVISION_VERSION=0.4.0",
        "TENSORBOARDX_VERSION=1.8"
    ]
}
