{
    "Name": "docker.io/vanvalenlab/deepcell-tf",
    "Digest": "sha256:5e1665b96fb48a425739210de9763c399d85d676866ac7ebaad60c4593a42cf6",
    "RepoTags": [
        "0.1",
        "0.1.0",
        "0.1.0-gpu",
        "0.10.0",
        "0.10.0-gpu",
        "0.10.0-rc.2",
        "0.10.0-rc.2-gpu",
        "0.10.0-rc.3",
        "0.10.0-rc.3-gpu",
        "0.10.1",
        "0.10.1-gpu",
        "0.10.2",
        "0.10.2-gpu",
        "0.11.0",
        "0.11.0-gpu",
        "0.11.0-rc1",
        "0.11.0-rc1-gpu",
        "0.2.0",
        "0.2.0-gpu",
        "0.3.0",
        "0.3.0-gpu",
        "0.4.0",
        "0.4.0-gpu",
        "0.5.0",
        "0.5.0-gpu",
        "0.6.0",
        "0.6.0-gpu",
        "0.7.0",
        "0.7.0-gpu",
        "0.8.1",
        "0.8.1-gpu",
        "0.8.2",
        "0.8.2-gpu",
        "0.8.3",
        "0.8.3-gpu",
        "0.8.4",
        "0.8.4-gpu",
        "0.8.5",
        "0.8.5-gpu",
        "0.8.6",
        "0.8.6-gpu",
        "0.8.7",
        "0.8.7-gpu",
        "0.8.8",
        "0.8.8-gpu",
        "0.9.0",
        "0.9.0-gpu",
        "0.9.1",
        "0.9.1-gpu",
        "0.9.2",
        "0.9.2-gpu",
        "latest",
        "latest-gpu"
    ],
    "Created": "2021-10-27T18:05:15.727443034Z",
    "DockerVersion": "",
    "Labels": null,
    "Architecture": "amd64",
    "Os": "linux",
    "Layers": [
        "sha256:feac5306138255e28a9862d3f3d29025d0a4d0648855afe1acd6131af07138ac",
        "sha256:2084e687d947b7630582e610e4d55c02066260ab2a625f9f9c56913688391d24",
        "sha256:c1977c1a783b0538f054e53ca23131fef8d33b5407b58e1eda47d7465ee431d5",
        "sha256:1e104731da5104252ce9ed84591877b981c747a93b17e610f7c55f71ca06abc2",
        "sha256:12ac5b2b41cc7fa714fde949358d14c5bb31b8d848b3c8bcb416fa3b8c610340",
        "sha256:382ce5616702367c91e3e727d55b15e2d98c17102f61bdb6b59380a1ebf0143b",
        "sha256:6709aee27fc3ff61cc7e206fe78b6c76f2059bcd6274b2b60456e4c1b65532e8",
        "sha256:fe86d65f944283641483fed7861fd89b90e4f1f99725bbb69d3bbbf75a2028f0",
        "sha256:0d2af91416f587d1fbb2d81411dbd9b1a40eafc084ee4dba8f476605a6462c80",
        "sha256:b2926b68a7aa0ccae6ddded2d6cc361b3b8c8e7048e5cf47aa48c6c46512d6f7",
        "sha256:faf18adb6574f764f2bf9b80bca52a60121a95693f22325b240fb09b574ea888",
        "sha256:e5abad11e261f242625f52a018a2f62946bed30c1ccb7e1068831c7170ee6583",
        "sha256:54984526331d4b209d49aeb1a3937307fdeca59d86c7ab15355e7df1d5069025",
        "sha256:4dc2afa00871d7689f1d464de1f12bcdf3a655ca88d602c629ecaa306300f1ad",
        "sha256:d924e73de7b7cd561155c50c4681b22cc398861ec250451af2f4327a4b72429d"
    ],
    "Env": [
        "PATH=/usr/local/sbin:/usr/local/bin:/usr/sbin:/usr/bin:/sbin:/bin",
        "LANG=C.UTF-8"
    ]
}
