{
    "Name": "docker.io/jolibrain/deepdetect_gpu_tensorrt",
    "Digest": "sha256:10e737323fb7d19274b7502b360bb2c597fa7b3194195e9dde2228524159b459",
    "RepoTags": [
        "ci-master",
        "latest",
        "v0.10.1",
        "v0.11.0",
        "v0.14.0",
        "v0.15.0",
        "v0.16.0",
        "v0.17.0",
        "v0.18.0",
        "v0.19.0"
    ],
    "Created": "2021-06-11T13:11:32.518174972+02:00",
    "DockerVersion": "",
    "Labels": {
        "com.nvidia.build.id": "22393618",
        "com.nvidia.build.ref": "2cf8cc0ece6287232f7e80de94cbbf2e8dff6345",
        "com.nvidia.cublas.version": "11.5.1.101",
        "com.nvidia.cuda.version": "9.0",
        "com.nvidia.cudnn.version": "8.2.0.41",
        "com.nvidia.cufft.version": "10.4.2.58",
        "com.nvidia.curand.version": "10.2.4.58",
        "com.nvidia.cusolver.version": "11.1.1.58",
        "com.nvidia.cusparse.version": "11.5.0.58",
        "com.nvidia.nccl.version": "2.9.6",
        "com.nvidia.npp.version": "11.3.3.44",
        "com.nvidia.nsightcompute.version": "2021.1.0.18",
        "com.nvidia.nsightsystems.version": "2021.1.3.14",
        "com.nvidia.nvjpeg.version": "11.4.1.58",
        "com.nvidia.tensorrt.version": "7.2.3.4+cuda11.1.0.024",
        "com.nvidia.tensorrtoss.version": "21.04",
        "com.nvidia.volumes.needed": "nvidia_driver",
        "description": "DeepDetect deep learning server \u0026 API / gpu version",
        "maintainer": "emmanuel.benazera@jolibrain.com"
    },
    "Architecture": "amd64",
    "Os": "linux",
    "Layers": [
        "sha256:a70d879fa5984474288d52009479054b8bb2993de2a1859f43b5480600cecb24",
        "sha256:c4394a92d1f8760cf7d17fee0bcee732c94c5b858dd8d19c7ff02beecf3b4e83",
        "sha256:10e6159c56c084c858f5de2416454ac0a49ddda47b764e4379c5d5a147c9bf5f",
        "sha256:b10944d18948766a2f54a297276b3ad6d67055de9d9c038a6f494caef5b522e5",
        "sha256:55bfd6ec6451759064e0eb1239c6df3c7c73913aa090fab18d846b74386bd8ad",
        "sha256:fcf48df45c004aba78e7787d7b2857d9e2697949f7d7546d27b325ad792d7030",
        "sha256:973404f409c4924ccec81205d13092e54eb4e0b763675629601874ec2e853ddd",
        "sha256:46c6df71320bfa52e63b395c206baeb7c4e4c644d25cac64ab25b804e1c2e1bf",
        "sha256:e289349218061e3d37bfe4a2790386c59ca47ab300d259a12cbbcec1071822f5",
        "sha256:f78cf9a58254e8edb692d6b4c7bcaa8165df0b14e28624a44c999c5d3ec99881",
        "sha256:77357a172687b09e9e132fffb796d36f8f00c45c697f37ad70ddceb87b3cdca8",
        "sha256:021e0d954608b1a72e6cf296e8bcd7fc7d4fdbf3e45c7d122299d757752170b5",
        "sha256:aa953cf6a5f475ac93dae81a372fdf024d696ff3f5e6fa1c643aa195914c5159",
        "sha256:4fd0e919976fe130e8610434f8adeeca98ff02c49f944c7974382cbc0a9e613a",
        "sha256:48e95114a2a6cdb1cbb6d23f879e7263ce0995e917e73512c830475a93c196b6",
        "sha256:3ad6846c6d9364fb09c1923a1a7ad00cc63a66f847f847036ad36f97a33a223d",
        "sha256:966d172278d7f459717be8b7e7b7a8e07a58e6167122bd056234f07003179b5d",
        "sha256:668f1d8e5303215a7d95be6b296911c15d6142ec4482144836541422b5e05aa9",
        "sha256:2708ea45c2f22338fe0685b9aa61e7a9f44a2dd72f2c9a366134de025f968e7c",
        "sha256:6246db9be9e9a1c0dd4cf155b003774e38adb4f24aa827009c03784daf8431ef",
        "sha256:b9afac28c321b94134100858fd371b8c61c46913be7fdf2a6034d288028336c2",
        "sha256:9bb31e6a5a65e61c9aee945311db9be59637c7c1ecba35fd4b6023f4d2866059",
        "sha256:4f4fb700ef54461cfa02571ae0db9a0dc1e0cdb5577484a6d75e68dc38e8acc1",
        "sha256:4f4fb700ef54461cfa02571ae0db9a0dc1e0cdb5577484a6d75e68dc38e8acc1",
        "sha256:5820cb080eab5969ffec470d7bce26c05e9bce1c9e64ac8536eb1e47bbb2098f",
        "sha256:d4cb1834b52c7f2b7a40c2c241416684e0ae7959607c4ed5d50a715d1ec856d2",
        "sha256:799ebf81d9e85dce9908d95bbea60d31d1c12d796327d2408475e92a594a9681",
        "sha256:3217e114fe940afd8f706a8038c496722b4c2e8687b5421ae785c6827ab0ed08",
        "sha256:14cfdebefc606ebda05cc740950390a0c9c555c30724761dc7c006c4b5712f7c",
        "sha256:84bfd39ebfb521bd183eb5058dad6a4348cd0e11427c23c7dafb295d37f45888",
        "sha256:fcb5f91041d8dc6267452a14973c2df94194ef55cb924ae2796fac0bf2c94b7b",
        "sha256:9e38fa217d999fa0179ee938735de84b9e106d86616cd73f2f32dfba9fae101d",
        "sha256:f54108a06cd48576013e33b5aef9f4880b67c3032e11e8b0bb7d711835c4b551",
        "sha256:3f7e960134260141d1809c6d700e0124f277ac94139d9ae945236b959c38a383",
        "sha256:16d998f663dc26b374384227bf818492b5fc676014e4ae9d92f76866a62b77ad",
        "sha256:1b29b5f6568b9b2ed36c354a4d5e3e6e9774d1bf250e791723ab8f7217e3542e",
        "sha256:a9a1da9e95384d7fb36a4c98f02ca1b00758874dc3e30b01a94ecb4ee9b3ef5a",
        "sha256:999acb71c4df28d2239bdbe8c1316f7116f2eb17141b873141ef8ec2d7375288",
        "sha256:35d9682f4ab9ddef62e7654384ca43d8adedbfea446380f6ff7d99fb6537565e",
        "sha256:1b226eccb262cb266175f00c68e70be3c63d18f2941fdf49812d9d1f1821be5b",
        "sha256:ed67b177252632d07826d8cd4a57f905abca5b677ea3086d3ee96d4dcf1f9fd0",
        "sha256:6b20111bcfdc4996ae85aba7c22cb37e7e5f267229801e5c072aa66c83243351",
        "sha256:c3b47548639bb17ce2022b1953c32a084a8469705abc0453caa0003238aa3ca9",
        "sha256:b55b4d9b526418aa2289e1f3fcb4fa3f23c4ca40a32570935988e619da0eada8",
        "sha256:2575a6938f6775359bd34a40b76a6d993c24a64eb5d9da19f6b9c532f417ab53",
        "sha256:150cc653249997425a2f2886d35fd91b5e4dc239d5dc048561e9f4c84a3c017b",
        "sha256:331dc5fd1dd04a203d32582eccd838e91c59553c4735357da6cc5b912eca6554",
        "sha256:01a96271b6f0359687a9d2b7d036a098e14b19a5e3572ef0a5ec845c621e73a5",
        "sha256:e963a3daae0ab0081ce57e5b264b2bf0f559463b270bc4126f9711a0763c1c3a",
        "sha256:7a7ed91bb3488c48bc95a7d2cc1a07c83bc4d045560b5d307bd5860889885d93",
        "sha256:38689d149b7d6d7584e4e3b7de333ee66b8718ea014dc117b0894baf4754c4e2",
        "sha256:db95ca52f4f01f3347691836f3a66d97d9b0c9a1de438192bcc0ec1af93f5190",
        "sha256:c99c62522d6f10d95fade64c6b5e1ef1132b1bb391c5a1b2e2fc0c0aee81d2cf",
        "sha256:44327a5ba464761a881c06e365270184f891e92252f4574e6a0dd05cad742bb4",
        "sha256:e61332b1ab21dcef51e2770e7f2e4d957e7479249770a1181c9ee2ebb2e16aae",
        "sha256:14bdffdc9a9f5a3cbcd77c7c6b5f7b5f0a1f64dbd1759afd73ff9655739373c1",
        "sha256:c0b9ea1e5c9c7b29ef24c71b201804efc2df511d9226697bf26ec58005bb9a38",
        "sha256:e0e350c46b6fbcb3789f85ea20750e1072f592e9216cf1029e0d8e5c5de3b4e8",
        "sha256:4f4fb700ef54461cfa02571ae0db9a0dc1e0cdb5577484a6d75e68dc38e8acc1"
    ],
    "Env": [
        "PATH=/opt/tensorrt/bin:/usr/local/mpi/bin:/usr/local/nvidia/bin:/usr/local/cuda/bin:/usr/local/sbin:/usr/local/bin:/usr/sbin:/usr/bin:/sbin:/bin:/usr/local/ucx/bin",
        "CUDA_VERSION=11.3.0.016",
        "CUDA_DRIVER_VERSION=465.19.01",
        "CUDA_CACHE_DISABLE=1",
        "_CUDA_COMPAT_PATH=/usr/local/cuda/compat",
        "ENV=/etc/shinit_v2",
        "BASH_ENV=/etc/bash.bashrc",
        "NVIDIA_REQUIRE_CUDA=cuda\u003e=9.0",
        "NCCL_VERSION=2.9.6",
        "CUBLAS_VERSION=11.5.1.101",
        "CUFFT_VERSION=10.4.2.58",
        "CURAND_VERSION=10.2.4.58",
        "CUSPARSE_VERSION=11.5.0.58",
        "CUSOLVER_VERSION=11.1.1.58",
        "NPP_VERSION=11.3.3.44",
        "NVJPEG_VERSION=11.4.1.58",
        "CUDNN_VERSION=8.2.0.41",
        "TRT_VERSION=7.2.3.4+cuda11.1.0.024",
        "TRTOSS_VERSION=21.04",
        "NSIGHT_SYSTEMS_VERSION=2021.1.3.14",
        "NSIGHT_COMPUTE_VERSION=2021.1.0.18",
        "DALI_VERSION=1.0.0",
        "DALI_BUILD=2054952",
        "DLPROF_VERSION=21.04",
        "LD_LIBRARY_PATH=/usr/local/cuda/compat/lib:/usr/local/nvidia/lib:/usr/local/nvidia/lib64",
        "NVIDIA_VISIBLE_DEVICES=all",
        "NVIDIA_DRIVER_CAPABILITIES=compute,utility,video",
        "GDRCOPY_VERSION=2.2",
        "HPCX_VERSION=2.8.2rc3",
        "MOFED_VERSION=5.2-rdmacore32.1",
        "OPENUCX_VERSION=1.10.0",
        "OPENMPI_VERSION=4.1.1rc1",
        "RDMACORE_VERSION=32.1",
        "LIBRARY_PATH=/usr/local/cuda/lib64/stubs:",
        "TENSORRT_VERSION=7.2.3.4+cuda11.1.0.024",
        "NVIDIA_TENSORRT_VERSION=21.04",
        "TENSORRT_OSS_VERSION=21.04",
        "NVIDIA_BUILD_ID=22393618"
    ]
}
