{
    "Name": "docker.io/asciidoctor/docker-asciidoctor",
    "Digest": "sha256:5b5285c48f1adf5925e566827cd190bd74b9463e6b5914eab9b9840fa8a25e26",
    "RepoTags": [
        "1",
        "1.0",
        "1.0.0",
        "1.1",
        "1.1.0",
        "1.10",
        "1.10.0",
        "1.11",
        "1.11.0",
        "1.12",
        "1.12.0",
        "1.13",
        "1.13.0",
        "1.14",
        "1.14.0",
        "1.2",
        "1.2.0",
        "1.3",
        "1.3.0",
        "1.3.1",
        "1.3.2",
        "1.3.3",
        "1.4",
        "1.4.0",
        "1.5",
        "1.5.0",
        "1.6",
        "1.6.0",
        "1.6.1",
        "1.7",
        "1.7.0",
        "1.8",
        "1.8.0",
        "1.8.1",
        "1.9",
        "1.9.0",
        "latest",
        "untagged-8ede02161318437cc29f",
        "untagged-8ede02161318437cc29f.untagged-8ede02161318437cc29f"
    ],
    "Created": "2021-11-13T09:37:20.879164496Z",
    "DockerVersion": "",
    "Labels": {
        "MAINTAINERS": "Guillaume Scheibel \u003cguillaume.scheibel@gmail.com\u003e, Damien DUPORTAL \u003cdamien.duportal@gmail.com\u003e"
    },
    "Architecture": "amd64",
    "Os": "linux",
    "Layers": [
        "sha256:5758d4e389a3f662e94a85fb76143dbe338b64f8d2a65f45536a9663b05305ad",
        "sha256:5033ac7b19c6db803a9162be281aa25e9d6d861085948b959a3e6297ff338a02",
        "sha256:e4af38c000ac2e395aae86126257c24813134e971cea7d67c215fe6169b46cb0",
        "sha256:6e7a9819a00a401a44b2e13b583af3b96f445e4d1cd8425889104c7e66df9c22",
        "sha256:c35420f118e664f4676fd1271ef6e1f9b0ada3984f68584cd6a8af37fdb86e46",
        "sha256:1dd73a988d58f0894e28aa8ce2306bbeec54052d1e2a5c884b577f0ef3097600",
        "sha256:04bed6f77b226fbb3739e5649a0b88dc6070098efa89f0f1e80be03287183e4a",
        "sha256:019deeaa7811cf01740139869804aaa52082de4dcf624aac7e01329a36e6f347"
    ],
    "Env": [
        "PATH=/usr/local/sbin:/usr/local/bin:/usr/sbin:/usr/bin:/sbin:/bin",
        "ASCIIDOCTOR_VERSION=2.0.16",
        "ASCIIDOCTOR_CONFLUENCE_VERSION=0.0.2",
        "ASCIIDOCTOR_PDF_VERSION=1.6.1",
        "ASCIIDOCTOR_DIAGRAM_VERSION=2.2.1",
        "ASCIIDOCTOR_EPUB3_VERSION=1.5.1",
        "ASCIIDOCTOR_FB2_VERSION=0.5.1",
        "ASCIIDOCTOR_MATHEMATICAL_VERSION=0.3.5",
        "ASCIIDOCTOR_REVEALJS_VERSION=4.1.0",
        "KRAMDOWN_ASCIIDOC_VERSION=2.0.0",
        "ASCIIDOCTOR_BIBTEX_VERSION=0.8.0",
        "ASCIIDOCTOR_KROKI_VERSION=0.5.0"
    ]
}
