{
    "Name": "docker.io/jolibrain/deepdetect_gpu",
    "Digest": "sha256:ac979e52c3cc901546d64dbecfdadb8792c553cc4537e10dc4e2828caffc0a20",
    "RepoTags": [
        "ci-master",
        "latest",
        "v0.10.1",
        "v0.11.0",
        "v0.12.0",
        "v0.13.0",
        "v0.14.0",
        "v0.15.0",
        "v0.16.0",
        "v0.17.0",
        "v0.18.0",
        "v0.19.0",
        "v0.9",
        "v0.9.5",
        "v0.9.7"
    ],
    "Created": "2021-09-06T21:48:07.324988579+02:00",
    "DockerVersion": "",
    "Labels": {
        "com.nvidia.cudnn.version": "8.0.5.39",
        "description": "DeepDetect deep learning server \u0026 API / gpu version",
        "maintainer": "emmanuel.benazera@jolibrain.com"
    },
    "Architecture": "amd64",
    "Os": "linux",
    "Layers": [
        "sha256:da7391352a9bb76b292a568c066aa4c3cbae8d494e6a3c68e3c596d34f7c75f8",
        "sha256:14428a6d4bcdba49a64127900a0691fb00a3f329aced25eb77e3b65646638f8d",
        "sha256:2c2d948710f21ad82dce71743b1654b45acb5c059cf5c19da491582cef6f2601",
        "sha256:0ebd322634c152b4ecbb5de4a47fa86965c34fadeb4c4b54552ff6ea0baf0fee",
        "sha256:36520dd466acdd34058f9863bfa50ae1d851ceb0cae918256f16e76704f63bbc",
        "sha256:fe6ccac2e64be7b88f47141db9285b3137acaacfcf0a4914c1fbdb1728434ea6",
        "sha256:d98e4e0e26f4ff99bbfcd244a5d2aa5b521b1d8bfc5cbb98263a0b36f635d957",
        "sha256:412f64f300b1fe968c6803cb073862c5d3e3862110bca65c1e783d8d43c8a96f",
        "sha256:e30405f66334ef85ec034e66ae10f973299d106574fe3874cb789c5585471796",
        "sha256:9a83b7ea7b8fe2dc8089b1f7334db80629713111e07009e3a646fd2075f630cd",
        "sha256:1099228b73aa43b77790a1acc88b2aeaf996dc0c99d8e6249edae1e392386481",
        "sha256:4dd2f244786b02f5b27aefe392757df7a439f135a12bd9786cd58c2e323c0f4a",
        "sha256:cacf53799277691c8694807cf9b2bf984d79c137c379d19c48a13022090b404a",
        "sha256:e809e97f78e03385033a89c18e3bf21dc0b54b581fec68080cbce495f6c46e87",
        "sha256:7f899d43f0afa353251bec16ed5b60bfb2042a1b84ff611ea914e3cd2e304fdb",
        "sha256:794fe4591d23fccc8d27896ea27a3b2e21e3470060190ba48088ab989b07ed63",
        "sha256:353c3247922bfef6d6925c4e7c3d7fdf9c713fead13323c860eb9ab055bedacd",
        "sha256:5f8ee9275c86c9f50225a8de99dd4578020d9800b948a8b462abd3d5eda9af44",
        "sha256:48a1bfe45532acce142740b667ef5c14d6c227a4461566b3aa8da4d01d0476a4",
        "sha256:51d13763e12e33f6e11f4bd6a0b0df550a26de29124b02a6765ba3bb936a75d3",
        "sha256:cefd6e523ebbbf25e0344021feec34b336598784beeff3d4fe4868a94787f9c2",
        "sha256:2dad0d5cabe2ea075633dfd863ea997366322bb8d6ea51302ae1647e310ad078",
        "sha256:2098f50a061ce5b952470e9b4825f96c56b0c5fbee2385548e3dbf00d19172b0",
        "sha256:87b027eb711b137e4749705a715d77d9eb937ec907ad3004a6839a7bc02a6f30",
        "sha256:4f4fb700ef54461cfa02571ae0db9a0dc1e0cdb5577484a6d75e68dc38e8acc1"
    ],
    "Env": [
        "PATH=/usr/local/nvidia/bin:/usr/local/cuda/bin:/usr/local/sbin:/usr/local/bin:/usr/sbin:/usr/bin:/sbin:/bin",
        "CUDA_VERSION=11.1.1",
        "LD_LIBRARY_PATH=/usr/local/nvidia/lib:/usr/local/nvidia/lib64",
        "NVIDIA_VISIBLE_DEVICES=all",
        "NVIDIA_DRIVER_CAPABILITIES=compute,utility",
        "NVIDIA_REQUIRE_CUDA=cuda\u003e=11.1 brand=tesla,driver\u003e=418,driver\u003c419 brand=tesla,driver\u003e=440,driver\u003c441 brand=tesla,driver\u003e=450,driver\u003c451",
        "NCCL_VERSION=2.7.8",
        "CUDNN_VERSION=8.0.5.39"
    ]
}
