{
    "Name": "docker.io/openmined/tenseal",
    "Digest": "sha256:0d32575e2bc36bec4164816c03ff49f57707279cad002925361a3c3ac9168c42",
    "RepoTags": [
        "0.3.0a2",
        "0.3.0a2-py36",
        "0.3.0a2-py37",
        "0.3.0a2-py38",
        "0.3.0a3",
        "0.3.0a3-py36",
        "0.3.0a3-py37",
        "0.3.0a3-py38",
        "0.3.0a4",
        "0.3.0a4-py36",
        "0.3.0a4-py37",
        "0.3.0a4-py38",
        "0.3.0a5",
        "0.3.0a5-py36",
        "0.3.0a5-py37",
        "0.3.0a5-py38",
        "3768d69923f8f8ac901046a7ecbdd1b09c964aa2",
        "7c2a3159f4f1b6c1b412de706defa894ca636b88",
        "a457da17ba801958683b29e293e4974edea1cc74",
        "dev",
        "dev-py36",
        "dev-py37",
        "dev-py38",
        "dev-py39",
        "e1b1c9fbce5b74c6911ad940709dfc656627eb15",
        "f140cf70e303aae6be412a538ad20855bc453ecb",
        "latest",
        "latest-py36",
        "latest-py37",
        "latest-py38",
        "pr-71-merge",
        "sha-061a5aa",
        "sha-0b3fc4a",
        "sha-0fcb04e",
        "sha-17786fe",
        "sha-1966c7a",
        "sha-209e9b0",
        "sha-248547c",
        "sha-2d7b336",
        "sha-302f8d3",
        "sha-32d0d47",
        "sha-33f0dae",
        "sha-34c50b4",
        "sha-3ba0b5e",
        "sha-3eceece",
        "sha-411a7cd",
        "sha-4dfa0bd",
        "sha-521b19d",
        "sha-53093ad",
        "sha-5b34017",
        "sha-5f861fb",
        "sha-611b0f5",
        "sha-6463b96",
        "sha-67335f0",
        "sha-685234a",
        "sha-692456d",
        "sha-734275f",
        "sha-7bdd98a",
        "sha-82e7443",
        "sha-84ef41c",
        "sha-8e52e11",
        "sha-952888a",
        "sha-98aad40",
        "sha-9aa8fda",
        "sha-9f69c49",
        "sha-aa75262",
        "sha-acfc2b8",
        "sha-c496f85",
        "sha-c51575d",
        "sha-c769e1d",
        "sha-c7a8aff",
        "sha-e66d1c4",
        "sha-ee41f9f",
        "sha-f89c9b3",
        "v0.1.0",
        "v0.1.0-py36",
        "v0.1.0-py37",
        "v0.1.0-py38",
        "v0.1.0a0",
        "v0.1.0a0-py36",
        "v0.1.0a0-py37",
        "v0.1.0a0-py38",
        "v0.1.0a1",
        "v0.1.0a1-py36",
        "v0.1.0a1-py37",
        "v0.1.0a1-py38",
        "v0.2.0a0",
        "v0.2.0a0-py36",
        "v0.2.0a0-py37",
        "v0.2.0a0-py38",
        "v0.2.0a1",
        "v0.2.0a1-py36",
        "v0.2.0a1-py37",
        "v0.2.0a1-py38",
        "v0.3.0",
        "v0.3.0-py36",
        "v0.3.0-py37",
        "v0.3.0-py38",
        "v0.3.0a0",
        "v0.3.0a0-py36",
        "v0.3.0a0-py37",
        "v0.3.0a0-py38",
        "v0.3.0a1",
        "v0.3.0a1-py36",
        "v0.3.0a1-py37",
        "v0.3.0a1-py38",
        "v0.3.0a6",
        "v0.3.0a6-py36",
        "v0.3.0a6-py37",
        "v0.3.0a6-py38",
        "v0.3.1",
        "v0.3.1-py36",
        "v0.3.1-py37",
        "v0.3.1-py38",
        "v0.3.1-py39",
        "v0.3.2",
        "v0.3.2-py36",
        "v0.3.2-py37",
        "v0.3.2-py38",
        "v0.3.2-py39",
        "v0.3.3",
        "v0.3.3-py36",
        "v0.3.3-py37",
        "v0.3.3-py38",
        "v0.3.3-py39",
        "v0.3.4",
        "v0.3.4-py36",
        "v0.3.4-py37",
        "v0.3.4-py38",
        "v0.3.4-py39",
        "v0.4.0a1",
        "v0.4.0a1-py36",
        "v0.4.0a1-py37",
        "v0.4.0a1-py38",
        "v0.4.0a1-py39"
    ],
    "Created": "2021-05-20T08:16:35.960013613Z",
    "DockerVersion": "20.10.6+azure",
    "Labels": null,
    "Architecture": "amd64",
    "Os": "linux",
    "Layers": [
        "sha256:69692152171afee1fd341febc390747cfca2ff302f2881d8b394e786af605696",
        "sha256:66a3c154490aa1f5ce65f9ce452f5f38176c3f111ed0db0ea1dae8b49cbd7395",
        "sha256:3e35bdfb65b21f9c8c09ff302524ad3beb876ce49357162d742dccdbb228df9e",
        "sha256:f2c4c435507305290e1abbb5f643bc7e8c7a1c1002d4dec6df88afd21a99299f",
        "sha256:21bb8d414880d44657d3e4f444411cdea4ac8c96a320d0722f4db31506a71e1a",
        "sha256:9834aca57519df717dcaa3192947f02ae7b322ce35545ffd4e41ee8d14b1de88",
        "sha256:b5136b4482381baac90cef1760825ac2b338d0a66933b27a90e6ee1bc2f08247",
        "sha256:74fab2b32c1e0504a84dcc96a3c4a397c0b2f0b0b90d28d5d40b42aa146e4ff7"
    ],
    "Env": [
        "PATH=/usr/local/bin:/usr/local/sbin:/usr/local/bin:/usr/sbin:/usr/bin:/sbin:/bin",
        "LANG=C.UTF-8",
        "GPG_KEY=E3FF2839C048B25C084DEBE9B26995E310250568",
        "PYTHON_VERSION=3.8.10",
        "PYTHON_PIP_VERSION=21.1.1",
        "PYTHON_GET_PIP_URL=https://github.com/pypa/get-pip/raw/1954f15b3f102ace496a34a013ea76b061535bd2/public/get-pip.py",
        "PYTHON_GET_PIP_SHA256=f499d76e0149a673fb8246d88e116db589afbd291739bd84f2cd9a7bca7b6993",
        "CC=clang",
        "CXX=clang++"
    ]
}
