{
    "Name": "docker.io/blazingdb/blazingsql",
    "Digest": "sha256:9250892ab5929a1ec33f8c5684473cda32c443912f09bbe6495a4be99cdf0ee7",
    "RepoTags": [
        "cuda10.0",
        "cuda10.0-py3.6",
        "cuda10.0-py3.7",
        "cuda10.1-py3.6",
        "cuda10.1-py3.7",
        "cuda10.1-py3.8",
        "cuda10.2-py3.6",
        "cuda10.2-py3.7",
        "cuda10.2-py3.8",
        "cuda11.0-py3.7",
        "cuda11.0-py3.8",
        "cuda11.2-py3.7",
        "cuda11.2-py3.8",
        "cuda11.2.0-py3.7",
        "cuda11.2.0-py3.8",
        "cuda11.4-py3.7",
        "cuda11.4-py3.8",
        "cuda9.2",
        "cuda9.2-py3.6",
        "cuda9.2-py3.7",
        "dask-gw",
        "dask-gw-srv",
        "demo_kdd",
        "gtc19v02",
        "gtc2019",
        "jhub",
        "latest",
        "lite",
        "netflowdemo",
        "test",
        "v0.3.2",
        "v0.3.3",
        "v0.3.4",
        "v0.3.5",
        "v0.4.0"
    ],
    "Created": "2021-08-21T02:20:35.85478422Z",
    "DockerVersion": "20.10.8",
    "Labels": {
        "Description": "blazingdb/blazingsql is the official BlazingDB environment for BlazingSQL on NIVIDA RAPIDS.",
        "Vendor": "BlazingSQL",
        "Version": "0.4.0",
        "maintainer": "NVIDIA CORPORATION \u003ccudatools@nvidia.com\u003e"
    },
    "Architecture": "amd64",
    "Os": "linux",
    "Layers": [
        "sha256:feac5306138255e28a9862d3f3d29025d0a4d0648855afe1acd6131af07138ac",
        "sha256:5b3518e74a8d34a3dbea434d8b68297ae3758cbb45117cd365fad4eba964762d",
        "sha256:33ded242bf1288abd56e78b424d665dd44eecdeb8721df9e0aea6cad29cb6add",
        "sha256:fed604094fd5a9dde191982b69321f0ee60c2912cacc6509eec2c445dead9fb6",
        "sha256:be1982caa7174a8b5189679500fe41e37ad41827ac1152199ff848cdc0cefa0c",
        "sha256:c48d7feb5444c720f936615d11b5c08bf6585eaff62b39d596179b4ce573b1c3",
        "sha256:dd4ca4065f925c65c8c828b9b5d9d9050d822b1f7706d6a295e720ce63181f5d",
        "sha256:fbeb98d58437e41c679b11a3f01abbc282ae1b220daa81f56b03f7c917c740b6",
        "sha256:8e34ffcd0efd07b087ee044b94c69722ca311a50f10069ba6b86bc65caf63f8e"
    ],
    "Env": [
        "PATH=/usr/local/nvidia/bin:/usr/local/cuda/bin:/usr/local/sbin:/usr/local/bin:/usr/sbin:/usr/bin:/sbin:/bin",
        "NVARCH=x86_64",
        "NVIDIA_REQUIRE_CUDA=cuda\u003e=11.2 brand=tesla,driver\u003e=418,driver\u003c419 brand=tesla,driver\u003e=440,driver\u003c441 driver\u003e=450",
        "NV_CUDA_CUDART_VERSION=11.2.152-1",
        "NV_CUDA_COMPAT_PACKAGE=cuda-compat-11-2",
        "NV_ML_REPO_ENABLED=1",
        "NV_ML_REPO_URL=https://developer.download.nvidia.com/compute/machine-learning/repos/ubuntu1804/x86_64",
        "CUDA_VERSION=11.2.2",
        "LD_LIBRARY_PATH=/usr/local/nvidia/lib:/usr/local/nvidia/lib64",
        "NVIDIA_VISIBLE_DEVICES=all",
        "NVIDIA_DRIVER_CAPABILITIES=compute,utility",
        "NV_CUDA_LIB_VERSION=11.2.2-1",
        "NV_NVTX_VERSION=11.2.152-1",
        "NV_LIBNPP_VERSION=11.3.2.152-1",
        "NV_LIBCUSPARSE_VERSION=11.4.1.1152-1",
        "NV_LIBCUBLAS_PACKAGE_NAME=libcublas-11-2",
        "NV_LIBCUBLAS_VERSION=11.4.1.1043-1",
        "NV_LIBCUBLAS_PACKAGE=libcublas-11-2=11.4.1.1043-1",
        "NV_LIBNCCL_PACKAGE_NAME=libnccl2",
        "NV_LIBNCCL_PACKAGE_VERSION=2.8.4-1",
        "NCCL_VERSION=2.8.4-1",
        "NV_LIBNCCL_PACKAGE=libnccl2=2.8.4-1+cuda11.2",
        "PYTHONDONTWRITEBYTECODE=true"
    ]
}
