{
    "Name": "docker.io/selitvin/petastorm_ci_auto",
    "Digest": "sha256:41b61e7669f602685506babedba68da55fe0d2d2fa7aac9f9c6a54211f35621f",
    "RepoTags": [
        "2020-01-31_02-02-29",
        "ci-2020-07-01-00",
        "ci-2020-08-02-00",
        "ci-2020-31-01-09",
        "ci-image-06-29-2021",
        "ci-py3.7",
        "latest",
        "release-master",
        "release-mnist"
    ],
    "Created": "2021-06-29T20:01:59.309101832Z",
    "DockerVersion": "19.03.8",
    "Labels": null,
    "Architecture": "amd64",
    "Os": "linux",
    "Layers": [
        "sha256:c549ccf8d472c3bce9ce02e49c62b8f6cbc736ea2b8ba812a1ae9390c69d0b71",
        "sha256:1377d05ebdd5404e9bcbe493a0b1b11132a41f272522045beb698b15ebe89ce0",
        "sha256:3e619fcc4dbc7b48a306b1c349a81d86697cdc43fab951d3e18c3eb8f5815fc6",
        "sha256:4a6c4fa88556eaadb3ae37c09095e10c824f5caf43f813a9dce33215d1e04b43",
        "sha256:50adfe69772576eff290760d09bc34ebe4973dcc82177268bb367a86c8a7091f",
        "sha256:0e2ae180640af9c9feb121c76bc0da6e0e19260f77cadbdbbefb99f74b6b3328",
        "sha256:ae4bd7bb90b406351abc7ed6587ef5358f2d9b469c70dc0cce4e999823e1ce60",
        "sha256:f7dafed9db88e736521f8a6488815aec9c616863a8f98a99c00575a85b0f9133",
        "sha256:771732bda6dd2fb07dd0de9958b86186c3ac49f98e817c4b18a37c7836f0ce9b",
        "sha256:74685009cc58662bde2d5fab0aed12df451a174d949d359332fe94110c5e634d",
        "sha256:6584ee6c5b44b58071141c2ed454e15bccf52ad00e24e11b423123761751e711",
        "sha256:ea201564d221ec13bef3639a52748143baa52dffe5d635768ff31a9368d6d3a8",
        "sha256:3d7fb4acabe53c5a6bfc083923a1b8131ffeb50b0c3ce4b384437c5b68669271",
        "sha256:8ac0b3bc74914efdc541ba7bbcb62241a7cf5c50b3213ce8d409d8888d14fab5",
        "sha256:5b14b74d6d4cf3b32b94433b2c7c32b1eeec86d9f6fbbc3c267d7470042072f9",
        "sha256:5e06c3bee4dcd95edb588d1249727fd7952d24d93307e469b7700263e648fa4e",
        "sha256:b3943e7209828d2e5cfd70f23ca17d803f75110b3230cafc5705562e0cd13904",
        "sha256:833390e5e213c12f8a5e0692914e2b9963579fe18958a84744d9b26088109658",
        "sha256:d4526c768f6a314c2bc866e1304451973892189852bb3721c7c60dcfb106e0ce",
        "sha256:17ed986178dc511eca3cfda8fb85e8abbc512a50ceb36c4c9c7607414bb312b3",
        "sha256:74de13eda5038a1b978733e4f9538988fc7d2615e86f05b5711b453c461b6575",
        "sha256:d8ea5dde7bcf5506795ae1e7b13b7284d238a08aabcd7fa489d12d0bfa5f9de1",
        "sha256:dea59948c22608d743c4aa72197fc77fabe70da7e15526babc3bd11f9967becb",
        "sha256:b25d6f397153429875548a671ba7299ce3c8c60ce417662cb95140c74029de48",
        "sha256:75ad5dbd935c100a42a95ffa57be61d371ca76b833573919c5113f3b0c2dff51",
        "sha256:25fb189620be02fdf0b652dfc973d37074d990a566a8265b2828f67fa88acb53",
        "sha256:f3f2bff277726457f46b6af9697aec01f781ef2b81147aa62322f2c46f2f1f98",
        "sha256:8c8cc67121a41ad5294c36db27b44ffd6b33efdf618305b4de94c44457a87dc7",
        "sha256:72fdaf4215ea23407c2c3f7792aed351a7811fa0cb4710563e436175b385463e"
    ],
    "Env": [
        "PATH=/usr/local/sbin:/usr/local/bin:/usr/sbin:/usr/bin:/sbin:/bin"
    ]
}
