{
    "Name": "docker.io/spacechop/spacechop",
    "Digest": "sha256:ad97104928ff02d667f1b9427e01c496a60384f5e1d1617a9d10f618e0f312ee",
    "RepoTags": [
        "1.0.0-beta10",
        "1.0.0-beta11",
        "1.0.0-beta12",
        "1.0.0-beta13",
        "1.0.0-beta14",
        "1.0.0-beta6",
        "1.0.0-beta7",
        "1.0.0-beta8",
        "1.0.0-beta9",
        "latest"
    ],
    "Created": "2019-10-29T16:32:20.729732647Z",
    "DockerVersion": "18.03.1-ee-3",
    "Labels": null,
    "Architecture": "amd64",
    "Os": "linux",
    "Layers": [
        "sha256:e7c96db7181be991f19a9fb6975cdbbd73c65f4a2681348e63a141a2192a5f10",
        "sha256:709a931a5b8d69f2c161fe615328919af395615a8fbf08f3b9773f5b26082075",
        "sha256:f3a7af45660782ba1e9845c486451aae2a64fdbbffe9c4d3eafb3aec87dc3094",
        "sha256:e73e6b0f02e447a9718fd6605fccdae0c82000e172031d2cc459d197f409c5f3",
        "sha256:3f85c2bc10398738a7286811be889a2e5e365e3ea445f4565d9a45e7aaf9ea31",
        "sha256:80feed61f5c2e4a7558829ad3f9c2af99293521131baf10bc9fd44a3518bbd09",
        "sha256:92f0ceb87e45522d89a489a6f97212a0c4403c9fe5d7237e634656fb6c37d691",
        "sha256:de0c90f273a788f750f50bdbce0b3e0920293f8aecb6b32002ab94c232b59a1b",
        "sha256:e778eaf6aa10227f10136ccc2b37695118420f308320546b45acaec89ca6bd28",
        "sha256:01c484b4dd0df8db438b11da6c30b0bc1664491a415461147ff1fade8c82adf8",
        "sha256:d2ec582e272dcfad07a525a7ecc8ef60d6b5b60976d26644d0e725d473baac8c",
        "sha256:d1623bde9060583693d156f058649309207880476d92947dd119016a7f727e4c",
        "sha256:fb33666edc8638fc4f3e9473bb0aae2a794c72416e259ac9819782b00c5a634f",
        "sha256:eeed3a14881f476d1258e2d5cf02ed58635b522d01b16401d7200dc76fa0b79a",
        "sha256:ed734526a396087347472ac322568c31e48c048e14302666811541712080e58e",
        "sha256:1164571b5ca8931261cf5d5e6fd61ed33b36546027c715f64e139cdd131a6687",
        "sha256:203bb289096d14f829ca1998a19f3f275a1e64c499bff8516a9360fe0590d1a9",
        "sha256:814a42280aaf131853b10741d6cc3449d84553f22fe621bff9b88c1d8718a62d"
    ],
    "Env": [
        "PATH=/usr/local/sbin:/usr/local/bin:/usr/sbin:/usr/bin:/sbin:/bin",
        "NODE_VERSION=10.17.0",
        "YARN_VERSION=1.19.1",
        "MAGICK_MEMORY_LIMIT=2GiB",
        "MAGICK_MAP_LIMIT=4GiB",
        "MAGICK_DISK_LIMIT=16GiB",
        "MAGICK_AREA_LIMIT=100MP",
        "MAGICK_HEIGHT_LIMIT=10KP",
        "MAGICK_WIDTH_LIMIT=10KP",
        "MAGICK_THREAD_LIMIT=4",
        "MAGICK_THROTTLE_LIMIT=0",
        "MAGICK_TIME_LIMIT=3600"
    ]
}
