{
    "Name": "docker.io/bitnami/tensorflow-serving",
    "Digest": "sha256:8de4daa7af62f9e81b882588ef4c1172398ff8a25c33caa9d8e531118d40a2b8",
    "RepoTags": [
        "0",
        "0-development",
        "0.5.1-r0",
        "0.6.0-r0",
        "0.6.0-r1",
        "0.6.0-r2",
        "1",
        "1-debian-8",
        "1-debian-8-master",
        "1-debian-9",
        "1-debian-9-master",
        "1-master",
        "1-ol-7",
        "1-ol-7-master",
        "1.10.1",
        "1.10.1-debian-9",
        "1.10.1-debian-9-r0",
        "1.10.1-debian-9-r1",
        "1.10.1-debian-9-r10",
        "1.10.1-debian-9-r11",
        "1.10.1-debian-9-r12",
        "1.10.1-debian-9-r13",
        "1.10.1-debian-9-r14",
        "1.10.1-debian-9-r15",
        "1.10.1-debian-9-r16",
        "1.10.1-debian-9-r17",
        "1.10.1-debian-9-r18",
        "1.10.1-debian-9-r19",
        "1.10.1-debian-9-r2",
        "1.10.1-debian-9-r20",
        "1.10.1-debian-9-r21",
        "1.10.1-debian-9-r22",
        "1.10.1-debian-9-r23",
        "1.10.1-debian-9-r24",
        "1.10.1-debian-9-r25",
        "1.10.1-debian-9-r26",
        "1.10.1-debian-9-r27",
        "1.10.1-debian-9-r28",
        "1.10.1-debian-9-r29",
        "1.10.1-debian-9-r3",
        "1.10.1-debian-9-r30",
        "1.10.1-debian-9-r31",
        "1.10.1-debian-9-r32",
        "1.10.1-debian-9-r33",
        "1.10.1-debian-9-r34",
        "1.10.1-debian-9-r35",
        "1.10.1-debian-9-r36",
        "1.10.1-debian-9-r4",
        "1.10.1-debian-9-r5",
        "1.10.1-debian-9-r6",
        "1.10.1-debian-9-r7",
        "1.10.1-debian-9-r8",
        "1.10.1-debian-9-r9",
        "1.10.1-ol-7",
        "1.10.1-ol-7-r0",
        "1.10.1-ol-7-r1",
        "1.10.1-ol-7-r2",
        "1.10.1-ol-7-r3",
        "1.10.1-ol-7-r4",
        "1.10.1-ol-7-r5",
        "1.10.1-ol-7-r6",
        "1.10.1-ol-7-r7",
        "1.10.1-r0",
        "1.10.1-r1",
        "1.10.1-r10",
        "1.10.1-r11",
        "1.10.1-r12",
        "1.10.1-r13",
        "1.10.1-r14",
        "1.10.1-r15",
        "1.10.1-r16",
        "1.10.1-r17",
        "1.10.1-r18",
        "1.10.1-r19",
        "1.10.1-r2",
        "1.10.1-r20",
        "1.10.1-r21",
        "1.10.1-r22",
        "1.10.1-r23",
        "1.10.1-r24",
        "1.10.1-r25",
        "1.10.1-r26",
        "1.10.1-r27",
        "1.10.1-r28",
        "1.10.1-r29",
        "1.10.1-r3",
        "1.10.1-r30",
        "1.10.1-r31",
        "1.10.1-r32",
        "1.10.1-r33",
        "1.10.1-r34",
        "1.10.1-r35",
        "1.10.1-r36",
        "1.10.1-r4",
        "1.10.1-r5",
        "1.10.1-r6",
        "1.10.1-r7",
        "1.10.1-r8",
        "1.10.1-r9",
        "1.11.0",
        "1.11.0-debian-9",
        "1.11.0-debian-9-r0",
        "1.11.0-debian-9-r1",
        "1.11.0-debian-9-r10",
        "1.11.0-debian-9-r11",
        "1.11.0-debian-9-r12",
        "1.11.0-debian-9-r13",
        "1.11.0-debian-9-r14",
        "1.11.0-debian-9-r15",
        "1.11.0-debian-9-r16",
        "1.11.0-debian-9-r17",
        "1.11.0-debian-9-r18",
        "1.11.0-debian-9-r19",
        "1.11.0-debian-9-r2",
        "1.11.0-debian-9-r20",
        "1.11.0-debian-9-r3",
        "1.11.0-debian-9-r4",
        "1.11.0-debian-9-r5",
        "1.11.0-debian-9-r6",
        "1.11.0-debian-9-r7",
        "1.11.0-debian-9-r8",
        "1.11.0-debian-9-r9",
        "1.11.0-ol-7",
        "1.11.0-ol-7-r0",
        "1.11.0-ol-7-r1",
        "1.11.0-ol-7-r10",
        "1.11.0-ol-7-r11",
        "1.11.0-ol-7-r12",
        "1.11.0-ol-7-r13",
        "1.11.0-ol-7-r14",
        "1.11.0-ol-7-r15",
        "1.11.0-ol-7-r16",
        "1.11.0-ol-7-r2",
        "1.11.0-ol-7-r3",
        "1.11.0-ol-7-r4",
        "1.11.0-ol-7-r5",
        "1.11.0-ol-7-r6",
        "1.11.0-ol-7-r7",
        "1.11.0-ol-7-r8",
        "1.11.0-ol-7-r9",
        "1.11.0-r0",
        "1.11.0-r1",
        "1.11.0-r10",
        "1.11.0-r11",
        "1.11.0-r12",
        "1.11.0-r13",
        "1.11.0-r14",
        "1.11.0-r15",
        "1.11.0-r16",
        "1.11.0-r17",
        "1.11.0-r18",
        "1.11.0-r19",
        "1.11.0-r2",
        "1.11.0-r20",
        "1.11.0-r3",
        "1.11.0-r4",
        "1.11.0-r5",
        "1.11.0-r6",
        "1.11.0-r7",
        "1.11.0-r8",
        "1.11.0-r9",
        "1.11.1",
        "1.11.1-debian-9",
        "1.11.1-debian-9-r0",
        "1.11.1-debian-9-r1",
        "1.11.1-debian-9-r10",
        "1.11.1-debian-9-r2",
        "1.11.1-debian-9-r3",
        "1.11.1-debian-9-r4",
        "1.11.1-debian-9-r5",
        "1.11.1-debian-9-r6",
        "1.11.1-debian-9-r7",
        "1.11.1-debian-9-r8",
        "1.11.1-debian-9-r9",
        "1.11.1-ol-7",
        "1.11.1-ol-7-r0",
        "1.11.1-ol-7-r1",
        "1.11.1-ol-7-r10",
        "1.11.1-ol-7-r2",
        "1.11.1-ol-7-r3",
        "1.11.1-ol-7-r4",
        "1.11.1-ol-7-r5",
        "1.11.1-ol-7-r6",
        "1.11.1-ol-7-r7",
        "1.11.1-ol-7-r8",
        "1.11.1-ol-7-r9",
        "1.11.1-r0",
        "1.11.1-r1",
        "1.11.1-r10",
        "1.11.1-r2",
        "1.11.1-r3",
        "1.11.1-r4",
        "1.11.1-r5",
        "1.11.1-r6",
        "1.11.1-r7",
        "1.11.1-r8",
        "1.11.1-r9",
        "1.12.0",
        "1.12.0-debian-9",
        "1.12.0-debian-9-r0",
        "1.12.0-debian-9-r1",
        "1.12.0-debian-9-r10",
        "1.12.0-debian-9-r100",
        "1.12.0-debian-9-r101",
        "1.12.0-debian-9-r102",
        "1.12.0-debian-9-r103",
        "1.12.0-debian-9-r104",
        "1.12.0-debian-9-r105",
        "1.12.0-debian-9-r106",
        "1.12.0-debian-9-r107",
        "1.12.0-debian-9-r108",
        "1.12.0-debian-9-r109",
        "1.12.0-debian-9-r11",
        "1.12.0-debian-9-r110",
        "1.12.0-debian-9-r111",
        "1.12.0-debian-9-r112",
        "1.12.0-debian-9-r113",
        "1.12.0-debian-9-r114",
        "1.12.0-debian-9-r115",
        "1.12.0-debian-9-r116",
        "1.12.0-debian-9-r117",
        "1.12.0-debian-9-r12",
        "1.12.0-debian-9-r13",
        "1.12.0-debian-9-r15",
        "1.12.0-debian-9-r16",
        "1.12.0-debian-9-r17",
        "1.12.0-debian-9-r18",
        "1.12.0-debian-9-r19",
        "1.12.0-debian-9-r2",
        "1.12.0-debian-9-r20",
        "1.12.0-debian-9-r21",
        "1.12.0-debian-9-r22",
        "1.12.0-debian-9-r23",
        "1.12.0-debian-9-r24",
        "1.12.0-debian-9-r25",
        "1.12.0-debian-9-r26",
        "1.12.0-debian-9-r27",
        "1.12.0-debian-9-r28",
        "1.12.0-debian-9-r29",
        "1.12.0-debian-9-r3",
        "1.12.0-debian-9-r30",
        "1.12.0-debian-9-r31",
        "1.12.0-debian-9-r32",
        "1.12.0-debian-9-r33",
        "1.12.0-debian-9-r34",
        "1.12.0-debian-9-r35",
        "1.12.0-debian-9-r36",
        "1.12.0-debian-9-r37",
        "1.12.0-debian-9-r38",
        "1.12.0-debian-9-r39",
        "1.12.0-debian-9-r4",
        "1.12.0-debian-9-r40",
        "1.12.0-debian-9-r41",
        "1.12.0-debian-9-r42",
        "1.12.0-debian-9-r43",
        "1.12.0-debian-9-r44",
        "1.12.0-debian-9-r45",
        "1.12.0-debian-9-r46",
        "1.12.0-debian-9-r47",
        "1.12.0-debian-9-r48",
        "1.12.0-debian-9-r49",
        "1.12.0-debian-9-r5",
        "1.12.0-debian-9-r50",
        "1.12.0-debian-9-r51",
        "1.12.0-debian-9-r52",
        "1.12.0-debian-9-r54",
        "1.12.0-debian-9-r55",
        "1.12.0-debian-9-r56",
        "1.12.0-debian-9-r57",
        "1.12.0-debian-9-r58",
        "1.12.0-debian-9-r59",
        "1.12.0-debian-9-r6",
        "1.12.0-debian-9-r60",
        "1.12.0-debian-9-r61",
        "1.12.0-debian-9-r62",
        "1.12.0-debian-9-r63",
        "1.12.0-debian-9-r64",
        "1.12.0-debian-9-r65",
        "1.12.0-debian-9-r66",
        "1.12.0-debian-9-r67",
        "1.12.0-debian-9-r68",
        "1.12.0-debian-9-r69",
        "1.12.0-debian-9-r7",
        "1.12.0-debian-9-r70",
        "1.12.0-debian-9-r71",
        "1.12.0-debian-9-r72",
        "1.12.0-debian-9-r73",
        "1.12.0-debian-9-r74",
        "1.12.0-debian-9-r75",
        "1.12.0-debian-9-r76",
        "1.12.0-debian-9-r77",
        "1.12.0-debian-9-r78",
        "1.12.0-debian-9-r79",
        "1.12.0-debian-9-r8",
        "1.12.0-debian-9-r80",
        "1.12.0-debian-9-r81",
        "1.12.0-debian-9-r82",
        "1.12.0-debian-9-r83",
        "1.12.0-debian-9-r84",
        "1.12.0-debian-9-r85",
        "1.12.0-debian-9-r86",
        "1.12.0-debian-9-r87",
        "1.12.0-debian-9-r88",
        "1.12.0-debian-9-r89",
        "1.12.0-debian-9-r9",
        "1.12.0-debian-9-r90",
        "1.12.0-debian-9-r91",
        "1.12.0-debian-9-r92",
        "1.12.0-debian-9-r93",
        "1.12.0-debian-9-r94",
        "1.12.0-debian-9-r95",
        "1.12.0-debian-9-r96",
        "1.12.0-debian-9-r97",
        "1.12.0-debian-9-r98",
        "1.12.0-debian-9-r99",
        "1.12.0-ol-7",
        "1.12.0-ol-7-r0",
        "1.12.0-ol-7-r1",
        "1.12.0-ol-7-r10",
        "1.12.0-ol-7-r100",
        "1.12.0-ol-7-r101",
        "1.12.0-ol-7-r102",
        "1.12.0-ol-7-r103",
        "1.12.0-ol-7-r104",
        "1.12.0-ol-7-r105",
        "1.12.0-ol-7-r106",
        "1.12.0-ol-7-r107",
        "1.12.0-ol-7-r108",
        "1.12.0-ol-7-r109",
        "1.12.0-ol-7-r11",
        "1.12.0-ol-7-r110",
        "1.12.0-ol-7-r111",
        "1.12.0-ol-7-r112",
        "1.12.0-ol-7-r113",
        "1.12.0-ol-7-r114",
        "1.12.0-ol-7-r115",
        "1.12.0-ol-7-r116",
        "1.12.0-ol-7-r117",
        "1.12.0-ol-7-r118",
        "1.12.0-ol-7-r119",
        "1.12.0-ol-7-r12",
        "1.12.0-ol-7-r13",
        "1.12.0-ol-7-r14",
        "1.12.0-ol-7-r15",
        "1.12.0-ol-7-r16",
        "1.12.0-ol-7-r17",
        "1.12.0-ol-7-r18",
        "1.12.0-ol-7-r19",
        "1.12.0-ol-7-r2",
        "1.12.0-ol-7-r20",
        "1.12.0-ol-7-r21",
        "1.12.0-ol-7-r22",
        "1.12.0-ol-7-r23",
        "1.12.0-ol-7-r24",
        "1.12.0-ol-7-r25",
        "1.12.0-ol-7-r26",
        "1.12.0-ol-7-r27",
        "1.12.0-ol-7-r28",
        "1.12.0-ol-7-r29",
        "1.12.0-ol-7-r3",
        "1.12.0-ol-7-r30",
        "1.12.0-ol-7-r31",
        "1.12.0-ol-7-r32",
        "1.12.0-ol-7-r33",
        "1.12.0-ol-7-r34",
        "1.12.0-ol-7-r35",
        "1.12.0-ol-7-r36",
        "1.12.0-ol-7-r37",
        "1.12.0-ol-7-r38",
        "1.12.0-ol-7-r39",
        "1.12.0-ol-7-r4",
        "1.12.0-ol-7-r40",
        "1.12.0-ol-7-r41",
        "1.12.0-ol-7-r42",
        "1.12.0-ol-7-r44",
        "1.12.0-ol-7-r45",
        "1.12.0-ol-7-r46",
        "1.12.0-ol-7-r47",
        "1.12.0-ol-7-r48",
        "1.12.0-ol-7-r49",
        "1.12.0-ol-7-r5",
        "1.12.0-ol-7-r50",
        "1.12.0-ol-7-r51",
        "1.12.0-ol-7-r52",
        "1.12.0-ol-7-r53",
        "1.12.0-ol-7-r54",
        "1.12.0-ol-7-r55",
        "1.12.0-ol-7-r56",
        "1.12.0-ol-7-r57",
        "1.12.0-ol-7-r58",
        "1.12.0-ol-7-r59",
        "1.12.0-ol-7-r6",
        "1.12.0-ol-7-r60",
        "1.12.0-ol-7-r61",
        "1.12.0-ol-7-r62",
        "1.12.0-ol-7-r63",
        "1.12.0-ol-7-r64",
        "1.12.0-ol-7-r65",
        "1.12.0-ol-7-r66",
        "1.12.0-ol-7-r67",
        "1.12.0-ol-7-r68",
        "1.12.0-ol-7-r69",
        "1.12.0-ol-7-r7",
        "1.12.0-ol-7-r70",
        "1.12.0-ol-7-r71",
        "1.12.0-ol-7-r72",
        "1.12.0-ol-7-r73",
        "1.12.0-ol-7-r74",
        "1.12.0-ol-7-r75",
        "1.12.0-ol-7-r76",
        "1.12.0-ol-7-r77",
        "1.12.0-ol-7-r78",
        "1.12.0-ol-7-r79",
        "1.12.0-ol-7-r8",
        "1.12.0-ol-7-r80",
        "1.12.0-ol-7-r81",
        "1.12.0-ol-7-r82",
        "1.12.0-ol-7-r83",
        "1.12.0-ol-7-r84",
        "1.12.0-ol-7-r85",
        "1.12.0-ol-7-r86",
        "1.12.0-ol-7-r87",
        "1.12.0-ol-7-r88",
        "1.12.0-ol-7-r89",
        "1.12.0-ol-7-r9",
        "1.12.0-ol-7-r90",
        "1.12.0-ol-7-r91",
        "1.12.0-ol-7-r92",
        "1.12.0-ol-7-r93",
        "1.12.0-ol-7-r94",
        "1.12.0-ol-7-r95",
        "1.12.0-ol-7-r96",
        "1.12.0-ol-7-r97",
        "1.12.0-ol-7-r98",
        "1.12.0-ol-7-r99",
        "1.12.0-r0",
        "1.12.0-r1",
        "1.12.0-r10",
        "1.12.0-r100",
        "1.12.0-r101",
        "1.12.0-r102",
        "1.12.0-r103",
        "1.12.0-r104",
        "1.12.0-r105",
        "1.12.0-r106",
        "1.12.0-r107",
        "1.12.0-r108",
        "1.12.0-r109",
        "1.12.0-r11",
        "1.12.0-r110",
        "1.12.0-r111",
        "1.12.0-r112",
        "1.12.0-r113",
        "1.12.0-r114",
        "1.12.0-r115",
        "1.12.0-r116",
        "1.12.0-r12",
        "1.12.0-r13",
        "1.12.0-r14",
        "1.12.0-r15",
        "1.12.0-r16",
        "1.12.0-r17",
        "1.12.0-r18",
        "1.12.0-r19",
        "1.12.0-r2",
        "1.12.0-r20",
        "1.12.0-r21",
        "1.12.0-r22",
        "1.12.0-r23",
        "1.12.0-r24",
        "1.12.0-r25",
        "1.12.0-r26",
        "1.12.0-r27",
        "1.12.0-r28",
        "1.12.0-r29",
        "1.12.0-r3",
        "1.12.0-r30",
        "1.12.0-r31",
        "1.12.0-r32",
        "1.12.0-r33",
        "1.12.0-r34",
        "1.12.0-r35",
        "1.12.0-r36",
        "1.12.0-r37",
        "1.12.0-r38",
        "1.12.0-r39",
        "1.12.0-r4",
        "1.12.0-r40",
        "1.12.0-r41",
        "1.12.0-r42",
        "1.12.0-r43",
        "1.12.0-r44",
        "1.12.0-r45",
        "1.12.0-r46",
        "1.12.0-r47",
        "1.12.0-r48",
        "1.12.0-r49",
        "1.12.0-r5",
        "1.12.0-r50",
        "1.12.0-r51",
        "1.12.0-r52",
        "1.12.0-r54",
        "1.12.0-r55",
        "1.12.0-r56",
        "1.12.0-r57",
        "1.12.0-r58",
        "1.12.0-r59",
        "1.12.0-r6",
        "1.12.0-r60",
        "1.12.0-r61",
        "1.12.0-r62",
        "1.12.0-r63",
        "1.12.0-r64",
        "1.12.0-r65",
        "1.12.0-r66",
        "1.12.0-r67",
        "1.12.0-r68",
        "1.12.0-r69",
        "1.12.0-r7",
        "1.12.0-r70",
        "1.12.0-r71",
        "1.12.0-r72",
        "1.12.0-r73",
        "1.12.0-r74",
        "1.12.0-r75",
        "1.12.0-r76",
        "1.12.0-r77",
        "1.12.0-r78",
        "1.12.0-r79",
        "1.12.0-r8",
        "1.12.0-r80",
        "1.12.0-r81",
        "1.12.0-r82",
        "1.12.0-r83",
        "1.12.0-r84",
        "1.12.0-r85",
        "1.12.0-r86",
        "1.12.0-r87",
        "1.12.0-r88",
        "1.12.0-r89",
        "1.12.0-r9",
        "1.12.0-r90",
        "1.12.0-r91",
        "1.12.0-r92",
        "1.12.0-r93",
        "1.12.0-r94",
        "1.12.0-r95",
        "1.12.0-r96",
        "1.12.0-r97",
        "1.12.0-r98",
        "1.12.0-r99",
        "1.13.0",
        "1.13.0-debian-9-r0",
        "1.13.0-debian-9-r1",
        "1.13.0-debian-9-r10",
        "1.13.0-debian-9-r100",
        "1.13.0-debian-9-r101",
        "1.13.0-debian-9-r102",
        "1.13.0-debian-9-r11",
        "1.13.0-debian-9-r12",
        "1.13.0-debian-9-r13",
        "1.13.0-debian-9-r14",
        "1.13.0-debian-9-r15",
        "1.13.0-debian-9-r16",
        "1.13.0-debian-9-r17",
        "1.13.0-debian-9-r18",
        "1.13.0-debian-9-r19",
        "1.13.0-debian-9-r2",
        "1.13.0-debian-9-r20",
        "1.13.0-debian-9-r21",
        "1.13.0-debian-9-r22",
        "1.13.0-debian-9-r23",
        "1.13.0-debian-9-r24",
        "1.13.0-debian-9-r25",
        "1.13.0-debian-9-r26",
        "1.13.0-debian-9-r27",
        "1.13.0-debian-9-r28",
        "1.13.0-debian-9-r29",
        "1.13.0-debian-9-r3",
        "1.13.0-debian-9-r30",
        "1.13.0-debian-9-r31",
        "1.13.0-debian-9-r32",
        "1.13.0-debian-9-r33",
        "1.13.0-debian-9-r34",
        "1.13.0-debian-9-r35",
        "1.13.0-debian-9-r36",
        "1.13.0-debian-9-r37",
        "1.13.0-debian-9-r38",
        "1.13.0-debian-9-r39",
        "1.13.0-debian-9-r4",
        "1.13.0-debian-9-r40",
        "1.13.0-debian-9-r41",
        "1.13.0-debian-9-r42",
        "1.13.0-debian-9-r43",
        "1.13.0-debian-9-r44",
        "1.13.0-debian-9-r45",
        "1.13.0-debian-9-r46",
        "1.13.0-debian-9-r47",
        "1.13.0-debian-9-r48",
        "1.13.0-debian-9-r49",
        "1.13.0-debian-9-r5",
        "1.13.0-debian-9-r50",
        "1.13.0-debian-9-r51",
        "1.13.0-debian-9-r52",
        "1.13.0-debian-9-r53",
        "1.13.0-debian-9-r54",
        "1.13.0-debian-9-r55",
        "1.13.0-debian-9-r56",
        "1.13.0-debian-9-r57",
        "1.13.0-debian-9-r58",
        "1.13.0-debian-9-r59",
        "1.13.0-debian-9-r6",
        "1.13.0-debian-9-r60",
        "1.13.0-debian-9-r61",
        "1.13.0-debian-9-r62",
        "1.13.0-debian-9-r63",
        "1.13.0-debian-9-r64",
        "1.13.0-debian-9-r65",
        "1.13.0-debian-9-r66",
        "1.13.0-debian-9-r67",
        "1.13.0-debian-9-r68",
        "1.13.0-debian-9-r69",
        "1.13.0-debian-9-r7",
        "1.13.0-debian-9-r70",
        "1.13.0-debian-9-r71",
        "1.13.0-debian-9-r72",
        "1.13.0-debian-9-r73",
        "1.13.0-debian-9-r74",
        "1.13.0-debian-9-r75",
        "1.13.0-debian-9-r76",
        "1.13.0-debian-9-r77",
        "1.13.0-debian-9-r78",
        "1.13.0-debian-9-r79",
        "1.13.0-debian-9-r8",
        "1.13.0-debian-9-r80",
        "1.13.0-debian-9-r81",
        "1.13.0-debian-9-r82",
        "1.13.0-debian-9-r83",
        "1.13.0-debian-9-r84",
        "1.13.0-debian-9-r85",
        "1.13.0-debian-9-r86",
        "1.13.0-debian-9-r87",
        "1.13.0-debian-9-r88",
        "1.13.0-debian-9-r89",
        "1.13.0-debian-9-r9",
        "1.13.0-debian-9-r90",
        "1.13.0-debian-9-r91",
        "1.13.0-debian-9-r92",
        "1.13.0-debian-9-r93",
        "1.13.0-debian-9-r94",
        "1.13.0-debian-9-r95",
        "1.13.0-debian-9-r96",
        "1.13.0-debian-9-r97",
        "1.13.0-debian-9-r98",
        "1.13.0-debian-9-r99",
        "1.13.0-ol-7-r0",
        "1.13.0-ol-7-r1",
        "1.13.0-ol-7-r10",
        "1.13.0-ol-7-r100",
        "1.13.0-ol-7-r101",
        "1.13.0-ol-7-r102",
        "1.13.0-ol-7-r103",
        "1.13.0-ol-7-r104",
        "1.13.0-ol-7-r105",
        "1.13.0-ol-7-r106",
        "1.13.0-ol-7-r107",
        "1.13.0-ol-7-r108",
        "1.13.0-ol-7-r109",
        "1.13.0-ol-7-r11",
        "1.13.0-ol-7-r110",
        "1.13.0-ol-7-r111",
        "1.13.0-ol-7-r112",
        "1.13.0-ol-7-r113",
        "1.13.0-ol-7-r114",
        "1.13.0-ol-7-r115",
        "1.13.0-ol-7-r116",
        "1.13.0-ol-7-r117",
        "1.13.0-ol-7-r118",
        "1.13.0-ol-7-r119",
        "1.13.0-ol-7-r12",
        "1.13.0-ol-7-r120",
        "1.13.0-ol-7-r13",
        "1.13.0-ol-7-r14",
        "1.13.0-ol-7-r15",
        "1.13.0-ol-7-r16",
        "1.13.0-ol-7-r17",
        "1.13.0-ol-7-r18",
        "1.13.0-ol-7-r19",
        "1.13.0-ol-7-r2",
        "1.13.0-ol-7-r20",
        "1.13.0-ol-7-r21",
        "1.13.0-ol-7-r22",
        "1.13.0-ol-7-r23",
        "1.13.0-ol-7-r24",
        "1.13.0-ol-7-r25",
        "1.13.0-ol-7-r27",
        "1.13.0-ol-7-r28",
        "1.13.0-ol-7-r29",
        "1.13.0-ol-7-r3",
        "1.13.0-ol-7-r30",
        "1.13.0-ol-7-r31",
        "1.13.0-ol-7-r32",
        "1.13.0-ol-7-r33",
        "1.13.0-ol-7-r34",
        "1.13.0-ol-7-r35",
        "1.13.0-ol-7-r36",
        "1.13.0-ol-7-r37",
        "1.13.0-ol-7-r38",
        "1.13.0-ol-7-r39",
        "1.13.0-ol-7-r4",
        "1.13.0-ol-7-r40",
        "1.13.0-ol-7-r41",
        "1.13.0-ol-7-r42",
        "1.13.0-ol-7-r43",
        "1.13.0-ol-7-r44",
        "1.13.0-ol-7-r45",
        "1.13.0-ol-7-r46",
        "1.13.0-ol-7-r47",
        "1.13.0-ol-7-r48",
        "1.13.0-ol-7-r49",
        "1.13.0-ol-7-r5",
        "1.13.0-ol-7-r50",
        "1.13.0-ol-7-r51",
        "1.13.0-ol-7-r52",
        "1.13.0-ol-7-r53",
        "1.13.0-ol-7-r54",
        "1.13.0-ol-7-r55",
        "1.13.0-ol-7-r56",
        "1.13.0-ol-7-r57",
        "1.13.0-ol-7-r58",
        "1.13.0-ol-7-r59",
        "1.13.0-ol-7-r6",
        "1.13.0-ol-7-r60",
        "1.13.0-ol-7-r61",
        "1.13.0-ol-7-r62",
        "1.13.0-ol-7-r63",
        "1.13.0-ol-7-r64",
        "1.13.0-ol-7-r65",
        "1.13.0-ol-7-r66",
        "1.13.0-ol-7-r67",
        "1.13.0-ol-7-r68",
        "1.13.0-ol-7-r69",
        "1.13.0-ol-7-r7",
        "1.13.0-ol-7-r70",
        "1.13.0-ol-7-r71",
        "1.13.0-ol-7-r72",
        "1.13.0-ol-7-r73",
        "1.13.0-ol-7-r74",
        "1.13.0-ol-7-r75",
        "1.13.0-ol-7-r76",
        "1.13.0-ol-7-r77",
        "1.13.0-ol-7-r78",
        "1.13.0-ol-7-r79",
        "1.13.0-ol-7-r8",
        "1.13.0-ol-7-r80",
        "1.13.0-ol-7-r81",
        "1.13.0-ol-7-r82",
        "1.13.0-ol-7-r83",
        "1.13.0-ol-7-r84",
        "1.13.0-ol-7-r85",
        "1.13.0-ol-7-r86",
        "1.13.0-ol-7-r87",
        "1.13.0-ol-7-r88",
        "1.13.0-ol-7-r89",
        "1.13.0-ol-7-r9",
        "1.13.0-ol-7-r90",
        "1.13.0-ol-7-r91",
        "1.13.0-ol-7-r92",
        "1.13.0-ol-7-r93",
        "1.13.0-ol-7-r94",
        "1.13.0-ol-7-r95",
        "1.13.0-ol-7-r96",
        "1.13.0-ol-7-r97",
        "1.13.0-ol-7-r98",
        "1.13.0-ol-7-r99",
        "1.13.0-r0",
        "1.13.0-r1",
        "1.13.0-r10",
        "1.13.0-r100",
        "1.13.0-r101",
        "1.13.0-r102",
        "1.13.0-r11",
        "1.13.0-r12",
        "1.13.0-r13",
        "1.13.0-r14",
        "1.13.0-r15",
        "1.13.0-r16",
        "1.13.0-r17",
        "1.13.0-r18",
        "1.13.0-r19",
        "1.13.0-r2",
        "1.13.0-r20",
        "1.13.0-r21",
        "1.13.0-r22",
        "1.13.0-r23",
        "1.13.0-r24",
        "1.13.0-r25",
        "1.13.0-r26",
        "1.13.0-r27",
        "1.13.0-r28",
        "1.13.0-r29",
        "1.13.0-r3",
        "1.13.0-r30",
        "1.13.0-r31",
        "1.13.0-r32",
        "1.13.0-r33",
        "1.13.0-r34",
        "1.13.0-r35",
        "1.13.0-r36",
        "1.13.0-r37",
        "1.13.0-r38",
        "1.13.0-r39",
        "1.13.0-r4",
        "1.13.0-r40",
        "1.13.0-r41",
        "1.13.0-r42",
        "1.13.0-r43",
        "1.13.0-r44",
        "1.13.0-r45",
        "1.13.0-r46",
        "1.13.0-r47",
        "1.13.0-r48",
        "1.13.0-r49",
        "1.13.0-r5",
        "1.13.0-r50",
        "1.13.0-r51",
        "1.13.0-r52",
        "1.13.0-r53",
        "1.13.0-r54",
        "1.13.0-r55",
        "1.13.0-r56",
        "1.13.0-r57",
        "1.13.0-r58",
        "1.13.0-r59",
        "1.13.0-r6",
        "1.13.0-r60",
        "1.13.0-r61",
        "1.13.0-r62",
        "1.13.0-r63",
        "1.13.0-r64",
        "1.13.0-r65",
        "1.13.0-r66",
        "1.13.0-r67",
        "1.13.0-r68",
        "1.13.0-r69",
        "1.13.0-r7",
        "1.13.0-r70",
        "1.13.0-r71",
        "1.13.0-r72",
        "1.13.0-r73",
        "1.13.0-r74",
        "1.13.0-r75",
        "1.13.0-r76",
        "1.13.0-r77",
        "1.13.0-r78",
        "1.13.0-r79",
        "1.13.0-r8",
        "1.13.0-r80",
        "1.13.0-r81",
        "1.13.0-r82",
        "1.13.0-r83",
        "1.13.0-r84",
        "1.13.0-r85",
        "1.13.0-r86",
        "1.13.0-r87",
        "1.13.0-r88",
        "1.13.0-r89",
        "1.13.0-r9",
        "1.13.0-r90",
        "1.13.0-r91",
        "1.13.0-r92",
        "1.13.0-r93",
        "1.13.0-r94",
        "1.13.0-r95",
        "1.13.0-r96",
        "1.13.0-r97",
        "1.13.0-r98",
        "1.13.0-r99",
        "1.14.0",
        "1.14.0-debian-9-r0",
        "1.14.0-debian-9-r1",
        "1.14.0-debian-9-r10",
        "1.14.0-debian-9-r100",
        "1.14.0-debian-9-r101",
        "1.14.0-debian-9-r102",
        "1.14.0-debian-9-r103",
        "1.14.0-debian-9-r104",
        "1.14.0-debian-9-r105",
        "1.14.0-debian-9-r106",
        "1.14.0-debian-9-r107",
        "1.14.0-debian-9-r108",
        "1.14.0-debian-9-r109",
        "1.14.0-debian-9-r11",
        "1.14.0-debian-9-r110",
        "1.14.0-debian-9-r111",
        "1.14.0-debian-9-r112",
        "1.14.0-debian-9-r113",
        "1.14.0-debian-9-r114",
        "1.14.0-debian-9-r115",
        "1.14.0-debian-9-r116",
        "1.14.0-debian-9-r117",
        "1.14.0-debian-9-r118",
        "1.14.0-debian-9-r119",
        "1.14.0-debian-9-r12",
        "1.14.0-debian-9-r13",
        "1.14.0-debian-9-r14",
        "1.14.0-debian-9-r15",
        "1.14.0-debian-9-r16",
        "1.14.0-debian-9-r17",
        "1.14.0-debian-9-r18",
        "1.14.0-debian-9-r19",
        "1.14.0-debian-9-r2",
        "1.14.0-debian-9-r20",
        "1.14.0-debian-9-r21",
        "1.14.0-debian-9-r22",
        "1.14.0-debian-9-r23",
        "1.14.0-debian-9-r24",
        "1.14.0-debian-9-r25",
        "1.14.0-debian-9-r26",
        "1.14.0-debian-9-r27",
        "1.14.0-debian-9-r28",
        "1.14.0-debian-9-r29",
        "1.14.0-debian-9-r3",
        "1.14.0-debian-9-r30",
        "1.14.0-debian-9-r31",
        "1.14.0-debian-9-r32",
        "1.14.0-debian-9-r33",
        "1.14.0-debian-9-r34",
        "1.14.0-debian-9-r35",
        "1.14.0-debian-9-r36",
        "1.14.0-debian-9-r37",
        "1.14.0-debian-9-r38",
        "1.14.0-debian-9-r39",
        "1.14.0-debian-9-r4",
        "1.14.0-debian-9-r40",
        "1.14.0-debian-9-r41",
        "1.14.0-debian-9-r42",
        "1.14.0-debian-9-r43",
        "1.14.0-debian-9-r44",
        "1.14.0-debian-9-r45",
        "1.14.0-debian-9-r46",
        "1.14.0-debian-9-r47",
        "1.14.0-debian-9-r48",
        "1.14.0-debian-9-r49",
        "1.14.0-debian-9-r5",
        "1.14.0-debian-9-r50",
        "1.14.0-debian-9-r51",
        "1.14.0-debian-9-r52",
        "1.14.0-debian-9-r53",
        "1.14.0-debian-9-r54",
        "1.14.0-debian-9-r55",
        "1.14.0-debian-9-r56",
        "1.14.0-debian-9-r57",
        "1.14.0-debian-9-r58",
        "1.14.0-debian-9-r59",
        "1.14.0-debian-9-r6",
        "1.14.0-debian-9-r60",
        "1.14.0-debian-9-r61",
        "1.14.0-debian-9-r62",
        "1.14.0-debian-9-r63",
        "1.14.0-debian-9-r64",
        "1.14.0-debian-9-r65",
        "1.14.0-debian-9-r66",
        "1.14.0-debian-9-r67",
        "1.14.0-debian-9-r68",
        "1.14.0-debian-9-r69",
        "1.14.0-debian-9-r7",
        "1.14.0-debian-9-r70",
        "1.14.0-debian-9-r71",
        "1.14.0-debian-9-r72",
        "1.14.0-debian-9-r73",
        "1.14.0-debian-9-r74",
        "1.14.0-debian-9-r75",
        "1.14.0-debian-9-r76",
        "1.14.0-debian-9-r77",
        "1.14.0-debian-9-r78",
        "1.14.0-debian-9-r79",
        "1.14.0-debian-9-r8",
        "1.14.0-debian-9-r80",
        "1.14.0-debian-9-r81",
        "1.14.0-debian-9-r82",
        "1.14.0-debian-9-r83",
        "1.14.0-debian-9-r84",
        "1.14.0-debian-9-r85",
        "1.14.0-debian-9-r86",
        "1.14.0-debian-9-r87",
        "1.14.0-debian-9-r88",
        "1.14.0-debian-9-r89",
        "1.14.0-debian-9-r9",
        "1.14.0-debian-9-r90",
        "1.14.0-debian-9-r91",
        "1.14.0-debian-9-r92",
        "1.14.0-debian-9-r93",
        "1.14.0-debian-9-r94",
        "1.14.0-debian-9-r95",
        "1.14.0-debian-9-r96",
        "1.14.0-debian-9-r97",
        "1.14.0-debian-9-r98",
        "1.14.0-debian-9-r99",
        "1.14.0-ol-7-r0",
        "1.14.0-ol-7-r1",
        "1.14.0-ol-7-r10",
        "1.14.0-ol-7-r100",
        "1.14.0-ol-7-r101",
        "1.14.0-ol-7-r102",
        "1.14.0-ol-7-r103",
        "1.14.0-ol-7-r104",
        "1.14.0-ol-7-r105",
        "1.14.0-ol-7-r106",
        "1.14.0-ol-7-r107",
        "1.14.0-ol-7-r108",
        "1.14.0-ol-7-r109",
        "1.14.0-ol-7-r11",
        "1.14.0-ol-7-r110",
        "1.14.0-ol-7-r111",
        "1.14.0-ol-7-r112",
        "1.14.0-ol-7-r113",
        "1.14.0-ol-7-r114",
        "1.14.0-ol-7-r115",
        "1.14.0-ol-7-r116",
        "1.14.0-ol-7-r117",
        "1.14.0-ol-7-r118",
        "1.14.0-ol-7-r119",
        "1.14.0-ol-7-r12",
        "1.14.0-ol-7-r120",
        "1.14.0-ol-7-r121",
        "1.14.0-ol-7-r122",
        "1.14.0-ol-7-r123",
        "1.14.0-ol-7-r124",
        "1.14.0-ol-7-r125",
        "1.14.0-ol-7-r126",
        "1.14.0-ol-7-r127",
        "1.14.0-ol-7-r13",
        "1.14.0-ol-7-r14",
        "1.14.0-ol-7-r15",
        "1.14.0-ol-7-r16",
        "1.14.0-ol-7-r17",
        "1.14.0-ol-7-r18",
        "1.14.0-ol-7-r19",
        "1.14.0-ol-7-r2",
        "1.14.0-ol-7-r20",
        "1.14.0-ol-7-r21",
        "1.14.0-ol-7-r22",
        "1.14.0-ol-7-r23",
        "1.14.0-ol-7-r24",
        "1.14.0-ol-7-r25",
        "1.14.0-ol-7-r26",
        "1.14.0-ol-7-r27",
        "1.14.0-ol-7-r28",
        "1.14.0-ol-7-r29",
        "1.14.0-ol-7-r3",
        "1.14.0-ol-7-r30",
        "1.14.0-ol-7-r31",
        "1.14.0-ol-7-r32",
        "1.14.0-ol-7-r33",
        "1.14.0-ol-7-r34",
        "1.14.0-ol-7-r35",
        "1.14.0-ol-7-r36",
        "1.14.0-ol-7-r37",
        "1.14.0-ol-7-r38",
        "1.14.0-ol-7-r39",
        "1.14.0-ol-7-r4",
        "1.14.0-ol-7-r40",
        "1.14.0-ol-7-r41",
        "1.14.0-ol-7-r42",
        "1.14.0-ol-7-r43",
        "1.14.0-ol-7-r44",
        "1.14.0-ol-7-r45",
        "1.14.0-ol-7-r46",
        "1.14.0-ol-7-r47",
        "1.14.0-ol-7-r48",
        "1.14.0-ol-7-r49",
        "1.14.0-ol-7-r5",
        "1.14.0-ol-7-r50",
        "1.14.0-ol-7-r51",
        "1.14.0-ol-7-r52",
        "1.14.0-ol-7-r53",
        "1.14.0-ol-7-r54",
        "1.14.0-ol-7-r55",
        "1.14.0-ol-7-r56",
        "1.14.0-ol-7-r57",
        "1.14.0-ol-7-r58",
        "1.14.0-ol-7-r59",
        "1.14.0-ol-7-r6",
        "1.14.0-ol-7-r60",
        "1.14.0-ol-7-r61",
        "1.14.0-ol-7-r62",
        "1.14.0-ol-7-r63",
        "1.14.0-ol-7-r64",
        "1.14.0-ol-7-r65",
        "1.14.0-ol-7-r66",
        "1.14.0-ol-7-r67",
        "1.14.0-ol-7-r68",
        "1.14.0-ol-7-r69",
        "1.14.0-ol-7-r7",
        "1.14.0-ol-7-r70",
        "1.14.0-ol-7-r71",
        "1.14.0-ol-7-r72",
        "1.14.0-ol-7-r73",
        "1.14.0-ol-7-r74",
        "1.14.0-ol-7-r75",
        "1.14.0-ol-7-r76",
        "1.14.0-ol-7-r77",
        "1.14.0-ol-7-r78",
        "1.14.0-ol-7-r79",
        "1.14.0-ol-7-r8",
        "1.14.0-ol-7-r80",
        "1.14.0-ol-7-r81",
        "1.14.0-ol-7-r82",
        "1.14.0-ol-7-r83",
        "1.14.0-ol-7-r84",
        "1.14.0-ol-7-r85",
        "1.14.0-ol-7-r86",
        "1.14.0-ol-7-r87",
        "1.14.0-ol-7-r88",
        "1.14.0-ol-7-r89",
        "1.14.0-ol-7-r9",
        "1.14.0-ol-7-r90",
        "1.14.0-ol-7-r91",
        "1.14.0-ol-7-r92",
        "1.14.0-ol-7-r93",
        "1.14.0-ol-7-r94",
        "1.14.0-ol-7-r95",
        "1.14.0-ol-7-r96",
        "1.14.0-ol-7-r97",
        "1.14.0-ol-7-r98",
        "1.14.0-ol-7-r99",
        "1.14.0-r0",
        "1.14.0-r1",
        "1.14.0-r10",
        "1.14.0-r100",
        "1.14.0-r101",
        "1.14.0-r102",
        "1.14.0-r103",
        "1.14.0-r104",
        "1.14.0-r105",
        "1.14.0-r106",
        "1.14.0-r107",
        "1.14.0-r108",
        "1.14.0-r109",
        "1.14.0-r11",
        "1.14.0-r110",
        "1.14.0-r111",
        "1.14.0-r112",
        "1.14.0-r113",
        "1.14.0-r114",
        "1.14.0-r115",
        "1.14.0-r116",
        "1.14.0-r117",
        "1.14.0-r118",
        "1.14.0-r119",
        "1.14.0-r12",
        "1.14.0-r13",
        "1.14.0-r14",
        "1.14.0-r15",
        "1.14.0-r16",
        "1.14.0-r17",
        "1.14.0-r18",
        "1.14.0-r19",
        "1.14.0-r2",
        "1.14.0-r20",
        "1.14.0-r21",
        "1.14.0-r22",
        "1.14.0-r23",
        "1.14.0-r24",
        "1.14.0-r25",
        "1.14.0-r26",
        "1.14.0-r27",
        "1.14.0-r28",
        "1.14.0-r29",
        "1.14.0-r3",
        "1.14.0-r30",
        "1.14.0-r31",
        "1.14.0-r32",
        "1.14.0-r33",
        "1.14.0-r34",
        "1.14.0-r35",
        "1.14.0-r36",
        "1.14.0-r37",
        "1.14.0-r38",
        "1.14.0-r39",
        "1.14.0-r4",
        "1.14.0-r40",
        "1.14.0-r41",
        "1.14.0-r42",
        "1.14.0-r43",
        "1.14.0-r44",
        "1.14.0-r45",
        "1.14.0-r46",
        "1.14.0-r47",
        "1.14.0-r48",
        "1.14.0-r49",
        "1.14.0-r5",
        "1.14.0-r50",
        "1.14.0-r51",
        "1.14.0-r52",
        "1.14.0-r53",
        "1.14.0-r54",
        "1.14.0-r55",
        "1.14.0-r56",
        "1.14.0-r57",
        "1.14.0-r58",
        "1.14.0-r59",
        "1.14.0-r6",
        "1.14.0-r60",
        "1.14.0-r61",
        "1.14.0-r62",
        "1.14.0-r63",
        "1.14.0-r64",
        "1.14.0-r65",
        "1.14.0-r66",
        "1.14.0-r67",
        "1.14.0-r68",
        "1.14.0-r69",
        "1.14.0-r7",
        "1.14.0-r70",
        "1.14.0-r71",
        "1.14.0-r72",
        "1.14.0-r73",
        "1.14.0-r74",
        "1.14.0-r75",
        "1.14.0-r76",
        "1.14.0-r77",
        "1.14.0-r78",
        "1.14.0-r79",
        "1.14.0-r8",
        "1.14.0-r80",
        "1.14.0-r81",
        "1.14.0-r82",
        "1.14.0-r83",
        "1.14.0-r84",
        "1.14.0-r85",
        "1.14.0-r86",
        "1.14.0-r87",
        "1.14.0-r88",
        "1.14.0-r89",
        "1.14.0-r9",
        "1.14.0-r90",
        "1.14.0-r91",
        "1.14.0-r92",
        "1.14.0-r93",
        "1.14.0-r94",
        "1.14.0-r95",
        "1.14.0-r96",
        "1.14.0-r97",
        "1.14.0-r98",
        "1.14.0-r99",
        "1.3.0-r0",
        "1.4.0-r0",
        "1.4.0-r1",
        "1.5.0",
        "1.5.0-r0",
        "1.5.0-r1",
        "1.5.0-r2",
        "1.5.0-r3",
        "1.6.0",
        "1.6.0-r0",
        "1.6.0-r1",
        "1.6.0-r2",
        "1.7.0",
        "1.7.0-r0",
        "1.7.0-r10",
        "1.7.0-r11",
        "1.7.0-r12",
        "1.7.0-r13",
        "1.7.0-r14",
        "1.7.0-r15",
        "1.7.0-r16",
        "1.7.0-r17",
        "1.7.0-r18",
        "1.7.0-r19",
        "1.7.0-r2",
        "1.7.0-r20",
        "1.7.0-r21",
        "1.7.0-r22",
        "1.7.0-r23",
        "1.7.0-r24",
        "1.7.0-r25",
        "1.7.0-r26",
        "1.7.0-r27",
        "1.7.0-r28",
        "1.7.0-r29",
        "1.7.0-r3",
        "1.7.0-r30",
        "1.7.0-r31",
        "1.7.0-r32",
        "1.7.0-r33",
        "1.7.0-r34",
        "1.7.0-r35",
        "1.7.0-r36",
        "1.7.0-r37",
        "1.7.0-r38",
        "1.7.0-r39",
        "1.7.0-r4",
        "1.7.0-r40",
        "1.7.0-r41",
        "1.7.0-r42",
        "1.7.0-r43",
        "1.7.0-r44",
        "1.7.0-r45",
        "1.7.0-r46",
        "1.7.0-r47",
        "1.7.0-r48",
        "1.7.0-r49",
        "1.7.0-r5",
        "1.7.0-r50",
        "1.7.0-r51",
        "1.7.0-r6",
        "1.7.0-r7",
        "1.7.0-r8",
        "1.7.0-r9",
        "1.8.0",
        "1.8.0-debian-8",
        "1.8.0-debian-8-r12",
        "1.8.0-debian-8-r13",
        "1.8.0-debian-8-r14",
        "1.8.0-debian-9",
        "1.8.0-debian-9-r0",
        "1.8.0-debian-9-r1",
        "1.8.0-debian-9-r2",
        "1.8.0-debian-9-r3",
        "1.8.0-ol-7",
        "1.8.0-ol-7-r0",
        "1.8.0-ol-7-r1",
        "1.8.0-ol-7-r11",
        "1.8.0-ol-7-r12",
        "1.8.0-ol-7-r13",
        "1.8.0-ol-7-r2",
        "1.8.0-ol-7-r3",
        "1.8.0-ol-7-r4",
        "1.8.0-ol-7-r5",
        "1.8.0-ol-7-r6",
        "1.8.0-ol-7-r7",
        "1.8.0-ol-7-r8",
        "1.8.0-r0",
        "1.8.0-r1",
        "1.8.0-r2",
        "1.8.0-r3",
        "1.8.0-r4",
        "1.8.0-r5",
        "1.8.0-r6",
        "1.8.0-r7",
        "1.8.0-r8",
        "1.8.0-r9",
        "1.9.0",
        "1.9.0-debian-8",
        "1.9.0-debian-8-r0",
        "1.9.0-debian-8-r1",
        "1.9.0-debian-8-r2",
        "1.9.0-debian-8-r3",
        "1.9.0-debian-8-r4",
        "1.9.0-debian-8-r5",
        "1.9.0-debian-8-r6",
        "1.9.0-debian-8-r7",
        "1.9.0-debian-9",
        "1.9.0-debian-9-r0",
        "1.9.0-debian-9-r1",
        "1.9.0-debian-9-r10",
        "1.9.0-debian-9-r11",
        "1.9.0-debian-9-r12",
        "1.9.0-debian-9-r13",
        "1.9.0-debian-9-r14",
        "1.9.0-debian-9-r15",
        "1.9.0-debian-9-r16",
        "1.9.0-debian-9-r17",
        "1.9.0-debian-9-r18",
        "1.9.0-debian-9-r19",
        "1.9.0-debian-9-r2",
        "1.9.0-debian-9-r20",
        "1.9.0-debian-9-r21",
        "1.9.0-debian-9-r22",
        "1.9.0-debian-9-r23",
        "1.9.0-debian-9-r3",
        "1.9.0-debian-9-r4",
        "1.9.0-debian-9-r5",
        "1.9.0-debian-9-r6",
        "1.9.0-debian-9-r7",
        "1.9.0-debian-9-r8",
        "1.9.0-debian-9-r9",
        "1.9.0-ol-7",
        "1.9.0-ol-7-r0",
        "1.9.0-ol-7-r1",
        "1.9.0-ol-7-r10",
        "1.9.0-ol-7-r11",
        "1.9.0-ol-7-r12",
        "1.9.0-ol-7-r13",
        "1.9.0-ol-7-r14",
        "1.9.0-ol-7-r15",
        "1.9.0-ol-7-r16",
        "1.9.0-ol-7-r17",
        "1.9.0-ol-7-r18",
        "1.9.0-ol-7-r19",
        "1.9.0-ol-7-r2",
        "1.9.0-ol-7-r3",
        "1.9.0-ol-7-r4",
        "1.9.0-ol-7-r5",
        "1.9.0-ol-7-r6",
        "1.9.0-ol-7-r7",
        "1.9.0-ol-7-r8",
        "1.9.0-ol-7-r9",
        "1.9.0-r0",
        "1.9.0-r1",
        "1.9.0-r10",
        "1.9.0-r11",
        "1.9.0-r12",
        "1.9.0-r13",
        "1.9.0-r14",
        "1.9.0-r15",
        "1.9.0-r16",
        "1.9.0-r17",
        "1.9.0-r18",
        "1.9.0-r19",
        "1.9.0-r2",
        "1.9.0-r20",
        "1.9.0-r21",
        "1.9.0-r22",
        "1.9.0-r23",
        "1.9.0-r3",
        "1.9.0-r4",
        "1.9.0-r5",
        "1.9.0-r6",
        "1.9.0-r7",
        "1.9.0-r8",
        "1.9.0-r9",
        "1.9.1",
        "1.9.1-debian-9",
        "1.9.1-debian-9-r0",
        "1.9.1-debian-9-r1",
        "1.9.1-debian-9-r10",
        "1.9.1-debian-9-r11",
        "1.9.1-debian-9-r12",
        "1.9.1-debian-9-r13",
        "1.9.1-debian-9-r2",
        "1.9.1-debian-9-r3",
        "1.9.1-debian-9-r4",
        "1.9.1-debian-9-r5",
        "1.9.1-debian-9-r6",
        "1.9.1-debian-9-r7",
        "1.9.1-debian-9-r8",
        "1.9.1-debian-9-r9",
        "1.9.1-ol-7",
        "1.9.1-ol-7-r0",
        "1.9.1-ol-7-r1",
        "1.9.1-ol-7-r10",
        "1.9.1-ol-7-r11",
        "1.9.1-ol-7-r12",
        "1.9.1-ol-7-r13",
        "1.9.1-ol-7-r14",
        "1.9.1-ol-7-r2",
        "1.9.1-ol-7-r3",
        "1.9.1-ol-7-r4",
        "1.9.1-ol-7-r5",
        "1.9.1-ol-7-r6",
        "1.9.1-ol-7-r7",
        "1.9.1-ol-7-r8",
        "1.9.1-ol-7-r9",
        "1.9.1-r0",
        "1.9.1-r1",
        "1.9.1-r10",
        "1.9.1-r11",
        "1.9.1-r12",
        "1.9.1-r13",
        "1.9.1-r2",
        "1.9.1-r3",
        "1.9.1-r4",
        "1.9.1-r5",
        "1.9.1-r6",
        "1.9.1-r7",
        "1.9.1-r8",
        "1.9.1-r9",
        "2",
        "2-debian-10",
        "2-debian-9",
        "2-ol-7",
        "2.0.0",
        "2.0.0-debian-9-r0",
        "2.0.0-debian-9-r1",
        "2.0.0-debian-9-r10",
        "2.0.0-debian-9-r11",
        "2.0.0-debian-9-r12",
        "2.0.0-debian-9-r13",
        "2.0.0-debian-9-r14",
        "2.0.0-debian-9-r15",
        "2.0.0-debian-9-r16",
        "2.0.0-debian-9-r17",
        "2.0.0-debian-9-r18",
        "2.0.0-debian-9-r19",
        "2.0.0-debian-9-r2",
        "2.0.0-debian-9-r20",
        "2.0.0-debian-9-r21",
        "2.0.0-debian-9-r22",
        "2.0.0-debian-9-r23",
        "2.0.0-debian-9-r24",
        "2.0.0-debian-9-r25",
        "2.0.0-debian-9-r26",
        "2.0.0-debian-9-r27",
        "2.0.0-debian-9-r28",
        "2.0.0-debian-9-r29",
        "2.0.0-debian-9-r3",
        "2.0.0-debian-9-r30",
        "2.0.0-debian-9-r31",
        "2.0.0-debian-9-r32",
        "2.0.0-debian-9-r33",
        "2.0.0-debian-9-r34",
        "2.0.0-debian-9-r35",
        "2.0.0-debian-9-r36",
        "2.0.0-debian-9-r37",
        "2.0.0-debian-9-r38",
        "2.0.0-debian-9-r39",
        "2.0.0-debian-9-r4",
        "2.0.0-debian-9-r40",
        "2.0.0-debian-9-r41",
        "2.0.0-debian-9-r42",
        "2.0.0-debian-9-r43",
        "2.0.0-debian-9-r48",
        "2.0.0-debian-9-r49",
        "2.0.0-debian-9-r5",
        "2.0.0-debian-9-r50",
        "2.0.0-debian-9-r51",
        "2.0.0-debian-9-r52",
        "2.0.0-debian-9-r53",
        "2.0.0-debian-9-r54",
        "2.0.0-debian-9-r55",
        "2.0.0-debian-9-r56",
        "2.0.0-debian-9-r57",
        "2.0.0-debian-9-r58",
        "2.0.0-debian-9-r59",
        "2.0.0-debian-9-r6",
        "2.0.0-debian-9-r7",
        "2.0.0-debian-9-r8",
        "2.0.0-debian-9-r9",
        "2.0.0-ol-7-r0",
        "2.0.0-ol-7-r1",
        "2.0.0-ol-7-r10",
        "2.0.0-ol-7-r11",
        "2.0.0-ol-7-r12",
        "2.0.0-ol-7-r13",
        "2.0.0-ol-7-r14",
        "2.0.0-ol-7-r15",
        "2.0.0-ol-7-r16",
        "2.0.0-ol-7-r17",
        "2.0.0-ol-7-r18",
        "2.0.0-ol-7-r19",
        "2.0.0-ol-7-r2",
        "2.0.0-ol-7-r20",
        "2.0.0-ol-7-r21",
        "2.0.0-ol-7-r22",
        "2.0.0-ol-7-r23",
        "2.0.0-ol-7-r24",
        "2.0.0-ol-7-r25",
        "2.0.0-ol-7-r26",
        "2.0.0-ol-7-r27",
        "2.0.0-ol-7-r28",
        "2.0.0-ol-7-r29",
        "2.0.0-ol-7-r3",
        "2.0.0-ol-7-r30",
        "2.0.0-ol-7-r31",
        "2.0.0-ol-7-r32",
        "2.0.0-ol-7-r33",
        "2.0.0-ol-7-r34",
        "2.0.0-ol-7-r35",
        "2.0.0-ol-7-r36",
        "2.0.0-ol-7-r37",
        "2.0.0-ol-7-r38",
        "2.0.0-ol-7-r39",
        "2.0.0-ol-7-r4",
        "2.0.0-ol-7-r40",
        "2.0.0-ol-7-r41",
        "2.0.0-ol-7-r42",
        "2.0.0-ol-7-r43",
        "2.0.0-ol-7-r44",
        "2.0.0-ol-7-r45",
        "2.0.0-ol-7-r46",
        "2.0.0-ol-7-r47",
        "2.0.0-ol-7-r48",
        "2.0.0-ol-7-r49",
        "2.0.0-ol-7-r5",
        "2.0.0-ol-7-r50",
        "2.0.0-ol-7-r51",
        "2.0.0-ol-7-r52",
        "2.0.0-ol-7-r53",
        "2.0.0-ol-7-r54",
        "2.0.0-ol-7-r55",
        "2.0.0-ol-7-r56",
        "2.0.0-ol-7-r57",
        "2.0.0-ol-7-r6",
        "2.0.0-ol-7-r63",
        "2.0.0-ol-7-r64",
        "2.0.0-ol-7-r65",
        "2.0.0-ol-7-r66",
        "2.0.0-ol-7-r67",
        "2.0.0-ol-7-r68",
        "2.0.0-ol-7-r69",
        "2.0.0-ol-7-r7",
        "2.0.0-ol-7-r70",
        "2.0.0-ol-7-r71",
        "2.0.0-ol-7-r72",
        "2.0.0-ol-7-r73",
        "2.0.0-ol-7-r74",
        "2.0.0-ol-7-r75",
        "2.0.0-ol-7-r76",
        "2.0.0-ol-7-r77",
        "2.0.0-ol-7-r78",
        "2.0.0-ol-7-r79",
        "2.0.0-ol-7-r8",
        "2.0.0-ol-7-r80",
        "2.0.0-ol-7-r81",
        "2.0.0-ol-7-r82",
        "2.0.0-ol-7-r9",
        "2.0.0-r0",
        "2.0.0-r1",
        "2.0.0-r10",
        "2.0.0-r11",
        "2.0.0-r12",
        "2.0.0-r13",
        "2.0.0-r14",
        "2.0.0-r15",
        "2.0.0-r16",
        "2.0.0-r17",
        "2.0.0-r18",
        "2.0.0-r19",
        "2.0.0-r2",
        "2.0.0-r20",
        "2.0.0-r21",
        "2.0.0-r22",
        "2.0.0-r23",
        "2.0.0-r24",
        "2.0.0-r25",
        "2.0.0-r26",
        "2.0.0-r27",
        "2.0.0-r28",
        "2.0.0-r29",
        "2.0.0-r3",
        "2.0.0-r30",
        "2.0.0-r31",
        "2.0.0-r32",
        "2.0.0-r33",
        "2.0.0-r34",
        "2.0.0-r35",
        "2.0.0-r36",
        "2.0.0-r37",
        "2.0.0-r38",
        "2.0.0-r39",
        "2.0.0-r4",
        "2.0.0-r40",
        "2.0.0-r41",
        "2.0.0-r42",
        "2.0.0-r43",
        "2.0.0-r48",
        "2.0.0-r49",
        "2.0.0-r5",
        "2.0.0-r50",
        "2.0.0-r51",
        "2.0.0-r52",
        "2.0.0-r53",
        "2.0.0-r54",
        "2.0.0-r55",
        "2.0.0-r56",
        "2.0.0-r57",
        "2.0.0-r58",
        "2.0.0-r59",
        "2.0.0-r6",
        "2.0.0-r7",
        "2.0.0-r8",
        "2.0.0-r9",
        "2.1.0",
        "2.1.0-debian-10-r0",
        "2.1.0-debian-10-r1",
        "2.1.0-debian-10-r10",
        "2.1.0-debian-10-r100",
        "2.1.0-debian-10-r101",
        "2.1.0-debian-10-r102",
        "2.1.0-debian-10-r103",
        "2.1.0-debian-10-r104",
        "2.1.0-debian-10-r105",
        "2.1.0-debian-10-r106",
        "2.1.0-debian-10-r107",
        "2.1.0-debian-10-r108",
        "2.1.0-debian-10-r109",
        "2.1.0-debian-10-r11",
        "2.1.0-debian-10-r110",
        "2.1.0-debian-10-r111",
        "2.1.0-debian-10-r112",
        "2.1.0-debian-10-r113",
        "2.1.0-debian-10-r114",
        "2.1.0-debian-10-r115",
        "2.1.0-debian-10-r12",
        "2.1.0-debian-10-r13",
        "2.1.0-debian-10-r14",
        "2.1.0-debian-10-r15",
        "2.1.0-debian-10-r16",
        "2.1.0-debian-10-r17",
        "2.1.0-debian-10-r18",
        "2.1.0-debian-10-r19",
        "2.1.0-debian-10-r2",
        "2.1.0-debian-10-r20",
        "2.1.0-debian-10-r21",
        "2.1.0-debian-10-r22",
        "2.1.0-debian-10-r23",
        "2.1.0-debian-10-r24",
        "2.1.0-debian-10-r25",
        "2.1.0-debian-10-r26",
        "2.1.0-debian-10-r27",
        "2.1.0-debian-10-r28",
        "2.1.0-debian-10-r29",
        "2.1.0-debian-10-r3",
        "2.1.0-debian-10-r30",
        "2.1.0-debian-10-r31",
        "2.1.0-debian-10-r32",
        "2.1.0-debian-10-r33",
        "2.1.0-debian-10-r34",
        "2.1.0-debian-10-r35",
        "2.1.0-debian-10-r36",
        "2.1.0-debian-10-r37",
        "2.1.0-debian-10-r38",
        "2.1.0-debian-10-r39",
        "2.1.0-debian-10-r4",
        "2.1.0-debian-10-r40",
        "2.1.0-debian-10-r41",
        "2.1.0-debian-10-r42",
        "2.1.0-debian-10-r43",
        "2.1.0-debian-10-r44",
        "2.1.0-debian-10-r45",
        "2.1.0-debian-10-r46",
        "2.1.0-debian-10-r47",
        "2.1.0-debian-10-r48",
        "2.1.0-debian-10-r49",
        "2.1.0-debian-10-r5",
        "2.1.0-debian-10-r50",
        "2.1.0-debian-10-r51",
        "2.1.0-debian-10-r52",
        "2.1.0-debian-10-r53",
        "2.1.0-debian-10-r54",
        "2.1.0-debian-10-r55",
        "2.1.0-debian-10-r56",
        "2.1.0-debian-10-r57",
        "2.1.0-debian-10-r58",
        "2.1.0-debian-10-r59",
        "2.1.0-debian-10-r6",
        "2.1.0-debian-10-r60",
        "2.1.0-debian-10-r61",
        "2.1.0-debian-10-r62",
        "2.1.0-debian-10-r63",
        "2.1.0-debian-10-r64",
        "2.1.0-debian-10-r65",
        "2.1.0-debian-10-r66",
        "2.1.0-debian-10-r67",
        "2.1.0-debian-10-r68",
        "2.1.0-debian-10-r69",
        "2.1.0-debian-10-r7",
        "2.1.0-debian-10-r70",
        "2.1.0-debian-10-r71",
        "2.1.0-debian-10-r72",
        "2.1.0-debian-10-r73",
        "2.1.0-debian-10-r74",
        "2.1.0-debian-10-r75",
        "2.1.0-debian-10-r76",
        "2.1.0-debian-10-r77",
        "2.1.0-debian-10-r78",
        "2.1.0-debian-10-r79",
        "2.1.0-debian-10-r8",
        "2.1.0-debian-10-r80",
        "2.1.0-debian-10-r81",
        "2.1.0-debian-10-r87",
        "2.1.0-debian-10-r88",
        "2.1.0-debian-10-r89",
        "2.1.0-debian-10-r9",
        "2.1.0-debian-10-r90",
        "2.1.0-debian-10-r91",
        "2.1.0-debian-10-r92",
        "2.1.0-debian-10-r93",
        "2.1.0-debian-10-r94",
        "2.1.0-debian-10-r95",
        "2.1.0-debian-10-r96",
        "2.1.0-debian-10-r97",
        "2.1.0-debian-10-r98",
        "2.1.0-debian-10-r99",
        "2.1.0-ol-7-r0",
        "2.1.0-ol-7-r1",
        "2.1.0-ol-7-r10",
        "2.1.0-ol-7-r11",
        "2.1.0-ol-7-r12",
        "2.1.0-ol-7-r13",
        "2.1.0-ol-7-r14",
        "2.1.0-ol-7-r15",
        "2.1.0-ol-7-r16",
        "2.1.0-ol-7-r18",
        "2.1.0-ol-7-r19",
        "2.1.0-ol-7-r2",
        "2.1.0-ol-7-r20",
        "2.1.0-ol-7-r21",
        "2.1.0-ol-7-r22",
        "2.1.0-ol-7-r3",
        "2.1.0-ol-7-r4",
        "2.1.0-ol-7-r5",
        "2.1.0-ol-7-r6",
        "2.1.0-ol-7-r7",
        "2.1.0-ol-7-r8",
        "2.1.0-ol-7-r9",
        "2.2.0",
        "2.2.0-debian-10-r0",
        "2.2.0-debian-10-r1",
        "2.2.0-debian-10-r10",
        "2.2.0-debian-10-r11",
        "2.2.0-debian-10-r12",
        "2.2.0-debian-10-r13",
        "2.2.0-debian-10-r14",
        "2.2.0-debian-10-r15",
        "2.2.0-debian-10-r16",
        "2.2.0-debian-10-r17",
        "2.2.0-debian-10-r19",
        "2.2.0-debian-10-r2",
        "2.2.0-debian-10-r20",
        "2.2.0-debian-10-r21",
        "2.2.0-debian-10-r22",
        "2.2.0-debian-10-r23",
        "2.2.0-debian-10-r24",
        "2.2.0-debian-10-r25",
        "2.2.0-debian-10-r26",
        "2.2.0-debian-10-r27",
        "2.2.0-debian-10-r28",
        "2.2.0-debian-10-r29",
        "2.2.0-debian-10-r3",
        "2.2.0-debian-10-r30",
        "2.2.0-debian-10-r31",
        "2.2.0-debian-10-r32",
        "2.2.0-debian-10-r33",
        "2.2.0-debian-10-r34",
        "2.2.0-debian-10-r35",
        "2.2.0-debian-10-r36",
        "2.2.0-debian-10-r37",
        "2.2.0-debian-10-r38",
        "2.2.0-debian-10-r39",
        "2.2.0-debian-10-r4",
        "2.2.0-debian-10-r41",
        "2.2.0-debian-10-r42",
        "2.2.0-debian-10-r44",
        "2.2.0-debian-10-r45",
        "2.2.0-debian-10-r46",
        "2.2.0-debian-10-r47",
        "2.2.0-debian-10-r48",
        "2.2.0-debian-10-r49",
        "2.2.0-debian-10-r50",
        "2.2.0-debian-10-r51",
        "2.2.0-debian-10-r52",
        "2.2.0-debian-10-r53",
        "2.2.0-debian-10-r54",
        "2.2.0-debian-10-r55",
        "2.2.0-debian-10-r6",
        "2.2.0-debian-10-r7",
        "2.2.0-debian-10-r8",
        "2.2.0-debian-10-r9",
        "2.3.0",
        "2.3.0-debian-10-r0",
        "2.3.0-debian-10-r1",
        "2.3.0-debian-10-r10",
        "2.3.0-debian-10-r100",
        "2.3.0-debian-10-r101",
        "2.3.0-debian-10-r102",
        "2.3.0-debian-10-r11",
        "2.3.0-debian-10-r12",
        "2.3.0-debian-10-r13",
        "2.3.0-debian-10-r14",
        "2.3.0-debian-10-r15",
        "2.3.0-debian-10-r16",
        "2.3.0-debian-10-r17",
        "2.3.0-debian-10-r18",
        "2.3.0-debian-10-r19",
        "2.3.0-debian-10-r2",
        "2.3.0-debian-10-r20",
        "2.3.0-debian-10-r21",
        "2.3.0-debian-10-r22",
        "2.3.0-debian-10-r23",
        "2.3.0-debian-10-r25",
        "2.3.0-debian-10-r27",
        "2.3.0-debian-10-r29",
        "2.3.0-debian-10-r3",
        "2.3.0-debian-10-r31",
        "2.3.0-debian-10-r33",
        "2.3.0-debian-10-r35",
        "2.3.0-debian-10-r36",
        "2.3.0-debian-10-r37",
        "2.3.0-debian-10-r38",
        "2.3.0-debian-10-r39",
        "2.3.0-debian-10-r4",
        "2.3.0-debian-10-r40",
        "2.3.0-debian-10-r41",
        "2.3.0-debian-10-r42",
        "2.3.0-debian-10-r43",
        "2.3.0-debian-10-r44",
        "2.3.0-debian-10-r45",
        "2.3.0-debian-10-r46",
        "2.3.0-debian-10-r47",
        "2.3.0-debian-10-r48",
        "2.3.0-debian-10-r49",
        "2.3.0-debian-10-r5",
        "2.3.0-debian-10-r50",
        "2.3.0-debian-10-r51",
        "2.3.0-debian-10-r52",
        "2.3.0-debian-10-r54",
        "2.3.0-debian-10-r55",
        "2.3.0-debian-10-r56",
        "2.3.0-debian-10-r57",
        "2.3.0-debian-10-r58",
        "2.3.0-debian-10-r59",
        "2.3.0-debian-10-r6",
        "2.3.0-debian-10-r60",
        "2.3.0-debian-10-r61",
        "2.3.0-debian-10-r62",
        "2.3.0-debian-10-r63",
        "2.3.0-debian-10-r64",
        "2.3.0-debian-10-r65",
        "2.3.0-debian-10-r66",
        "2.3.0-debian-10-r67",
        "2.3.0-debian-10-r68",
        "2.3.0-debian-10-r69",
        "2.3.0-debian-10-r7",
        "2.3.0-debian-10-r70",
        "2.3.0-debian-10-r71",
        "2.3.0-debian-10-r72",
        "2.3.0-debian-10-r73",
        "2.3.0-debian-10-r74",
        "2.3.0-debian-10-r75",
        "2.3.0-debian-10-r76",
        "2.3.0-debian-10-r77",
        "2.3.0-debian-10-r78",
        "2.3.0-debian-10-r79",
        "2.3.0-debian-10-r8",
        "2.3.0-debian-10-r80",
        "2.3.0-debian-10-r81",
        "2.3.0-debian-10-r82",
        "2.3.0-debian-10-r83",
        "2.3.0-debian-10-r84",
        "2.3.0-debian-10-r85",
        "2.3.0-debian-10-r86",
        "2.3.0-debian-10-r87",
        "2.3.0-debian-10-r88",
        "2.3.0-debian-10-r89",
        "2.3.0-debian-10-r9",
        "2.3.0-debian-10-r90",
        "2.3.0-debian-10-r91",
        "2.3.0-debian-10-r92",
        "2.3.0-debian-10-r93",
        "2.3.0-debian-10-r94",
        "2.3.0-debian-10-r95",
        "2.3.0-debian-10-r96",
        "2.3.0-debian-10-r97",
        "2.3.0-debian-10-r98",
        "2.3.0-debian-10-r99",
        "2.4.0",
        "2.4.0-debian-10-r0",
        "2.4.0-debian-10-r1",
        "2.4.0-debian-10-r10",
        "2.4.0-debian-10-r11",
        "2.4.0-debian-10-r12",
        "2.4.0-debian-10-r13",
        "2.4.0-debian-10-r14",
        "2.4.0-debian-10-r15",
        "2.4.0-debian-10-r16",
        "2.4.0-debian-10-r17",
        "2.4.0-debian-10-r18",
        "2.4.0-debian-10-r19",
        "2.4.0-debian-10-r2",
        "2.4.0-debian-10-r20",
        "2.4.0-debian-10-r21",
        "2.4.0-debian-10-r22",
        "2.4.0-debian-10-r23",
        "2.4.0-debian-10-r24",
        "2.4.0-debian-10-r25",
        "2.4.0-debian-10-r26",
        "2.4.0-debian-10-r27",
        "2.4.0-debian-10-r28",
        "2.4.0-debian-10-r29",
        "2.4.0-debian-10-r3",
        "2.4.0-debian-10-r30",
        "2.4.0-debian-10-r31",
        "2.4.0-debian-10-r32",
        "2.4.0-debian-10-r33",
        "2.4.0-debian-10-r34",
        "2.4.0-debian-10-r35",
        "2.4.0-debian-10-r36",
        "2.4.0-debian-10-r37",
        "2.4.0-debian-10-r4",
        "2.4.0-debian-10-r5",
        "2.4.0-debian-10-r6",
        "2.4.0-debian-10-r7",
        "2.4.0-debian-10-r8",
        "2.4.0-debian-10-r9",
        "2.4.1",
        "2.4.1-debian-10-r0",
        "2.4.1-debian-10-r1",
        "2.4.1-debian-10-r10",
        "2.4.1-debian-10-r100",
        "2.4.1-debian-10-r101",
        "2.4.1-debian-10-r102",
        "2.4.1-debian-10-r103",
        "2.4.1-debian-10-r104",
        "2.4.1-debian-10-r105",
        "2.4.1-debian-10-r106",
        "2.4.1-debian-10-r11",
        "2.4.1-debian-10-r12",
        "2.4.1-debian-10-r13",
        "2.4.1-debian-10-r14",
        "2.4.1-debian-10-r15",
        "2.4.1-debian-10-r16",
        "2.4.1-debian-10-r17",
        "2.4.1-debian-10-r19",
        "2.4.1-debian-10-r2",
        "2.4.1-debian-10-r20",
        "2.4.1-debian-10-r21",
        "2.4.1-debian-10-r22",
        "2.4.1-debian-10-r23",
        "2.4.1-debian-10-r24",
        "2.4.1-debian-10-r25",
        "2.4.1-debian-10-r26",
        "2.4.1-debian-10-r27",
        "2.4.1-debian-10-r28",
        "2.4.1-debian-10-r29",
        "2.4.1-debian-10-r3",
        "2.4.1-debian-10-r30",
        "2.4.1-debian-10-r31",
        "2.4.1-debian-10-r32",
        "2.4.1-debian-10-r33",
        "2.4.1-debian-10-r34",
        "2.4.1-debian-10-r35",
        "2.4.1-debian-10-r36",
        "2.4.1-debian-10-r37",
        "2.4.1-debian-10-r38",
        "2.4.1-debian-10-r39",
        "2.4.1-debian-10-r4",
        "2.4.1-debian-10-r40",
        "2.4.1-debian-10-r41",
        "2.4.1-debian-10-r42",
        "2.4.1-debian-10-r43",
        "2.4.1-debian-10-r44",
        "2.4.1-debian-10-r45",
        "2.4.1-debian-10-r46",
        "2.4.1-debian-10-r47",
        "2.4.1-debian-10-r48",
        "2.4.1-debian-10-r49",
        "2.4.1-debian-10-r5",
        "2.4.1-debian-10-r50",
        "2.4.1-debian-10-r51",
        "2.4.1-debian-10-r52",
        "2.4.1-debian-10-r53",
        "2.4.1-debian-10-r54",
        "2.4.1-debian-10-r55",
        "2.4.1-debian-10-r56",
        "2.4.1-debian-10-r57",
        "2.4.1-debian-10-r58",
        "2.4.1-debian-10-r59",
        "2.4.1-debian-10-r6",
        "2.4.1-debian-10-r60",
        "2.4.1-debian-10-r61",
        "2.4.1-debian-10-r62",
        "2.4.1-debian-10-r63",
        "2.4.1-debian-10-r64",
        "2.4.1-debian-10-r65",
        "2.4.1-debian-10-r66",
        "2.4.1-debian-10-r67",
        "2.4.1-debian-10-r68",
        "2.4.1-debian-10-r69",
        "2.4.1-debian-10-r7",
        "2.4.1-debian-10-r70",
        "2.4.1-debian-10-r71",
        "2.4.1-debian-10-r72",
        "2.4.1-debian-10-r73",
        "2.4.1-debian-10-r74",
        "2.4.1-debian-10-r75",
        "2.4.1-debian-10-r76",
        "2.4.1-debian-10-r77",
        "2.4.1-debian-10-r78",
        "2.4.1-debian-10-r79",
        "2.4.1-debian-10-r8",
        "2.4.1-debian-10-r80",
        "2.4.1-debian-10-r81",
        "2.4.1-debian-10-r82",
        "2.4.1-debian-10-r83",
        "2.4.1-debian-10-r84",
        "2.4.1-debian-10-r85",
        "2.4.1-debian-10-r86",
        "2.4.1-debian-10-r87",
        "2.4.1-debian-10-r88",
        "2.4.1-debian-10-r89",
        "2.4.1-debian-10-r9",
        "2.4.1-debian-10-r90",
        "2.4.1-debian-10-r91",
        "2.4.1-debian-10-r92",
        "2.4.1-debian-10-r93",
        "2.4.1-debian-10-r94",
        "2.4.1-debian-10-r95",
        "2.4.1-debian-10-r96",
        "2.4.1-debian-10-r97",
        "2.4.1-debian-10-r98",
        "2.4.1-debian-10-r99",
        "2.5.1",
        "2.5.1-debian-10-r0",
        "2.5.1-debian-10-r1",
        "2.5.1-debian-10-r10",
        "2.5.1-debian-10-r100",
        "2.5.1-debian-10-r101",
        "2.5.1-debian-10-r102",
        "2.5.1-debian-10-r103",
        "2.5.1-debian-10-r104",
        "2.5.1-debian-10-r105",
        "2.5.1-debian-10-r106",
        "2.5.1-debian-10-r107",
        "2.5.1-debian-10-r108",
        "2.5.1-debian-10-r109",
        "2.5.1-debian-10-r11",
        "2.5.1-debian-10-r110",
        "2.5.1-debian-10-r111",
        "2.5.1-debian-10-r112",
        "2.5.1-debian-10-r113",
        "2.5.1-debian-10-r114",
        "2.5.1-debian-10-r115",
        "2.5.1-debian-10-r116",
        "2.5.1-debian-10-r117",
        "2.5.1-debian-10-r118",
        "2.5.1-debian-10-r12",
        "2.5.1-debian-10-r122",
        "2.5.1-debian-10-r123",
        "2.5.1-debian-10-r124",
        "2.5.1-debian-10-r125",
        "2.5.1-debian-10-r13",
        "2.5.1-debian-10-r14",
        "2.5.1-debian-10-r15",
        "2.5.1-debian-10-r16",
        "2.5.1-debian-10-r18",
        "2.5.1-debian-10-r19",
        "2.5.1-debian-10-r2",
        "2.5.1-debian-10-r20",
        "2.5.1-debian-10-r21",
        "2.5.1-debian-10-r22",
        "2.5.1-debian-10-r23",
        "2.5.1-debian-10-r24",
        "2.5.1-debian-10-r25",
        "2.5.1-debian-10-r27",
        "2.5.1-debian-10-r28",
        "2.5.1-debian-10-r29",
        "2.5.1-debian-10-r3",
        "2.5.1-debian-10-r30",
        "2.5.1-debian-10-r31",
        "2.5.1-debian-10-r32",
        "2.5.1-debian-10-r33",
        "2.5.1-debian-10-r34",
        "2.5.1-debian-10-r35",
        "2.5.1-debian-10-r36",
        "2.5.1-debian-10-r37",
        "2.5.1-debian-10-r38",
        "2.5.1-debian-10-r39",
        "2.5.1-debian-10-r4",
        "2.5.1-debian-10-r40",
        "2.5.1-debian-10-r41",
        "2.5.1-debian-10-r42",
        "2.5.1-debian-10-r43",
        "2.5.1-debian-10-r44",
        "2.5.1-debian-10-r45",
        "2.5.1-debian-10-r46",
        "2.5.1-debian-10-r47",
        "2.5.1-debian-10-r48",
        "2.5.1-debian-10-r49",
        "2.5.1-debian-10-r50",
        "2.5.1-debian-10-r51",
        "2.5.1-debian-10-r52",
        "2.5.1-debian-10-r53",
        "2.5.1-debian-10-r54",
        "2.5.1-debian-10-r55",
        "2.5.1-debian-10-r56",
        "2.5.1-debian-10-r57",
        "2.5.1-debian-10-r58",
        "2.5.1-debian-10-r59",
        "2.5.1-debian-10-r6",
        "2.5.1-debian-10-r60",
        "2.5.1-debian-10-r61",
        "2.5.1-debian-10-r62",
        "2.5.1-debian-10-r63",
        "2.5.1-debian-10-r64",
        "2.5.1-debian-10-r65",
        "2.5.1-debian-10-r66",
        "2.5.1-debian-10-r67",
        "2.5.1-debian-10-r68",
        "2.5.1-debian-10-r69",
        "2.5.1-debian-10-r7",
        "2.5.1-debian-10-r70",
        "2.5.1-debian-10-r71",
        "2.5.1-debian-10-r72",
        "2.5.1-debian-10-r73",
        "2.5.1-debian-10-r74",
        "2.5.1-debian-10-r75",
        "2.5.1-debian-10-r76",
        "2.5.1-debian-10-r77",
        "2.5.1-debian-10-r78",
        "2.5.1-debian-10-r79",
        "2.5.1-debian-10-r8",
        "2.5.1-debian-10-r80",
        "2.5.1-debian-10-r81",
        "2.5.1-debian-10-r82",
        "2.5.1-debian-10-r83",
        "2.5.1-debian-10-r84",
        "2.5.1-debian-10-r85",
        "2.5.1-debian-10-r86",
        "2.5.1-debian-10-r87",
        "2.5.1-debian-10-r88",
        "2.5.1-debian-10-r89",
        "2.5.1-debian-10-r9",
        "2.5.1-debian-10-r90",
        "2.5.1-debian-10-r91",
        "2.5.1-debian-10-r92",
        "2.5.1-debian-10-r93",
        "2.5.1-debian-10-r94",
        "2.5.1-debian-10-r95",
        "2.5.1-debian-10-r96",
        "2.5.1-debian-10-r97",
        "2.5.1-debian-10-r98",
        "2.5.1-debian-10-r99",
        "2.6.0",
        "2.6.0-debian-10-r0",
        "2.6.0-debian-10-r1",
        "2.6.0-debian-10-r10",
        "2.6.0-debian-10-r11",
        "2.6.0-debian-10-r12",
        "2.6.0-debian-10-r13",
        "2.6.0-debian-10-r14",
        "2.6.0-debian-10-r15",
        "2.6.0-debian-10-r16",
        "2.6.0-debian-10-r17",
        "2.6.0-debian-10-r18",
        "2.6.0-debian-10-r19",
        "2.6.0-debian-10-r2",
        "2.6.0-debian-10-r20",
        "2.6.0-debian-10-r21",
        "2.6.0-debian-10-r22",
        "2.6.0-debian-10-r23",
        "2.6.0-debian-10-r24",
        "2.6.0-debian-10-r25",
        "2.6.0-debian-10-r26",
        "2.6.0-debian-10-r27",
        "2.6.0-debian-10-r28",
        "2.6.0-debian-10-r29",
        "2.6.0-debian-10-r3",
        "2.6.0-debian-10-r30",
        "2.6.0-debian-10-r31",
        "2.6.0-debian-10-r32",
        "2.6.0-debian-10-r4",
        "2.6.0-debian-10-r5",
        "2.6.0-debian-10-r6",
        "2.6.0-debian-10-r7",
        "2.6.0-debian-10-r8",
        "2.6.0-debian-10-r9",
        "2.6.1",
        "2.6.1-debian-10-r0",
        "2.7.0",
        "2.7.0-debian-10-r0",
        "2.7.0-debian-10-r1",
        "2.7.0-debian-10-r10",
        "2.7.0-debian-10-r11",
        "2.7.0-debian-10-r12",
        "2.7.0-debian-10-r13",
        "2.7.0-debian-10-r14",
        "2.7.0-debian-10-r15",
        "2.7.0-debian-10-r16",
        "2.7.0-debian-10-r17",
        "2.7.0-debian-10-r18",
        "2.7.0-debian-10-r19",
        "2.7.0-debian-10-r2",
        "2.7.0-debian-10-r20",
        "2.7.0-debian-10-r21",
        "2.7.0-debian-10-r22",
        "2.7.0-debian-10-r23",
        "2.7.0-debian-10-r24",
        "2.7.0-debian-10-r25",
        "2.7.0-debian-10-r26",
        "2.7.0-debian-10-r27",
        "2.7.0-debian-10-r28",
        "2.7.0-debian-10-r29",
        "2.7.0-debian-10-r3",
        "2.7.0-debian-10-r31",
        "2.7.0-debian-10-r32",
        "2.7.0-debian-10-r33",
        "2.7.0-debian-10-r34",
        "2.7.0-debian-10-r35",
        "2.7.0-debian-10-r36",
        "2.7.0-debian-10-r37",
        "2.7.0-debian-10-r38",
        "2.7.0-debian-10-r39",
        "2.7.0-debian-10-r4",
        "2.7.0-debian-10-r40",
        "2.7.0-debian-10-r41",
        "2.7.0-debian-10-r42",
        "2.7.0-debian-10-r43",
        "2.7.0-debian-10-r44",
        "2.7.0-debian-10-r45",
        "2.7.0-debian-10-r46",
        "2.7.0-debian-10-r47",
        "2.7.0-debian-10-r48",
        "2.7.0-debian-10-r49",
        "2.7.0-debian-10-r5",
        "2.7.0-debian-10-r50",
        "2.7.0-debian-10-r51",
        "2.7.0-debian-10-r52",
        "2.7.0-debian-10-r53",
        "2.7.0-debian-10-r54",
        "2.7.0-debian-10-r55",
        "2.7.0-debian-10-r56",
        "2.7.0-debian-10-r57",
        "2.7.0-debian-10-r58",
        "2.7.0-debian-10-r59",
        "2.7.0-debian-10-r6",
        "2.7.0-debian-10-r60",
        "2.7.0-debian-10-r61",
        "2.7.0-debian-10-r62",
        "2.7.0-debian-10-r63",
        "2.7.0-debian-10-r64",
        "2.7.0-debian-10-r65",
        "2.7.0-debian-10-r66",
        "2.7.0-debian-10-r67",
        "2.7.0-debian-10-r68",
        "2.7.0-debian-10-r69",
        "2.7.0-debian-10-r7",
        "2.7.0-debian-10-r8",
        "2.7.0-debian-10-r9",
        "_",
        "latest"
    ],
    "Created": "2022-01-17T16:50:07.142816258Z",
    "DockerVersion": "19.03.15",
    "Labels": {
        "maintainer": "Bitnami \u003ccontainers@bitnami.com\u003e"
    },
    "Architecture": "amd64",
    "Os": "linux",
    "Layers": [
        "sha256:edb9df82989ec55974abd338f087b5a3220748f0d755477cbcba478dfb46f80c",
        "sha256:b39ecbd27df77a661557f2649b421de8a9f35dcb2d00055bbda1f3ae212789ec",
        "sha256:c30c358db42e09cf4089b7884a23d92d4f3e10fd5fc60d2d00b4b080a7e80a9d",
        "sha256:b3a5ff1e9e257f7c79dfff00605b5a7b7c1cfdeff682b448e3b9a3a86a2e2833",
        "sha256:4215307affb0a9143d1c04133fe86c6642d35a4a86135563a522722728f257a0",
        "sha256:edc86d06bd1a9b2999d68bad0a84960757a9de247d56b836359f6eb20476e7ae",
        "sha256:f59aa040d3f516000364a829fb547818bd3cd3f97998a9d6a5370be477076de3",
        "sha256:881617de5bf6e00440cebfc984ae9c37029197ab77d7636c953bcfe14d45cf24",
        "sha256:9ba32473db000f5fb9997bd7993a0957ba35db0e6e7007ec3d09408b7efbd76c",
        "sha256:043a97dbe61af80ea5b4240fde65afbcee00e4d0589f776546387a82be0be72d"
    ],
    "Env": [
        "PATH=/opt/bitnami/tensorflow-serving/bin:/opt/bitnami/tensorflow-serving/serving/bazel-bin/tensorflow_serving/model_servers:/opt/bitnami/common/bin:/usr/local/sbin:/usr/local/bin:/usr/sbin:/usr/bin:/sbin:/bin",
        "HOME=/",
        "OS_ARCH=amd64",
        "OS_FLAVOUR=debian-10",
        "OS_NAME=linux",
        "BITNAMI_APP_NAME=tensorflow-serving",
        "BITNAMI_IMAGE_VERSION=2.7.0-debian-10-r69",
        "JAVA_HOME=/opt/bitnami/java"
    ]
}
