{
    "Name": "docker.io/asciidoctor/docker-asciidoctor",
    "Digest": "sha256:59a7e165ed6375dd5dfb930cb90019f1ccaee39787dc97a3918d7022a7503543",
    "RepoTags": [
        "1",
        "1.0",
        "1.0.0",
        "1.1",
        "1.1.0",
        "1.10",
        "1.10.0",
        "1.11",
        "1.11.0",
        "1.12",
        "1.12.0",
        "1.13",
        "1.13.0",
        "1.14",
        "1.14.0",
        "1.15",
        "1.15.0",
        "1.16",
        "1.16.0",
        "1.2",
        "1.2.0",
        "1.3",
        "1.3.0",
        "1.3.1",
        "1.3.2",
        "1.3.3",
        "1.4",
        "1.4.0",
        "1.5",
        "1.5.0",
        "1.6",
        "1.6.0",
        "1.6.1",
        "1.7",
        "1.7.0",
        "1.8",
        "1.8.0",
        "1.8.1",
        "1.9",
        "1.9.0",
        "latest",
        "untagged-8ede02161318437cc29f",
        "untagged-8ede02161318437cc29f.untagged-8ede02161318437cc29f"
    ],
    "Created": "2022-01-07T08:32:03.169414666Z",
    "DockerVersion": "",
    "Labels": {
        "MAINTAINERS": "Guillaume Scheibel \u003cguillaume.scheibel@gmail.com\u003e, Damien DUPORTAL \u003cdamien.duportal@gmail.com\u003e"
    },
    "Architecture": "amd64",
    "Os": "linux",
    "Layers": [
        "sha256:5758d4e389a3f662e94a85fb76143dbe338b64f8d2a65f45536a9663b05305ad",
        "sha256:f39517c344c51c7b80d5b672dacb711eb0f8ca41219416b34e727f974a965838",
        "sha256:14e48343ce7c40310e4049164176f19e7c980c8da142127fb3c13e5f35505aa6",
        "sha256:aea56e9b0160288458c0c46da403f4e5e7799449ab87bcef2011f7e1c38eea19",
        "sha256:909da4774d1e89d5354e59cf1b0819e4889ef952fe79c63cbfd438b6f9db94d7",
        "sha256:3a6deb9e59df447e585d43e65cda836396b6c2945b0d2f3065f19e2ddbd83212",
        "sha256:dea7bd99572096b9bd7a0858956b63ef9bb57291f9dd987c614f1405a026d65b",
        "sha256:ca46689b817161ecd2cda4eb11f8a4408d7c09c5d3dc0c2b3eec455c998b922d"
    ],
    "Env": [
        "PATH=/usr/local/sbin:/usr/local/bin:/usr/sbin:/usr/bin:/sbin:/bin",
        "ASCIIDOCTOR_VERSION=2.0.17",
        "ASCIIDOCTOR_CONFLUENCE_VERSION=0.0.2",
        "ASCIIDOCTOR_PDF_VERSION=1.6.2",
        "ASCIIDOCTOR_DIAGRAM_VERSION=2.2.1",
        "ASCIIDOCTOR_EPUB3_VERSION=1.5.1",
        "ASCIIDOCTOR_FB2_VERSION=0.5.1",
        "ASCIIDOCTOR_MATHEMATICAL_VERSION=0.3.5",
        "ASCIIDOCTOR_REVEALJS_VERSION=4.1.0",
        "KRAMDOWN_ASCIIDOC_VERSION=2.0.0",
        "ASCIIDOCTOR_BIBTEX_VERSION=0.8.0",
        "ASCIIDOCTOR_KROKI_VERSION=0.5.0"
    ]
}
