{
    "Name": "docker.io/sepandhaghighi/pycm",
    "Digest": "sha256:1af00177b372017b8804087a6661e742453cdd31647ced7118442f87b9999453",
    "RepoTags": [
        "latest",
        "version-2.5",
        "version-2.6",
        "version-2.7",
        "version-2.8",
        "version-2.9",
        "version-3.0",
        "version-3.1"
    ],
    "Created": "2019-10-06T09:55:20.391209001Z",
    "DockerVersion": "18.03.1-ee-3",
    "Labels": null,
    "Architecture": "amd64",
    "Os": "linux",
    "Layers": [
        "sha256:16c48d79e9cc2d6cdb79a91e9c410250c1a44102ed4c971fbf24692cc09f2351",
        "sha256:3c654ad3ed7d66e3caa5ab60bee1b166359d066be7e9edca6161b72ac06f2008",
        "sha256:6276f4f9c29df0a2fc8019e3c9929e6c3391967cb1f610f57a3c5f8044c8c2b6",
        "sha256:a4bd43ad48cebce2cad4207b823fe1693e10c440504ce72f48643772e3c98d7a",
        "sha256:cd587d1bf2d46b151e0362e467698fdcaae31ebcae3bc790f6934ced2168227a",
        "sha256:309b1e4097175e7f080a1d71fedeabd1f67d9fb7994269a532433e49b10ac212",
        "sha256:46c828046d6f269f100578ac2e0410e4e6c82abab2a240b83354994a5904c991",
        "sha256:503534a81fec29fc3a5af103337214c96068e4559cba1bc8cea90ea13084c6c6",
        "sha256:58b72bf800bec58aae620fddbb60aad4227d19ca919ed5acc735099f45536b96",
        "sha256:f21de2b8d73416e8b4f3390ee261be6924d55fbb6ec1560cdd02fd7082035c12",
        "sha256:6dafc35159700d3b689f80953beb75ac523cd715fb2a0dd300dead0c73eb888b",
        "sha256:e490704b9d97f9d24a387497ba59645eadd7b1cbbae10dffe7dab709c7649281"
    ],
    "Env": [
        "PATH=/usr/local/sbin:/usr/local/bin:/usr/sbin:/usr/bin:/sbin:/bin"
    ]
}
