{
    "Name": "docker.io/smartdataanalytics/dl-learner",
    "Digest": "sha256:2c38d53958bacc2125d2f4098fd0e95cb9f8a6c45b9ffa80501068c3df489f66",
    "RepoTags": [
        "dependabot_maven_components-core_com.thoughtworks.xstream-xstream-1.4.13-java7",
        "dependabot_maven_components-core_com.thoughtworks.xstream-xstream-1.4.15",
        "dependabot_maven_components-core_com.thoughtworks.xstream-xstream-1.4.16",
        "dependabot_maven_components-core_com.thoughtworks.xstream-xstream-1.4.17",
        "dependabot_maven_components-core_org.apache.logging.log4j-log4j-core-2.13.2",
        "dependabot_maven_junit-junit-4.13.1",
        "dependabot_maven_log4j.version-2.13.3",
        "dependency-updates-and-cleanup",
        "develop",
        "feature_extended-metaheuristics",
        "feature_parcel-algorithm",
        "feature_spatial2",
        "latest",
        "log4j2",
        "pom-urls",
        "prepare_1.5.0",
        "spotbugs-fixes"
    ],
    "Created": "2021-04-28T13:36:08.259967247Z",
    "DockerVersion": "19.03.8",
    "Labels": null,
    "Architecture": "amd64",
    "Os": "linux",
    "Layers": [
        "sha256:844c33c7e6ea19e3f6847e0667befdfb3ef02d6fc735b22c2d070261b6263b97",
        "sha256:ada5d61ae65dc038b4ba788ae5124c2587d0ebe83d3534733677216547b65cbd",
        "sha256:f8427fdf429235414d0ea4757fd45fd81f09fd2ba3106e13796a8250f0a04a23",
        "sha256:f025bafc4ab87c34cee7bfc43340fa7904dfe6d29a266537f2026cee3a76adfd",
        "sha256:67b8714e12252c8e30fe9516a8faad25304c538faec9028f46be3968fc4019eb",
        "sha256:64b12da521a3f59151151c374fe154d71a118abddbda8586a1c4ba409b84e7d8",
        "sha256:2e38df533772dd0403b864aaf3c8f11695dcc54d7e9414b93d6454899fdfc6d7",
        "sha256:7cffd3d7999c7b91d1e8bdb98e8794e3fb6bae01408159ce9d2638c6697a99d9",
        "sha256:26dcf6dbd07d4d0f3b8c569793a4941c4556858feec4a374dcfd1d5b5648c89c",
        "sha256:37fc1cedb53f80404f187b2497637b18ecb329ae37cb42c1e4c1344b6cd42820",
        "sha256:4b50a74cdfc1b75c13e59e10c2ebe42545b7835b080ed233a487aa1b9226ae97",
        "sha256:2ec908012cc9096cad0c752759f9ed16db286d3d9af9c5665cc4250bf4befe3b",
        "sha256:d24f158cf86a96665a8c36db4ef77e7bb171820f933f4e56832cfa39475a4934"
    ],
    "Env": [
        "PATH=/usr/local/openjdk-8/bin:/usr/local/sbin:/usr/local/bin:/usr/sbin:/usr/bin:/sbin:/bin",
        "LANG=C.UTF-8",
        "JAVA_HOME=/usr/local/openjdk-8",
        "JAVA_VERSION=8u232",
        "JAVA_BASE_URL=https://github.com/AdoptOpenJDK/openjdk8-upstream-binaries/releases/download/jdk8u232-b09/OpenJDK8U-jdk_",
        "JAVA_URL_VERSION=8u232b09",
        "MAVEN_HOME=/usr/share/maven",
        "MAVEN_CONFIG=/root/.m2",
        "DLLEARNER_VERSION=1.5.0"
    ]
}
