{
    "Name": "docker.io/arunothia/cs-221",
    "Digest": "sha256:5844c295a840a9f39d432b0959ccd67d0d730d7e3b5d90c013e35ba7f9af71d3",
    "RepoTags": [
        "latest"
    ],
    "Created": "2019-12-08T00:01:23.5071708Z",
    "DockerVersion": "19.03.5",
    "Labels": {
        "com.nvidia.cuda.version": "9.0.176",
        "com.nvidia.cudnn.version": "7.6.4.38",
        "com.nvidia.volumes.needed": "nvidia_driver",
        "maintainer": "NVIDIA CORPORATION \u003ccudatools@nvidia.com\u003e"
    },
    "Architecture": "amd64",
    "Os": "linux",
    "Layers": [
        "sha256:976a760c94fcdd7d105269ae621e8269e7bb25a58c52ae667b4029a6bc7e33cb",
        "sha256:c58992f3c37bb64aeba18910408cda9a7a63e212fe27e95065a8d54130ca5926",
        "sha256:0ca0e5e7f12e6eb512246aea5579fcb771fe7203bc60944384d5cd7962f87ddb",
        "sha256:f2a274cc00ca5f671b1740c43672dbc96504760cee585e7604029a3fe56854a8",
        "sha256:708a53113e13a385afdeddfe409f4b7b71e65b1e5cff48ba33906c8803e19808",
        "sha256:371ddc2ca87b5c7dcc222a5639f62ae01cf0331eae45f9d4c3337be2a3281aba",
        "sha256:f81888eb6932ae080e56c56fb0125cb34fe1dbaeaffa10033566a4fb3996b6bd",
        "sha256:19dbd9dd59d603afdcbc2562776018c7603baa70584d7fea6a2bda2d5dd4f938",
        "sha256:e07d92c8415ded7e9deeee9e7aae8b59a9d2f68ce940d27ea0c3d5a432a5f848",
        "sha256:aa4c26baf056455b4d60f2a5b39e752452d50438948f2a843e0c0f20e2c3496c",
        "sha256:fe9dde43cc64b4bfb2f2732dd566c517e50bb46c269b5fcc5b451f2bf11a61f2",
        "sha256:e49c3ce21dd4ea3ffe83fd9a17225489a5b6ffebdb63c21113fca2d6122ce499",
        "sha256:9e5b8bf4171be110885929558630e90f015778d4a67f3cf1af4f65fbd8b0e4e5",
        "sha256:68efd4219edbddbd5fd84943870e8b17c79773bf0904c8d410e2d32ef0fef23a",
        "sha256:aa46aa575eb4e61663466bcc8249d9a7b626a58e5d7c234598bf5454cedeb1e7",
        "sha256:fa4ef7cbdf447d70ac330cff8200bb45b3b7bb867e71b2d82e61ec61fba2d133"
    ],
    "Env": [
        "PATH=/opt/conda/bin:/usr/local/nvidia/bin:/usr/local/cuda/bin:/usr/local/sbin:/usr/local/bin:/usr/sbin:/usr/bin:/sbin:/bin",
        "CUDA_VERSION=9.0.176",
        "CUDA_PKG_VERSION=9-0=9.0.176-1",
        "LD_LIBRARY_PATH=/usr/local/nvidia/lib:/usr/local/nvidia/lib64",
        "NVIDIA_VISIBLE_DEVICES=all",
        "NVIDIA_DRIVER_CAPABILITIES=compute,utility",
        "NVIDIA_REQUIRE_CUDA=cuda\u003e=9.0 ",
        "NCCL_VERSION=2.4.8",
        "LIBRARY_PATH=/usr/local/cuda/lib64/stubs",
        "CUDNN_VERSION=7.6.4.38",
        "CONDA_DIR=/opt/conda",
        "NB_USER=keras",
        "NB_UID=1000",
        "LC_ALL=C.UTF-8",
        "LANG=C.UTF-8",
        "PYTHONPATH=/src/:$PYTHONPATH"
    ]
}
