{
    "Name": "docker.io/rapidsai/rapidsai",
    "Digest": "sha256:89e92a2904cefbcdb7061248620c22daaefe07728d6763e914584ad39cd1bad0",
    "RepoTags": [
        "0.10-cuda10.0-base-centos7",
        "0.10-cuda10.0-base-ubuntu16.04",
        "0.10-cuda10.0-base-ubuntu18.04",
        "0.10-cuda10.0-runtime-centos7",
        "0.10-cuda10.0-runtime-ubuntu16.04",
        "0.10-cuda10.0-runtime-ubuntu18.04",
        "0.10-cuda10.1-base-centos7",
        "0.10-cuda10.1-base-ubuntu16.04",
        "0.10-cuda10.1-base-ubuntu18.04",
        "0.10-cuda10.1-runtime-centos7",
        "0.10-cuda10.1-runtime-ubuntu16.04",
        "0.10-cuda10.1-runtime-ubuntu18.04",
        "0.10-cuda9.2-base-centos7",
        "0.10-cuda9.2-base-ubuntu16.04",
        "0.10-cuda9.2-base-ubuntu18.04",
        "0.10-cuda9.2-runtime-centos7",
        "0.10-cuda9.2-runtime-ubuntu16.04",
        "0.10-cuda9.2-runtime-ubuntu18.04",
        "0.11-cuda10.0-base-centos7",
        "0.11-cuda10.0-base-centos7-py3.6",
        "0.11-cuda10.0-base-centos7-py3.7",
        "0.11-cuda10.0-base-ubuntu16.04",
        "0.11-cuda10.0-base-ubuntu16.04-py3.6",
        "0.11-cuda10.0-base-ubuntu16.04-py3.7",
        "0.11-cuda10.0-base-ubuntu18.04",
        "0.11-cuda10.0-base-ubuntu18.04-py3.6",
        "0.11-cuda10.0-base-ubuntu18.04-py3.7",
        "0.11-cuda10.0-runtime-centos7",
        "0.11-cuda10.0-runtime-centos7-py3.6",
        "0.11-cuda10.0-runtime-centos7-py3.7",
        "0.11-cuda10.0-runtime-ubuntu16.04",
        "0.11-cuda10.0-runtime-ubuntu16.04-py3.6",
        "0.11-cuda10.0-runtime-ubuntu16.04-py3.7",
        "0.11-cuda10.0-runtime-ubuntu18.04",
        "0.11-cuda10.0-runtime-ubuntu18.04-py3.6",
        "0.11-cuda10.0-runtime-ubuntu18.04-py3.7",
        "0.11-cuda10.1-base-centos7",
        "0.11-cuda10.1-base-centos7-py3.6",
        "0.11-cuda10.1-base-centos7-py3.7",
        "0.11-cuda10.1-base-ubuntu16.04",
        "0.11-cuda10.1-base-ubuntu16.04-py3.6",
        "0.11-cuda10.1-base-ubuntu16.04-py3.7",
        "0.11-cuda10.1-base-ubuntu18.04",
        "0.11-cuda10.1-base-ubuntu18.04-py3.6",
        "0.11-cuda10.1-base-ubuntu18.04-py3.7",
        "0.11-cuda10.1-runtime-centos7",
        "0.11-cuda10.1-runtime-centos7-py3.6",
        "0.11-cuda10.1-runtime-centos7-py3.7",
        "0.11-cuda10.1-runtime-ubuntu16.04",
        "0.11-cuda10.1-runtime-ubuntu16.04-py3.6",
        "0.11-cuda10.1-runtime-ubuntu16.04-py3.7",
        "0.11-cuda10.1-runtime-ubuntu18.04",
        "0.11-cuda10.1-runtime-ubuntu18.04-py3.6",
        "0.11-cuda10.1-runtime-ubuntu18.04-py3.7",
        "0.11-cuda9.2-base-centos7",
        "0.11-cuda9.2-base-centos7-py3.6",
        "0.11-cuda9.2-base-centos7-py3.7",
        "0.11-cuda9.2-base-ubuntu16.04",
        "0.11-cuda9.2-base-ubuntu16.04-py3.6",
        "0.11-cuda9.2-base-ubuntu16.04-py3.7",
        "0.11-cuda9.2-base-ubuntu18.04",
        "0.11-cuda9.2-base-ubuntu18.04-py3.6",
        "0.11-cuda9.2-base-ubuntu18.04-py3.7",
        "0.11-cuda9.2-runtime-centos7",
        "0.11-cuda9.2-runtime-centos7-py3.6",
        "0.11-cuda9.2-runtime-centos7-py3.7",
        "0.11-cuda9.2-runtime-ubuntu16.04",
        "0.11-cuda9.2-runtime-ubuntu16.04-py3.6",
        "0.11-cuda9.2-runtime-ubuntu16.04-py3.7",
        "0.11-cuda9.2-runtime-ubuntu18.04",
        "0.11-cuda9.2-runtime-ubuntu18.04-py3.6",
        "0.11-cuda9.2-runtime-ubuntu18.04-py3.7",
        "0.12-cuda10.0-base-centos7",
        "0.12-cuda10.0-base-centos7-py3.6",
        "0.12-cuda10.0-base-centos7-py3.7",
        "0.12-cuda10.0-base-ubuntu16.04",
        "0.12-cuda10.0-base-ubuntu16.04-py3.6",
        "0.12-cuda10.0-base-ubuntu16.04-py3.7",
        "0.12-cuda10.0-base-ubuntu18.04",
        "0.12-cuda10.0-base-ubuntu18.04-py3.6",
        "0.12-cuda10.0-base-ubuntu18.04-py3.7",
        "0.12-cuda10.0-runtime-centos7",
        "0.12-cuda10.0-runtime-centos7-py3.6",
        "0.12-cuda10.0-runtime-centos7-py3.7",
        "0.12-cuda10.0-runtime-ubuntu16.04",
        "0.12-cuda10.0-runtime-ubuntu16.04-py3.6",
        "0.12-cuda10.0-runtime-ubuntu16.04-py3.7",
        "0.12-cuda10.0-runtime-ubuntu18.04",
        "0.12-cuda10.0-runtime-ubuntu18.04-py3.6",
        "0.12-cuda10.0-runtime-ubuntu18.04-py3.7",
        "0.12-cuda10.1-base-centos7",
        "0.12-cuda10.1-base-centos7-py3.6",
        "0.12-cuda10.1-base-centos7-py3.7",
        "0.12-cuda10.1-base-ubuntu16.04",
        "0.12-cuda10.1-base-ubuntu16.04-py3.6",
        "0.12-cuda10.1-base-ubuntu16.04-py3.7",
        "0.12-cuda10.1-base-ubuntu18.04",
        "0.12-cuda10.1-base-ubuntu18.04-py3.6",
        "0.12-cuda10.1-base-ubuntu18.04-py3.7",
        "0.12-cuda10.1-runtime-centos7",
        "0.12-cuda10.1-runtime-centos7-py3.6",
        "0.12-cuda10.1-runtime-centos7-py3.7",
        "0.12-cuda10.1-runtime-ubuntu16.04",
        "0.12-cuda10.1-runtime-ubuntu16.04-py3.6",
        "0.12-cuda10.1-runtime-ubuntu16.04-py3.7",
        "0.12-cuda10.1-runtime-ubuntu18.04",
        "0.12-cuda10.1-runtime-ubuntu18.04-py3.6",
        "0.12-cuda10.1-runtime-ubuntu18.04-py3.7",
        "0.12-cuda9.2-base-centos7",
        "0.12-cuda9.2-base-centos7-py3.6",
        "0.12-cuda9.2-base-centos7-py3.7",
        "0.12-cuda9.2-base-ubuntu16.04",
        "0.12-cuda9.2-base-ubuntu16.04-py3.6",
        "0.12-cuda9.2-base-ubuntu16.04-py3.7",
        "0.12-cuda9.2-base-ubuntu18.04",
        "0.12-cuda9.2-base-ubuntu18.04-py3.6",
        "0.12-cuda9.2-base-ubuntu18.04-py3.7",
        "0.12-cuda9.2-runtime-centos7",
        "0.12-cuda9.2-runtime-centos7-py3.6",
        "0.12-cuda9.2-runtime-centos7-py3.7",
        "0.12-cuda9.2-runtime-ubuntu16.04",
        "0.12-cuda9.2-runtime-ubuntu16.04-py3.6",
        "0.12-cuda9.2-runtime-ubuntu16.04-py3.7",
        "0.12-cuda9.2-runtime-ubuntu18.04",
        "0.12-cuda9.2-runtime-ubuntu18.04-py3.6",
        "0.12-cuda9.2-runtime-ubuntu18.04-py3.7",
        "0.13-cuda10.0-base-centos7",
        "0.13-cuda10.0-base-centos7-py3.6",
        "0.13-cuda10.0-base-centos7-py3.7",
        "0.13-cuda10.0-base-ubuntu16.04",
        "0.13-cuda10.0-base-ubuntu16.04-py3.6",
        "0.13-cuda10.0-base-ubuntu16.04-py3.7",
        "0.13-cuda10.0-base-ubuntu18.04",
        "0.13-cuda10.0-base-ubuntu18.04-py3.6",
        "0.13-cuda10.0-base-ubuntu18.04-py3.7",
        "0.13-cuda10.0-runtime-centos7",
        "0.13-cuda10.0-runtime-centos7-py3.6",
        "0.13-cuda10.0-runtime-centos7-py3.7",
        "0.13-cuda10.0-runtime-ubuntu16.04",
        "0.13-cuda10.0-runtime-ubuntu16.04-py3.6",
        "0.13-cuda10.0-runtime-ubuntu16.04-py3.7",
        "0.13-cuda10.0-runtime-ubuntu18.04",
        "0.13-cuda10.0-runtime-ubuntu18.04-py3.6",
        "0.13-cuda10.0-runtime-ubuntu18.04-py3.7",
        "0.13-cuda10.1-base-centos7",
        "0.13-cuda10.1-base-centos7-py3.6",
        "0.13-cuda10.1-base-centos7-py3.7",
        "0.13-cuda10.1-base-ubuntu16.04",
        "0.13-cuda10.1-base-ubuntu16.04-py3.6",
        "0.13-cuda10.1-base-ubuntu16.04-py3.7",
        "0.13-cuda10.1-base-ubuntu18.04",
        "0.13-cuda10.1-base-ubuntu18.04-py3.6",
        "0.13-cuda10.1-base-ubuntu18.04-py3.7",
        "0.13-cuda10.1-runtime-centos7",
        "0.13-cuda10.1-runtime-centos7-py3.6",
        "0.13-cuda10.1-runtime-centos7-py3.7",
        "0.13-cuda10.1-runtime-ubuntu16.04",
        "0.13-cuda10.1-runtime-ubuntu16.04-py3.6",
        "0.13-cuda10.1-runtime-ubuntu16.04-py3.7",
        "0.13-cuda10.1-runtime-ubuntu18.04",
        "0.13-cuda10.1-runtime-ubuntu18.04-py3.6",
        "0.13-cuda10.1-runtime-ubuntu18.04-py3.7",
        "0.13-cuda10.2-base-centos7",
        "0.13-cuda10.2-base-centos7-py3.6",
        "0.13-cuda10.2-base-centos7-py3.7",
        "0.13-cuda10.2-base-ubuntu16.04",
        "0.13-cuda10.2-base-ubuntu16.04-py3.6",
        "0.13-cuda10.2-base-ubuntu16.04-py3.7",
        "0.13-cuda10.2-base-ubuntu18.04",
        "0.13-cuda10.2-base-ubuntu18.04-py3.6",
        "0.13-cuda10.2-base-ubuntu18.04-py3.7",
        "0.13-cuda10.2-runtime-centos7",
        "0.13-cuda10.2-runtime-centos7-py3.6",
        "0.13-cuda10.2-runtime-centos7-py3.7",
        "0.13-cuda10.2-runtime-ubuntu16.04",
        "0.13-cuda10.2-runtime-ubuntu16.04-py3.6",
        "0.13-cuda10.2-runtime-ubuntu16.04-py3.7",
        "0.13-cuda10.2-runtime-ubuntu18.04",
        "0.13-cuda10.2-runtime-ubuntu18.04-py3.6",
        "0.13-cuda10.2-runtime-ubuntu18.04-py3.7",
        "0.14-cuda10.0-base-centos7",
        "0.14-cuda10.0-base-centos7-py3.6",
        "0.14-cuda10.0-base-centos7-py3.7",
        "0.14-cuda10.0-base-ubuntu16.04",
        "0.14-cuda10.0-base-ubuntu16.04-py3.6",
        "0.14-cuda10.0-base-ubuntu16.04-py3.7",
        "0.14-cuda10.0-base-ubuntu18.04",
        "0.14-cuda10.0-base-ubuntu18.04-py3.6",
        "0.14-cuda10.0-base-ubuntu18.04-py3.7",
        "0.14-cuda10.0-runtime-centos7",
        "0.14-cuda10.0-runtime-centos7-py3.6",
        "0.14-cuda10.0-runtime-centos7-py3.7",
        "0.14-cuda10.0-runtime-ubuntu16.04",
        "0.14-cuda10.0-runtime-ubuntu16.04-py3.6",
        "0.14-cuda10.0-runtime-ubuntu16.04-py3.7",
        "0.14-cuda10.0-runtime-ubuntu18.04",
        "0.14-cuda10.0-runtime-ubuntu18.04-py3.6",
        "0.14-cuda10.0-runtime-ubuntu18.04-py3.7",
        "0.14-cuda10.1-base-centos7",
        "0.14-cuda10.1-base-centos7-py3.6",
        "0.14-cuda10.1-base-centos7-py3.7",
        "0.14-cuda10.1-base-ubuntu16.04",
        "0.14-cuda10.1-base-ubuntu16.04-py3.6",
        "0.14-cuda10.1-base-ubuntu16.04-py3.7",
        "0.14-cuda10.1-base-ubuntu18.04",
        "0.14-cuda10.1-base-ubuntu18.04-py3.6",
        "0.14-cuda10.1-base-ubuntu18.04-py3.7",
        "0.14-cuda10.1-runtime-centos7",
        "0.14-cuda10.1-runtime-centos7-py3.6",
        "0.14-cuda10.1-runtime-centos7-py3.7",
        "0.14-cuda10.1-runtime-ubuntu16.04",
        "0.14-cuda10.1-runtime-ubuntu16.04-py3.6",
        "0.14-cuda10.1-runtime-ubuntu16.04-py3.7",
        "0.14-cuda10.1-runtime-ubuntu18.04",
        "0.14-cuda10.1-runtime-ubuntu18.04-py3.6",
        "0.14-cuda10.1-runtime-ubuntu18.04-py3.7",
        "0.14-cuda10.2-base-centos7",
        "0.14-cuda10.2-base-centos7-py3.6",
        "0.14-cuda10.2-base-centos7-py3.7",
        "0.14-cuda10.2-base-ubuntu16.04",
        "0.14-cuda10.2-base-ubuntu16.04-py3.6",
        "0.14-cuda10.2-base-ubuntu16.04-py3.7",
        "0.14-cuda10.2-base-ubuntu18.04",
        "0.14-cuda10.2-base-ubuntu18.04-py3.6",
        "0.14-cuda10.2-base-ubuntu18.04-py3.7",
        "0.14-cuda10.2-runtime-centos7",
        "0.14-cuda10.2-runtime-centos7-py3.6",
        "0.14-cuda10.2-runtime-centos7-py3.7",
        "0.14-cuda10.2-runtime-ubuntu16.04",
        "0.14-cuda10.2-runtime-ubuntu16.04-py3.6",
        "0.14-cuda10.2-runtime-ubuntu16.04-py3.7",
        "0.14-cuda10.2-runtime-ubuntu18.04",
        "0.14-cuda10.2-runtime-ubuntu18.04-py3.6",
        "0.14-cuda10.2-runtime-ubuntu18.04-py3.7",
        "0.15-cuda10.1-base-centos7",
        "0.15-cuda10.1-base-centos7-py3.7",
        "0.15-cuda10.1-base-centos7-py3.8",
        "0.15-cuda10.1-base-ubuntu16.04",
        "0.15-cuda10.1-base-ubuntu16.04-py3.7",
        "0.15-cuda10.1-base-ubuntu16.04-py3.8",
        "0.15-cuda10.1-base-ubuntu18.04",
        "0.15-cuda10.1-base-ubuntu18.04-py3.7",
        "0.15-cuda10.1-base-ubuntu18.04-py3.8",
        "0.15-cuda10.1-runtime-centos7",
        "0.15-cuda10.1-runtime-centos7-py3.7",
        "0.15-cuda10.1-runtime-centos7-py3.8",
        "0.15-cuda10.1-runtime-ubuntu16.04",
        "0.15-cuda10.1-runtime-ubuntu16.04-py3.7",
        "0.15-cuda10.1-runtime-ubuntu16.04-py3.8",
        "0.15-cuda10.1-runtime-ubuntu18.04",
        "0.15-cuda10.1-runtime-ubuntu18.04-py3.7",
        "0.15-cuda10.1-runtime-ubuntu18.04-py3.8",
        "0.15-cuda10.2-base-centos7",
        "0.15-cuda10.2-base-centos7-py3.7",
        "0.15-cuda10.2-base-centos7-py3.8",
        "0.15-cuda10.2-base-ubuntu16.04",
        "0.15-cuda10.2-base-ubuntu16.04-py3.7",
        "0.15-cuda10.2-base-ubuntu16.04-py3.8",
        "0.15-cuda10.2-base-ubuntu18.04",
        "0.15-cuda10.2-base-ubuntu18.04-py3.7",
        "0.15-cuda10.2-base-ubuntu18.04-py3.8",
        "0.15-cuda10.2-runtime-centos7",
        "0.15-cuda10.2-runtime-centos7-py3.7",
        "0.15-cuda10.2-runtime-centos7-py3.8",
        "0.15-cuda10.2-runtime-ubuntu16.04",
        "0.15-cuda10.2-runtime-ubuntu16.04-py3.7",
        "0.15-cuda10.2-runtime-ubuntu16.04-py3.8",
        "0.15-cuda10.2-runtime-ubuntu18.04",
        "0.15-cuda10.2-runtime-ubuntu18.04-py3.7",
        "0.15-cuda10.2-runtime-ubuntu18.04-py3.8",
        "0.15-cuda11.0-base-centos7",
        "0.15-cuda11.0-base-centos7-py3.7",
        "0.15-cuda11.0-base-centos7-py3.8",
        "0.15-cuda11.0-base-ubuntu16.04",
        "0.15-cuda11.0-base-ubuntu16.04-py3.7",
        "0.15-cuda11.0-base-ubuntu16.04-py3.8",
        "0.15-cuda11.0-base-ubuntu18.04",
        "0.15-cuda11.0-base-ubuntu18.04-py3.7",
        "0.15-cuda11.0-base-ubuntu18.04-py3.8",
        "0.15-cuda11.0-runtime-centos7",
        "0.15-cuda11.0-runtime-centos7-py3.7",
        "0.15-cuda11.0-runtime-centos7-py3.8",
        "0.15-cuda11.0-runtime-ubuntu16.04",
        "0.15-cuda11.0-runtime-ubuntu16.04-py3.7",
        "0.15-cuda11.0-runtime-ubuntu16.04-py3.8",
        "0.15-cuda11.0-runtime-ubuntu18.04",
        "0.15-cuda11.0-runtime-ubuntu18.04-py3.7",
        "0.15-cuda11.0-runtime-ubuntu18.04-py3.8",
        "0.16-cuda10.1-base-centos7",
        "0.16-cuda10.1-base-centos7-py3.7",
        "0.16-cuda10.1-base-centos7-py3.8",
        "0.16-cuda10.1-base-ubuntu16.04",
        "0.16-cuda10.1-base-ubuntu16.04-py3.7",
        "0.16-cuda10.1-base-ubuntu16.04-py3.8",
        "0.16-cuda10.1-base-ubuntu18.04",
        "0.16-cuda10.1-base-ubuntu18.04-py3.7",
        "0.16-cuda10.1-base-ubuntu18.04-py3.8",
        "0.16-cuda10.1-runtime-centos7",
        "0.16-cuda10.1-runtime-centos7-py3.7",
        "0.16-cuda10.1-runtime-centos7-py3.8",
        "0.16-cuda10.1-runtime-ubuntu16.04",
        "0.16-cuda10.1-runtime-ubuntu16.04-py3.7",
        "0.16-cuda10.1-runtime-ubuntu16.04-py3.8",
        "0.16-cuda10.1-runtime-ubuntu18.04",
        "0.16-cuda10.1-runtime-ubuntu18.04-py3.7",
        "0.16-cuda10.1-runtime-ubuntu18.04-py3.8",
        "0.16-cuda10.2-base-centos7",
        "0.16-cuda10.2-base-centos7-py3.7",
        "0.16-cuda10.2-base-centos7-py3.8",
        "0.16-cuda10.2-base-ubuntu16.04",
        "0.16-cuda10.2-base-ubuntu16.04-py3.7",
        "0.16-cuda10.2-base-ubuntu16.04-py3.8",
        "0.16-cuda10.2-base-ubuntu18.04",
        "0.16-cuda10.2-base-ubuntu18.04-py3.7",
        "0.16-cuda10.2-base-ubuntu18.04-py3.8",
        "0.16-cuda10.2-runtime-centos7",
        "0.16-cuda10.2-runtime-centos7-py3.7",
        "0.16-cuda10.2-runtime-centos7-py3.8",
        "0.16-cuda10.2-runtime-ubuntu16.04",
        "0.16-cuda10.2-runtime-ubuntu16.04-py3.7",
        "0.16-cuda10.2-runtime-ubuntu16.04-py3.8",
        "0.16-cuda10.2-runtime-ubuntu18.04",
        "0.16-cuda10.2-runtime-ubuntu18.04-py3.7",
        "0.16-cuda10.2-runtime-ubuntu18.04-py3.8",
        "0.16-cuda11.0-base-centos7",
        "0.16-cuda11.0-base-centos7-py3.7",
        "0.16-cuda11.0-base-centos7-py3.8",
        "0.16-cuda11.0-base-ubuntu16.04",
        "0.16-cuda11.0-base-ubuntu16.04-py3.7",
        "0.16-cuda11.0-base-ubuntu16.04-py3.8",
        "0.16-cuda11.0-base-ubuntu18.04",
        "0.16-cuda11.0-base-ubuntu18.04-py3.7",
        "0.16-cuda11.0-base-ubuntu18.04-py3.8",
        "0.16-cuda11.0-runtime-centos7",
        "0.16-cuda11.0-runtime-centos7-py3.7",
        "0.16-cuda11.0-runtime-centos7-py3.8",
        "0.16-cuda11.0-runtime-ubuntu16.04",
        "0.16-cuda11.0-runtime-ubuntu16.04-py3.7",
        "0.16-cuda11.0-runtime-ubuntu16.04-py3.8",
        "0.16-cuda11.0-runtime-ubuntu18.04",
        "0.16-cuda11.0-runtime-ubuntu18.04-py3.7",
        "0.16-cuda11.0-runtime-ubuntu18.04-py3.8",
        "0.17-cuda10.1-base-centos7",
        "0.17-cuda10.1-base-centos7-py3.7",
        "0.17-cuda10.1-base-centos7-py3.8",
        "0.17-cuda10.1-base-ubuntu16.04",
        "0.17-cuda10.1-base-ubuntu16.04-py3.7",
        "0.17-cuda10.1-base-ubuntu16.04-py3.8",
        "0.17-cuda10.1-base-ubuntu18.04",
        "0.17-cuda10.1-base-ubuntu18.04-py3.7",
        "0.17-cuda10.1-base-ubuntu18.04-py3.8",
        "0.17-cuda10.1-runtime-centos7",
        "0.17-cuda10.1-runtime-centos7-py3.7",
        "0.17-cuda10.1-runtime-centos7-py3.8",
        "0.17-cuda10.1-runtime-ubuntu16.04",
        "0.17-cuda10.1-runtime-ubuntu16.04-py3.7",
        "0.17-cuda10.1-runtime-ubuntu16.04-py3.8",
        "0.17-cuda10.1-runtime-ubuntu18.04",
        "0.17-cuda10.1-runtime-ubuntu18.04-py3.7",
        "0.17-cuda10.1-runtime-ubuntu18.04-py3.8",
        "0.17-cuda10.2-base-centos7",
        "0.17-cuda10.2-base-centos7-py3.7",
        "0.17-cuda10.2-base-centos7-py3.8",
        "0.17-cuda10.2-base-ubuntu16.04",
        "0.17-cuda10.2-base-ubuntu16.04-py3.7",
        "0.17-cuda10.2-base-ubuntu16.04-py3.8",
        "0.17-cuda10.2-base-ubuntu18.04",
        "0.17-cuda10.2-base-ubuntu18.04-py3.7",
        "0.17-cuda10.2-base-ubuntu18.04-py3.8",
        "0.17-cuda10.2-runtime-centos7",
        "0.17-cuda10.2-runtime-centos7-py3.7",
        "0.17-cuda10.2-runtime-centos7-py3.8",
        "0.17-cuda10.2-runtime-ubuntu16.04",
        "0.17-cuda10.2-runtime-ubuntu16.04-py3.7",
        "0.17-cuda10.2-runtime-ubuntu16.04-py3.8",
        "0.17-cuda10.2-runtime-ubuntu18.04",
        "0.17-cuda10.2-runtime-ubuntu18.04-py3.7",
        "0.17-cuda10.2-runtime-ubuntu18.04-py3.8",
        "0.17-cuda11.0-base-centos7",
        "0.17-cuda11.0-base-centos7-py3.7",
        "0.17-cuda11.0-base-centos7-py3.8",
        "0.17-cuda11.0-base-ubuntu16.04",
        "0.17-cuda11.0-base-ubuntu16.04-py3.7",
        "0.17-cuda11.0-base-ubuntu16.04-py3.8",
        "0.17-cuda11.0-base-ubuntu18.04",
        "0.17-cuda11.0-base-ubuntu18.04-py3.7",
        "0.17-cuda11.0-base-ubuntu18.04-py3.8",
        "0.17-cuda11.0-runtime-centos7",
        "0.17-cuda11.0-runtime-centos7-py3.7",
        "0.17-cuda11.0-runtime-centos7-py3.8",
        "0.17-cuda11.0-runtime-ubuntu16.04",
        "0.17-cuda11.0-runtime-ubuntu16.04-py3.7",
        "0.17-cuda11.0-runtime-ubuntu16.04-py3.8",
        "0.17-cuda11.0-runtime-ubuntu18.04",
        "0.17-cuda11.0-runtime-ubuntu18.04-py3.7",
        "0.17-cuda11.0-runtime-ubuntu18.04-py3.8",
        "0.18-cuda10.1-base-centos7",
        "0.18-cuda10.1-base-centos7-py3.7",
        "0.18-cuda10.1-base-centos7-py3.8",
        "0.18-cuda10.1-base-ubuntu16.04",
        "0.18-cuda10.1-base-ubuntu16.04-py3.7",
        "0.18-cuda10.1-base-ubuntu16.04-py3.8",
        "0.18-cuda10.1-base-ubuntu18.04",
        "0.18-cuda10.1-base-ubuntu18.04-py3.7",
        "0.18-cuda10.1-base-ubuntu18.04-py3.8",
        "0.18-cuda10.1-runtime-centos7",
        "0.18-cuda10.1-runtime-centos7-py3.7",
        "0.18-cuda10.1-runtime-centos7-py3.8",
        "0.18-cuda10.1-runtime-ubuntu16.04",
        "0.18-cuda10.1-runtime-ubuntu16.04-py3.7",
        "0.18-cuda10.1-runtime-ubuntu16.04-py3.8",
        "0.18-cuda10.1-runtime-ubuntu18.04",
        "0.18-cuda10.1-runtime-ubuntu18.04-py3.7",
        "0.18-cuda10.1-runtime-ubuntu18.04-py3.8",
        "0.18-cuda10.2-base-centos7",
        "0.18-cuda10.2-base-centos7-py3.7",
        "0.18-cuda10.2-base-centos7-py3.8",
        "0.18-cuda10.2-base-ubuntu16.04",
        "0.18-cuda10.2-base-ubuntu16.04-py3.7",
        "0.18-cuda10.2-base-ubuntu16.04-py3.8",
        "0.18-cuda10.2-base-ubuntu18.04",
        "0.18-cuda10.2-base-ubuntu18.04-py3.7",
        "0.18-cuda10.2-base-ubuntu18.04-py3.8",
        "0.18-cuda10.2-runtime-centos7",
        "0.18-cuda10.2-runtime-centos7-py3.7",
        "0.18-cuda10.2-runtime-centos7-py3.8",
        "0.18-cuda10.2-runtime-ubuntu16.04",
        "0.18-cuda10.2-runtime-ubuntu16.04-py3.7",
        "0.18-cuda10.2-runtime-ubuntu16.04-py3.8",
        "0.18-cuda10.2-runtime-ubuntu18.04",
        "0.18-cuda10.2-runtime-ubuntu18.04-py3.7",
        "0.18-cuda10.2-runtime-ubuntu18.04-py3.8",
        "0.18-cuda11.0-base-centos7",
        "0.18-cuda11.0-base-centos7-py3.7",
        "0.18-cuda11.0-base-centos7-py3.8",
        "0.18-cuda11.0-base-centos8",
        "0.18-cuda11.0-base-centos8-py3.7",
        "0.18-cuda11.0-base-centos8-py3.8",
        "0.18-cuda11.0-base-ubuntu16.04",
        "0.18-cuda11.0-base-ubuntu16.04-py3.7",
        "0.18-cuda11.0-base-ubuntu16.04-py3.8",
        "0.18-cuda11.0-base-ubuntu18.04",
        "0.18-cuda11.0-base-ubuntu18.04-py3.7",
        "0.18-cuda11.0-base-ubuntu18.04-py3.8",
        "0.18-cuda11.0-base-ubuntu20.04",
        "0.18-cuda11.0-base-ubuntu20.04-py3.7",
        "0.18-cuda11.0-base-ubuntu20.04-py3.8",
        "0.18-cuda11.0-runtime-centos7",
        "0.18-cuda11.0-runtime-centos7-py3.7",
        "0.18-cuda11.0-runtime-centos7-py3.8",
        "0.18-cuda11.0-runtime-centos8",
        "0.18-cuda11.0-runtime-centos8-py3.7",
        "0.18-cuda11.0-runtime-centos8-py3.8",
        "0.18-cuda11.0-runtime-ubuntu16.04",
        "0.18-cuda11.0-runtime-ubuntu16.04-py3.7",
        "0.18-cuda11.0-runtime-ubuntu16.04-py3.8",
        "0.18-cuda11.0-runtime-ubuntu18.04",
        "0.18-cuda11.0-runtime-ubuntu18.04-py3.7",
        "0.18-cuda11.0-runtime-ubuntu18.04-py3.8",
        "0.18-cuda11.0-runtime-ubuntu20.04",
        "0.18-cuda11.0-runtime-ubuntu20.04-py3.7",
        "0.18-cuda11.0-runtime-ubuntu20.04-py3.8",
        "0.19-cuda10.1-base-centos7",
        "0.19-cuda10.1-base-centos7-py3.7",
        "0.19-cuda10.1-base-centos7-py3.8",
        "0.19-cuda10.1-base-ubuntu16.04",
        "0.19-cuda10.1-base-ubuntu16.04-py3.7",
        "0.19-cuda10.1-base-ubuntu16.04-py3.8",
        "0.19-cuda10.1-base-ubuntu18.04",
        "0.19-cuda10.1-base-ubuntu18.04-py3.7",
        "0.19-cuda10.1-base-ubuntu18.04-py3.8",
        "0.19-cuda10.1-runtime-centos7",
        "0.19-cuda10.1-runtime-centos7-py3.7",
        "0.19-cuda10.1-runtime-centos7-py3.8",
        "0.19-cuda10.1-runtime-ubuntu16.04",
        "0.19-cuda10.1-runtime-ubuntu16.04-py3.7",
        "0.19-cuda10.1-runtime-ubuntu16.04-py3.8",
        "0.19-cuda10.1-runtime-ubuntu18.04",
        "0.19-cuda10.1-runtime-ubuntu18.04-py3.7",
        "0.19-cuda10.1-runtime-ubuntu18.04-py3.8",
        "0.19-cuda10.2-base-centos7",
        "0.19-cuda10.2-base-centos7-py3.7",
        "0.19-cuda10.2-base-centos7-py3.8",
        "0.19-cuda10.2-base-ubuntu16.04",
        "0.19-cuda10.2-base-ubuntu16.04-py3.7",
        "0.19-cuda10.2-base-ubuntu16.04-py3.8",
        "0.19-cuda10.2-base-ubuntu18.04",
        "0.19-cuda10.2-base-ubuntu18.04-py3.7",
        "0.19-cuda10.2-base-ubuntu18.04-py3.8",
        "0.19-cuda10.2-runtime-centos7",
        "0.19-cuda10.2-runtime-centos7-py3.7",
        "0.19-cuda10.2-runtime-centos7-py3.8",
        "0.19-cuda10.2-runtime-ubuntu16.04",
        "0.19-cuda10.2-runtime-ubuntu16.04-py3.7",
        "0.19-cuda10.2-runtime-ubuntu16.04-py3.8",
        "0.19-cuda10.2-runtime-ubuntu18.04",
        "0.19-cuda10.2-runtime-ubuntu18.04-py3.7",
        "0.19-cuda10.2-runtime-ubuntu18.04-py3.8",
        "0.19-cuda11.0-base-centos7",
        "0.19-cuda11.0-base-centos7-py3.7",
        "0.19-cuda11.0-base-centos7-py3.8",
        "0.19-cuda11.0-base-centos8",
        "0.19-cuda11.0-base-centos8-py3.7",
        "0.19-cuda11.0-base-centos8-py3.8",
        "0.19-cuda11.0-base-ubuntu16.04",
        "0.19-cuda11.0-base-ubuntu16.04-py3.7",
        "0.19-cuda11.0-base-ubuntu16.04-py3.8",
        "0.19-cuda11.0-base-ubuntu18.04",
        "0.19-cuda11.0-base-ubuntu18.04-py3.7",
        "0.19-cuda11.0-base-ubuntu18.04-py3.8",
        "0.19-cuda11.0-base-ubuntu20.04",
        "0.19-cuda11.0-base-ubuntu20.04-py3.7",
        "0.19-cuda11.0-base-ubuntu20.04-py3.8",
        "0.19-cuda11.0-runtime-centos7",
        "0.19-cuda11.0-runtime-centos7-py3.7",
        "0.19-cuda11.0-runtime-centos7-py3.8",
        "0.19-cuda11.0-runtime-centos8",
        "0.19-cuda11.0-runtime-centos8-py3.7",
        "0.19-cuda11.0-runtime-centos8-py3.8",
        "0.19-cuda11.0-runtime-ubuntu16.04",
        "0.19-cuda11.0-runtime-ubuntu16.04-py3.7",
        "0.19-cuda11.0-runtime-ubuntu16.04-py3.8",
        "0.19-cuda11.0-runtime-ubuntu18.04",
        "0.19-cuda11.0-runtime-ubuntu18.04-py3.7",
        "0.19-cuda11.0-runtime-ubuntu18.04-py3.8",
        "0.19-cuda11.0-runtime-ubuntu20.04",
        "0.19-cuda11.0-runtime-ubuntu20.04-py3.7",
        "0.19-cuda11.0-runtime-ubuntu20.04-py3.8",
        "0.19-cuda11.2-base-centos7",
        "0.19-cuda11.2-base-centos7-py3.7",
        "0.19-cuda11.2-base-centos7-py3.8",
        "0.19-cuda11.2-base-centos8",
        "0.19-cuda11.2-base-centos8-py3.7",
        "0.19-cuda11.2-base-centos8-py3.8",
        "0.19-cuda11.2-base-ubuntu16.04",
        "0.19-cuda11.2-base-ubuntu16.04-py3.7",
        "0.19-cuda11.2-base-ubuntu16.04-py3.8",
        "0.19-cuda11.2-base-ubuntu18.04",
        "0.19-cuda11.2-base-ubuntu18.04-py3.7",
        "0.19-cuda11.2-base-ubuntu18.04-py3.8",
        "0.19-cuda11.2-base-ubuntu20.04",
        "0.19-cuda11.2-base-ubuntu20.04-py3.7",
        "0.19-cuda11.2-base-ubuntu20.04-py3.8",
        "0.19-cuda11.2-runtime-centos7",
        "0.19-cuda11.2-runtime-centos7-py3.7",
        "0.19-cuda11.2-runtime-centos7-py3.8",
        "0.19-cuda11.2-runtime-centos8",
        "0.19-cuda11.2-runtime-centos8-py3.7",
        "0.19-cuda11.2-runtime-centos8-py3.8",
        "0.19-cuda11.2-runtime-ubuntu16.04",
        "0.19-cuda11.2-runtime-ubuntu16.04-py3.7",
        "0.19-cuda11.2-runtime-ubuntu16.04-py3.8",
        "0.19-cuda11.2-runtime-ubuntu18.04",
        "0.19-cuda11.2-runtime-ubuntu18.04-py3.7",
        "0.19-cuda11.2-runtime-ubuntu18.04-py3.8",
        "0.19-cuda11.2-runtime-ubuntu20.04",
        "0.19-cuda11.2-runtime-ubuntu20.04-py3.7",
        "0.19-cuda11.2-runtime-ubuntu20.04-py3.8",
        "0.5-cuda10.0-base-centos7-gcc7-py3.6",
        "0.5-cuda10.0-base-centos7-gcc7-py3.7",
        "0.5-cuda10.0-base-ubuntu16.04-gcc5-py3.6",
        "0.5-cuda10.0-base-ubuntu16.04-gcc5-py3.7",
        "0.5-cuda10.0-base-ubuntu18.04-gcc7-py3.6",
        "0.5-cuda10.0-base-ubuntu18.04-gcc7-py3.7",
        "0.5-cuda10.0-devel-centos7-gcc7-py3.6",
        "0.5-cuda10.0-devel-centos7-gcc7-py3.7",
        "0.5-cuda10.0-devel-ubuntu16.04-gcc5-py3.6",
        "0.5-cuda10.0-devel-ubuntu16.04-gcc5-py3.7",
        "0.5-cuda10.0-devel-ubuntu18.04-gcc7-py3.6",
        "0.5-cuda10.0-devel-ubuntu18.04-gcc7-py3.7",
        "0.5-cuda10.0-runtime-centos7-gcc7-py3.6",
        "0.5-cuda10.0-runtime-centos7-gcc7-py3.7",
        "0.5-cuda10.0-runtime-ubuntu16.04-gcc5-py3.6",
        "0.5-cuda10.0-runtime-ubuntu16.04-gcc5-py3.7",
        "0.5-cuda10.0-runtime-ubuntu18.04-gcc7-py3.6",
        "0.5-cuda10.0-runtime-ubuntu18.04-gcc7-py3.7",
        "0.5-cuda9.2-base-centos7-gcc7-py3.6",
        "0.5-cuda9.2-base-centos7-gcc7-py3.7",
        "0.5-cuda9.2-base-ubuntu16.04-gcc5-py3.6",
        "0.5-cuda9.2-base-ubuntu16.04-gcc5-py3.7",
        "0.5-cuda9.2-base-ubuntu18.04-gcc7-py3.6",
        "0.5-cuda9.2-base-ubuntu18.04-gcc7-py3.7",
        "0.5-cuda9.2-devel-centos7-gcc7-py3.6",
        "0.5-cuda9.2-devel-centos7-gcc7-py3.7",
        "0.5-cuda9.2-devel-ubuntu16.04-gcc5-py3.6",
        "0.5-cuda9.2-devel-ubuntu16.04-gcc5-py3.7",
        "0.5-cuda9.2-devel-ubuntu18.04-gcc7-py3.6",
        "0.5-cuda9.2-devel-ubuntu18.04-gcc7-py3.7",
        "0.5-cuda9.2-runtime-centos7-gcc7-py3.6",
        "0.5-cuda9.2-runtime-centos7-gcc7-py3.7",
        "0.5-cuda9.2-runtime-ubuntu16.04-gcc5-py3.6",
        "0.5-cuda9.2-runtime-ubuntu16.04-gcc5-py3.7",
        "0.5-cuda9.2-runtime-ubuntu18.04-gcc7-py3.6",
        "0.5-cuda9.2-runtime-ubuntu18.04-gcc7-py3.7",
        "0.6-cuda10.0-base-centos7-gcc7-py3.6",
        "0.6-cuda10.0-base-centos7-gcc7-py3.7",
        "0.6-cuda10.0-base-ubuntu16.04-gcc5-py3.6",
        "0.6-cuda10.0-base-ubuntu16.04-gcc5-py3.7",
        "0.6-cuda10.0-base-ubuntu18.04-gcc7-py3.6",
        "0.6-cuda10.0-base-ubuntu18.04-gcc7-py3.7",
        "0.6-cuda10.0-devel-centos7-gcc7-py3.6",
        "0.6-cuda10.0-devel-centos7-gcc7-py3.7",
        "0.6-cuda10.0-devel-ubuntu16.04-gcc5-py3.6",
        "0.6-cuda10.0-devel-ubuntu16.04-gcc5-py3.7",
        "0.6-cuda10.0-devel-ubuntu18.04-gcc7-py3.6",
        "0.6-cuda10.0-devel-ubuntu18.04-gcc7-py3.7",
        "0.6-cuda10.0-runtime-centos7-gcc7-py3.6",
        "0.6-cuda10.0-runtime-centos7-gcc7-py3.7",
        "0.6-cuda10.0-runtime-ubuntu16.04-gcc5-py3.6",
        "0.6-cuda10.0-runtime-ubuntu16.04-gcc5-py3.7",
        "0.6-cuda10.0-runtime-ubuntu18.04-gcc7-py3.6",
        "0.6-cuda10.0-runtime-ubuntu18.04-gcc7-py3.7",
        "0.6-cuda9.2-base-centos7-gcc7-py3.6",
        "0.6-cuda9.2-base-centos7-gcc7-py3.7",
        "0.6-cuda9.2-base-ubuntu16.04-gcc5-py3.6",
        "0.6-cuda9.2-base-ubuntu16.04-gcc5-py3.7",
        "0.6-cuda9.2-base-ubuntu18.04-gcc7-py3.6",
        "0.6-cuda9.2-base-ubuntu18.04-gcc7-py3.7",
        "0.6-cuda9.2-devel-centos7-gcc7-py3.6",
        "0.6-cuda9.2-devel-centos7-gcc7-py3.7",
        "0.6-cuda9.2-devel-ubuntu16.04-gcc5-py3.6",
        "0.6-cuda9.2-devel-ubuntu16.04-gcc5-py3.7",
        "0.6-cuda9.2-devel-ubuntu18.04-gcc7-py3.6",
        "0.6-cuda9.2-devel-ubuntu18.04-gcc7-py3.7",
        "0.6-cuda9.2-runtime-centos7-gcc7-py3.6",
        "0.6-cuda9.2-runtime-centos7-gcc7-py3.7",
        "0.6-cuda9.2-runtime-ubuntu16.04-gcc5-py3.6",
        "0.6-cuda9.2-runtime-ubuntu16.04-gcc5-py3.7",
        "0.6-cuda9.2-runtime-ubuntu18.04-gcc7-py3.6",
        "0.6-cuda9.2-runtime-ubuntu18.04-gcc7-py3.7",
        "0.7-cuda10.0-base-centos7-gcc7-py3.6",
        "0.7-cuda10.0-base-centos7-gcc7-py3.7",
        "0.7-cuda10.0-base-ubuntu16.04-gcc5-py3.6",
        "0.7-cuda10.0-base-ubuntu16.04-gcc5-py3.7",
        "0.7-cuda10.0-base-ubuntu18.04-gcc7-py3.6",
        "0.7-cuda10.0-base-ubuntu18.04-gcc7-py3.7",
        "0.7-cuda10.0-devel-centos7-gcc7-py3.6",
        "0.7-cuda10.0-devel-centos7-gcc7-py3.7",
        "0.7-cuda10.0-devel-ubuntu16.04-gcc5-py3.6",
        "0.7-cuda10.0-devel-ubuntu16.04-gcc5-py3.7",
        "0.7-cuda10.0-devel-ubuntu18.04-gcc7-py3.6",
        "0.7-cuda10.0-devel-ubuntu18.04-gcc7-py3.7",
        "0.7-cuda10.0-runtime-centos7-gcc7-py3.6",
        "0.7-cuda10.0-runtime-centos7-gcc7-py3.7",
        "0.7-cuda10.0-runtime-ubuntu16.04-gcc5-py3.6",
        "0.7-cuda10.0-runtime-ubuntu16.04-gcc5-py3.7",
        "0.7-cuda10.0-runtime-ubuntu18.04-gcc7-py3.6",
        "0.7-cuda10.0-runtime-ubuntu18.04-gcc7-py3.7",
        "0.7-cuda9.2-base-centos7-gcc7-py3.6",
        "0.7-cuda9.2-base-centos7-gcc7-py3.7",
        "0.7-cuda9.2-base-ubuntu16.04-gcc5-py3.6",
        "0.7-cuda9.2-base-ubuntu16.04-gcc5-py3.7",
        "0.7-cuda9.2-base-ubuntu18.04-gcc7-py3.6",
        "0.7-cuda9.2-base-ubuntu18.04-gcc7-py3.7",
        "0.7-cuda9.2-devel-centos7-gcc7-py3.6",
        "0.7-cuda9.2-devel-centos7-gcc7-py3.7",
        "0.7-cuda9.2-devel-ubuntu16.04-gcc5-py3.6",
        "0.7-cuda9.2-devel-ubuntu16.04-gcc5-py3.7",
        "0.7-cuda9.2-devel-ubuntu18.04-gcc7-py3.6",
        "0.7-cuda9.2-devel-ubuntu18.04-gcc7-py3.7",
        "0.7-cuda9.2-runtime-centos7-gcc7-py3.6",
        "0.7-cuda9.2-runtime-centos7-gcc7-py3.7",
        "0.7-cuda9.2-runtime-ubuntu16.04-gcc5-py3.6",
        "0.7-cuda9.2-runtime-ubuntu16.04-gcc5-py3.7",
        "0.7-cuda9.2-runtime-ubuntu18.04-gcc7-py3.6",
        "0.7-cuda9.2-runtime-ubuntu18.04-gcc7-py3.7",
        "0.8-cuda10.0-base-centos7-gcc7-py3.6",
        "0.8-cuda10.0-base-centos7-gcc7-py3.7",
        "0.8-cuda10.0-base-ubuntu16.04-gcc5-py3.6",
        "0.8-cuda10.0-base-ubuntu16.04-gcc5-py3.7",
        "0.8-cuda10.0-base-ubuntu18.04-gcc7-py3.6",
        "0.8-cuda10.0-base-ubuntu18.04-gcc7-py3.7",
        "0.8-cuda10.0-devel-centos7-gcc7-py3.6",
        "0.8-cuda10.0-devel-centos7-gcc7-py3.7",
        "0.8-cuda10.0-devel-ubuntu16.04-gcc5-py3.6",
        "0.8-cuda10.0-devel-ubuntu16.04-gcc5-py3.7",
        "0.8-cuda10.0-devel-ubuntu18.04-gcc7-py3.6",
        "0.8-cuda10.0-devel-ubuntu18.04-gcc7-py3.7",
        "0.8-cuda10.0-runtime-centos7-gcc7-py3.6",
        "0.8-cuda10.0-runtime-centos7-gcc7-py3.7",
        "0.8-cuda10.0-runtime-ubuntu16.04-gcc5-py3.6",
        "0.8-cuda10.0-runtime-ubuntu16.04-gcc5-py3.7",
        "0.8-cuda10.0-runtime-ubuntu18.04-gcc7-py3.6",
        "0.8-cuda10.0-runtime-ubuntu18.04-gcc7-py3.7",
        "0.8-cuda9.2-base-centos7-gcc7-py3.6",
        "0.8-cuda9.2-base-centos7-gcc7-py3.7",
        "0.8-cuda9.2-base-ubuntu16.04-gcc5-py3.6",
        "0.8-cuda9.2-base-ubuntu16.04-gcc5-py3.7",
        "0.8-cuda9.2-base-ubuntu18.04-gcc7-py3.6",
        "0.8-cuda9.2-base-ubuntu18.04-gcc7-py3.7",
        "0.8-cuda9.2-devel-centos7-gcc7-py3.6",
        "0.8-cuda9.2-devel-centos7-gcc7-py3.7",
        "0.8-cuda9.2-devel-ubuntu16.04-gcc5-py3.6",
        "0.8-cuda9.2-devel-ubuntu16.04-gcc5-py3.7",
        "0.8-cuda9.2-devel-ubuntu18.04-gcc7-py3.6",
        "0.8-cuda9.2-devel-ubuntu18.04-gcc7-py3.7",
        "0.8-cuda9.2-runtime-centos7-gcc7-py3.6",
        "0.8-cuda9.2-runtime-centos7-gcc7-py3.7",
        "0.8-cuda9.2-runtime-ubuntu16.04-gcc5-py3.6",
        "0.8-cuda9.2-runtime-ubuntu16.04-gcc5-py3.7",
        "0.8-cuda9.2-runtime-ubuntu18.04-gcc7-py3.6",
        "0.8-cuda9.2-runtime-ubuntu18.04-gcc7-py3.7",
        "0.9-cuda10.0-base-centos7",
        "0.9-cuda10.0-base-ubuntu16.04",
        "0.9-cuda10.0-base-ubuntu18.04",
        "0.9-cuda10.0-runtime-centos7",
        "0.9-cuda10.0-runtime-ubuntu16.04",
        "0.9-cuda10.0-runtime-ubuntu18.04",
        "0.9-cuda9.2-base-centos7",
        "0.9-cuda9.2-base-ubuntu16.04",
        "0.9-cuda9.2-base-ubuntu18.04",
        "0.9-cuda9.2-runtime-centos7",
        "0.9-cuda9.2-runtime-ubuntu16.04",
        "0.9-cuda9.2-runtime-ubuntu18.04",
        "21.06-cuda11.0-base-centos7",
        "21.06-cuda11.0-base-centos7-py3.7",
        "21.06-cuda11.0-base-centos7-py3.8",
        "21.06-cuda11.0-base-centos8",
        "21.06-cuda11.0-base-centos8-py3.7",
        "21.06-cuda11.0-base-centos8-py3.8",
        "21.06-cuda11.0-base-ubuntu16.04",
        "21.06-cuda11.0-base-ubuntu16.04-py3.7",
        "21.06-cuda11.0-base-ubuntu16.04-py3.8",
        "21.06-cuda11.0-base-ubuntu18.04",
        "21.06-cuda11.0-base-ubuntu18.04-py3.7",
        "21.06-cuda11.0-base-ubuntu18.04-py3.8",
        "21.06-cuda11.0-base-ubuntu20.04",
        "21.06-cuda11.0-base-ubuntu20.04-py3.7",
        "21.06-cuda11.0-base-ubuntu20.04-py3.8",
        "21.06-cuda11.0-runtime-centos7",
        "21.06-cuda11.0-runtime-centos7-py3.7",
        "21.06-cuda11.0-runtime-centos7-py3.8",
        "21.06-cuda11.0-runtime-centos8",
        "21.06-cuda11.0-runtime-centos8-py3.7",
        "21.06-cuda11.0-runtime-centos8-py3.8",
        "21.06-cuda11.0-runtime-ubuntu16.04",
        "21.06-cuda11.0-runtime-ubuntu16.04-py3.7",
        "21.06-cuda11.0-runtime-ubuntu16.04-py3.8",
        "21.06-cuda11.0-runtime-ubuntu18.04",
        "21.06-cuda11.0-runtime-ubuntu18.04-py3.7",
        "21.06-cuda11.0-runtime-ubuntu18.04-py3.8",
        "21.06-cuda11.0-runtime-ubuntu20.04",
        "21.06-cuda11.0-runtime-ubuntu20.04-py3.7",
        "21.06-cuda11.0-runtime-ubuntu20.04-py3.8",
        "21.06-cuda11.2-base-centos7",
        "21.06-cuda11.2-base-centos7-py3.7",
        "21.06-cuda11.2-base-centos7-py3.8",
        "21.06-cuda11.2-base-centos8",
        "21.06-cuda11.2-base-centos8-py3.7",
        "21.06-cuda11.2-base-centos8-py3.8",
        "21.06-cuda11.2-base-ubuntu16.04",
        "21.06-cuda11.2-base-ubuntu16.04-py3.7",
        "21.06-cuda11.2-base-ubuntu16.04-py3.8",
        "21.06-cuda11.2-base-ubuntu18.04",
        "21.06-cuda11.2-base-ubuntu18.04-py3.7",
        "21.06-cuda11.2-base-ubuntu18.04-py3.8",
        "21.06-cuda11.2-base-ubuntu20.04",
        "21.06-cuda11.2-base-ubuntu20.04-py3.7",
        "21.06-cuda11.2-base-ubuntu20.04-py3.8",
        "21.06-cuda11.2-runtime-centos7",
        "21.06-cuda11.2-runtime-centos7-py3.7",
        "21.06-cuda11.2-runtime-centos7-py3.8",
        "21.06-cuda11.2-runtime-centos8",
        "21.06-cuda11.2-runtime-centos8-py3.7",
        "21.06-cuda11.2-runtime-centos8-py3.8",
        "21.06-cuda11.2-runtime-ubuntu16.04",
        "21.06-cuda11.2-runtime-ubuntu16.04-py3.7",
        "21.06-cuda11.2-runtime-ubuntu16.04-py3.8",
        "21.06-cuda11.2-runtime-ubuntu18.04",
        "21.06-cuda11.2-runtime-ubuntu18.04-py3.7",
        "21.06-cuda11.2-runtime-ubuntu18.04-py3.8",
        "21.06-cuda11.2-runtime-ubuntu20.04",
        "21.06-cuda11.2-runtime-ubuntu20.04-py3.7",
        "21.06-cuda11.2-runtime-ubuntu20.04-py3.8",
        "21.08-cuda11.0-base-centos7",
        "21.08-cuda11.0-base-centos7-py3.7",
        "21.08-cuda11.0-base-centos7-py3.8",
        "21.08-cuda11.0-base-centos8",
        "21.08-cuda11.0-base-centos8-py3.7",
        "21.08-cuda11.0-base-centos8-py3.8",
        "21.08-cuda11.0-base-ubuntu18.04",
        "21.08-cuda11.0-base-ubuntu18.04-py3.7",
        "21.08-cuda11.0-base-ubuntu18.04-py3.8",
        "21.08-cuda11.0-base-ubuntu20.04",
        "21.08-cuda11.0-base-ubuntu20.04-py3.7",
        "21.08-cuda11.0-base-ubuntu20.04-py3.8",
        "21.08-cuda11.0-runtime-centos7",
        "21.08-cuda11.0-runtime-centos7-py3.7",
        "21.08-cuda11.0-runtime-centos7-py3.8",
        "21.08-cuda11.0-runtime-centos8",
        "21.08-cuda11.0-runtime-centos8-py3.7",
        "21.08-cuda11.0-runtime-centos8-py3.8",
        "21.08-cuda11.0-runtime-ubuntu18.04",
        "21.08-cuda11.0-runtime-ubuntu18.04-py3.7",
        "21.08-cuda11.0-runtime-ubuntu18.04-py3.8",
        "21.08-cuda11.0-runtime-ubuntu20.04",
        "21.08-cuda11.0-runtime-ubuntu20.04-py3.7",
        "21.08-cuda11.0-runtime-ubuntu20.04-py3.8",
        "21.08-cuda11.2-base-centos7",
        "21.08-cuda11.2-base-centos7-py3.7",
        "21.08-cuda11.2-base-centos7-py3.8",
        "21.08-cuda11.2-base-centos8",
        "21.08-cuda11.2-base-centos8-py3.7",
        "21.08-cuda11.2-base-centos8-py3.8",
        "21.08-cuda11.2-base-ubuntu18.04",
        "21.08-cuda11.2-base-ubuntu18.04-py3.7",
        "21.08-cuda11.2-base-ubuntu18.04-py3.8",
        "21.08-cuda11.2-base-ubuntu20.04",
        "21.08-cuda11.2-base-ubuntu20.04-py3.7",
        "21.08-cuda11.2-base-ubuntu20.04-py3.8",
        "21.08-cuda11.2-runtime-centos7",
        "21.08-cuda11.2-runtime-centos7-py3.7",
        "21.08-cuda11.2-runtime-centos7-py3.8",
        "21.08-cuda11.2-runtime-centos8",
        "21.08-cuda11.2-runtime-centos8-py3.7",
        "21.08-cuda11.2-runtime-centos8-py3.8",
        "21.08-cuda11.2-runtime-ubuntu18.04",
        "21.08-cuda11.2-runtime-ubuntu18.04-py3.7",
        "21.08-cuda11.2-runtime-ubuntu18.04-py3.8",
        "21.08-cuda11.2-runtime-ubuntu20.04",
        "21.08-cuda11.2-runtime-ubuntu20.04-py3.7",
        "21.08-cuda11.2-runtime-ubuntu20.04-py3.8",
        "21.10-cuda11.0-base-centos7",
        "21.10-cuda11.0-base-centos7-py3.7",
        "21.10-cuda11.0-base-centos7-py3.8",
        "21.10-cuda11.0-base-centos8",
        "21.10-cuda11.0-base-centos8-py3.7",
        "21.10-cuda11.0-base-centos8-py3.8",
        "21.10-cuda11.0-base-ubuntu18.04",
        "21.10-cuda11.0-base-ubuntu18.04-py3.7",
        "21.10-cuda11.0-base-ubuntu18.04-py3.8",
        "21.10-cuda11.0-base-ubuntu20.04",
        "21.10-cuda11.0-base-ubuntu20.04-py3.7",
        "21.10-cuda11.0-base-ubuntu20.04-py3.8",
        "21.10-cuda11.0-runtime-centos7",
        "21.10-cuda11.0-runtime-centos7-py3.7",
        "21.10-cuda11.0-runtime-centos7-py3.8",
        "21.10-cuda11.0-runtime-centos8",
        "21.10-cuda11.0-runtime-centos8-py3.7",
        "21.10-cuda11.0-runtime-centos8-py3.8",
        "21.10-cuda11.0-runtime-ubuntu18.04",
        "21.10-cuda11.0-runtime-ubuntu18.04-py3.7",
        "21.10-cuda11.0-runtime-ubuntu18.04-py3.8",
        "21.10-cuda11.0-runtime-ubuntu20.04",
        "21.10-cuda11.0-runtime-ubuntu20.04-py3.7",
        "21.10-cuda11.0-runtime-ubuntu20.04-py3.8",
        "21.10-cuda11.2-base-centos7",
        "21.10-cuda11.2-base-centos7-py3.7",
        "21.10-cuda11.2-base-centos7-py3.8",
        "21.10-cuda11.2-base-centos8",
        "21.10-cuda11.2-base-centos8-py3.7",
        "21.10-cuda11.2-base-centos8-py3.8",
        "21.10-cuda11.2-base-ubuntu18.04",
        "21.10-cuda11.2-base-ubuntu18.04-py3.7",
        "21.10-cuda11.2-base-ubuntu18.04-py3.8",
        "21.10-cuda11.2-base-ubuntu20.04",
        "21.10-cuda11.2-base-ubuntu20.04-py3.7",
        "21.10-cuda11.2-base-ubuntu20.04-py3.8",
        "21.10-cuda11.2-runtime-centos7",
        "21.10-cuda11.2-runtime-centos7-py3.7",
        "21.10-cuda11.2-runtime-centos7-py3.8",
        "21.10-cuda11.2-runtime-centos8",
        "21.10-cuda11.2-runtime-centos8-py3.7",
        "21.10-cuda11.2-runtime-centos8-py3.8",
        "21.10-cuda11.2-runtime-ubuntu18.04",
        "21.10-cuda11.2-runtime-ubuntu18.04-py3.7",
        "21.10-cuda11.2-runtime-ubuntu18.04-py3.8",
        "21.10-cuda11.2-runtime-ubuntu20.04",
        "21.10-cuda11.2-runtime-ubuntu20.04-py3.7",
        "21.10-cuda11.2-runtime-ubuntu20.04-py3.8",
        "21.10-cuda11.4-base-centos7",
        "21.10-cuda11.4-base-centos7-py3.7",
        "21.10-cuda11.4-base-centos7-py3.8",
        "21.10-cuda11.4-base-centos8",
        "21.10-cuda11.4-base-centos8-py3.7",
        "21.10-cuda11.4-base-centos8-py3.8",
        "21.10-cuda11.4-base-ubuntu18.04",
        "21.10-cuda11.4-base-ubuntu18.04-py3.7",
        "21.10-cuda11.4-base-ubuntu18.04-py3.8",
        "21.10-cuda11.4-base-ubuntu20.04",
        "21.10-cuda11.4-base-ubuntu20.04-py3.7",
        "21.10-cuda11.4-base-ubuntu20.04-py3.8",
        "21.10-cuda11.4-runtime-centos7",
        "21.10-cuda11.4-runtime-centos7-py3.7",
        "21.10-cuda11.4-runtime-centos7-py3.8",
        "21.10-cuda11.4-runtime-centos8",
        "21.10-cuda11.4-runtime-centos8-py3.7",
        "21.10-cuda11.4-runtime-centos8-py3.8",
        "21.10-cuda11.4-runtime-ubuntu18.04",
        "21.10-cuda11.4-runtime-ubuntu18.04-py3.7",
        "21.10-cuda11.4-runtime-ubuntu18.04-py3.8",
        "21.10-cuda11.4-runtime-ubuntu20.04",
        "21.10-cuda11.4-runtime-ubuntu20.04-py3.7",
        "21.10-cuda11.4-runtime-ubuntu20.04-py3.8",
        "21.12-cuda11.0-base-centos7",
        "21.12-cuda11.0-base-centos7-py3.7",
        "21.12-cuda11.0-base-centos7-py3.8",
        "21.12-cuda11.0-base-centos8",
        "21.12-cuda11.0-base-centos8-py3.7",
        "21.12-cuda11.0-base-centos8-py3.8",
        "21.12-cuda11.0-base-ubuntu18.04",
        "21.12-cuda11.0-base-ubuntu18.04-py3.7",
        "21.12-cuda11.0-base-ubuntu18.04-py3.8",
        "21.12-cuda11.0-base-ubuntu20.04",
        "21.12-cuda11.0-base-ubuntu20.04-py3.7",
        "21.12-cuda11.0-base-ubuntu20.04-py3.8",
        "21.12-cuda11.0-runtime-centos7",
        "21.12-cuda11.0-runtime-centos7-py3.7",
        "21.12-cuda11.0-runtime-centos7-py3.8",
        "21.12-cuda11.0-runtime-centos8",
        "21.12-cuda11.0-runtime-centos8-py3.7",
        "21.12-cuda11.0-runtime-centos8-py3.8",
        "21.12-cuda11.0-runtime-ubuntu18.04",
        "21.12-cuda11.0-runtime-ubuntu18.04-py3.7",
        "21.12-cuda11.0-runtime-ubuntu18.04-py3.8",
        "21.12-cuda11.0-runtime-ubuntu20.04",
        "21.12-cuda11.0-runtime-ubuntu20.04-py3.7",
        "21.12-cuda11.0-runtime-ubuntu20.04-py3.8",
        "21.12-cuda11.2-base-centos7",
        "21.12-cuda11.2-base-centos7-py3.7",
        "21.12-cuda11.2-base-centos7-py3.8",
        "21.12-cuda11.2-base-centos8",
        "21.12-cuda11.2-base-centos8-py3.7",
        "21.12-cuda11.2-base-centos8-py3.8",
        "21.12-cuda11.2-base-ubuntu18.04",
        "21.12-cuda11.2-base-ubuntu18.04-py3.7",
        "21.12-cuda11.2-base-ubuntu18.04-py3.8",
        "21.12-cuda11.2-base-ubuntu20.04",
        "21.12-cuda11.2-base-ubuntu20.04-py3.7",
        "21.12-cuda11.2-base-ubuntu20.04-py3.8",
        "21.12-cuda11.2-runtime-centos7",
        "21.12-cuda11.2-runtime-centos7-py3.7",
        "21.12-cuda11.2-runtime-centos7-py3.8",
        "21.12-cuda11.2-runtime-centos8",
        "21.12-cuda11.2-runtime-centos8-py3.7",
        "21.12-cuda11.2-runtime-centos8-py3.8",
        "21.12-cuda11.2-runtime-ubuntu18.04",
        "21.12-cuda11.2-runtime-ubuntu18.04-py3.7",
        "21.12-cuda11.2-runtime-ubuntu18.04-py3.8",
        "21.12-cuda11.2-runtime-ubuntu20.04",
        "21.12-cuda11.2-runtime-ubuntu20.04-py3.7",
        "21.12-cuda11.2-runtime-ubuntu20.04-py3.8",
        "21.12-cuda11.4-base-centos7",
        "21.12-cuda11.4-base-centos7-py3.7",
        "21.12-cuda11.4-base-centos7-py3.8",
        "21.12-cuda11.4-base-centos8",
        "21.12-cuda11.4-base-centos8-py3.7",
        "21.12-cuda11.4-base-centos8-py3.8",
        "21.12-cuda11.4-base-ubuntu18.04",
        "21.12-cuda11.4-base-ubuntu18.04-py3.7",
        "21.12-cuda11.4-base-ubuntu18.04-py3.8",
        "21.12-cuda11.4-base-ubuntu20.04",
        "21.12-cuda11.4-base-ubuntu20.04-py3.7",
        "21.12-cuda11.4-base-ubuntu20.04-py3.8",
        "21.12-cuda11.4-runtime-centos7",
        "21.12-cuda11.4-runtime-centos7-py3.7",
        "21.12-cuda11.4-runtime-centos7-py3.8",
        "21.12-cuda11.4-runtime-centos8",
        "21.12-cuda11.4-runtime-centos8-py3.7",
        "21.12-cuda11.4-runtime-centos8-py3.8",
        "21.12-cuda11.4-runtime-ubuntu18.04",
        "21.12-cuda11.4-runtime-ubuntu18.04-py3.7",
        "21.12-cuda11.4-runtime-ubuntu18.04-py3.8",
        "21.12-cuda11.4-runtime-ubuntu20.04",
        "21.12-cuda11.4-runtime-ubuntu20.04-py3.7",
        "21.12-cuda11.4-runtime-ubuntu20.04-py3.8",
        "21.12-cuda11.5-base-centos7",
        "21.12-cuda11.5-base-centos7-py3.7",
        "21.12-cuda11.5-base-centos7-py3.8",
        "21.12-cuda11.5-base-centos8",
        "21.12-cuda11.5-base-centos8-py3.7",
        "21.12-cuda11.5-base-centos8-py3.8",
        "21.12-cuda11.5-base-ubuntu18.04",
        "21.12-cuda11.5-base-ubuntu18.04-py3.7",
        "21.12-cuda11.5-base-ubuntu18.04-py3.8",
        "21.12-cuda11.5-base-ubuntu20.04",
        "21.12-cuda11.5-base-ubuntu20.04-py3.7",
        "21.12-cuda11.5-base-ubuntu20.04-py3.8",
        "21.12-cuda11.5-runtime-centos7",
        "21.12-cuda11.5-runtime-centos7-py3.7",
        "21.12-cuda11.5-runtime-centos7-py3.8",
        "21.12-cuda11.5-runtime-centos8",
        "21.12-cuda11.5-runtime-centos8-py3.7",
        "21.12-cuda11.5-runtime-centos8-py3.8",
        "21.12-cuda11.5-runtime-ubuntu18.04",
        "21.12-cuda11.5-runtime-ubuntu18.04-py3.7",
        "21.12-cuda11.5-runtime-ubuntu18.04-py3.8",
        "21.12-cuda11.5-runtime-ubuntu20.04",
        "21.12-cuda11.5-runtime-ubuntu20.04-py3.7",
        "21.12-cuda11.5-runtime-ubuntu20.04-py3.8",
        "cuda10.0-base-centos7",
        "cuda10.0-base-centos7-py3.6",
        "cuda10.0-base-centos7-py3.7",
        "cuda10.0-base-ubuntu16.04",
        "cuda10.0-base-ubuntu16.04-py3.6",
        "cuda10.0-base-ubuntu16.04-py3.7",
        "cuda10.0-base-ubuntu18.04",
        "cuda10.0-base-ubuntu18.04-py3.6",
        "cuda10.0-base-ubuntu18.04-py3.7",
        "cuda10.0-devel-centos7",
        "cuda10.0-devel-ubuntu16.04",
        "cuda10.0-devel-ubuntu18.04",
        "cuda10.0-runtime-centos7",
        "cuda10.0-runtime-centos7-py3.6",
        "cuda10.0-runtime-centos7-py3.7",
        "cuda10.0-runtime-ubuntu16.04",
        "cuda10.0-runtime-ubuntu16.04-py3.6",
        "cuda10.0-runtime-ubuntu16.04-py3.7",
        "cuda10.0-runtime-ubuntu18.04",
        "cuda10.0-runtime-ubuntu18.04-py3.6",
        "cuda10.0-runtime-ubuntu18.04-py3.7",
        "cuda10.0_ubuntu16.04",
        "cuda10.0_ubuntu16.04_root",
        "cuda10.1-base-centos7",
        "cuda10.1-base-centos7-py3.6",
        "cuda10.1-base-centos7-py3.7",
        "cuda10.1-base-centos7-py3.8",
        "cuda10.1-base-ubuntu16.04",
        "cuda10.1-base-ubuntu16.04-py3.6",
        "cuda10.1-base-ubuntu16.04-py3.7",
        "cuda10.1-base-ubuntu16.04-py3.8",
        "cuda10.1-base-ubuntu18.04",
        "cuda10.1-base-ubuntu18.04-py3.6",
        "cuda10.1-base-ubuntu18.04-py3.7",
        "cuda10.1-base-ubuntu18.04-py3.8",
        "cuda10.1-runtime-centos7",
        "cuda10.1-runtime-centos7-py3.6",
        "cuda10.1-runtime-centos7-py3.7",
        "cuda10.1-runtime-centos7-py3.8",
        "cuda10.1-runtime-ubuntu16.04",
        "cuda10.1-runtime-ubuntu16.04-py3.6",
        "cuda10.1-runtime-ubuntu16.04-py3.7",
        "cuda10.1-runtime-ubuntu16.04-py3.8",
        "cuda10.1-runtime-ubuntu18.04",
        "cuda10.1-runtime-ubuntu18.04-py3.6",
        "cuda10.1-runtime-ubuntu18.04-py3.7",
        "cuda10.1-runtime-ubuntu18.04-py3.8",
        "cuda10.2-base-centos7",
        "cuda10.2-base-centos7-py3.6",
        "cuda10.2-base-centos7-py3.7",
        "cuda10.2-base-centos7-py3.8",
        "cuda10.2-base-ubuntu16.04",
        "cuda10.2-base-ubuntu16.04-py3.6",
        "cuda10.2-base-ubuntu16.04-py3.7",
        "cuda10.2-base-ubuntu16.04-py3.8",
        "cuda10.2-base-ubuntu18.04",
        "cuda10.2-base-ubuntu18.04-py3.6",
        "cuda10.2-base-ubuntu18.04-py3.7",
        "cuda10.2-base-ubuntu18.04-py3.8",
        "cuda10.2-runtime-centos7",
        "cuda10.2-runtime-centos7-py3.6",
        "cuda10.2-runtime-centos7-py3.7",
        "cuda10.2-runtime-centos7-py3.8",
        "cuda10.2-runtime-ubuntu16.04",
        "cuda10.2-runtime-ubuntu16.04-py3.6",
        "cuda10.2-runtime-ubuntu16.04-py3.7",
        "cuda10.2-runtime-ubuntu16.04-py3.8",
        "cuda10.2-runtime-ubuntu18.04",
        "cuda10.2-runtime-ubuntu18.04-py3.6",
        "cuda10.2-runtime-ubuntu18.04-py3.7",
        "cuda10.2-runtime-ubuntu18.04-py3.8",
        "cuda11.0-base-centos7",
        "cuda11.0-base-centos7-py3.7",
        "cuda11.0-base-centos7-py3.8",
        "cuda11.0-base-centos8",
        "cuda11.0-base-centos8-py3.7",
        "cuda11.0-base-centos8-py3.8",
        "cuda11.0-base-ubuntu16.04",
        "cuda11.0-base-ubuntu16.04-py3.7",
        "cuda11.0-base-ubuntu16.04-py3.8",
        "cuda11.0-base-ubuntu18.04",
        "cuda11.0-base-ubuntu18.04-py3.7",
        "cuda11.0-base-ubuntu18.04-py3.8",
        "cuda11.0-base-ubuntu20.04",
        "cuda11.0-base-ubuntu20.04-py3.7",
        "cuda11.0-base-ubuntu20.04-py3.8",
        "cuda11.0-runtime-centos7",
        "cuda11.0-runtime-centos7-py3.7",
        "cuda11.0-runtime-centos7-py3.8",
        "cuda11.0-runtime-centos8",
        "cuda11.0-runtime-centos8-py3.7",
        "cuda11.0-runtime-centos8-py3.8",
        "cuda11.0-runtime-ubuntu16.04",
        "cuda11.0-runtime-ubuntu16.04-py3.7",
        "cuda11.0-runtime-ubuntu16.04-py3.8",
        "cuda11.0-runtime-ubuntu18.04",
        "cuda11.0-runtime-ubuntu18.04-py3.7",
        "cuda11.0-runtime-ubuntu18.04-py3.8",
        "cuda11.0-runtime-ubuntu20.04",
        "cuda11.0-runtime-ubuntu20.04-py3.7",
        "cuda11.0-runtime-ubuntu20.04-py3.8",
        "cuda11.2-base-centos7",
        "cuda11.2-base-centos7-py3.7",
        "cuda11.2-base-centos7-py3.8",
        "cuda11.2-base-centos8",
        "cuda11.2-base-centos8-py3.7",
        "cuda11.2-base-centos8-py3.8",
        "cuda11.2-base-ubuntu16.04",
        "cuda11.2-base-ubuntu16.04-py3.7",
        "cuda11.2-base-ubuntu16.04-py3.8",
        "cuda11.2-base-ubuntu18.04",
        "cuda11.2-base-ubuntu18.04-py3.7",
        "cuda11.2-base-ubuntu18.04-py3.8",
        "cuda11.2-base-ubuntu20.04",
        "cuda11.2-base-ubuntu20.04-py3.7",
        "cuda11.2-base-ubuntu20.04-py3.8",
        "cuda11.2-runtime-centos7",
        "cuda11.2-runtime-centos7-py3.7",
        "cuda11.2-runtime-centos7-py3.8",
        "cuda11.2-runtime-centos8",
        "cuda11.2-runtime-centos8-py3.7",
        "cuda11.2-runtime-centos8-py3.8",
        "cuda11.2-runtime-ubuntu16.04",
        "cuda11.2-runtime-ubuntu16.04-py3.7",
        "cuda11.2-runtime-ubuntu16.04-py3.8",
        "cuda11.2-runtime-ubuntu18.04",
        "cuda11.2-runtime-ubuntu18.04-py3.7",
        "cuda11.2-runtime-ubuntu18.04-py3.8",
        "cuda11.2-runtime-ubuntu20.04",
        "cuda11.2-runtime-ubuntu20.04-py3.7",
        "cuda11.2-runtime-ubuntu20.04-py3.8",
        "cuda11.4-base-centos7",
        "cuda11.4-base-centos7-py3.7",
        "cuda11.4-base-centos7-py3.8",
        "cuda11.4-base-centos8",
        "cuda11.4-base-centos8-py3.7",
        "cuda11.4-base-centos8-py3.8",
        "cuda11.4-base-ubuntu18.04",
        "cuda11.4-base-ubuntu18.04-py3.7",
        "cuda11.4-base-ubuntu18.04-py3.8",
        "cuda11.4-base-ubuntu20.04",
        "cuda11.4-base-ubuntu20.04-py3.7",
        "cuda11.4-base-ubuntu20.04-py3.8",
        "cuda11.4-runtime-centos7",
        "cuda11.4-runtime-centos7-py3.7",
        "cuda11.4-runtime-centos7-py3.8",
        "cuda11.4-runtime-centos8",
        "cuda11.4-runtime-centos8-py3.7",
        "cuda11.4-runtime-centos8-py3.8",
        "cuda11.4-runtime-ubuntu18.04",
        "cuda11.4-runtime-ubuntu18.04-py3.7",
        "cuda11.4-runtime-ubuntu18.04-py3.8",
        "cuda11.4-runtime-ubuntu20.04",
        "cuda11.4-runtime-ubuntu20.04-py3.7",
        "cuda11.4-runtime-ubuntu20.04-py3.8",
        "cuda11.5-base-centos7",
        "cuda11.5-base-centos7-py3.7",
        "cuda11.5-base-centos7-py3.8",
        "cuda11.5-base-centos8",
        "cuda11.5-base-centos8-py3.7",
        "cuda11.5-base-centos8-py3.8",
        "cuda11.5-base-ubuntu18.04",
        "cuda11.5-base-ubuntu18.04-py3.7",
        "cuda11.5-base-ubuntu18.04-py3.8",
        "cuda11.5-base-ubuntu20.04",
        "cuda11.5-base-ubuntu20.04-py3.7",
        "cuda11.5-base-ubuntu20.04-py3.8",
        "cuda11.5-runtime-centos7",
        "cuda11.5-runtime-centos7-py3.7",
        "cuda11.5-runtime-centos7-py3.8",
        "cuda11.5-runtime-centos8",
        "cuda11.5-runtime-centos8-py3.7",
        "cuda11.5-runtime-centos8-py3.8",
        "cuda11.5-runtime-ubuntu18.04",
        "cuda11.5-runtime-ubuntu18.04-py3.7",
        "cuda11.5-runtime-ubuntu18.04-py3.8",
        "cuda11.5-runtime-ubuntu20.04",
        "cuda11.5-runtime-ubuntu20.04-py3.7",
        "cuda11.5-runtime-ubuntu20.04-py3.8",
        "cuda9.2-base-centos7",
        "cuda9.2-base-centos7-py3.6",
        "cuda9.2-base-centos7-py3.7",
        "cuda9.2-base-ubuntu16.04",
        "cuda9.2-base-ubuntu16.04-py3.6",
        "cuda9.2-base-ubuntu16.04-py3.7",
        "cuda9.2-base-ubuntu18.04",
        "cuda9.2-base-ubuntu18.04-py3.6",
        "cuda9.2-base-ubuntu18.04-py3.7",
        "cuda9.2-devel-centos7",
        "cuda9.2-devel-ubuntu16.04",
        "cuda9.2-devel-ubuntu18.04",
        "cuda9.2-runtime-centos7",
        "cuda9.2-runtime-centos7-py3.6",
        "cuda9.2-runtime-centos7-py3.7",
        "cuda9.2-runtime-ubuntu16.04",
        "cuda9.2-runtime-ubuntu16.04-py3.6",
        "cuda9.2-runtime-ubuntu16.04-py3.7",
        "cuda9.2-runtime-ubuntu18.04",
        "cuda9.2-runtime-ubuntu18.04-py3.6",
        "cuda9.2-runtime-ubuntu18.04-py3.7",
        "cuda9.2_ubuntu16.04",
        "cuda9.2_ubuntu16.04_root",
        "latest"
    ],
    "Created": "2021-06-01T10:43:38.575919591-07:00",
    "DockerVersion": "20.10.5",
    "Labels": {
        "maintainer": "NVIDIA CORPORATION \u003ccudatools@nvidia.com\u003e"
    },
    "Architecture": "amd64",
    "Os": "linux",
    "Layers": [
        "sha256:4007a89234b4f56c03e6831dc220550d2e5fba935d9f5f5bcea64857ac4f4888",
        "sha256:c1de0f9cdfc1f9f595acd2ea8724ea92a509d64a6936f0e645c65b504e7e4bc6",
        "sha256:c8ee6ca703b866ac2b74b6129d2db331936292f899e8e3a794474fdf81343605",
        "sha256:b39e2761d3d4971e78914857af4c6bd9989873b53426cf2fef3e76983b166fa2",
        "sha256:6fd4d5fe5247bd760a76a13372052f3ffebdf92304bdf9764988c6193054cd5f",
        "sha256:6df0d785eb084214eb6f4713e7cf9f96f3b80ecdccb943fc331c1d4c058235a7",
        "sha256:9bf6e9f4a0bfcb0be9298ffe5d91de9e169713ec074f8388babc43e8e9b52a84",
        "sha256:7c6ba50f99830d0202ebce77421afd6bb0dc504f1f23024a8af2d662769f7e6a",
        "sha256:19cb3d8c201011dbb34f6d07fcedfaaf16d7715f9779d3949da663c3acfd7236",
        "sha256:bed46d14a801957b894dad1ce7ca7e24f495ffe1c776110543b4384cff1809c6",
        "sha256:7f68757f4fd483c255d066661d632a78b75b86e4685232a61fd64ccdd97bba6d",
        "sha256:03fda476f4a802bcef52742c88c555e44857765d198acc77767dc6653a8decb5",
        "sha256:2c426a61167de333f08b8e9b17ad0f39a5842a5eef210fa15af87527e3c6001a",
        "sha256:189af63a5f3d8460c3771d1bd18d9d88761c850306fc025f08315a2979e3b0b2"
    ],
    "Env": [
        "PATH=/opt/conda/bin:/usr/local/nvidia/bin:/usr/local/cuda/bin:/usr/local/sbin:/usr/local/bin:/usr/sbin:/usr/bin:/sbin:/bin",
        "CUDA_VERSION=10.1.243",
        "CUDA_PKG_VERSION=10-1=10.1.243-1",
        "LD_LIBRARY_PATH=/usr/local/nvidia/lib:/usr/local/nvidia/lib64",
        "NVIDIA_VISIBLE_DEVICES=all",
        "NVIDIA_DRIVER_CAPABILITIES=compute,utility",
        "NVIDIA_REQUIRE_CUDA=cuda\u003e=10.1 brand=tesla,driver\u003e=396,driver\u003c397 brand=tesla,driver\u003e=410,driver\u003c411 brand=tesla,driver\u003e=418,driver\u003c419",
        "NCCL_VERSION=2.8.3",
        "CONDA_DIR=/opt/conda",
        "LANG=en_US.UTF-8",
        "LC_ALL=en_US.UTF-8",
        "LANGUAGE=en_US:en",
        "DEBIAN_FRONTEND=noninteractive",
        "RAPIDS_DIR=/rapids",
        "DASK_LABEXTENSION__FACTORY__MODULE=dask_cuda",
        "DASK_LABEXTENSION__FACTORY__CLASS=LocalCUDACluster",
        "BLAZING_DIR=/blazing"
    ]
}
