{
    "Name": "docker.io/dcanlabs/abcd-hcp-pipeline",
    "Digest": "sha256:1d22e11ce0f5a56cd62abb6919b618689d173063c12cd0a6754a4b6e2268d9a7",
    "RepoTags": [
        "latest",
        "v0.0.0",
        "v0.0.1",
        "v0.0.3"
    ],
    "Created": "2021-07-07T16:00:58.537401855Z",
    "DockerVersion": "",
    "Labels": null,
    "Architecture": "amd64",
    "Os": "linux",
    "Layers": [
        "sha256:25fa05cd42bd8fabb25d2a6f3f8c9f7ab34637903d00fd2ed1c1d0fa980427dd",
        "sha256:c9fab8d527b99086f82126d2f47ca698a66122bd3c628c2c8ac9c92b1b67c2b9",
        "sha256:ed1e2d523c2a92128fd169a1d5e8398e8eee22ae90d78d7f7ec3a8cd4783eb37",
        "sha256:0ff4df4dd5fb489fdacef2c87e88fc58b41a7d6a4a46a9b8ea525ac753e291d3",
        "sha256:797c3155125af01fd49f538a290beea03316f88370dbd4aa8fe970e58aaac67c",
        "sha256:062b23802fdd95de0a6d70e9d66b0a8184b6b296d4de75e508f0302cda4cb2a8",
        "sha256:88f4a5b6996e2b2bbe3a655bef2546e82f0384d6129cf06ef705d0439bceff12",
        "sha256:adaa1e68d5a20bea86f638318441c18fd57ff6a08d663d9edc83a4d29dfa87d6",
        "sha256:4f4fb700ef54461cfa02571ae0db9a0dc1e0cdb5577484a6d75e68dc38e8acc1",
        "sha256:4f4fb700ef54461cfa02571ae0db9a0dc1e0cdb5577484a6d75e68dc38e8acc1",
        "sha256:bc799a27af99881f99aecc4239d242dbfadaff49b65145c4684c89eebe8404a6",
        "sha256:5b521fcbcfd1a557f991dd719b2e00653134f8f5105144722e44467abb46ddbb",
        "sha256:660c942ee26539b0c5445b58d1e0ab2b25f0389577be9a5d1c9ebb597b5d2177",
        "sha256:9266ef7b7fc01c06fdd1042bf13224e788333bed95bf402af39e4013c5e325fa",
        "sha256:8382af093f68386ba15f4d4334556655fb189dd579557361ff76bdf3d79b50d0",
        "sha256:556381d9cf194197802ed735daa043265048154aa9e4d983237f5622b4707e95",
        "sha256:41bd30f429b10e34b7094aae8d354e4611a787b4b3ef48db3b2392914be2d6de",
        "sha256:4f4fb700ef54461cfa02571ae0db9a0dc1e0cdb5577484a6d75e68dc38e8acc1",
        "sha256:dc4625eb220ee7b18e90168647324f0048b4cfeb23397693e412426e47a03a00",
        "sha256:aba2f3c8495573ead8b9f227152f3d2b46da32204815247b9a6ec0dc7e325695",
        "sha256:d59fc0b3fb9f1f95a07005e8555012e7b1e885bc227f833fdacc5bade530cd90",
        "sha256:82c8eee17df22dbb54607935201d1139fe6cb78f09214a38bdf1f47a6c4e0a43",
        "sha256:b088ebf6b9e3921a5cd990021fa4bd1d7c61d41e2f186b7d91d855a9f8d04fa6",
        "sha256:474e6067fd89efa076feb4eaef35d5118c90bc81280fde6168750c69be9122d8",
        "sha256:4f4fb700ef54461cfa02571ae0db9a0dc1e0cdb5577484a6d75e68dc38e8acc1",
        "sha256:4e104a0a7460a48e2d0ec91fbb2c7f9d2040f1b408d622bb433e1e34beb5617d",
        "sha256:04e870ec4af1673af95d0db576786ad46a7c0f4196674c514d78e4ad8d343892",
        "sha256:5123937aa12412f67249b8eb7f307a498f76a2e350c33f8c19e5722b37366203",
        "sha256:adbacea2ae78153f0c4874e11476d9b7c635a7cb39ecdd55410ba127c746e47a",
        "sha256:82b7d1e1028a8c1872fbe324a6ddf95d176f7633f96772e8ac4b2c09b5b2e807",
        "sha256:4f4fb700ef54461cfa02571ae0db9a0dc1e0cdb5577484a6d75e68dc38e8acc1",
        "sha256:4db6f510b53f7a20ed7a6013601014e0da157fb9eae46569325e796b03a7e110",
        "sha256:6b086b3de7b87c3a1d364df934f4da2f2c8966ba030a0016a0a8376ea71a349a",
        "sha256:4f4fb700ef54461cfa02571ae0db9a0dc1e0cdb5577484a6d75e68dc38e8acc1",
        "sha256:8a6caecf81bb619899abd93a97b94621e52fca7fb39f82bb260598cfcdbb32e6",
        "sha256:25d360bf540e397862c454664b909a46b894d58340be991f7c329501c285b5bf",
        "sha256:20c9b37a625169107573f7a81b07a6f95432d48e96a61d84c287600050097691",
        "sha256:3d93061e4ff5786b01613a2deba3963ab588c0788efe22fee37cac46603484cf",
        "sha256:6d067978d598c80fe8f6fe6012c8d4d77481a44c84fd0f68c760d594ae854997",
        "sha256:de38727be2adf20a73ce14a80606a1ae321092535ee7038ccdead98ce584884d",
        "sha256:c86dea5c425e82d02deed57bfe66025379e0efc71641cad215c1342d1fdc958d",
        "sha256:1e19398e1210c46d1b26e595e409d9f4743c9b53554b6284086f7bec305d539c",
        "sha256:2af6cb562473649cb959deedb4ecfd1e6c7dd840dc12462ab796de45e4bef3d9",
        "sha256:303716e423c1f584e6166ca8d777ea74eaab48f0b98c4d2ff670c32fc9e1de99",
        "sha256:8201d95d35215b6f4a1bc34e7c67dfa7c8d0c5fa7d27d5a58e4046c0a32ad45c",
        "sha256:4f4fb700ef54461cfa02571ae0db9a0dc1e0cdb5577484a6d75e68dc38e8acc1",
        "sha256:493ff3dbc290d4d4f76d63184f2c484f375fd81b614015d4da21f1da85885848",
        "sha256:6658cc523a52a16961bfa7ffe3ccfe403f14f685f69aa6e01b87c8102ad60833",
        "sha256:63415145342532a667ff5a4518a5902b4219af0dfb5beeecccfa8b03b7ad47a9",
        "sha256:7f2bfe6206fa71cd194c0d7be5e13a593452ac9b72f4d534402dc3527dd12637",
        "sha256:a8b5bffb28e4f691b1e805979479b354e5b8d6c97a419beceb3d2ea9ffaddfcf",
        "sha256:e194b394ce72414eda18e7360162e955a133d398d4af25248210ae35792eb68b",
        "sha256:d42267f89807a7964520dba6e05e99f59187bfcb85fb785252a186934e6c13fd",
        "sha256:8292f5eec25374347b6b6e2260670109990c25f848aae676b8874c43b2219c95",
        "sha256:3a63c666ac04166928e7d0c967b2a15c67d1048e0975a6f54722e4dd39050329",
        "sha256:1eb2b6f64d64ead7de3210f954300f274dab296d1b41954a420d6f849a9fc5c0",
        "sha256:6f7af437500926b01c2819e81222ca2bc2fe452767ea188e12a3d4345aaa623d"
    ],
    "Env": [
        "PATH=/opt/fsl/bin:/opt/c3d/bin:/opt/ants:/usr/local/sbin:/usr/local/bin:/usr/sbin:/usr/bin:/sbin:/bin",
        "LANG=en_US.UTF-8",
        "LC_ALL=C.UTF-8",
        "ND_ENTRYPOINT=/neurodocker/startup.sh",
        "ANTSPATH=/opt/ants",
        "C3DPATH=/opt/c3d/bin",
        "FREESURFER_HOME=/opt/freesurfer",
        "FSLDIR=/opt/fsl",
        "FSL_DIR=/opt/fsl",
        "MSMBINDIR=/opt/msm/Ubuntu",
        "LD_LIBRARY_PATH=/usr/local/lib:",
        "WORKBENCHDIR=/opt/workbench",
        "CARET7DIR=/opt/workbench/bin_linux64",
        "CARET7CONFDIR=/opt/workbench/brainvis.wustl.edu",
        "OMP_NUM_THREADS=1",
        "SCRATCHDIR=/tmp/scratch",
        "ITK_GLOBAL_DEFAULT_NUMBER_OF_THREADS=1",
        "TMPDIR=/tmp"
    ]
}
