{
    "Name": "docker.io/unitytechnologies/datasetinsights",
    "Digest": "sha256:be3b24abc43a253b6c1b6be5e176fee45f964bfd46031a18d559b276a2ce20b5",
    "RepoTags": [
        "0.0.1",
        "0.0.3",
        "0.0.4",
        "0.0.5",
        "0.1.0",
        "0.1.1",
        "0.1.2",
        "0.1.3",
        "0.2.0",
        "0.2.0-beta.1",
        "0.2.0-beta.2",
        "0.2.0-beta.3",
        "0.2.0-beta.4",
        "0.2.0-beta.5",
        "0.2.0-beta.6",
        "0.2.0-beta.7",
        "0.2.0-rc.1",
        "0.2.0-rc.2",
        "0.2.2",
        "0.2.3",
        "0.2.6",
        "0.2.7",
        "1.0",
        "latest"
    ],
    "Created": "2021-03-03T01:44:11.239084658Z",
    "DockerVersion": "20.10.3+azure",
    "Labels": {
        "com.nvidia.cudnn.version": "7.6.5.32",
        "maintainer": "NVIDIA CORPORATION \u003ccudatools@nvidia.com\u003e"
    },
    "Architecture": "amd64",
    "Os": "linux",
    "Layers": [
        "sha256:f22ccc0b8772d8e1bcb40f137b373686bc27427a70c0e41dd22b38016e09e7e0",
        "sha256:3cf8fb62ba5ffb221a2edb2208741346eb4d2d99a174138e4afbb69ce1fd9966",
        "sha256:e80c964ece6a3edf0db1cfc72ae0e6f0699fb776bbfcc92b708fbb945b0b9547",
        "sha256:5d59c811e2afacb1eb364f94629ba76c8e1bc5729bda51b5fa1074651a02a746",
        "sha256:70a8c4b06826b4a450ee3309a76c757efbe65a2f9986fe01461b3171800a8cf7",
        "sha256:cd74940ce186da30eb1caab6895a60c18d98b5cfdb64f1c91e8398fb14ed1d58",
        "sha256:3e2a00b42ba68b8ccfcf152b801d4c313757ddfa16e53eefd5e5df09a12df21d",
        "sha256:ea92e080ed6cd1ae4461625c167f2248923ad2b6ebd9743020c09748b21e3d62",
        "sha256:ec16262cda529147a97d586012811a7a5b913ef8f724a492527ded31639e0475",
        "sha256:ccb1cf6efd5a7128fdaf711bdde73f82cc3387c74ee8a07bdb2812a4dc7f1e17",
        "sha256:18dafbc61dc231851cb23d47ab74df87661c83d1485358964f65d028d7aedf97",
        "sha256:c202ea71d463f1910077869cc7fb62d977772f39e880415d2e3a4e67656848fa",
        "sha256:243c869745ba9fef9bf5f9bb95f0682110e546e06958afcdbd3f11476d4f56e3",
        "sha256:03dd5db82666cec089c16de31379cd4503c0773376dc49c909a248e9e6b4461c",
        "sha256:3690f8777eba88591d849e32531002c5340147aa60bb34f0b7a1eddfed772b82",
        "sha256:b5c3d4bbada1489cd8c394a888c5c0d76a9afd518ef32ef6711744ce32ce145a",
        "sha256:ce361ede56ca8e9e867f83b417b9f35c7241a396e9db485c75e8e021636db617",
        "sha256:b8d80d3876f4c5c8244fe0a62d6ec842fdb41b8b8ad0db0834a6b872b7d07a58"
    ],
    "Env": [
        "PATH=/usr/local/nvidia/bin:/usr/local/cuda/bin:/usr/local/sbin:/usr/local/bin:/usr/sbin:/usr/bin:/sbin:/bin",
        "CUDA_VERSION=10.0.130",
        "CUDA_PKG_VERSION=10-0=10.0.130-1",
        "LD_LIBRARY_PATH=/usr/local/nvidia/lib:/usr/local/nvidia/lib64",
        "NVIDIA_VISIBLE_DEVICES=all",
        "NVIDIA_DRIVER_CAPABILITIES=compute,utility",
        "NVIDIA_REQUIRE_CUDA=cuda\u003e=10.0 brand=tesla,driver\u003e=384,driver\u003c385 brand=tesla,driver\u003e=410,driver\u003c411",
        "NCCL_VERSION=2.6.4",
        "CUDNN_VERSION=7.6.5.32",
        "TINI_VERSION=v0.18.0"
    ]
}
