{
    "Name": "docker.io/probcomp/gen-quickstart",
    "Digest": "sha256:f01ab78895a598747cac3d0ba4154182c83ec140df32ba43d08575d2c2411d58",
    "RepoTags": [
        "2020-02-04.001",
        "2020-02-20.001",
        "2020-03-24.001",
        "2021-03-23.001",
        "bebc14f",
        "latest"
    ],
    "Created": "2021-03-24T02:41:49.194825369Z",
    "DockerVersion": "19.03.6",
    "Labels": null,
    "Architecture": "amd64",
    "Os": "linux",
    "Layers": [
        "sha256:da7391352a9bb76b292a568c066aa4c3cbae8d494e6a3c68e3c596d34f7c75f8",
        "sha256:14428a6d4bcdba49a64127900a0691fb00a3f329aced25eb77e3b65646638f8d",
        "sha256:2c2d948710f21ad82dce71743b1654b45acb5c059cf5c19da491582cef6f2601",
        "sha256:eda4b4b98d4b3ecc9344a4345be1ae646c2c99bfb0e381f09d7622ebbbf00bba",
        "sha256:714872b404585d2abe010aca65c453f075e629f878eaf63d0328f5bbc0c69a60",
        "sha256:b2975d23b94845b21b2bc8899abca2581a44d6e50b8a728936f16eebde45d1bb",
        "sha256:c638a1edced9ecbe39e9db179448065c52115d2a659806c60194ba6ba049c824",
        "sha256:ffb92b7c59093fbeec4f7c771821c1b9e14b8730772ac988f9352b31644a93c9",
        "sha256:dc48a34d6f064fbbe370411cb3a66b2baa76d5bf77d6190a6ba72b3c59154999"
    ],
    "Env": [
        "PATH=/usr/local/sbin:/usr/local/bin:/usr/sbin:/usr/bin:/sbin:/bin",
        "DEBIAN_FRONTEND=noninteractive",
        "JULIA_INSTALLATION_PATH=/opt/julia",
        "JULIA_PROJECT=/gen-quickstart"
    ]
}
