{
    "Name": "docker.io/nabeeloz/qlik-py-tools",
    "Digest": "sha256:5fe9cec29fc1687ee57527461be2459ee8eb0d2aee9e10ed3ac0644356568e99",
    "RepoTags": [
        "3.5",
        "3.6",
        "3.7",
        "4.0",
        "4.3",
        "4.4",
        "5.0",
        "5.1",
        "6.0",
        "6.1",
        "6.2",
        "6.3",
        "6.5",
        "7.0",
        "7.1",
        "8.0",
        "8.1",
        "latest"
    ],
    "Created": "2020-06-02T06:30:02.881787Z",
    "DockerVersion": "19.03.8",
    "Labels": null,
    "Architecture": "amd64",
    "Os": "linux",
    "Layers": [
        "sha256:e79bb959ec00faf01da52437df4fad4537ec669f60455a38ad583ec2b8f00498",
        "sha256:d4b7902036fe0cefdfe9ccf0404fe13322ecbd552f132be73d3e840f95538838",
        "sha256:1b2a72d4e03052566e99130108071fc4eca4942c62923e3e5cf19666a23088ef",
        "sha256:d54db43011fd116b8cb6d9e49e268cee1fa6212f152b30cbfa7f3c4c684427c3",
        "sha256:69d473365bb390367b7a54a3e890ca28c4640a56dfe4f53a0036130c964a1e52",
        "sha256:35b4aebab92b90834c3f3e60ac26aac71f3cd893be34b577263aff1d84589d43",
        "sha256:60ddbccc0359d7488c7d4d6958e31e3a46db55728ddd93281675c07db7777649",
        "sha256:0b3c337d0c3e3cf313e8ac3486bc5b77ee783a6ca26120dc123130bf48f45dfd",
        "sha256:2b75f9fe405b95159ca243383b0523a8a5bb4016ec753558d4cf76f239b85035",
        "sha256:202b5301d4b049e7679b8dd89d5573f371d8911cc5019e1a3d44b33958983ffb",
        "sha256:e5ad502e2e53b5cfca6535393ce82e24234623cb99158b54a3e4e964edbd934f",
        "sha256:d29bfa90c7b1b392fdc2d1cfb45671e580ab7e604a7d406182baad94660a7945",
        "sha256:8c7d60d6212065b35529eaea9071b0a08e14f8d67849f72f963a7ae0f09c102a",
        "sha256:f54e3965095d20360b9deca3732e7f6451f0301c59823d901d07d4fe9f21982f",
        "sha256:593fdd01a82d98151a4ac552bc6c59a99ecf6ab52a7b7c08ebca152961d32c85",
        "sha256:c3a2e01ca1983dae130100f0450ba69296a68d405ace9c9d319c3e90ca191bc0",
        "sha256:5a208a95cfb93af3f7a5f24b2578df49c94227dd4679ad0a7952ae1cc9c1bebf",
        "sha256:6d68de114a5a1333f6fa72c87b8557026ae2c9b3c649889aa9e0398a2b9c6d49",
        "sha256:9c7d5621cacbc236b45eb209ad9442eedecab8d0bf5cd302bd8ca37f70ec386d",
        "sha256:ebfdd95985acfc2582e863bfcd2d20c7005ee74477e85c073a3274798011af24",
        "sha256:a1e6878baab5e1a7bd06f6cbf6cb8690e0f34d46b6c639b260973b68f1cd87ce",
        "sha256:0ccc3c24c63350755e20a70188b74a677785c9684e93943233a39af25b99bedd",
        "sha256:951b95a69ab677433eda824b34d9ed1ddab62a55a9cd7446be9508ec958e8711",
        "sha256:2f4d5ca92e819ff6d52e4b8e2d5b3b660e0686d29340cb8fd7773c9edfc6a08d",
        "sha256:ec095a0ffc0b7504724b51bca18739fe7e2afb8a553bf2ec75e2f6546b26b4f5",
        "sha256:53a4bf3b5499a97de1050b5663b56631506453758ab423ced3b26800e9645e48"
    ],
    "Env": [
        "PATH=/usr/local/bin:/usr/local/sbin:/usr/local/bin:/usr/sbin:/usr/bin:/sbin:/bin",
        "LANG=C.UTF-8",
        "GPG_KEY=0D96DF4D4110E5C43FBFB17F2D347EA6AA65421D",
        "PYTHON_VERSION=3.6.8",
        "PYTHON_PIP_VERSION=19.0.3"
    ]
}
