{
    "Name": "docker.io/bdonnot/grid2op",
    "Digest": "sha256:dc71e09285586842d8d758627a277d9e9d3ec014f57c852d4f5ad8e459b09838",
    "RepoTags": [
        "0.2.1",
        "0.3.0",
        "0.3.3",
        "0.4.2",
        "0.4.3",
        "0.5.0",
        "0.5.1",
        "0.5.2",
        "0.5.3",
        "0.5.4",
        "0.5.5",
        "0.5.6",
        "0.5.7",
        "0.5.8",
        "0.6.0",
        "0.6.1",
        "0.7.0",
        "0.7.1",
        "0.7.1-light",
        "0.8.0",
        "0.8.0-light",
        "0.8.1",
        "0.8.1-light",
        "0.8.2",
        "0.8.2-light",
        "0.9.0",
        "0.9.0-light",
        "0.9.1",
        "0.9.1-light",
        "0.9.1.post1",
        "0.9.1.post1-light",
        "0.9.2",
        "0.9.2-light",
        "0.9.3",
        "0.9.3-light",
        "0.9.4",
        "0.9.4-light",
        "1.0.0",
        "1.0.0-light",
        "1.1.0",
        "1.1.0-light",
        "1.1.1",
        "1.1.1-light",
        "1.2.0",
        "1.2.0-light",
        "1.2.1",
        "1.2.1-light",
        "1.2.2",
        "1.2.2-light",
        "1.2.3",
        "1.2.3-light",
        "1.3.0",
        "1.3.0-light",
        "1.3.1",
        "1.3.1-light",
        "1.4.0",
        "1.4.0-light",
        "1.5.0",
        "1.5.0-light",
        "1.5.1",
        "1.5.1-light",
        "1.5.2",
        "1.5.2-light",
        "1.6.0",
        "1.6.0-light",
        "1.6.0.post1",
        "1.6.0.post1-light",
        "1.6.1",
        "1.6.1-light",
        "1.6.2",
        "1.6.2-light",
        "1.6.2.post1",
        "1.6.2.post1-light",
        "1.6.3",
        "1.6.3-light",
        "1.6.4",
        "1.6.4-light",
        "beta",
        "latest",
        "test"
    ],
    "Created": "2021-11-08T10:05:17.721602776Z",
    "DockerVersion": "20.10.7",
    "Labels": null,
    "Architecture": "amd64",
    "Os": "linux",
    "Layers": [
        "sha256:07471e81507f7cf1100827f10c60c3c0422d1222430e34e527d97ec72b14a193",
        "sha256:c6cef1aa2170c001b320769bf8b018ed82d2c94a673e3010ea1ffe152e107419",
        "sha256:13a51f13be8e69cfc526b671d0bbf621b985b0932acd1523050e2995777b5926",
        "sha256:def39d67a1a77adaac93be02cc61a57145a5a6273cd061d97660f30ef1e09bc1",
        "sha256:a8367252e08e761371f9573b3782f46abf9fc70ae38395ae9f3d3c232ced60d3",
        "sha256:0e0383f87c276d997c7dd076b404147247a3d8b210d2ddc7dd1e3a7af72d503a",
        "sha256:29e8f32e1dec2032eaf736d5324e501c34dc9db0ede9671c465df99412363235",
        "sha256:602c40e9a2859a76af649553b3fcdb0bf1a51f7894911fbe43cfccbfccb7ff96",
        "sha256:cf4cc9febf9557f35a7df19f0db472744329418944165dbe8dd715e82bf617d0",
        "sha256:0c45dcd23f65ea10a877ac0530567221c077e7e07b3c9c389ea665c79f7f1da8",
        "sha256:39f2a37535bebfe6eaa673dd3c0523701e14b8711d6070dcec08c1ff92c4192c",
        "sha256:9033e69eefae3163ff00775c78418aec4d09282d718d37760966a9274413f5b0",
        "sha256:580ece51b411c8b49451b17c2f079e53cff8bdc2fea45e407618503be596362b",
        "sha256:913ef91b2e5b25168722ccdf0c41f55008fa7e096e7d1e3eb5fef1dadaf27d4b",
        "sha256:a263c3ce3dd59e5e3b148dec20ddacf80b9d0e9fb6eb4be4ee25ce50ed1454b3",
        "sha256:a095fd206fef20860b19eb51d1ee3199c6fc270f32596bf78a9d5322c69115d1"
    ],
    "Env": [
        "PATH=/usr/local/bin:/usr/local/sbin:/usr/local/bin:/usr/sbin:/usr/bin:/sbin:/bin",
        "LANG=C.UTF-8",
        "GPG_KEY=E3FF2839C048B25C084DEBE9B26995E310250568",
        "PYTHON_VERSION=3.8.12",
        "PYTHON_PIP_VERSION=21.2.4",
        "PYTHON_SETUPTOOLS_VERSION=57.5.0",
        "PYTHON_GET_PIP_URL=https://github.com/pypa/get-pip/raw/3cb8888cc2869620f57d5d2da64da38f516078c7/public/get-pip.py",
        "PYTHON_GET_PIP_SHA256=c518250e91a70d7b20cceb15272209a4ded2a0c263ae5776f129e0d9b5674309",
        "DEBIAN_FRONTEND=noninteractive"
    ]
}
