{
    "Name": "mcr.microsoft.com/mlops/python",
    "Digest": "sha256:c78db27f348e6c1f407210502676989d5b24191c3dfd36beb50530667ee762a5",
    "RepoTags": [
        "20191122.4",
        "20191206.1",
        "20200204.6",
        "20200204.7",
        "20200205.1",
        "20200205.2",
        "20200205.4",
        "20200205.5",
        "20200205.6",
        "20200325.1",
        "20200325.12",
        "3.0.0",
        "amlsdk-1.1.5.1",
        "amlsdk-1.2.0",
        "amlsdk-1.3.0",
        "amlsdk1.1.5.1",
        "build-20200413.4",
        "build-20200415.2",
        "build-20200514.2",
        "build-20200602.1",
        "build-20200602.2",
        "build-20200603.1",
        "build-20200702.2",
        "build-20200904.1",
        "build-20200922.1",
        "build-20201023.1",
        "build-20201103.1",
        "build-20201111.1",
        "build-20201210.1",
        "build-20210112.1",
        "build-20210126.1",
        "build-20210208.1",
        "build-20210212.2",
        "build-20210225.1",
        "build-20210309.1",
        "build-20210311.1",
        "build-20210326.1",
        "build-20210421.1",
        "build-20210513.1",
        "build-20210513.2",
        "githubrelease131681",
        "latest",
        "openhack",
        "public",
        "release-131681",
        "release-137713",
        "release-138099",
        "tcare-test",
        "v1",
        "v2",
        "v3"
    ],
    "Created": "2021-05-13T07:01:35.822993048Z",
    "DockerVersion": "20.10.6+azure",
    "Labels": {
        "com.visualstudio.aidemos.image.build.buildnumber": "20210513.2",
        "com.visualstudio.aidemos.image.build.builduri": "vstfs:///Build/Build/5717",
        "com.visualstudio.aidemos.image.build.definitionname": "microsoft.MLOpsPython-DockerImage",
        "com.visualstudio.aidemos.image.build.repository.name": "microsoft/MLOpsPython",
        "com.visualstudio.aidemos.image.build.repository.uri": "https://github.com/microsoft/MLOpsPython",
        "com.visualstudio.aidemos.image.build.sourcebranchname": "j-so-patch-3",
        "com.visualstudio.aidemos.image.build.sourceversion": "9fb727350a0fabd2cc6c86dea8534b2c2f23aae1",
        "com.visualstudio.aidemos.image.system.teamfoundationcollectionuri": "https://aidemos.visualstudio.com/",
        "com.visualstudio.aidemos.image.system.teamproject": "MLOps",
        "org.label-schema.vendor": "= Microsoft     org.label-schema.url = https://hub.docker.com/r/microsoft/mlopspython     org.label-schema.vcs-url = https://github.com/microsoft/MLOpsPython"
    },
    "Architecture": "amd64",
    "Os": "linux",
    "Layers": [
        "sha256:e79bb959ec00faf01da52437df4fad4537ec669f60455a38ad583ec2b8f00498",
        "sha256:7dc808d5d247ad314ce07fed75508f96419445581bb520c5f4f15a37c55ee860",
        "sha256:fb94f8346ef919d9a569c1f3cc2fd0360641c5c893a1e2b400fca2b6a0993da3",
        "sha256:1c53aad0030e8e84e1d28ca566db596f8e8a7e917f4fe39fcfb65c00190b22e8"
    ],
    "Env": [
        "PATH=/usr/local/envs/mlopspython_ci/bin:/opt/conda/bin:/usr/local/sbin:/usr/local/bin:/usr/sbin:/usr/bin:/sbin:/bin"
    ]
}
