{
    "Name": "docker.io/yandex/rep",
    "Tag": "latest",
    "Digest": "sha256:05579b80472f8be345a073fd822aa6491c5a5bfc4f688c10d3dd6ed6759dfb9c",
    "RepoTags": [
        "0.6.3",
        "0.6.4",
        "0.6.5",
        "0.6.6",
        "0.6.6_py3",
        "develop",
        "latest"
    ],
    "Created": "2016-02-03T00:18:33.220724755Z",
    "DockerVersion": "1.8.2",
    "Labels": {},
    "Architecture": "amd64",
    "Os": "linux",
    "Layers": [
        "sha256:9943fffae777400c0344c58869c4c2619c329ca3ad4df540feda74d291dd7c86",
        "sha256:fb15e825cb681e1907d46b597328637e9cac6d9a54acff662d8438bda295e37f",
        "sha256:b9583a207297925b186c4e2f573f910b76e162804cf239df00ee2369d5779cf9",
        "sha256:a3ed95caeb02ffe68cdd9fd84406680ae93d633cb16422d00e8a7c22955b46d4",
        "sha256:a3ed95caeb02ffe68cdd9fd84406680ae93d633cb16422d00e8a7c22955b46d4",
        "sha256:a3ed95caeb02ffe68cdd9fd84406680ae93d633cb16422d00e8a7c22955b46d4",
        "sha256:321155c4558b960b2e7c47a037f4198762ca3f510b1e255facde2df3aa2405f9",
        "sha256:225cb84f5cd479758a2c0048b437ef4ecc093950cf7fd2aa88d1d99728571681",
        "sha256:67e98e584d14e4b9fa68a9fb3707011d715308f010cb494cd53a4760b86ab212",
        "sha256:a3ed95caeb02ffe68cdd9fd84406680ae93d633cb16422d00e8a7c22955b46d4",
        "sha256:a3ed95caeb02ffe68cdd9fd84406680ae93d633cb16422d00e8a7c22955b46d4",
        "sha256:a3ed95caeb02ffe68cdd9fd84406680ae93d633cb16422d00e8a7c22955b46d4",
        "sha256:a3ed95caeb02ffe68cdd9fd84406680ae93d633cb16422d00e8a7c22955b46d4",
        "sha256:a3ed95caeb02ffe68cdd9fd84406680ae93d633cb16422d00e8a7c22955b46d4",
        "sha256:a3ed95caeb02ffe68cdd9fd84406680ae93d633cb16422d00e8a7c22955b46d4",
        "sha256:7c040bc0a3add358ad95b2dc3a46043b42bbb94f6940c3115450ff56bee18d0a",
        "sha256:a7588d134e1b008044fa1227e918c5fa975ff63f9bbd95841645fc4b101a9a4a",
        "sha256:e1b9d7fb524ee42e6ffb553244e87815acf7e80955e93f5f369cce5767b95a56",
        "sha256:1828c756423659410f87f44211e99d5c54ccfd679097812c8691fe14cae6c955",
        "sha256:4db80293e147efcce139f1f598f57bb9ffd42bf782490ad4f971a8b8c7ed7df8",
        "sha256:68720915cbc11907d9932dbb4e8876a5d8a8dba7a0d7962a665d659f4069eddc",
        "sha256:8bb71561263d3e388305ad2301e0146071a54d40bddd572468faa1b40f5ba533",
        "sha256:a278c500e2d69f76df20120b7fa09edf2cd2f9cd272c6a82727492bcc4912577",
        "sha256:add98b273a5adba11d22c960c085d6f7cc1d872948b773dbec3fc5c8c4d8f074",
        "sha256:d077a72c871b7ac2f4423b47f6f2fb1ea94b342a91910681583166537eb57ad0",
        "sha256:e90ec666b589b9597fd41cb6be6da2f0290dea6c6e169ca6d1b423d6d76bb4d5",
        "sha256:e6504d2d7f8064ad2548da332fdd1688a029f652fbbad2db379848e5b67bae92",
        "sha256:9755dcb7707e387c451bfdf0ed0d3456aea899c661a8afaacff0673d299402bb",
        "sha256:3de561c35f715ed7a1476c52946f72bfb59687446ff1886e42bb50a4c7de8cd3",
        "sha256:0a06a1518ef9ac2b025ac4653a72f7620cc7a28119fff28eafe8988ad623aeea",
        "sha256:9fd26ba314101ab577f8b626cff96e384f130cb88d3406b778871c7a76cf47c1",
        "sha256:a3ed95caeb02ffe68cdd9fd84406680ae93d633cb16422d00e8a7c22955b46d4",
        "sha256:a3ed95caeb02ffe68cdd9fd84406680ae93d633cb16422d00e8a7c22955b46d4",
        "sha256:a3ed95caeb02ffe68cdd9fd84406680ae93d633cb16422d00e8a7c22955b46d4"
    ],
    "Env": [
        "PATH=/usr/local/sbin:/usr/local/bin:/usr/sbin:/usr/bin:/sbin:/bin",
        "TEMP=/tmp",
        "SHELL=/bin/bash",
        "PORT_JUPYTER=8888",
        "HOME=/root"
    ]
}
