{
    "Name": "docker.io/mltooling/ml-hub",
    "Digest": "sha256:71fd4787ba74cd0ae5b6d127abf3d8d817f61e4016ee78d17ba6e6ec70b30aec",
    "RepoTags": [
        "0.1",
        "0.1.1",
        "0.1.10",
        "0.1.11",
        "0.1.12-SNAPSHOT",
        "0.1.2",
        "0.1.3",
        "0.1.4",
        "0.1.5",
        "0.1.6",
        "0.1.7",
        "0.1.8",
        "0.1.9",
        "1.0.0",
        "1.0.1-SNAPSHOT",
        "latest"
    ],
    "Created": "2020-02-03T15:52:22.702965806Z",
    "DockerVersion": "19.03.5",
    "Labels": {
        "io.k8s.description": "Multi-user hub which spawns and manages workspace instances.",
        "io.k8s.display-name": "Machine Learning Hub",
        "io.openshift.expose-services": "8080:http, 5901:xvnc",
        "io.openshift.min-memory": "1Gi",
        "io.openshift.non-scalable": "true",
        "io.openshift.tags": "workspace, machine learning, vnc, ubuntu, xfce",
        "maintainer": "mltooling.team@gmail.com",
        "org.label-schema.build-date": "2020-02-03T15:52:14Z",
        "org.label-schema.description": "Multi-user hub which spawns and manages workspace instances.",
        "org.label-schema.name": "Machine Learning Hub",
        "org.label-schema.schema-version": "1.0",
        "org.label-schema.url": "https://github.com/ml-tooling/ml-hub",
        "org.label-schema.usage": "https://github.com/ml-tooling/ml-hub",
        "org.label-schema.vcs-ref": "d05066b",
        "org.label-schema.vcs-url": "https://github.com/ml-tooling/ml-hub",
        "org.label-schema.vendor": "ML Tooling",
        "org.label-schema.version": "1.0.0",
        "org.opencontainers.image.authors": "Benjamin Raehtlein \u0026 Lukas Masuch",
        "org.opencontainers.image.created": "2020-02-03T15:52:14Z",
        "org.opencontainers.image.description": "Multi-user hub which spawns and manages workspace instances.",
        "org.opencontainers.image.documentation": "https://github.com/ml-tooling/ml-hub",
        "org.opencontainers.image.licenses": "Apache-2.0",
        "org.opencontainers.image.revision": "d05066b",
        "org.opencontainers.image.source": "https://github.com/ml-tooling/ml-hub",
        "org.opencontainers.image.title": "Machine Learning Hub",
        "org.opencontainers.image.url": "https://github.com/ml-tooling/ml-hub",
        "org.opencontainers.image.vendor": "ML Tooling",
        "org.opencontainers.image.version": "1.0.0"
    },
    "Architecture": "amd64",
    "Os": "linux",
    "Layers": [
        "sha256:7413c47ba209e555018c4be91101d017737f24b0c9d1f65339b97a4da98acb2a",
        "sha256:0fe7e7cbb2e88617d969efeeb3bd3125f7d309335c736a0525233ec2dc06aee1",
        "sha256:1d425c98234572d4221a1ac173162c4279f9fdde4726ec22ad3c399f59bb7503",
        "sha256:344da5c95cecd0f55238ce59b8469ee301056001ece2b769e9691b80f94f9f37",
        "sha256:6fa523f656262124837a1956192f3bfeefa73ea02194ab22749bdd25e81cfc40",
        "sha256:56d6e162c1ec88711649616cca6e8fe2371b2791e9fa91abac8fa0dc1c972f0d",
        "sha256:b88b9374cd9b91b082ee4537060e85cc06eab5b4f200f7e8356bb24272b21783",
        "sha256:d9d40c5a9c9aea4970ba5086e4b71ff04e6fc1c27489217d4333918b2fa8bbbf",
        "sha256:292389e082985c223081df83650470de3a8a9c4035d18d460ee88237fba4214b",
        "sha256:4894f80c407cfef03070befdd1b65aebc9025e148a6cefad82cacb713c0b0709",
        "sha256:e8b2241ddd5d34a64e1ce0b8e8444762c37ae443b179c86d7aac036bb5849bb5",
        "sha256:2b5bfb40b6e71cdeb82e7a425cc8f1e6e682e1220f855b43a55de90fd0e33568",
        "sha256:c49849a46dd72f779789b599d40961c6e684ea90dd31a60eb76ee86da017eccb",
        "sha256:87f60eaa8809e0227fe18499815d6b158987339405c7194a82f6fc6e9f345b7c",
        "sha256:36305377b6d77fbb77d8157cb9f23f0a34ba6daf1e941ba0e8f499db5897bb04",
        "sha256:53bb61655d93c786a16ddd184c685c9988d3fe8fbb3632e55457d39f6b24b5c6",
        "sha256:49ac59b5d459182257f62b22b4d2de77c55780419af304701103f424f4f7cd0d",
        "sha256:bc5ee8a1583b57fe671d3f564babbd9f6a6916ed6fee826ad2d55113e442a0c3",
        "sha256:8fd95ad061d3c9679b81f669b66cf3787a3b7b89b6920ef701fd1664daeaaa08",
        "sha256:ed639b54371fa3ddaa030634e644433b0e17cd4bb8244f0de4679b8f5020d442",
        "sha256:6db99a814103d0e21038e250cc3b4b5492722bccd58e9927599cd48bc6da85bd",
        "sha256:9bf3242755c435d0ebe4f8395d3d814807c7c81c9865a53ed6e90b737c50eece",
        "sha256:080f70a2bb156a496e5a0d6978d1e4fd6f78a5e99125b59061ad995bcf7d9083",
        "sha256:dea3c5718ecd8f54f6fbb1b171e1c51b10b582b180a409698e524f287b2898b1",
        "sha256:3d818cc2b094598138b73a4731bc09249207dc0e946895ee373a1ccae52de152",
        "sha256:b9fe9af314c592420b250834ef275dd52ab88b9f1119ac14cd08740115ad83c1",
        "sha256:1235e46a901f30218c0597fa13bb172b125dcc25ed3b5346d18fa9879dab07ab",
        "sha256:1a204184bb6845b42e9aa848b1604b4ce14dbdf4a5a55d5d5927dd8a54af0f7c",
        "sha256:c8efa3fedfda84ddba8b74202658c2bb0b1c08055feabff9dfa2278dd71b4082",
        "sha256:620152e9699420bec4ff1ee2b01417e2af281b78c2bb3af9ac21deededbbaf79",
        "sha256:fec213fb0ff602f1da4e8e34f8333d37a146fe9b48afba0a70a373f02569737e",
        "sha256:05ad0f3937d5fdce2cc63ee1525277660d5201e86162b42eaa22e04fd7276c41",
        "sha256:475d5eba75112710deeb27e658aafc8f89867edee88bba1aa6c15f460be0268b",
        "sha256:3fae37b4095b8840526b244f2616bea449cb3e067edcdade69ebc5f350d82a8e",
        "sha256:63d5a8e9e123e6bf12d7b6399927e5b0814896142538bdaf801a56d78c443a37",
        "sha256:4ec2f850c4337f1ed0b725de0fd387d65a1a34e53db7cc31e3fd36961c9f2fdb",
        "sha256:59da9fd682872483245b4783fa71419030dcc6d85b05c183ee8d2f2a86cfa3ea",
        "sha256:99ae4f3a98f355a68944df684950a3ae05f2dfa5089ff4616dff5d6a5bde1a0d",
        "sha256:38fcf0e8ec1aee088562943d61f2d2caacc78fe05edac79d1b0c85b01889426c"
    ],
    "Env": [
        "PATH=/usr/local/openresty/nginx/sbin:/usr/local/sbin:/usr/local/bin:/usr/sbin:/usr/bin:/sbin:/bin",
        "_RESOURCES_PATH=/resources",
        "SSH_PERMIT_TARGET_HOST=ws-*",
        "SSH_PERMIT_TARGET_PORT=8080",
        "SSH_TARGET_KEY_PATH=~/.ssh/id_ed25519.pub",
        "MANUAL_AUTH_FILE=false",
        "SSHD_ENVIRONMENT_VARIABLES=/resources/sshd_environment",
        "SSH_TARGET_PUBLICKEY_API_PORT=8080",
        "ENV_NAME_SSH_TARGET_LABELS=",
        "DEBIAN_FRONTEND=noninteractive",
        "_SSL_RESOURCES_PATH=/resources/ssl",
        "HUB_VERSION=1.0.0",
        "DEFAULT_WORKSPACE_PORT=8080",
        "START_NGINX=true",
        "START_SSH=true",
        "START_JHUB=true",
        "START_CHP=false",
        "EXECUTION_MODE=local",
        "HUB_NAME=mlhub",
        "CLEANUP_INTERVAL_SECONDS=3600",
        "DYNAMIC_WHITELIST_ENABLED=false",
        "IS_CLEANUP_SERVICE_ENABLED=true"
    ]
}
