{
    "Name": "docker.io/snapbuy/triton-inference-server",
    "Digest": "sha256:49f8c784b0aae0938a35e31820c798a6c3611f3bb8ab6ce0bf2f64329c6ad56c",
    "RepoTags": [
        "latest"
    ],
    "Created": "2021-09-07T12:03:56.958039155Z",
    "DockerVersion": "20.10.7",
    "Labels": {
        "com.nvidia.build.id": "16016295",
        "com.nvidia.build.ref": "c90a69b13c041e7b5eccd7f11dd307e1f0a742dc",
        "com.nvidia.cublas.version": "11.2.0.252",
        "com.nvidia.cuda.version": "9.0",
        "com.nvidia.cudnn.version": "8.0.4.12",
        "com.nvidia.cufft.version": "10.2.1.245",
        "com.nvidia.curand.version": "10.2.1.245",
        "com.nvidia.cusolver.version": "10.6.0.245",
        "com.nvidia.cusparse.version": "11.1.1.245",
        "com.nvidia.nccl.version": "2.7.8",
        "com.nvidia.npp.version": "11.1.0.245",
        "com.nvidia.nsightcompute.version": "2020.1.2.4",
        "com.nvidia.nsightsystems.version": "2020.3.2.6",
        "com.nvidia.nvjpeg.version": "11.1.1.245",
        "com.nvidia.tensorrt.version": "7.1.3.4",
        "com.nvidia.tensorrtoss.version": "20.09",
        "com.nvidia.tritonserver.version": "2.3.0",
        "com.nvidia.volumes.needed": "nvidia_driver"
    },
    "Architecture": "amd64",
    "Os": "linux",
    "Layers": [
        "sha256:f08d8e2a3ba11bea23cf5c17e8e1c620057412ed05c32d1114640e18d6dd0a43",
        "sha256:3baa9cb2483bd9c5329a44d9c2fe72535625bbd4308bca95785dd58e72c06365",
        "sha256:94e5ff4c0b1526abf77c236655f21c8f67a23313291c8b970fe6b469549d8153",
        "sha256:1860925334f940c3145808527480b4f0cba7f01279087fdb27679e4354fba967",
        "sha256:c6b364205fad9034ce6cbf439da0d4a7c0cc290b4c8d3ad1eabfc81b04b7e8b3",
        "sha256:ffcd5dc3448dfb808c9117252c4f1fbbeb20128707d7b9c6b53c29d6f2b988a1",
        "sha256:13cf13e5ce72f7ff8419042d6d9ea22fa94c18b94c4985269339bb7eaa229e9a",
        "sha256:7202bec79e4143bda783391ae8cbaf210306c344350f892e9ffd77ba218cf063",
        "sha256:fdfbe893941b3876d9e8c3e411178b3bf9f4a316363a98b9181a2c46c6f5e2f2",
        "sha256:f73bfa0e0e1718cab44daf35ff2045a57df7d993f83812c95916bb0c42d081e0",
        "sha256:36aade146566f729b04737087ae3302fb8bfca68f02b74f4ba542c53da41bbe6",
        "sha256:0cf8254e1bfeb99899238126562204641d0152a417c5f75c8457a29fda84cc10",
        "sha256:40ff6c34e5e5179007060a7d9b0916d80e827ad0eac05933d13f4d9b94546b1b",
        "sha256:0adeec2cfe741e924ea7c35ca95d6dc0fb08861268e50415e7153851715cabd9",
        "sha256:895d871af5fda54cf858b531272369c3d42c63ae37da075ae7d32f71ddfd9c16",
        "sha256:71c97f6ac83cefd4d6c3020f909de20166e25ad0fcab9c19b519c8aa0190e2d2",
        "sha256:281aa21cb81222304da410b309545b393c8daf5281d6440de38a15bb7cd84ab9",
        "sha256:9c7e46bb4080abaae52fac2d3dba4ffffe2383a60911071c74430220e22d1caf",
        "sha256:150dfb1677cd0f25666657bdbc203c7f638e50bcbfd986815ac0b6d73d2120a9",
        "sha256:3ce488e63cd39ebbb9c42f581c4fe24feb5b57f9220694e8199714ead733397f",
        "sha256:0f6e3807a6dc22c33448ed4127391b494656eca8ea3e6ddbc4b8c500fc44739d",
        "sha256:3585c705a7d04fde836f985ac28893d8207325669f359f961ed9a8aa15c94b89",
        "sha256:de81ad6998228a35c0dea2dffddb0845562ba941a1bde89e6a3a05f2606b52be",
        "sha256:bb1a224031d930789559694e1dab05fe12dda7f18b33b2e8eeb915d714af3e15",
        "sha256:de7308abc9b3a5397bdf18f3e2aefcc6c8609aef730327b0f825a35070a46112",
        "sha256:07620b1781c27a8f08b59cc4757797049648490f14f5d92984e97eea8c359d1b",
        "sha256:dbc3331c85c9801958b1136996a594b5eed49b40debcebd80b26d2b70c727fea",
        "sha256:b768eb022c675b18d5a9e1f70b7ab270797e5e2ff221457fced51c6481187ce8",
        "sha256:c6362944865f162e9e1c2120eae36d883283f1be1c98e5a47d7a1983eac7c561",
        "sha256:26c6eb6a6e9e5d1096d19899b9e738c2c54862dea8e2c9bb737421e6b76ee924",
        "sha256:ee94e18d2c89bdb390d3d9e6ff285e1a12c0a9f3826b5bdd68bfc76f81d27016",
        "sha256:32b595f42363cd7db55825dc8b8193421d37c350b770045b593dcd383d5d04d7",
        "sha256:7900a06a4772a138a43bdd15a05352b701eda056e11d5fdcb7f50f9b878ee7c7",
        "sha256:66663134a9af1fc4dfffca24e6e429e89d87aafe3fc6b614269271c8f1e9ba49",
        "sha256:e770ea7b38311a882d9a1ab8ff1d748f1c297811475432e0d696f349a0c428dd",
        "sha256:57eaecc47c30867dbaf0c9e4877496c283f33a24e0b3a31c08230c0b84d3fac1",
        "sha256:90d17e5b6044144946b9fad7b7b32ac14e0d532199369560e2d4103cbb233953",
        "sha256:289130bcdce663ceebff53074d1fea5d7858b6b387ba9e78c7dd933230df6b34",
        "sha256:b8a6d055b2f6ba1158fccf965aae069598c0b849ee691b0ca2cf29358f27012d",
        "sha256:d327d15f4c5371b1e8e14dfd56509eec513bc766cde393f6ba0c4245b7a77065",
        "sha256:ae7b5b43c397ceef34782a8d538681a6a5cc26e2e8bb6488427c4217580d8e2f",
        "sha256:bd97bec7c6a77c2888a73a1a75bb6eda29dd22655601b764f7b87f77a2338ecb",
        "sha256:99e07e96508be358572fd224733eb9242c8c9b314a559d19c7528e42ac27d6fd",
        "sha256:c12d3d2c2041e281381859e37e1c7032b0bb3e31f53ac414bd08659b8026cb1b",
        "sha256:8dcc0d0193ab773d2d27079cb9cfc702e42b44911220303e7d84cfa5fc27625c"
    ],
    "Env": [
        "PATH=/opt/tritonserver/bin:/usr/local/mpi/bin:/usr/local/nvidia/bin:/usr/local/cuda/bin:/usr/local/sbin:/usr/local/bin:/usr/sbin:/usr/bin:/sbin:/bin:/usr/local/ucx/bin",
        "CUDA_VERSION=11.0.221",
        "CUDA_DRIVER_VERSION=450.51.06",
        "CUDA_CACHE_DISABLE=1",
        "_CUDA_COMPAT_PATH=/usr/local/cuda/compat",
        "ENV=/etc/shinit_v2",
        "BASH_ENV=/etc/bash.bashrc",
        "NVIDIA_REQUIRE_CUDA=cuda\u003e=9.0",
        "NCCL_VERSION=2.7.8",
        "CUBLAS_VERSION=11.2.0.252",
        "CUFFT_VERSION=10.2.1.245",
        "CURAND_VERSION=10.2.1.245",
        "CUSPARSE_VERSION=11.1.1.245",
        "CUSOLVER_VERSION=10.6.0.245",
        "NPP_VERSION=11.1.0.245",
        "NVJPEG_VERSION=11.1.1.245",
        "CUDNN_VERSION=8.0.4.12",
        "TRT_VERSION=7.1.3.4",
        "TRTOSS_VERSION=20.09",
        "NSIGHT_SYSTEMS_VERSION=2020.3.2.6",
        "NSIGHT_COMPUTE_VERSION=2020.1.2.4",
        "DALI_VERSION=0.25.1",
        "DALI_BUILD=1612461",
        "DLPROF_VERSION=20.09",
        "LD_LIBRARY_PATH=/opt/tritonserver/lib/pytorch/:/usr/local/cuda/compat/lib:/usr/local/nvidia/lib:/usr/local/nvidia/lib64",
        "NVIDIA_VISIBLE_DEVICES=all",
        "NVIDIA_DRIVER_CAPABILITIES=compute,utility,video",
        "MOFED_VERSION=4.6-1.0.1",
        "IBV_DRIVERS=/usr/lib/libibverbs/libmlx5",
        "OPENUCX_VERSION=1.6.1",
        "OPENMPI_VERSION=3.1.6",
        "LIBRARY_PATH=/usr/local/cuda/lib64/stubs:",
        "TRITON_SERVER_VERSION=2.3.0",
        "NVIDIA_TRITON_SERVER_VERSION=20.09",
        "TF_ADJUST_HUE_FUSED=1",
        "TF_ADJUST_SATURATION_FUSED=1",
        "TF_ENABLE_WINOGRAD_NONFUSED=1",
        "TF_AUTOTUNE_THRESHOLD=2",
        "MKL_THREADING_LAYER=GNU",
        "TRITON_SERVER_USER=triton-server",
        "NVIDIA_BUILD_ID=16016295"
    ]
}
