{
    "Name": "docker.io/nnabla/nnabla-ext-cuda-multi-gpu",
    "Digest": "sha256:669c54f31a1e40d7cfc7c9563030874cf78ccc940d649a00535f6ee06d5f4f3d",
    "RepoTags": [
        "latest",
        "py35-cuda100",
        "py35-cuda100-mpi1.10.2-v1.10.0",
        "py35-cuda100-mpi1.10.2-v1.11.0",
        "py35-cuda100-mpi1.10.2-v1.12.0",
        "py35-cuda100-mpi1.10.2-v1.13.0",
        "py35-cuda100-mpi1.10.2-v1.9.0",
        "py35-cuda100-multi-gpu-ubuntu16-v1.0.19",
        "py35-cuda100-multi-gpu-ubuntu16-v1.0.20",
        "py35-cuda100-multi-gpu-ubuntu16-v1.1.0",
        "py35-cuda100-multi-gpu-ubuntu16-v1.2.0",
        "py35-cuda100-multi-gpu-ubuntu16-v1.3.0",
        "py35-cuda100-multi-gpu-ubuntu16-v1.4.0",
        "py35-cuda100-multi-gpu-ubuntu16-v1.5.0",
        "py35-cuda100-multi-gpu-ubuntu16-v1.6.0",
        "py35-cuda100-multi-gpu-ubuntu16-v1.7.0",
        "py35-cuda100-multi-gpu-ubuntu16-v1.8.0",
        "py35-cuda100-multi-gpu-ubuntu18-v1.0.19",
        "py35-cuda100-multi-gpu-ubuntu18-v1.0.20",
        "py35-cuda100-multi-gpu-ubuntu18-v1.1.0",
        "py35-cuda100-multi-gpu-ubuntu18-v1.2.0",
        "py35-cuda100-multi-gpu-ubuntu18-v1.3.0",
        "py35-cuda100-multi-gpu-ubuntu18-v1.4.0",
        "py35-cuda100-v1.0.10",
        "py35-cuda100-v1.0.11",
        "py35-cuda100-v1.0.13",
        "py35-cuda100-v1.0.14",
        "py35-cuda100-v1.0.15",
        "py35-cuda100-v1.0.9",
        "py35-cuda101-multi-gpu-ubuntu16-v1.0.19",
        "py35-cuda101-multi-gpu-ubuntu16-v1.0.20",
        "py35-cuda101-multi-gpu-ubuntu16-v1.1.0",
        "py35-cuda101-multi-gpu-ubuntu16-v1.2.0",
        "py35-cuda101-multi-gpu-ubuntu16-v1.3.0",
        "py35-cuda101-multi-gpu-ubuntu16-v1.4.0",
        "py35-cuda101-multi-gpu-ubuntu16-v1.5.0",
        "py35-cuda101-multi-gpu-ubuntu16-v1.6.0",
        "py35-cuda101-multi-gpu-ubuntu16-v1.7.0",
        "py35-cuda101-multi-gpu-ubuntu16-v1.8.0",
        "py35-cuda101-multi-gpu-ubuntu18-v1.0.19",
        "py35-cuda101-multi-gpu-ubuntu18-v1.0.20",
        "py35-cuda101-multi-gpu-ubuntu18-v1.1.0",
        "py35-cuda101-multi-gpu-ubuntu18-v1.2.0",
        "py35-cuda101-multi-gpu-ubuntu18-v1.3.0",
        "py35-cuda101-multi-gpu-ubuntu18-v1.4.0",
        "py35-cuda102-mpi1.10.2-v1.10.0",
        "py35-cuda102-mpi1.10.2-v1.11.0",
        "py35-cuda102-mpi1.10.2-v1.12.0",
        "py35-cuda102-mpi1.10.2-v1.13.0",
        "py35-cuda102-mpi1.10.2-v1.9.0",
        "py35-cuda90",
        "py35-cuda90-mpi1.10.2-v1.10.0",
        "py35-cuda90-mpi1.10.2-v1.11.0",
        "py35-cuda90-mpi1.10.2-v1.12.0",
        "py35-cuda90-mpi1.10.2-v1.13.0",
        "py35-cuda90-mpi1.10.2-v1.9.0",
        "py35-cuda90-multi-gpu-ubuntu16-v1.0.19",
        "py35-cuda90-multi-gpu-ubuntu16-v1.0.20",
        "py35-cuda90-multi-gpu-ubuntu16-v1.1.0",
        "py35-cuda90-multi-gpu-ubuntu16-v1.2.0",
        "py35-cuda90-multi-gpu-ubuntu16-v1.3.0",
        "py35-cuda90-multi-gpu-ubuntu16-v1.4.0",
        "py35-cuda90-multi-gpu-ubuntu16-v1.5.0",
        "py35-cuda90-multi-gpu-ubuntu16-v1.6.0",
        "py35-cuda90-multi-gpu-ubuntu16-v1.7.0",
        "py35-cuda90-multi-gpu-ubuntu16-v1.8.0",
        "py35-cuda90-v1.0.10",
        "py35-cuda90-v1.0.11",
        "py35-cuda90-v1.0.13",
        "py35-cuda90-v1.0.14",
        "py35-cuda90-v1.0.15",
        "py35-cuda90-v1.0.9",
        "py35-cuda92",
        "py35-cuda92-v1.0.10",
        "py35-cuda92-v1.0.11",
        "py35-cuda92-v1.0.13",
        "py35-cuda92-v1.0.14",
        "py35-cuda92-v1.0.15",
        "py35-cuda92-v1.0.9",
        "py36-cuda100",
        "py36-cuda100-mpi2.1.1-v1.10.0",
        "py36-cuda100-mpi2.1.1-v1.11.0",
        "py36-cuda100-mpi2.1.1-v1.12.0",
        "py36-cuda100-mpi2.1.1-v1.13.0",
        "py36-cuda100-mpi2.1.1-v1.14.0",
        "py36-cuda100-mpi2.1.1-v1.15.0",
        "py36-cuda100-mpi2.1.1-v1.16.0",
        "py36-cuda100-mpi2.1.1-v1.17.0",
        "py36-cuda100-mpi2.1.1-v1.18.0",
        "py36-cuda100-mpi2.1.1-v1.19.0",
        "py36-cuda100-mpi2.1.1-v1.20.0",
        "py36-cuda100-mpi2.1.1-v1.20.1",
        "py36-cuda100-mpi2.1.1-v1.21.0",
        "py36-cuda100-mpi2.1.1-v1.22.0",
        "py36-cuda100-mpi2.1.1-v1.23.0",
        "py36-cuda100-mpi2.1.1-v1.24.0",
        "py36-cuda100-mpi2.1.1-v1.9.0",
        "py36-cuda100-mpi3.1.6-v1.10.0",
        "py36-cuda100-mpi3.1.6-v1.11.0",
        "py36-cuda100-mpi3.1.6-v1.12.0",
        "py36-cuda100-mpi3.1.6-v1.13.0",
        "py36-cuda100-mpi3.1.6-v1.14.0",
        "py36-cuda100-mpi3.1.6-v1.15.0",
        "py36-cuda100-mpi3.1.6-v1.16.0",
        "py36-cuda100-mpi3.1.6-v1.17.0",
        "py36-cuda100-mpi3.1.6-v1.18.0",
        "py36-cuda100-mpi3.1.6-v1.19.0",
        "py36-cuda100-mpi3.1.6-v1.20.0",
        "py36-cuda100-mpi3.1.6-v1.20.1",
        "py36-cuda100-mpi3.1.6-v1.21.0",
        "py36-cuda100-mpi3.1.6-v1.22.0",
        "py36-cuda100-mpi3.1.6-v1.23.0",
        "py36-cuda100-mpi3.1.6-v1.24.0",
        "py36-cuda100-mpi3.1.6-v1.9.0",
        "py36-cuda100-multi-gpu",
        "py36-cuda100-multi-gpu-ubuntu16-v1.0.19",
        "py36-cuda100-multi-gpu-ubuntu16-v1.0.20",
        "py36-cuda100-multi-gpu-ubuntu16-v1.1.0",
        "py36-cuda100-multi-gpu-ubuntu16-v1.2.0",
        "py36-cuda100-multi-gpu-ubuntu16-v1.3.0",
        "py36-cuda100-multi-gpu-ubuntu16-v1.4.0",
        "py36-cuda100-multi-gpu-ubuntu16-v1.5.0",
        "py36-cuda100-multi-gpu-ubuntu16-v1.6.0",
        "py36-cuda100-multi-gpu-ubuntu16-v1.7.0",
        "py36-cuda100-multi-gpu-ubuntu16-v1.8.0",
        "py36-cuda100-multi-gpu-ubuntu18-v1.0.19",
        "py36-cuda100-multi-gpu-ubuntu18-v1.0.20",
        "py36-cuda100-multi-gpu-ubuntu18-v1.1.0",
        "py36-cuda100-multi-gpu-ubuntu18-v1.2.0",
        "py36-cuda100-multi-gpu-ubuntu18-v1.3.0",
        "py36-cuda100-multi-gpu-ubuntu18-v1.4.0",
        "py36-cuda100-multi-gpu-ubuntu18-v1.5.0",
        "py36-cuda100-multi-gpu-ubuntu18-v1.6.0",
        "py36-cuda100-multi-gpu-ubuntu18-v1.7.0",
        "py36-cuda100-multi-gpu-ubuntu18-v1.8.0",
        "py36-cuda100-multi-gpu-v1.0.18",
        "py36-cuda100-v1.0.10",
        "py36-cuda100-v1.0.11",
        "py36-cuda100-v1.0.13",
        "py36-cuda100-v1.0.14",
        "py36-cuda100-v1.0.15",
        "py36-cuda100-v1.0.16",
        "py36-cuda100-v1.0.17",
        "py36-cuda100-v1.0.9",
        "py36-cuda101-multi-gpu-ubuntu16-v1.0.19",
        "py36-cuda101-multi-gpu-ubuntu16-v1.0.20",
        "py36-cuda101-multi-gpu-ubuntu16-v1.1.0",
        "py36-cuda101-multi-gpu-ubuntu16-v1.2.0",
        "py36-cuda101-multi-gpu-ubuntu16-v1.3.0",
        "py36-cuda101-multi-gpu-ubuntu16-v1.4.0",
        "py36-cuda101-multi-gpu-ubuntu16-v1.5.0",
        "py36-cuda101-multi-gpu-ubuntu16-v1.6.0",
        "py36-cuda101-multi-gpu-ubuntu16-v1.7.0",
        "py36-cuda101-multi-gpu-ubuntu16-v1.8.0",
        "py36-cuda101-multi-gpu-ubuntu18-v1.0.19",
        "py36-cuda101-multi-gpu-ubuntu18-v1.0.20",
        "py36-cuda101-multi-gpu-ubuntu18-v1.1.0",
        "py36-cuda101-multi-gpu-ubuntu18-v1.2.0",
        "py36-cuda101-multi-gpu-ubuntu18-v1.3.0",
        "py36-cuda101-multi-gpu-ubuntu18-v1.4.0",
        "py36-cuda101-multi-gpu-ubuntu18-v1.5.0",
        "py36-cuda101-multi-gpu-ubuntu18-v1.6.0",
        "py36-cuda101-multi-gpu-ubuntu18-v1.7.0",
        "py36-cuda101-multi-gpu-ubuntu18-v1.8.0",
        "py36-cuda102-mpi2.1.1-v1.10.0",
        "py36-cuda102-mpi2.1.1-v1.11.0",
        "py36-cuda102-mpi2.1.1-v1.12.0",
        "py36-cuda102-mpi2.1.1-v1.13.0",
        "py36-cuda102-mpi2.1.1-v1.14.0",
        "py36-cuda102-mpi2.1.1-v1.15.0",
        "py36-cuda102-mpi2.1.1-v1.16.0",
        "py36-cuda102-mpi2.1.1-v1.17.0",
        "py36-cuda102-mpi2.1.1-v1.18.0",
        "py36-cuda102-mpi2.1.1-v1.19.0",
        "py36-cuda102-mpi2.1.1-v1.20.0",
        "py36-cuda102-mpi2.1.1-v1.20.1",
        "py36-cuda102-mpi2.1.1-v1.21.0",
        "py36-cuda102-mpi2.1.1-v1.22.0",
        "py36-cuda102-mpi2.1.1-v1.23.0",
        "py36-cuda102-mpi2.1.1-v1.24.0",
        "py36-cuda102-mpi2.1.1-v1.9.0",
        "py36-cuda102-mpi3.1.6-v1.10.0",
        "py36-cuda102-mpi3.1.6-v1.11.0",
        "py36-cuda102-mpi3.1.6-v1.12.0",
        "py36-cuda102-mpi3.1.6-v1.13.0",
        "py36-cuda102-mpi3.1.6-v1.14.0",
        "py36-cuda102-mpi3.1.6-v1.15.0",
        "py36-cuda102-mpi3.1.6-v1.16.0",
        "py36-cuda102-mpi3.1.6-v1.17.0",
        "py36-cuda102-mpi3.1.6-v1.18.0",
        "py36-cuda102-mpi3.1.6-v1.19.0",
        "py36-cuda102-mpi3.1.6-v1.20.0",
        "py36-cuda102-mpi3.1.6-v1.20.1",
        "py36-cuda102-mpi3.1.6-v1.21.0",
        "py36-cuda102-mpi3.1.6-v1.22.0",
        "py36-cuda102-mpi3.1.6-v1.23.0",
        "py36-cuda102-mpi3.1.6-v1.24.0",
        "py36-cuda102-mpi3.1.6-v1.9.0",
        "py36-cuda110-mpi2.1.1-v1.14.0",
        "py36-cuda110-mpi2.1.1-v1.15.0",
        "py36-cuda110-mpi2.1.1-v1.16.0",
        "py36-cuda110-mpi2.1.1-v1.17.0",
        "py36-cuda110-mpi2.1.1-v1.18.0",
        "py36-cuda110-mpi2.1.1-v1.19.0",
        "py36-cuda110-mpi2.1.1-v1.20.0",
        "py36-cuda110-mpi2.1.1-v1.20.1",
        "py36-cuda110-mpi2.1.1-v1.21.0",
        "py36-cuda110-mpi2.1.1-v1.22.0",
        "py36-cuda110-mpi2.1.1-v1.23.0",
        "py36-cuda110-mpi2.1.1-v1.24.0",
        "py36-cuda110-mpi3.1.6-v1.14.0",
        "py36-cuda110-mpi3.1.6-v1.15.0",
        "py36-cuda110-mpi3.1.6-v1.16.0",
        "py36-cuda110-mpi3.1.6-v1.17.0",
        "py36-cuda110-mpi3.1.6-v1.18.0",
        "py36-cuda110-mpi3.1.6-v1.19.0",
        "py36-cuda110-mpi3.1.6-v1.20.0",
        "py36-cuda110-mpi3.1.6-v1.20.1",
        "py36-cuda110-mpi3.1.6-v1.21.0",
        "py36-cuda110-mpi3.1.6-v1.22.0",
        "py36-cuda110-mpi3.1.6-v1.23.0",
        "py36-cuda110-mpi3.1.6-v1.24.0",
        "py36-cuda90",
        "py36-cuda90-mpi2.1.1-v1.10.0",
        "py36-cuda90-mpi2.1.1-v1.11.0",
        "py36-cuda90-mpi2.1.1-v1.12.0",
        "py36-cuda90-mpi2.1.1-v1.13.0",
        "py36-cuda90-mpi2.1.1-v1.9.0",
        "py36-cuda90-mpi3.1.6-v1.10.0",
        "py36-cuda90-mpi3.1.6-v1.11.0",
        "py36-cuda90-mpi3.1.6-v1.12.0",
        "py36-cuda90-mpi3.1.6-v1.13.0",
        "py36-cuda90-mpi3.1.6-v1.9.0",
        "py36-cuda90-multi-gpu",
        "py36-cuda90-multi-gpu-ubuntu16-v1.0.19",
        "py36-cuda90-multi-gpu-ubuntu16-v1.0.20",
        "py36-cuda90-multi-gpu-ubuntu16-v1.1.0",
        "py36-cuda90-multi-gpu-ubuntu16-v1.2.0",
        "py36-cuda90-multi-gpu-ubuntu16-v1.3.0",
        "py36-cuda90-multi-gpu-ubuntu16-v1.4.0",
        "py36-cuda90-multi-gpu-ubuntu16-v1.5.0",
        "py36-cuda90-multi-gpu-ubuntu16-v1.6.0",
        "py36-cuda90-multi-gpu-ubuntu16-v1.7.0",
        "py36-cuda90-multi-gpu-ubuntu16-v1.8.0",
        "py36-cuda90-multi-gpu-v1.0.18",
        "py36-cuda90-v1.0.10",
        "py36-cuda90-v1.0.11",
        "py36-cuda90-v1.0.13",
        "py36-cuda90-v1.0.14",
        "py36-cuda90-v1.0.15",
        "py36-cuda90-v1.0.16",
        "py36-cuda90-v1.0.17",
        "py36-cuda90-v1.0.9",
        "py36-cuda92",
        "py36-cuda92-multi-gpu",
        "py36-cuda92-multi-gpu-v1.0.18",
        "py36-cuda92-v1.0.10",
        "py36-cuda92-v1.0.11",
        "py36-cuda92-v1.0.13",
        "py36-cuda92-v1.0.14",
        "py36-cuda92-v1.0.15",
        "py36-cuda92-v1.0.16",
        "py36-cuda92-v1.0.17",
        "py36-cuda92-v1.0.9",
        "py37-cuda100",
        "py37-cuda100-mpi2.1.1-v1.10.0",
        "py37-cuda100-mpi2.1.1-v1.11.0",
        "py37-cuda100-mpi2.1.1-v1.12.0",
        "py37-cuda100-mpi2.1.1-v1.13.0",
        "py37-cuda100-mpi2.1.1-v1.14.0",
        "py37-cuda100-mpi2.1.1-v1.15.0",
        "py37-cuda100-mpi2.1.1-v1.16.0",
        "py37-cuda100-mpi2.1.1-v1.17.0",
        "py37-cuda100-mpi2.1.1-v1.18.0",
        "py37-cuda100-mpi2.1.1-v1.19.0",
        "py37-cuda100-mpi2.1.1-v1.20.0",
        "py37-cuda100-mpi2.1.1-v1.20.1",
        "py37-cuda100-mpi2.1.1-v1.21.0",
        "py37-cuda100-mpi2.1.1-v1.22.0",
        "py37-cuda100-mpi2.1.1-v1.23.0",
        "py37-cuda100-mpi2.1.1-v1.24.0",
        "py37-cuda100-mpi2.1.1-v1.9.0",
        "py37-cuda100-mpi3.1.6-v1.10.0",
        "py37-cuda100-mpi3.1.6-v1.11.0",
        "py37-cuda100-mpi3.1.6-v1.12.0",
        "py37-cuda100-mpi3.1.6-v1.13.0",
        "py37-cuda100-mpi3.1.6-v1.14.0",
        "py37-cuda100-mpi3.1.6-v1.15.0",
        "py37-cuda100-mpi3.1.6-v1.16.0",
        "py37-cuda100-mpi3.1.6-v1.17.0",
        "py37-cuda100-mpi3.1.6-v1.18.0",
        "py37-cuda100-mpi3.1.6-v1.19.0",
        "py37-cuda100-mpi3.1.6-v1.20.0",
        "py37-cuda100-mpi3.1.6-v1.20.1",
        "py37-cuda100-mpi3.1.6-v1.21.0",
        "py37-cuda100-mpi3.1.6-v1.22.0",
        "py37-cuda100-mpi3.1.6-v1.23.0",
        "py37-cuda100-mpi3.1.6-v1.24.0",
        "py37-cuda100-mpi3.1.6-v1.9.0",
        "py37-cuda100-multi-gpu",
        "py37-cuda100-multi-gpu-ubuntu16-v1.0.19",
        "py37-cuda100-multi-gpu-ubuntu16-v1.0.20",
        "py37-cuda100-multi-gpu-ubuntu16-v1.1.0",
        "py37-cuda100-multi-gpu-ubuntu16-v1.2.0",
        "py37-cuda100-multi-gpu-ubuntu16-v1.3.0",
        "py37-cuda100-multi-gpu-ubuntu16-v1.4.0",
        "py37-cuda100-multi-gpu-ubuntu16-v1.5.0",
        "py37-cuda100-multi-gpu-ubuntu16-v1.6.0",
        "py37-cuda100-multi-gpu-ubuntu16-v1.7.0",
        "py37-cuda100-multi-gpu-ubuntu16-v1.8.0",
        "py37-cuda100-multi-gpu-ubuntu18-v1.0.19",
        "py37-cuda100-multi-gpu-ubuntu18-v1.0.20",
        "py37-cuda100-multi-gpu-ubuntu18-v1.1.0",
        "py37-cuda100-multi-gpu-ubuntu18-v1.2.0",
        "py37-cuda100-multi-gpu-ubuntu18-v1.3.0",
        "py37-cuda100-multi-gpu-ubuntu18-v1.4.0",
        "py37-cuda100-multi-gpu-ubuntu18-v1.5.0",
        "py37-cuda100-multi-gpu-ubuntu18-v1.6.0",
        "py37-cuda100-multi-gpu-ubuntu18-v1.7.0",
        "py37-cuda100-multi-gpu-ubuntu18-v1.8.0",
        "py37-cuda100-multi-gpu-v1.0.18",
        "py37-cuda100-v1.0.16",
        "py37-cuda100-v1.0.17",
        "py37-cuda101-multi-gpu-ubuntu16-v1.0.19",
        "py37-cuda101-multi-gpu-ubuntu16-v1.0.20",
        "py37-cuda101-multi-gpu-ubuntu16-v1.1.0",
        "py37-cuda101-multi-gpu-ubuntu16-v1.2.0",
        "py37-cuda101-multi-gpu-ubuntu16-v1.3.0",
        "py37-cuda101-multi-gpu-ubuntu16-v1.4.0",
        "py37-cuda101-multi-gpu-ubuntu16-v1.5.0",
        "py37-cuda101-multi-gpu-ubuntu16-v1.6.0",
        "py37-cuda101-multi-gpu-ubuntu16-v1.7.0",
        "py37-cuda101-multi-gpu-ubuntu16-v1.8.0",
        "py37-cuda101-multi-gpu-ubuntu18-v1.0.19",
        "py37-cuda101-multi-gpu-ubuntu18-v1.0.20",
        "py37-cuda101-multi-gpu-ubuntu18-v1.1.0",
        "py37-cuda101-multi-gpu-ubuntu18-v1.2.0",
        "py37-cuda101-multi-gpu-ubuntu18-v1.3.0",
        "py37-cuda101-multi-gpu-ubuntu18-v1.4.0",
        "py37-cuda101-multi-gpu-ubuntu18-v1.5.0",
        "py37-cuda101-multi-gpu-ubuntu18-v1.6.0",
        "py37-cuda101-multi-gpu-ubuntu18-v1.7.0",
        "py37-cuda101-multi-gpu-ubuntu18-v1.8.0",
        "py37-cuda102-mpi2.1.1-v1.10.0",
        "py37-cuda102-mpi2.1.1-v1.11.0",
        "py37-cuda102-mpi2.1.1-v1.12.0",
        "py37-cuda102-mpi2.1.1-v1.13.0",
        "py37-cuda102-mpi2.1.1-v1.14.0",
        "py37-cuda102-mpi2.1.1-v1.15.0",
        "py37-cuda102-mpi2.1.1-v1.16.0",
        "py37-cuda102-mpi2.1.1-v1.17.0",
        "py37-cuda102-mpi2.1.1-v1.18.0",
        "py37-cuda102-mpi2.1.1-v1.19.0",
        "py37-cuda102-mpi2.1.1-v1.20.0",
        "py37-cuda102-mpi2.1.1-v1.20.1",
        "py37-cuda102-mpi2.1.1-v1.21.0",
        "py37-cuda102-mpi2.1.1-v1.22.0",
        "py37-cuda102-mpi2.1.1-v1.23.0",
        "py37-cuda102-mpi2.1.1-v1.24.0",
        "py37-cuda102-mpi2.1.1-v1.9.0",
        "py37-cuda102-mpi3.1.6-v1.10.0",
        "py37-cuda102-mpi3.1.6-v1.11.0",
        "py37-cuda102-mpi3.1.6-v1.12.0",
        "py37-cuda102-mpi3.1.6-v1.13.0",
        "py37-cuda102-mpi3.1.6-v1.14.0",
        "py37-cuda102-mpi3.1.6-v1.15.0",
        "py37-cuda102-mpi3.1.6-v1.16.0",
        "py37-cuda102-mpi3.1.6-v1.17.0",
        "py37-cuda102-mpi3.1.6-v1.18.0",
        "py37-cuda102-mpi3.1.6-v1.19.0",
        "py37-cuda102-mpi3.1.6-v1.20.0",
        "py37-cuda102-mpi3.1.6-v1.20.1",
        "py37-cuda102-mpi3.1.6-v1.21.0",
        "py37-cuda102-mpi3.1.6-v1.22.0",
        "py37-cuda102-mpi3.1.6-v1.23.0",
        "py37-cuda102-mpi3.1.6-v1.24.0",
        "py37-cuda102-mpi3.1.6-v1.9.0",
        "py37-cuda110-mpi2.1.1-v1.14.0",
        "py37-cuda110-mpi2.1.1-v1.15.0",
        "py37-cuda110-mpi2.1.1-v1.16.0",
        "py37-cuda110-mpi2.1.1-v1.17.0",
        "py37-cuda110-mpi2.1.1-v1.18.0",
        "py37-cuda110-mpi2.1.1-v1.19.0",
        "py37-cuda110-mpi2.1.1-v1.20.0",
        "py37-cuda110-mpi2.1.1-v1.20.1",
        "py37-cuda110-mpi2.1.1-v1.21.0",
        "py37-cuda110-mpi2.1.1-v1.22.0",
        "py37-cuda110-mpi2.1.1-v1.23.0",
        "py37-cuda110-mpi2.1.1-v1.24.0",
        "py37-cuda110-mpi3.1.6-v1.14.0",
        "py37-cuda110-mpi3.1.6-v1.15.0",
        "py37-cuda110-mpi3.1.6-v1.16.0",
        "py37-cuda110-mpi3.1.6-v1.17.0",
        "py37-cuda110-mpi3.1.6-v1.18.0",
        "py37-cuda110-mpi3.1.6-v1.19.0",
        "py37-cuda110-mpi3.1.6-v1.20.0",
        "py37-cuda110-mpi3.1.6-v1.20.1",
        "py37-cuda110-mpi3.1.6-v1.21.0",
        "py37-cuda110-mpi3.1.6-v1.22.0",
        "py37-cuda110-mpi3.1.6-v1.23.0",
        "py37-cuda110-mpi3.1.6-v1.24.0",
        "py37-cuda90",
        "py37-cuda90-mpi2.1.1-v1.10.0",
        "py37-cuda90-mpi2.1.1-v1.11.0",
        "py37-cuda90-mpi2.1.1-v1.12.0",
        "py37-cuda90-mpi2.1.1-v1.13.0",
        "py37-cuda90-mpi2.1.1-v1.9.0",
        "py37-cuda90-mpi3.1.6-v1.10.0",
        "py37-cuda90-mpi3.1.6-v1.11.0",
        "py37-cuda90-mpi3.1.6-v1.12.0",
        "py37-cuda90-mpi3.1.6-v1.13.0",
        "py37-cuda90-mpi3.1.6-v1.9.0",
        "py37-cuda90-multi-gpu",
        "py37-cuda90-multi-gpu-ubuntu16-v1.0.19",
        "py37-cuda90-multi-gpu-ubuntu16-v1.0.20",
        "py37-cuda90-multi-gpu-ubuntu16-v1.1.0",
        "py37-cuda90-multi-gpu-ubuntu16-v1.2.0",
        "py37-cuda90-multi-gpu-ubuntu16-v1.3.0",
        "py37-cuda90-multi-gpu-ubuntu16-v1.4.0",
        "py37-cuda90-multi-gpu-ubuntu16-v1.5.0",
        "py37-cuda90-multi-gpu-ubuntu16-v1.6.0",
        "py37-cuda90-multi-gpu-ubuntu16-v1.7.0",
        "py37-cuda90-multi-gpu-ubuntu16-v1.8.0",
        "py37-cuda90-multi-gpu-v1.0.18",
        "py37-cuda90-v1.0.16",
        "py37-cuda90-v1.0.17",
        "py37-cuda92",
        "py37-cuda92-multi-gpu",
        "py37-cuda92-multi-gpu-v1.0.18",
        "py37-cuda92-v1.0.16",
        "py37-cuda92-v1.0.17",
        "py38-cuda100-mpi2.1.1-v1.10.0",
        "py38-cuda100-mpi2.1.1-v1.11.0",
        "py38-cuda100-mpi2.1.1-v1.12.0",
        "py38-cuda100-mpi2.1.1-v1.13.0",
        "py38-cuda100-mpi2.1.1-v1.14.0",
        "py38-cuda100-mpi2.1.1-v1.15.0",
        "py38-cuda100-mpi2.1.1-v1.16.0",
        "py38-cuda100-mpi2.1.1-v1.17.0",
        "py38-cuda100-mpi2.1.1-v1.18.0",
        "py38-cuda100-mpi2.1.1-v1.19.0",
        "py38-cuda100-mpi2.1.1-v1.20.0",
        "py38-cuda100-mpi2.1.1-v1.20.1",
        "py38-cuda100-mpi2.1.1-v1.21.0",
        "py38-cuda100-mpi2.1.1-v1.22.0",
        "py38-cuda100-mpi2.1.1-v1.23.0",
        "py38-cuda100-mpi2.1.1-v1.24.0",
        "py38-cuda100-mpi2.1.1-v1.9.0",
        "py38-cuda100-mpi3.1.6-v1.10.0",
        "py38-cuda100-mpi3.1.6-v1.11.0",
        "py38-cuda100-mpi3.1.6-v1.12.0",
        "py38-cuda100-mpi3.1.6-v1.13.0",
        "py38-cuda100-mpi3.1.6-v1.14.0",
        "py38-cuda100-mpi3.1.6-v1.15.0",
        "py38-cuda100-mpi3.1.6-v1.16.0",
        "py38-cuda100-mpi3.1.6-v1.17.0",
        "py38-cuda100-mpi3.1.6-v1.18.0",
        "py38-cuda100-mpi3.1.6-v1.19.0",
        "py38-cuda100-mpi3.1.6-v1.20.0",
        "py38-cuda100-mpi3.1.6-v1.20.1",
        "py38-cuda100-mpi3.1.6-v1.21.0",
        "py38-cuda100-mpi3.1.6-v1.22.0",
        "py38-cuda100-mpi3.1.6-v1.23.0",
        "py38-cuda100-mpi3.1.6-v1.24.0",
        "py38-cuda100-mpi3.1.6-v1.9.0",
        "py38-cuda100-multi-gpu-ubuntu16-v1.5.0",
        "py38-cuda100-multi-gpu-ubuntu16-v1.6.0",
        "py38-cuda100-multi-gpu-ubuntu16-v1.7.0",
        "py38-cuda100-multi-gpu-ubuntu16-v1.8.0",
        "py38-cuda100-multi-gpu-ubuntu18-v1.5.0",
        "py38-cuda100-multi-gpu-ubuntu18-v1.6.0",
        "py38-cuda100-multi-gpu-ubuntu18-v1.7.0",
        "py38-cuda100-multi-gpu-ubuntu18-v1.8.0",
        "py38-cuda101-multi-gpu-ubuntu16-v1.5.0",
        "py38-cuda101-multi-gpu-ubuntu16-v1.6.0",
        "py38-cuda101-multi-gpu-ubuntu16-v1.7.0",
        "py38-cuda101-multi-gpu-ubuntu16-v1.8.0",
        "py38-cuda101-multi-gpu-ubuntu18-v1.5.0",
        "py38-cuda101-multi-gpu-ubuntu18-v1.6.0",
        "py38-cuda101-multi-gpu-ubuntu18-v1.7.0",
        "py38-cuda101-multi-gpu-ubuntu18-v1.8.0",
        "py38-cuda102-mpi2.1.1-v1.10.0",
        "py38-cuda102-mpi2.1.1-v1.11.0",
        "py38-cuda102-mpi2.1.1-v1.12.0",
        "py38-cuda102-mpi2.1.1-v1.13.0",
        "py38-cuda102-mpi2.1.1-v1.14.0",
        "py38-cuda102-mpi2.1.1-v1.15.0",
        "py38-cuda102-mpi2.1.1-v1.16.0",
        "py38-cuda102-mpi2.1.1-v1.17.0",
        "py38-cuda102-mpi2.1.1-v1.18.0",
        "py38-cuda102-mpi2.1.1-v1.19.0",
        "py38-cuda102-mpi2.1.1-v1.20.0",
        "py38-cuda102-mpi2.1.1-v1.20.1",
        "py38-cuda102-mpi2.1.1-v1.21.0",
        "py38-cuda102-mpi2.1.1-v1.22.0",
        "py38-cuda102-mpi2.1.1-v1.23.0",
        "py38-cuda102-mpi2.1.1-v1.24.0",
        "py38-cuda102-mpi2.1.1-v1.9.0",
        "py38-cuda102-mpi3.1.6-v1.10.0",
        "py38-cuda102-mpi3.1.6-v1.11.0",
        "py38-cuda102-mpi3.1.6-v1.12.0",
        "py38-cuda102-mpi3.1.6-v1.13.0",
        "py38-cuda102-mpi3.1.6-v1.14.0",
        "py38-cuda102-mpi3.1.6-v1.15.0",
        "py38-cuda102-mpi3.1.6-v1.16.0",
        "py38-cuda102-mpi3.1.6-v1.17.0",
        "py38-cuda102-mpi3.1.6-v1.18.0",
        "py38-cuda102-mpi3.1.6-v1.19.0",
        "py38-cuda102-mpi3.1.6-v1.20.0",
        "py38-cuda102-mpi3.1.6-v1.20.1",
        "py38-cuda102-mpi3.1.6-v1.21.0",
        "py38-cuda102-mpi3.1.6-v1.22.0",
        "py38-cuda102-mpi3.1.6-v1.23.0",
        "py38-cuda102-mpi3.1.6-v1.24.0",
        "py38-cuda102-mpi3.1.6-v1.9.0",
        "py38-cuda110-mpi2.1.1-v1.14.0",
        "py38-cuda110-mpi2.1.1-v1.15.0",
        "py38-cuda110-mpi2.1.1-v1.16.0",
        "py38-cuda110-mpi2.1.1-v1.17.0",
        "py38-cuda110-mpi2.1.1-v1.18.0",
        "py38-cuda110-mpi2.1.1-v1.19.0",
        "py38-cuda110-mpi2.1.1-v1.20.0",
        "py38-cuda110-mpi2.1.1-v1.20.1",
        "py38-cuda110-mpi2.1.1-v1.21.0",
        "py38-cuda110-mpi2.1.1-v1.22.0",
        "py38-cuda110-mpi2.1.1-v1.23.0",
        "py38-cuda110-mpi2.1.1-v1.24.0",
        "py38-cuda110-mpi3.1.6-v1.14.0",
        "py38-cuda110-mpi3.1.6-v1.15.0",
        "py38-cuda110-mpi3.1.6-v1.16.0",
        "py38-cuda110-mpi3.1.6-v1.17.0",
        "py38-cuda110-mpi3.1.6-v1.18.0",
        "py38-cuda110-mpi3.1.6-v1.19.0",
        "py38-cuda110-mpi3.1.6-v1.20.0",
        "py38-cuda110-mpi3.1.6-v1.20.1",
        "py38-cuda110-mpi3.1.6-v1.21.0",
        "py38-cuda110-mpi3.1.6-v1.22.0",
        "py38-cuda110-mpi3.1.6-v1.23.0",
        "py38-cuda110-mpi3.1.6-v1.24.0",
        "py38-cuda90-mpi2.1.1-v1.10.0",
        "py38-cuda90-mpi2.1.1-v1.11.0",
        "py38-cuda90-mpi2.1.1-v1.12.0",
        "py38-cuda90-mpi2.1.1-v1.13.0",
        "py38-cuda90-mpi2.1.1-v1.9.0",
        "py38-cuda90-mpi3.1.6-v1.10.0",
        "py38-cuda90-mpi3.1.6-v1.11.0",
        "py38-cuda90-mpi3.1.6-v1.12.0",
        "py38-cuda90-mpi3.1.6-v1.13.0",
        "py38-cuda90-mpi3.1.6-v1.9.0",
        "py38-cuda90-multi-gpu-ubuntu16-v1.5.0",
        "py38-cuda90-multi-gpu-ubuntu16-v1.6.0",
        "py38-cuda90-multi-gpu-ubuntu16-v1.7.0",
        "py38-cuda90-multi-gpu-ubuntu16-v1.8.0",
        "py39-cuda100-mpi2.1.1-v1.24.0",
        "py39-cuda100-mpi3.1.6-v1.24.0",
        "py39-cuda102-mpi2.1.1-v1.24.0",
        "py39-cuda102-mpi3.1.6-v1.24.0",
        "py39-cuda110-mpi2.1.1-v1.24.0",
        "py39-cuda110-mpi3.1.6-v1.24.0",
        "v1.0.10",
        "v1.0.11",
        "v1.0.13",
        "v1.0.14",
        "v1.0.15",
        "v1.0.9"
    ],
    "Created": "2021-12-23T10:32:01.609901906Z",
    "DockerVersion": "19.03.13",
    "Labels": {
        "com.nvidia.cudnn.version": "8.2.4.15",
        "maintainer": "NVIDIA CORPORATION \u003ccudatools@nvidia.com\u003e"
    },
    "Architecture": "amd64",
    "Os": "linux",
    "Layers": [
        "sha256:e4ca327ec0e73c737201b7a6d7b2df779a3ccf34fe9cf1b0c031e767f6464240",
        "sha256:9ba32254bb3c4076e2ca8e2bb3d8884a753a7ba1d3fcf6ed091c2a9f86f7d5aa",
        "sha256:21bb6c18f647932ed71c2d2998ec8fa688b4d08d1cb681ce18f91921f25269c3",
        "sha256:9d1c8624fb43cdc151ee388ba640326c85fe6102dcbda52f6dad30748064f4ed",
        "sha256:612015fefa01a08465593c463679249974d4cabc6eb307b61c3ecb4d36b0a0fc",
        "sha256:f674c21ac467237f63cde19a5f55b3f85d04926f9149f44946d1f3bffc01c01c",
        "sha256:ef33eff4864d143c2233387db69849275128c43fbf75d082b079e9dc2ffaf34c",
        "sha256:45a5e679d3046f7f52158ca9deb12756325a76ceb83dceb319f66e32d20ae55f",
        "sha256:06e950a8f50b7049bcac335bfded6105eadb5d5b9481145cb6d933d6624dbd0d",
        "sha256:8900928f3daecc3a739b31523c7bca6189acd247faeb58b10c7c6f52fbbb004f",
        "sha256:0d71e8dbe8c4c68fe9d4a37aef9e74c14486675a84666a12ea6e071371e038e1",
        "sha256:6f51be48c03fa51c19bced2707c1d2cd9d2e8fe117fc36fbe969ac2d3031529f",
        "sha256:6d005a0c89c59cdeb3081f3476d7346a2b57f5de1cd5b578e90360216e922b7d",
        "sha256:d8855e1255849bd0644a31b70b9a9f6e17d54744c054a7da6ab365d7bf9a72c4",
        "sha256:572b39b97bc9366ec4d3e3ea135c20f1ac47d1368cd6dc07ccca8d192713ae4e",
        "sha256:0b89c416b3bc0c186b16ba594499e7a606c1c5a8d76ec397cc90fe718d4aee48",
        "sha256:1bd7407f23d111aff75e86d290799edbd3b356c8c805e103baf75e47f30d6139",
        "sha256:de2e1b966fb9838fcc472c99b6b6275e2c880ef56b425550960de36771d9186c",
        "sha256:c6560fcacbee8f0f93f657185c3f6bdf8c45ed86273081aceef774f32e672f17",
        "sha256:38f803ea5ccac81c4f8af642bbefe0d7db96b92d04350ecd88fa353455355c4e",
        "sha256:19ba274bd3a5501938ad7c8e9448a11ea8e145dfb5111d89755227e3115da7e1"
    ],
    "Env": [
        "PATH=/usr/local/nvidia/bin:/usr/local/cuda/bin:/usr/local/sbin:/usr/local/bin:/usr/sbin:/usr/bin:/sbin:/bin",
        "NVARCH=x86_64",
        "NVIDIA_REQUIRE_CUDA=cuda\u003e=10.2 brand=tesla,driver\u003e=396,driver\u003c397 brand=tesla,driver\u003e=410,driver\u003c411 brand=tesla,driver\u003e=418,driver\u003c419 brand=tesla,driver\u003e=440,driver\u003c441",
        "NV_CUDA_CUDART_VERSION=10.2.89-1",
        "NV_ML_REPO_ENABLED=1",
        "NV_ML_REPO_URL=https://developer.download.nvidia.com/compute/machine-learning/repos/ubuntu1804/x86_64",
        "CUDA_VERSION=10.2.89",
        "LD_LIBRARY_PATH=/usr/local/nvidia/lib:/usr/local/nvidia/lib64",
        "NVIDIA_VISIBLE_DEVICES=all",
        "NVIDIA_DRIVER_CAPABILITIES=compute,utility",
        "NV_CUDA_LIB_VERSION=10.2.89-1",
        "NV_NVTX_VERSION=10.2.89-1",
        "NV_LIBNPP_VERSION=10.2.89-1",
        "NV_LIBCUSPARSE_VERSION=10.2.89-1",
        "NV_LIBCUBLAS_PACKAGE_NAME=libcublas10",
        "NV_LIBCUBLAS_VERSION=10.2.2.89-1",
        "NV_LIBCUBLAS_PACKAGE=libcublas10=10.2.2.89-1",
        "NV_LIBNCCL_PACKAGE_NAME=libnccl2",
        "NV_LIBNCCL_PACKAGE_VERSION=2.11.4-1",
        "NCCL_VERSION=2.11.4",
        "NV_LIBNCCL_PACKAGE=libnccl2=2.11.4-1+cuda10.2",
        "NV_CUDNN_PACKAGE_VERSION=8.2.4.15-1",
        "NV_CUDNN_VERSION=8.2.4.15",
        "NV_CUDNN_PACKAGE_NAME=libcudnn8",
        "NV_CUDNN_PACKAGE=libcudnn8=8.2.4.15-1+cuda10.2",
        "CUDNN_VERSION=8.2.4.15"
    ]
}
