{
    "Name": "docker.io/rgfteam/rgf",
    "Digest": "sha256:71f7ba8e36a020f7bbfab543424b623489be29f05085292512087c1ac2356ae4",
    "RepoTags": [
        "latest"
    ],
    "Created": "2019-01-30T15:39:20.677914658Z",
    "DockerVersion": "18.03.1-ee-3",
    "Labels": null,
    "Architecture": "amd64",
    "Os": "linux",
    "Layers": [
        "sha256:7b722c1070cdf5188f1f9e43b8413157f8dfb2b4fe84db3c03cb492379a42fcc",
        "sha256:5fbf74db61f1459176d8647ba8f53f8e6cf933a2e56f73f0e8da81213117b7e9",
        "sha256:ed41cb72e5c918bdbd78e68f02930a3f1cf1d6079402b0a5b19de8508e67b766",
        "sha256:7ea47a67709ebea8efed59fbda703dbd00a0d2cae7e2808959744bfa30bfc0e9",
        "sha256:6ced311b1567e665e9392e6e38dfe99244c16ad1ebcf3dc2852707ca47374bdd"
    ],
    "Env": [
        "PATH=/opt/conda/bin:/usr/local/sbin:/usr/local/bin:/usr/sbin:/usr/bin:/sbin:/bin"
    ]
}
