{
    "Name": "docker.io/allennlp/allennlp",
    "Digest": "sha256:b9ea0bf17984ec377721f859431524807657c96ce937fad398aef85e49d65999",
    "RepoTags": [
        "0.2.3",
        "latest",
        "v0.2.0",
        "v0.2.2",
        "v0.3.0",
        "v0.4.0",
        "v0.4.1",
        "v0.4.2",
        "v0.4.3",
        "v0.5.0",
        "v0.5.1",
        "v0.5.1-pip",
        "v0.6.0",
        "v0.6.1",
        "v0.7.0",
        "v0.7.1",
        "v0.7.2",
        "v0.8.0",
        "v0.8.1",
        "v0.8.2",
        "v0.8.3",
        "v0.8.4",
        "v0.8.5",
        "v0.8.5-unreleased-nvidia-base",
        "v0.9.0",
        "v1.0.0",
        "v1.0.0.rc1",
        "v1.0.0.rc2",
        "v1.0.0rc3",
        "v1.0.0rc4",
        "v1.0.0rc5",
        "v1.0.0rc6",
        "v1.1.0",
        "v1.1.0rc1",
        "v1.1.0rc2",
        "v1.1.0rc3",
        "v1.1.0rc4",
        "v1.2.0",
        "v1.2.0rc1",
        "v1.2.1",
        "v1.2.2-cuda10.2",
        "v1.2.2-cuda11.0",
        "v1.3.0-cuda10.2",
        "v1.3.0-cuda101",
        "v1.3.0-cuda11.0",
        "v1.4.0-cuda10.1",
        "v1.4.0-cuda10.2",
        "v1.4.0-cuda11.0",
        "v1.4.1-cuda10.1",
        "v1.4.1-cuda10.2",
        "v1.4.1-cuda11.0",
        "v1.5.0-cuda10.1",
        "v1.5.0-cuda10.2",
        "v1.5.0-cuda11.0",
        "v2.0.0-cuda10.1",
        "v2.0.0-cuda10.2",
        "v2.0.0-cuda11.0",
        "v2.0.0rc1-cuda10.1",
        "v2.0.0rc1-cuda10.2",
        "v2.0.0rc1-cuda11.0",
        "v2.0.1-cuda10.1",
        "v2.0.1-cuda10.2",
        "v2.0.1-cuda11.0",
        "v2.1.0-cuda10.1",
        "v2.1.0-cuda10.2",
        "v2.1.0-cuda11.0",
        "v2.2.0-cuda10.1",
        "v2.2.0-cuda10.2",
        "v2.2.0-cuda11.1",
        "v2.3.0-cuda10.1",
        "v2.3.0-cuda10.2",
        "v2.3.0-cuda11.1",
        "v2.3.1-cuda10.1",
        "v2.3.1-cuda10.2",
        "v2.3.1-cuda11.1",
        "v2.4.0-cuda10.1",
        "v2.4.0-cuda10.2",
        "v2.4.0-cuda11.1",
        "v2.5.0-cuda10.1",
        "v2.5.0-cuda10.2",
        "v2.5.0-cuda11.1",
        "v2.6.0-cuda10.1",
        "v2.6.0-cuda10.2",
        "v2.6.0-cuda11.1",
        "v2.7.0-cuda10.2",
        "v2.7.0-cuda11.1",
        "v2.8.0-cuda11.3"
    ],
    "Created": "2021-11-01T21:17:17.979910721Z",
    "DockerVersion": "20.10.9+azure-1",
    "Labels": {
        "com.nvidia.volumes.needed": "nvidia_driver",
        "maintainer": "allennlp-contact@allenai.org"
    },
    "Architecture": "amd64",
    "Os": "linux",
    "Layers": [
        "sha256:284055322776031bac33723839acb0db2d063a525ba4fa1fd268a831c7553b26",
        "sha256:641a02cb4e212b5cd6bfbc5f7b2ef4946c12316e566eeea2a73b852f3501a820",
        "sha256:e293b1d03d39e56a587b1c5aa38cee156b5fea79b61c01820dc83159b91fc567",
        "sha256:d58be659dcd9d270fd79b150e314c72ad0e05d2d2af5717c8d982600f47b16f6",
        "sha256:14b5aaf3b6aa112cee635813fddb06c5f7a102b3bd39e6bd67e0ddf0f9493bc2",
        "sha256:b4d8cd6813254970a55cde20211c83e9b9e9e394c8ef56b61ef3ea2b4cedb95b",
        "sha256:ccd96028c6f981d3a2f5956311686d59c3a8c1b070ec5b4dc2917550c33357a2",
        "sha256:a85b055784197f24938c6094aa6ed38587d5419cf7c08889f40e9330ac0bd6ee",
        "sha256:e8df464c8a79c10113d01e6008c448752153c2157fd8ecb7c2fc8fe117f403b7",
        "sha256:393ae9a99920d959efc4de8b8c4e4ade5414e4e321b937c0836aa7b4502e6f5b",
        "sha256:78b2e1a786ce1203507285a8ed269a65ad91e48425880424c697b646eb01030d",
        "sha256:ede2861b3d0c88d3fb972d97a1daf2e9e0741c27682322a6c667d6a53490b87b",
        "sha256:561f75322424501176795e45a10ff12967dc08c3a3793b1153af2b4033d4da19"
    ],
    "Env": [
        "PATH=/opt/conda/bin:/usr/local/sbin:/usr/local/bin:/usr/sbin:/usr/bin:/sbin:/bin",
        "NVIDIA_VISIBLE_DEVICES=all",
        "NVIDIA_DRIVER_CAPABILITIES=compute,utility",
        "LD_LIBRARY_PATH=/usr/local/nvidia/lib:/usr/local/nvidia/lib64",
        "PYTORCH_VERSION=v1.10.0"
    ]
}
