{
    "Name": "docker.io/imjoy/imjoy-app-engine",
    "Digest": "sha256:20827adb5cda867779e9ff184dc83bd3a0f6caf9c4ed126afe0878b689196296",
    "RepoTags": [
        "04b99e9fa67274722c670dd0b6f186eaf27e0c89",
        "07e8d73764398ca7f05d9cd8e42565d5674de94b",
        "09d404663f0e8806234016626c7bbad063174185",
        "2a57b24a05c701fc7f6bbe13c5c1214f3b6cb95f",
        "32f77faa99bc8fcdc58996a7a22d374244b259b8",
        "37aa14433b31413eb429287ca155489a81e8d1fa",
        "3e8dc5488334feba2be5e9d715db8c6ae927d472",
        "3fda1cdaf2c0ee9fd318dfd1c0d4669b56c79650",
        "520415e85cac1c3d74f3855dd157c0a7c3e5f591",
        "637bed1320da56be2d64e6778f5c96e4626f2ed0",
        "68bd33411d3553c7236ece724da924ba56a34600",
        "7417edce4641121cb75cb53713f474937c8f2dff",
        "7611603d350025fa3cf8bd62b98894e994e45d4c",
        "7826c5cafb96672d8d7e3fd4ffa0dd3ed734cddc",
        "7af7c9901fe2fe9659816d3c9282d27ce2242435",
        "7bcf6f8a54c5fce3a16a786d750db883ca5538c4",
        "8048d797b2cc667e39d4c170679ff356788bc56e",
        "858c59a96f88d0306de47c859250347d9d9a5ad9",
        "9295e2719261d27b4562722b70ed9164e9d14a1c",
        "93f7894ce9079bdaeaa1fdd3f41900e1f52f7270",
        "9cde6efe6c0b0d07dcb27cc6078cad6ab89711c2",
        "a5fa8aeaa597bc4d3e0a201ab878287d9f7d7e03",
        "abf1f77884619c4e4a332bc49637df75edaa0f2f",
        "adb2dcddb8560adba0240e13a0dfc644d79f2ec9",
        "b1a7cb39a7e3c453c0a98e1072010cf4684e44f9",
        "b1d963ef714e6530b4c9ee9d9df75265c12ca8f9",
        "b830cf4cf101d6e7686876fad5340123fd6e965c",
        "c47ff015357d1a1a618c8635d4c61b7178c7eee9",
        "c6c63ec358498cf019f1cb74d26c9ad48811e9d2",
        "cfa65d8d993e22afcde474a8ed817030bf9e9710",
        "d162125b87f1bbfb3f27904ecb2082fd3387ddaf",
        "d34b3ec0931d75ce640510e97924308ce8e05e60",
        "e030bbff4203f7dc8f476054d98f22fab222f3b7",
        "e5e05b096662813be67fee7b64a6a3a21b536338",
        "ea616ca0dbefdc9466a5be0d883af5e80fbcd0fa",
        "f1cc6ec941048df07fb1a5c57b0728d68fc49804",
        "f830cf884bb121c5a51377777d05302f7e204b57",
        "fd6380d96e76fd8734e8461724d2be49ef741664",
        "latest"
    ],
    "Created": "2021-09-20T10:16:02.585515951Z",
    "DockerVersion": "",
    "Labels": null,
    "Architecture": "amd64",
    "Os": "linux",
    "Layers": [
        "sha256:955615a668ce169f8a1443fc6b6e6215f43fe0babfb4790712a2d3171f34d366",
        "sha256:2756ef5f69a5190f4308619e0f446d95f5515eef4a814dbad0bcebbbbc7b25a8",
        "sha256:911ea9f2bd51e53a455297e0631e18a72a86d7e2c8e1807176e80f991bde5d64",
        "sha256:27b0a22ee906271a6ce9ddd1754fdd7d3b59078e0b57b6cc054c7ed7ac301587",
        "sha256:8584d51a9262f9a3a436dea09ba40fa50f85802018f9bd299eee1bf538481077",
        "sha256:524774b7d3638702fe9ae0ea3fcfb81b027dfd75cc2fc14f0119e764b9543d58",
        "sha256:af193b9b3d112a0148f4c5ea29d4f2cd057930b7bb9b1801881e87e3207eb1ad",
        "sha256:aacb0e56e8f3905c751ee00929cb612096dff6dfc1cdcd44c815bb4af016661b",
        "sha256:46cd7abc9e931732ec7768aac87955edc9adaa2f2b1b80bd2c9d68d10de3bfc9",
        "sha256:dc89d4cd2df9603172979897ddcfa448424871c90073ea1ebb60d95ae82d6a98",
        "sha256:2557289efd2b3565c559dc2da745c9923c04f8f3a75bded4bafd2599621d85f6",
        "sha256:330422fbd28e16b86cecc3b0a14cccdd6f160760f62411bf9085be4b99059de4"
    ],
    "Env": [
        "PATH=/usr/local/bin:/usr/local/sbin:/usr/local/bin:/usr/sbin:/usr/bin:/sbin:/bin",
        "LANG=C.UTF-8",
        "GPG_KEY=E3FF2839C048B25C084DEBE9B26995E310250568",
        "PYTHON_VERSION=3.9.7",
        "PYTHON_PIP_VERSION=21.2.4",
        "PYTHON_SETUPTOOLS_VERSION=57.5.0",
        "PYTHON_GET_PIP_URL=https://github.com/pypa/get-pip/raw/c20b0cfd643cd4a19246ccf204e2997af70f6b21/public/get-pip.py",
        "PYTHON_GET_PIP_SHA256=fa6f3fb93cce234cd4e8dd2beb54a51ab9c247653b52855a48dd44e6b21ff28b"
    ]
}
