{
    "Name": "docker.io/nidhaloff/igel",
    "Digest": "sha256:5f753320a790cda90d8fa1cb84d5e28e77fd2dd2cf37df32c83858b7df4bcb92",
    "RepoTags": [
        "latest"
    ],
    "Created": "2021-05-26T20:39:59.533677784Z",
    "DockerVersion": "20.10.6",
    "Labels": null,
    "Architecture": "amd64",
    "Os": "linux",
    "Layers": [
        "sha256:e4c3d3e4f7b024979a1c12daa4073f6353b2ba92d96418bc90451994927c9bff",
        "sha256:101c41d0463bc77661fb3343235b16d536a92d2efb687046164d413e51bd4fc4",
        "sha256:8275efcd805f9905d7def23603618236284b0be6b9e47455c638fbfb03fa9208",
        "sha256:751620502a7a2905067c2f32d4982fb9b310b9808670ce82c0e2b40f5307a3ee",
        "sha256:0a5e725150a20c71bdc806daa04c9c9438aed5f5a4dd376f3be66fae213b1d43",
        "sha256:397dba5694dbe6da34f1abfc75362ca3f23a0421505dd3502885e9bc9a167f42",
        "sha256:b453803265bc2d6b00650681679288d8871fdaba67aceb28881c5dcb1fbaf816",
        "sha256:a49354af7e01edfaa97954d2261cfc4d388884d0796f2f7332c44ee8d78f0d28",
        "sha256:3eb2f327eb62905a17b993e9807eeb1c85f9c0172b0721b089586c9fdd4acaee",
        "sha256:71a40307a4927bfcadb43e50058583a682fcdfb4c5d81b0ed8698edaf7da4be3",
        "sha256:2c0ec7d800c742dd0dfc27c7828d56a56b69b712ed52c4f5b7d95da58570aecb",
        "sha256:6fb61a3df210481a908c8a92dd140b56abe960d114f57adf0f171d4ce40baee8",
        "sha256:2c70a4c61680f03ff09dd5516203ab10a645138facff466f548f2534fe9f85fa",
        "sha256:357f6acc439e626212176a4261b5ff406028674fef5668332141fe83dba60b82",
        "sha256:3ea3967b708f97f6099c15336b0a01cc03d49484f1242a938cc63d50b256b93f",
        "sha256:c76732689ae94cf531e0498fd45501fdf2df4e00bcac8a0ca2ab87aa28b7589d",
        "sha256:9061507abc903697bd8a62eb2f3f38ccec6086db0d2969bff3ec52cc105f4811",
        "sha256:bb2a16cbf0bb2ee00f70c7ea58584e6f5129bed79cce418826c099fe32a3508a",
        "sha256:0a3e61c479fb3b23618ede0efb7f711f571f70709de95323a21b3dcc357af67d",
        "sha256:796e57f23e6af4873d9e58c1ad1be14634df95dc26ba7b7a04d710a5cd884091",
        "sha256:4bef3b3c91f209df0b5642aaeee49fdca8c3d0a8acb7805ebf0d61a48a2393d5"
    ],
    "Env": [
        "PATH=/usr/local/bin:/usr/local/sbin:/usr/local/bin:/usr/sbin:/usr/bin:/sbin:/bin",
        "LANG=C.UTF-8",
        "GPG_KEY=E3FF2839C048B25C084DEBE9B26995E310250568",
        "PYTHON_VERSION=3.8.6",
        "PYTHON_PIP_VERSION=20.2.3",
        "PYTHON_GET_PIP_URL=https://github.com/pypa/get-pip/raw/fa7dc83944936bf09a0e4cb5d5ec852c0d256599/get-pip.py",
        "PYTHON_GET_PIP_SHA256=6e0bb0a2c2533361d7f297ed547237caf1b7507f197835974c0dd7eba998c53c"
    ]
}
