{
    "Name": "docker.io/zazrivec/dcos-jupyterlab-service",
    "Digest": "sha256:1c470f054b60715c0fc9b355441ef7186226b099ee448c246f0c64eedc2fa049",
    "RepoTags": [
        "latest",
        "latest-gpu"
    ],
    "Created": "2019-05-25T21:14:27.408049116Z",
    "DockerVersion": "18.09.6",
    "Labels": {
        "maintainer": "Mesosphere Support \u003csupport+jupyter@mesosphere.com\u003e",
        "org.label-schema.build-date": "",
        "org.label-schema.description": "Project Jupyter exists to develop open-source software, open-standards, and services for interactive computing across dozens of programming languages.",
        "org.label-schema.name": "Jupyter",
        "org.label-schema.schema-version": "1.0",
        "org.label-schema.url": "http://jupyter.org",
        "org.label-schema.vcs-ref": "",
        "org.label-schema.vcs-url": "https://github.com/mesosphere/mesosphere-jupyter-service",
        "org.label-schema.version": "1.4.1-0.36.1"
    },
    "Architecture": "amd64",
    "Os": "linux",
    "Layers": [
        "sha256:c5e155d5a1d130a7f8a3e24cee0d9e1349bff13f90ec6a941478e558fde53c14",
        "sha256:2d584f33f30dcfc70b0b603194d49e5ff340d98bf0e3b5ef8fdc22424fb9af92",
        "sha256:065fe6e55d4eacc8a0ab242200229c3267ea272ae6ddeae92834363f88b21480",
        "sha256:332f82590bbfecc358b7368fcb4389871e33e0b5ed2cd9c42515530d7e3e9ba3",
        "sha256:ef31dad7a61d764e3cf6cf8541617cb4d5c6a008fe2b5df41d8abdf75598f7e3",
        "sha256:d7bc1b4d812631b94fdfd19fbfdeabc0896851ada52aee1760ca74a1a36fdc99",
        "sha256:eb99c75c32cf9f5d8a350a8cc618ed5959f95da96b0352cd27e7a3a38386eb98",
        "sha256:b8d6e9efe90ddbea3a5c507664cced4181479cd92f88e66889cf575e35b58625",
        "sha256:a956e29f1fb5b6c52845d80d61e6d8e808e7b9e3ae01d158edbf1841c8616d15",
        "sha256:574176cf70c736fb29308d063a417c5f71c767930374bb50a455ea6eef693b7a",
        "sha256:19ddb516935b193e029c9c22f8f95ceecbd330b04670c25c60b0efab564f52a6",
        "sha256:bdec2cd7ed0823c26b48ee52804f8e0dffa40a488281a03a2d825c1614e3a835",
        "sha256:fab78d46933b72e6d2b38ab492df8b013d24447a63f69b2539fa914e82ef269e",
        "sha256:a7ad6f3cd2966ae36078cdfc1001acd5b0bd7979aa0c47f25093e76f30e6b974",
        "sha256:39d0dff93c6201fceebf36d260f7aafcd6914ffbd7071ad17df0d824d310b765",
        "sha256:e7111bbb66c35af81ec49dbf3020e364745164c26bb9f81867aab7115a58306e",
        "sha256:f4b6da468a734ceda924efc5e5529ad3e309c8bca0343d631ac20fd81dd09214",
        "sha256:eac7038fd8cfb7424a1f8f8cbaf21b3fa70f5375c8204a769fd7fb20eb7e58c4",
        "sha256:5542fc3943945f334ec8c4219ebda13ef673bc029e8f98ca4be3786b9366df77",
        "sha256:dc459f7c8063a69f6ecc4c1ed3909c61f89bd620577c575cfb57e89e1207a9e3",
        "sha256:de21ff42d3a73a3afa873dd0fc3d7d7fbbcdad62ab11f7c83574bd9df920d6fb",
        "sha256:672559c7fd44c57149a1a01a642c4887849164dbc39979b1307cafec8c9c3946",
        "sha256:a78ef2055b7d04d2497a1df223e418d0d9cb9ee02075d930eedb366bfbe961a5",
        "sha256:acdc4511e3354805110dc47ac50c8faf9dd21e2d63109abef0e0a2e865d480a8",
        "sha256:f6a654902715ff7a410c1b7756478220d5e4ff25682b18e382294644d546c415",
        "sha256:a97b886b4fbd8128c3c6c6a042802c08ec010d0e6dd159b6e3c4356a48c7df88",
        "sha256:ff109c7bb5211f976a8cb731135ee39ccce4bbfa8df7f31b70710c2e860a98bc"
    ],
    "Env": [
        "PATH=/opt/jdk/bin:/opt/spark/bin:/opt/hadoop/bin:/opt/conda/bin:/opt/mesosphere/bin:/usr/local/sbin:/usr/local/bin:/usr/sbin:/usr/bin:/sbin:/bin",
        "BOOTSTRAP=/opt/mesosphere/bin/bootstrap",
        "CODENAME=stretch",
        "CONDA_DIR=/opt/conda",
        "DEBCONF_NONINTERACTIVE_SEEN=true",
        "DEBIAN_FRONTEND=noninteractive",
        "DISTRO=debian",
        "GPG_KEYSERVER=hkps://zimmermann.mayfirst.org",
        "HADOOP_HDFS_HOME=/opt/hadoop",
        "HOME=/home/jovyan",
        "JAVA_HOME=/opt/jdk",
        "LANG=en_US.UTF-8",
        "LANGUAGE=en_US.UTF-8",
        "LC_ALL=en_US.UTF-8",
        "MESOSPHERE_PREFIX=/opt/mesosphere",
        "MESOS_AUTHENTICATEE=com_mesosphere_dcos_ClassicRPCAuthenticatee",
        "MESOS_HTTP_AUTHENTICATEE=com_mesosphere_dcos_http_Authenticatee",
        "MESOS_MODULES={\"libraries\": [{\"file\": \"libdcos_security.so\", \"modules\": [{\"name\": \"com_mesosphere_dcos_ClassicRPCAuthenticatee\"}]}]}",
        "MESOS_NATIVE_LIBRARY=/opt/mesosphere/libmesos-bundle/lib/libmesos.so",
        "MESOS_NATIVE_JAVA_LIBRARY=/opt/mesosphere/libmesos-bundle/lib/libmesos.so",
        "NB_GID=100",
        "NB_UID=1000",
        "NB_USER=jovyan",
        "NODE_OPTIONS=--max-old-space-size=8192",
        "SHELL=/bin/bash",
        "SPARK_HOME=/opt/spark",
        "SPARK_DIST_CLASSPATH=/opt/hadoop/etc/hadoop:/opt/hadoop/share/hadoop/common/lib/*:/opt/hadoop/share/hadoop/common/*:/opt/hadoop/share/hadoop/hdfs:/opt/hadoop/share/hadoop/hdfs/lib/*:/opt/hadoop/share/hadoop/hdfs/*:/opt/hadoop/share/hadoop/yarn:/opt/hadoop/share/hadoop/yarn/lib/*:/opt/hadoop/share/hadoop/yarn/*:/opt/hadoop/share/hadoop/mapreduce/lib/*:/opt/hadoop/share/hadoop/mapreduce/*:/opt/hadoop/share/hadoop/tools/lib/*",
        "HADOOP_CLASSPATH=:/opt/hadoop/share/hadoop/tools/lib/*",
        "PYTHONPATH=/opt/spark/python:/opt/spark/python/lib/py4j-0.10.4-src.zip:",
        "LD_LIBRARY_PATH=/usr/lib/x86_64-linux-gnu:/opt/mesosphere/libmesos-bundle/lib:/opt/jdk/jre/lib/amd64/server:/opt/hadoop/lib/native"
    ]
}
