{
    "Name": "docker.io/ultralytics/yolov5",
    "Digest": "sha256:9f056a66e6ebf27caa5dedd6e0a22639ca591a5c09a6a76f59f36962c8a8fb78",
    "RepoTags": [
        "latest",
        "latest-cpu",
        "v1.0",
        "v2.0",
        "v3.0",
        "v3.1",
        "v4.0",
        "v5.0",
        "v6.0"
    ],
    "Created": "2022-01-17T07:10:35.211906547Z",
    "DockerVersion": "",
    "Labels": {
        "com.nvidia.build.id": "28019337",
        "com.nvidia.build.ref": "6d4991c62d8a77a9530a39ada807ae3fa9872fbf",
        "com.nvidia.cublas.version": "11.6.5.2",
        "com.nvidia.cuda.version": "9.0",
        "com.nvidia.cudnn.version": "8.2.4.15",
        "com.nvidia.cufft.version": "10.5.2.100",
        "com.nvidia.curand.version": "10.2.5.120",
        "com.nvidia.cusolver.version": "11.2.0.120",
        "com.nvidia.cusparse.version": "11.6.0.120",
        "com.nvidia.cutensor.version": "1.3.2.3",
        "com.nvidia.nccl.version": "2.11.4",
        "com.nvidia.npp.version": "11.4.0.110",
        "com.nvidia.nsightcompute.version": "2021.2.2.1",
        "com.nvidia.nsightsystems.version": "2021.3.2.4",
        "com.nvidia.nvjpeg.version": "11.5.2.120",
        "com.nvidia.pytorch.version": "1.10.0a0+0aef44c",
        "com.nvidia.tensorrt.version": "8.0.3.4+cuda11.3.1.005",
        "com.nvidia.tensorrtoss.version": "21.10",
        "com.nvidia.volumes.needed": "nvidia_driver"
    },
    "Architecture": "amd64",
    "Os": "linux",
    "Layers": [
        "sha256:f3ef4ff62e0da0ef761ec1c8a578f3035bef51043e53ae1b13a20b3e03726d17",
        "sha256:0a5a58fe9f80bdf8d873a90df8f25b0c45521493c683962ead7045416ed044e0",
        "sha256:ffe911d7d638437aab9d53b4010ccf19c716c99b564b6422b44569118ed19e80",
        "sha256:b6ca3d91503f31b907ea0f082f73942b6cf116b4a6ba79a767afeec6d3ff7929",
        "sha256:2153f05ef7a84e6c9cba0a8bd645e729fa2f9410f9b8c5d783a404ca3352f640",
        "sha256:960ad9fc339d74f9c9d97da11fabef63bf91c8df2998fca9964e2e1e55db7dca",
        "sha256:423cea99f7d205805222abffe128a11b14d90320c8000aa568bc6953e3cdb833",
        "sha256:ea4474a67b49659bf6a4c9f352d77216781a357cfc8dfcf1d5fd1410c6ca28f2",
        "sha256:b397fb86b3bce85b096c00152e4e199e553b7d298a78486895c8a71fe0094124",
        "sha256:927627363759dc4a4a799184cdd59b07c100f7e21b788be85cea7bf7a058fb33",
        "sha256:312d920fedccedbb19babb2d7f5d3f438ecf789ce747924dd32a677a4cdb6b31",
        "sha256:7a50c2cfea6bdb37dd2fcecf1b34f9b8b97f57735244717944dd12082de7cf77",
        "sha256:06daa3d0f46c9d3ed6a1b945ef5aad249863addcf91de2aa53f18854539b0367",
        "sha256:aec116761f981c14c18ada8b6160151292b94d8ddc0bb86ca1136c259c6745e7",
        "sha256:2812dcb9b1f104373396e0c59a745948dd050d078be82ad02728da77c97566ed",
        "sha256:0b40e0143bfdfb31fe9de82db1ef5fb25679c469a8295135d77d06e2b06f861d",
        "sha256:0617ebfc4a217d4ee06e336355fd239799c49af5e9a07159a209c7a7467ffa27",
        "sha256:45a7802e347f9ad3c137aac9461230d03e52047014e6f92e47eca5919bea7df2",
        "sha256:9c3aac051d0f30a409d076d6bdef9509f04c94c7f9ad584ddf6c204bb742a22c",
        "sha256:c06cf176a9cac808240f4e20877a39fe67d8cb8520a028fc13b59db3bcf1b008",
        "sha256:6790e5e29cc342d9c75f12826d8946299dadd5b42f7901e21c282de5c98eb5e5",
        "sha256:896ac25d66a98c1ce0334eb7f27484bbdd19897c6e36b46c05cbe73c53462ec9",
        "sha256:7dfa990e7e1717368ecef9fb287025797169d78742743ac70be38bc7f8b5624d",
        "sha256:9c0ad29545c4be69846aaed4d570e67593e6b07258a1432416a297c83a8d23a3",
        "sha256:10c826feeab7cc4f49d1967555f661350f55ef88732bc616680aa75b3ee4f1ae",
        "sha256:7586e32d819735346b24330326aaea584daad95fa89bb02d27e317b5e601365b",
        "sha256:4b15b5b33bf7fee3002ff6be283d3b2967665b82e229bc5944f4bc6c74c8f8a4",
        "sha256:57e6549ecb9d491f63316a5dbf6b47084fe3f894ac5f5192c7ce2d64c08131b4",
        "sha256:6ad6cc7591f45fd3e054ea646fa774a4e9b2c96b3c8335ae7915548a78c62dfb",
        "sha256:42f060f227fbc1ae3d18e3e2ef8904c63a316555b72403566ea23b7a55eebd68",
        "sha256:011b1f6b64000b441fe978aea386ac1b361635b545c36f93df46690036a30bd6",
        "sha256:9e53e4417963341cd88aaa951dd6109de48a17c55572d0bd17145142244622a0",
        "sha256:ca666d4eaa20f41827bb083824cde9c2c41a3d469224a3e83015767841f812f9",
        "sha256:d1f7400b2d3faacb8c652f11245d8fb44904c693cf5403705a183f54e2e5fd6c",
        "sha256:54369ed1d3f1249a788b4dffbc2594f13dca83fd3cdc44235a046ca1f6b0975c",
        "sha256:1c729a9c37b37a7b2f7dd63219a97968ffd5838e2101b2521638423cdb723ab2",
        "sha256:e1578f4858a108a7764fa961732c7d7d4f9edf1996cd671511a21fa88dbadac5",
        "sha256:74181d60a1e29d3b690ec97cf97d4ba0864c09b9f7cb7c2819d867c1f0a00e2f",
        "sha256:50ddcf676259eea0c726d296ef892f473cd6ed14b32311d88dcda4d130a0a445",
        "sha256:21bcddf58d24ffe92114b0634a1a3ffa23428f4f4f18f00549fba80c28c9cbcc",
        "sha256:2bbd488a8a42883a534e6dc22d1737782dabc9496fddf670835c8ee3236adf8e",
        "sha256:908ee1b12e54cda4a3809dcbef140a40f1304aeacd7467a0ee9253814b6fd934",
        "sha256:b47a76672e02445d3443dd7fb51252d73e227bd8a7b13f9ec9f2177fd88d4017",
        "sha256:75b1c4237463cf4a425223667326cca27786080ce0a363ffa46af5d0d9440107",
        "sha256:b04a25f7a06949e8600a642f495bb8f6e867a01a22939fdd4a8e353846eb8822",
        "sha256:f4b2df38716cd2b4a0b483b6cd626964118134ac8408e5012cadfe62871e9b9d",
        "sha256:a0b7791628b2dc92010c4c0f88134b059161c15794683d82b1b2949f529c26c5",
        "sha256:ef76ad566004fbb82a2f55c7f6877a2ec9ccf8cbfad3806f9177ec249becb888",
        "sha256:afe1fa48935179e38397827d5cd78a0eb8fe9fbe98e4c8b5fd16832d8731b9be",
        "sha256:d11180edb78fe2574caf556027b5fb5a046cd5a9c5fbac1717511dc53e2f302a",
        "sha256:8b703351d31b1faaa129b92b9f899ad003796eb556ddbb5e0e22599b3f2d4042",
        "sha256:ae16429c29b3059be9e071386315c27ef993baebc52977d7a8cd2c908f13e4f7",
        "sha256:51065c2f605b391194198027580035cdd5a0c690e87bacd84758e73634b85031",
        "sha256:421dd65d1507ce2c67e654ec443e109280a2b66f32df0bd6c7df2736d489bf7f",
        "sha256:7d08e51a6a51290ffb2e0880b36738a2046c860783d830267f4b85edee9e6b48",
        "sha256:10c482a22d7b21865f79efb9ccf4ac3b771ed554b07e3915084cca38f61b6d70",
        "sha256:1ba930725294c0d00d401d8920a8a1c17747e14109584891441d2abc0966fcc5",
        "sha256:a127ed5c69aa30168f5f3e2d48e4b71c3731c1d1432c2bc276c9191344911b1e",
        "sha256:4f4fb700ef54461cfa02571ae0db9a0dc1e0cdb5577484a6d75e68dc38e8acc1",
        "sha256:5856b810c2d0867aacbf937cf8e743b4cce639e8b4278cf76e0edd13c11e590d",
        "sha256:6e1be9ff74e500576af79513f55a58b891b1abc3f50979010d80b0d49673084a",
        "sha256:2571535e6eaf539b7a149d0a4b88e1ca7096a5e6a21c5efed7dbf9411d0b90df",
        "sha256:4f4fb700ef54461cfa02571ae0db9a0dc1e0cdb5577484a6d75e68dc38e8acc1",
        "sha256:27495ef1add633e5dae22e1578232a0b62a08469ec7be4095324fbb931603579",
        "sha256:1028adb39ddbcd356a06a1a3e55e32fb3b8f39980bfded0de41cba63b0841c96"
    ],
    "Env": [
        "PATH=/opt/conda/bin:/opt/cmake-3.19.3-Linux-$(uname -m)/bin/:/usr/local/mpi/bin:/usr/local/nvidia/bin:/usr/local/cuda/bin:/usr/local/sbin:/usr/local/bin:/usr/sbin:/usr/bin:/sbin:/bin:/usr/local/ucx/bin:/opt/tensorrt/bin",
        "CUDA_VERSION=11.4.3.001",
        "CUDA_DRIVER_VERSION=470.57.02",
        "CUDA_CACHE_DISABLE=1",
        "_CUDA_COMPAT_PATH=/usr/local/cuda/compat",
        "ENV=/etc/shinit_v2",
        "BASH_ENV=/etc/bash.bashrc",
        "NVIDIA_REQUIRE_CUDA=cuda\u003e=9.0",
        "NCCL_VERSION=2.11.4",
        "CUBLAS_VERSION=11.6.5.2",
        "CUFFT_VERSION=10.5.2.100",
        "CURAND_VERSION=10.2.5.120",
        "CUSPARSE_VERSION=11.6.0.120",
        "CUSOLVER_VERSION=11.2.0.120",
        "CUTENSOR_VERSION=1.3.2.3",
        "NPP_VERSION=11.4.0.110",
        "NVJPEG_VERSION=11.5.2.120",
        "CUDNN_VERSION=8.2.4.15",
        "TRT_VERSION=8.0.3.4+cuda11.3.1.005",
        "TRTOSS_VERSION=21.10",
        "NSIGHT_SYSTEMS_VERSION=2021.3.2.4",
        "NSIGHT_COMPUTE_VERSION=2021.2.2.1",
        "DALI_VERSION=1.6.0",
        "DALI_BUILD=2993096",
        "DLPROF_VERSION=21.10",
        "LD_LIBRARY_PATH=/usr/local/cuda/compat/lib:/usr/local/nvidia/lib:/usr/local/nvidia/lib64",
        "NVIDIA_VISIBLE_DEVICES=all",
        "NVIDIA_DRIVER_CAPABILITIES=compute,utility,video",
        "NVIDIA_PRODUCT_NAME=PyTorch",
        "GDRCOPY_VERSION=2.3",
        "HPCX_VERSION=2.9.0",
        "MOFED_VERSION=5.4-rdmacore36.0",
        "OPENUCX_VERSION=1.11.0-rc1",
        "OPENMPI_VERSION=4.1.1",
        "RDMACORE_VERSION=36.0",
        "OPAL_PREFIX=/opt/hpcx/ompi",
        "OMPI_MCA_coll_hcoll_enable=0",
        "LIBRARY_PATH=/usr/local/cuda/lib64/stubs:",
        "PYTORCH_BUILD_VERSION=1.10.0a0+0aef44c",
        "PYTORCH_VERSION=1.10.0a0+0aef44c",
        "PYTORCH_BUILD_NUMBER=0",
        "NVIDIA_PYTORCH_VERSION=21.10",
        "NVM_DIR=/usr/local/nvm",
        "JUPYTER_PORT=8888",
        "TENSORBOARD_PORT=6006",
        "TORCH_CUDA_ARCH_LIST=5.2 6.0 6.1 7.0 7.5 8.0 8.6+PTX",
        "CUDA_HOME=/usr/local/cuda",
        "PYT_CFLAGS=-fno-gnu-unique",
        "COCOAPI_VERSION=2.0+nv0.5.1",
        "PYTHONIOENCODING=utf-8",
        "LC_ALL=C.UTF-8",
        "NVIDIA_BUILD_ID=28019337"
    ]
}
