{
    "Name": "docker.io/dsarchive/histomicstk",
    "Digest": "sha256:86560ad8c6b6e1171db148d3a2b2976ebe1a16abb0de13ab3d27f6cc172d9825",
    "RepoTags": [
        "annotation-rendering",
        "cli-feature-extraction",
        "dev",
        "feature-extraction",
        "latest",
        "v0.1.0",
        "v0.1.1",
        "v0.1.2",
        "v0.1.3",
        "v0.1.4",
        "v0.1.5",
        "v0.1.6",
        "v0.1.7",
        "v0.1.8",
        "v1.0.1",
        "v1.0.1.dev",
        "v1.0.1.dev0",
        "v1.0.2",
        "v1.0.4",
        "v1.0.5",
        "v1.0.6",
        "v1.0.7",
        "v1.1.0"
    ],
    "Created": "2022-01-11T07:11:23.062616609Z",
    "DockerVersion": "17.09.0-ce",
    "Labels": {
        "com.nvidia.cuda.version": "9.2.148",
        "com.nvidia.cudnn.version": "7.6.5.32",
        "com.nvidia.volumes.needed": "nvidia_driver",
        "maintainer": "Kitware, Inc. \u003ckitware@kitware.com\u003e"
    },
    "Architecture": "amd64",
    "Os": "linux",
    "Layers": [
        "sha256:284055322776031bac33723839acb0db2d063a525ba4fa1fd268a831c7553b26",
        "sha256:e5157ed39b4d57956f7df7c7403f42726b6933b45201ffb5c877beed90d3140e",
        "sha256:61ba4b4bfb1e5db2abc9b9bb84fafefa80b70b1ffac0eadfa7cc13282412680d",
        "sha256:3d46317fd09987b3dd066ffdfe403efa4e5f91fb2d24dedb2aa4e37e68b245f6",
        "sha256:d8e3070ebc3aa06e85b4a6d7f4d37804a097bd60510afea89a52e378686a68a7",
        "sha256:e495f9d91126ec3233c38a051b18d2b522c019e9da7e06d84f59ad356838cf32",
        "sha256:97e0c32501b48ed06bf6c4794b7fb38a37c063f1237d949d3d0ad9d091afcec2",
        "sha256:25f2f934957a5cb0248bf8eb5d0e06568fb3cc0e4ff7bb1b5232bdbc23781b25",
        "sha256:40df9cc46fce3ef845de20eb87c4e84465ec8b793b94e01084cf3bce1c9b3d42",
        "sha256:cad81aa26306a3969ef815395bec4d3fdf47097201ab22194069cff0a04c3ca7",
        "sha256:92b378ce88e7af852062bdd4f8911abb47c471e25884ae1e1503afc7ab73f46a",
        "sha256:a6d31d5c4d31e4eaea4137d9b66c61057ee152b4dbf61b6aa0181946801b43b2",
        "sha256:7c8c1c15af5287d84946f39b3aa157f51f790a2d292b393638a4ea9e851c37d6",
        "sha256:db57820d4271d86ade0c1311d07a537b0e22759fd904385027ded7e3ab415ed3",
        "sha256:7c27cd2f7d91d2113d6d2fd46c36735b4b247e2ada73ae4d2c7f40b8cbebcf2b",
        "sha256:da762e8a71b141de491fdcefcc2dec3b6e773e608ddef38d6ae37c0d473c9875",
        "sha256:7a61a7ec90d2f2a27d803aa0df825d440e3a87808ba81c561e2554e5c59f49a7"
    ],
    "Env": [
        "PATH=/usr/local/nvidia/bin:/usr/local/cuda/bin:/usr/local/sbin:/usr/local/bin:/usr/sbin:/usr/bin:/sbin:/bin",
        "NVARCH=x86_64",
        "NVIDIA_REQUIRE_CUDA=cuda\u003e=9.2",
        "NV_CUDA_CUDART_VERSION=9.2.148-1",
        "NV_ML_REPO_ENABLED=1",
        "NV_ML_REPO_URL=https://developer.download.nvidia.com/compute/machine-learning/repos/ubuntu1604/x86_64",
        "CUDA_VERSION=9.2.148",
        "LD_LIBRARY_PATH=/usr/local/nvidia/lib:/usr/local/nvidia/lib64",
        "NVIDIA_VISIBLE_DEVICES=all",
        "NVIDIA_DRIVER_CAPABILITIES=compute,utility",
        "NV_CUDA_LIB_VERSION=9.2.148-1",
        "NV_NVTX_VERSION=9.2.148-1",
        "NV_LIBNPP_VERSION=9.2.148-1",
        "NV_LIBCUSPARSE_VERSION=9.2.148-1",
        "NV_LIBCUBLAS_PACKAGE_NAME=cuda-cublas-9-2",
        "NV_LIBCUBLAS_VERSION=9.2.148-1",
        "NV_LIBCUBLAS_PACKAGE=cuda-cublas-9-2=9.2.148-1",
        "NV_LIBNCCL_PACKAGE_NAME=libnccl2",
        "NV_LIBNCCL_PACKAGE_VERSION=2.4.8-1",
        "NCCL_VERSION=2.4.8-1",
        "NV_LIBNCCL_PACKAGE=libnccl2=2.4.8-1+cuda9.2",
        "NV_CUDA_CUDART_DEV_VERSION=9.2.148-1",
        "NV_NVML_DEV_VERSION=9.2.148-1",
        "NV_LIBCUSPARSE_DEV_VERSION=9.2.148-1",
        "NV_LIBNPP_DEV_VERSION=9.2.148-1",
        "NV_LIBCUBLAS_DEV_PACKAGE_NAME=cuda-cublas-dev-9-2",
        "NV_LIBCUBLAS_DEV_VERSION=9.2.148-1",
        "NV_LIBCUBLAS_DEV_PACKAGE=cuda-cublas-dev-9-2=9.2.148-1",
        "NV_LIBNCCL_DEV_PACKAGE_NAME=libnccl-dev",
        "NV_LIBNCCL_DEV_VERSION=2.4.8-1",
        "NV_LIBNCCL_DEV_PACKAGE=libnccl-dev=2.4.8-1+cuda9.2",
        "LIBRARY_PATH=/usr/local/cuda/lib64/stubs",
        "NV_CUDNN_PACKAGE_VERSION=7.6.5.32-1",
        "NV_CUDNN_VERSION=7.6.5.32",
        "NV_CUDNN_PACKAGE_NAME=libcudnn7",
        "NV_CUDNN_PACKAGE=libcudnn7=7.6.5.32-1+cuda9.2",
        "NV_CUDNN_PACKAGE_DEV=libcudnn7-dev=7.6.5.32-1+cuda9.2",
        "CUDNN_VERSION=7.6.5.32",
        "htk_path=/HistomicsTK"
    ]
}
