{
    "Name": "docker.io/nipreps/fmriprep",
    "Digest": "sha256:6c1a8c7d3343a32d89e6b0fd7b7bcd05c2457873370b3e878d320f15886561a2",
    "RepoTags": [
        "1.5.10",
        "20.0.0",
        "20.0.1",
        "20.0.2",
        "20.0.3",
        "20.0.4",
        "20.0.5",
        "20.0.6",
        "20.0.7",
        "20.1.0",
        "20.1.0rc1",
        "20.1.0rc2",
        "20.1.0rc3",
        "20.1.0rc4",
        "20.1.1",
        "20.1.2",
        "20.1.3",
        "20.1.4",
        "20.2.0",
        "20.2.0rc0",
        "20.2.0rc1",
        "20.2.0rc2",
        "20.2.1",
        "20.2.2",
        "20.2.3",
        "20.2.4",
        "20.2.5",
        "20.2.6",
        "21.0.0",
        "21.0.0rc0",
        "21.0.0rc1",
        "21.0.0rc2",
        "aromalowmem",
        "deps-cleanup",
        "deterministic_derivatives",
        "do-not-pull-miniconda",
        "latest",
        "libqt",
        "multistage-conda",
        "pepolar-2628",
        "sdcflows-2.0-test",
        "stop-neurodebian",
        "unstable"
    ],
    "Created": "2021-12-14T20:54:24.09447496Z",
    "DockerVersion": "20.10.6",
    "Labels": {
        "org.label-schema.build-date": "2021-12-14T20:51:15Z",
        "org.label-schema.description": "fMRIPrep - robust fMRI preprocessing tool",
        "org.label-schema.name": "fMRIPrep",
        "org.label-schema.schema-version": "1.0",
        "org.label-schema.url": "http://fmriprep.org",
        "org.label-schema.vcs-ref": "91640c4b",
        "org.label-schema.vcs-url": "https://github.com/nipreps/fmriprep",
        "org.label-schema.version": "21.0.0"
    },
    "Architecture": "amd64",
    "Os": "linux",
    "Layers": [
        "sha256:345e3491a907bb7c6f1bdddcf4a94284b8b6ddd77eb7d93f09432b17b20f2bbe",
        "sha256:57671312ef6fdbecf340e5fed0fb0863350cd806c92b1fdd7978adbd02afc5c3",
        "sha256:5e9250ddb7d0fa6d13302c7c3e6a0aa40390e42424caed1e5289077ee4054709",
        "sha256:42634af5fc84c8fc855494a232dc00da709b32c266c41933043ad25d01c0e1d2",
        "sha256:c9d043ebda61f3e64d3000da0e55eb9cf88b7fb3dfc682e2fa24104d21f69110",
        "sha256:d275af1ffc8025a77989545485d0b79b52209c7d9269b5a07e9ae00f26fb7de7",
        "sha256:b14a59f96027cdc6aa8c20128178b088c140c7f4f38d19fda7f785ea14dc97da",
        "sha256:2bc6bc95f4b40adf02f34a9cf57572d1174be24ee99a7c35959da62d6ab8367a",
        "sha256:e58ffa5c653a4e192211e5ee7c815fb6e2379ea47e1005c83c9893d93d232a73",
        "sha256:0192167e7a83eb92cab14e695183fbb07f6e64d21eb27e348593d860620ade0a",
        "sha256:6bdf916c857a844c32a9c9ff1e1b4db046ecc2fdc720d531a5c316e59c9e685f",
        "sha256:5a16a36594044bca5dac84ddc92eabbcebd57bcf55c6d100bc8469bf347b9602",
        "sha256:95ea824ce5877a4fa008cdee3c0d4d642080d6ff89c2dbcea355dcd3f39f9adc",
        "sha256:c28bb78ac7b48c3a48fc81baf9f0ffbcdb5af2237ab4d4bc5e822e2b89916359",
        "sha256:24673cd92063f259dc292e324fdce7839df572a20c8b1e5fb56a5ba6fa2765f0",
        "sha256:a835c2c3a33cfb71a829475887511f031afe7b098b85e10a410141cba3f0ff23",
        "sha256:cd6472d039400db83c7e868f41e4ddee6b09ee518ecaea9438d17084b7c76f7f",
        "sha256:ab604ca2b9a23d704c258f7a518266ab0ac7be054d702f827a2ae976848d722f",
        "sha256:c8c3f2b754a1cb9ea865d709d304803e5157b10acac3889a961500980310f6ee",
        "sha256:767aa5c000c6b723aaefba8c83a92cc8dff1a8f8b12b1bcc393063b2c5c6fbbe",
        "sha256:2b76918244737974183841df6e44b5c4053f96b1ccfc20e97aa5d9a662aae7d0",
        "sha256:f5d90486a96922fa3adc33eeb57c0f5df91d978c936ada5a3a2664884a046bb7",
        "sha256:5082e175b35e0e4e68338020f6e12b1c99ce77f03b22a616440f888f8c076948"
    ],
    "Env": [
        "PATH=/opt/conda/bin:/opt/workbench/bin_linux64:/opt/ICA-AROMA:/opt/ants:/opt/afni-latest:/opt/convert3d-1.0.0/bin:/opt/fsl-6.0.5.1/bin:/opt/freesurfer/bin:/bin:/opt/freesurfer/tktools:/opt/freesurfer/mni/bin:/usr/local/sbin:/usr/local/bin:/usr/sbin:/usr/bin:/sbin:/bin",
        "DEBIAN_FRONTEND=noninteractive",
        "LANG=C.UTF-8",
        "LC_ALL=C.UTF-8",
        "FSL_DIR=/opt/fsl-6.0.5.1",
        "OS=Linux",
        "FS_OVERRIDE=0",
        "FIX_VERTEX_AREA=",
        "FSF_OUTPUT_FORMAT=nii.gz",
        "FREESURFER_HOME=/opt/freesurfer",
        "SUBJECTS_DIR=/opt/freesurfer/subjects",
        "FUNCTIONALS_DIR=/opt/freesurfer/sessions",
        "MNI_DIR=/opt/freesurfer/mni",
        "LOCAL_DIR=/opt/freesurfer/local",
        "MINC_BIN_DIR=/opt/freesurfer/mni/bin",
        "MINC_LIB_DIR=/opt/freesurfer/mni/lib",
        "MNI_DATAPATH=/opt/freesurfer/mni/data",
        "PERL5LIB=/opt/freesurfer/mni/lib/perl5/5.8.5",
        "MNI_PERL5LIB=/opt/freesurfer/mni/lib/perl5/5.8.5",
        "FSLDIR=/opt/fsl-6.0.5.1",
        "FSLOUTPUTTYPE=NIFTI_GZ",
        "FSLMULTIFILEQUIT=TRUE",
        "FSLLOCKDIR=",
        "FSLMACHINELIST=",
        "FSLREMOTECALL=",
        "FSLGECUDAQ=cuda.q",
        "LD_LIBRARY_PATH=/usr/lib/x86_64-linux-gnu:/opt/conda/lib:/opt/workbench/lib_linux64:/opt/fsl-6.0.5.1/lib:",
        "C3DPATH=/opt/convert3d-1.0.0",
        "AFNI_IMSAVE_WARNINGS=NO",
        "AFNI_PLUGINPATH=/opt/afni-latest",
        "ANTSPATH=/opt/ants",
        "AROMA_VERSION=0.4.5",
        "CPATH=/opt/conda/include:",
        "PYTHONNOUSERSITE=1",
        "MKL_NUM_THREADS=1",
        "OMP_NUM_THREADS=1",
        "HOME=/home/fmriprep",
        "IS_DOCKER_8395080871=1"
    ]
}
