{
    "Name": "docker.io/animcogn/face_recognition",
    "Digest": "sha256:70a1ff69dc56d7b73dfcf7fd9b1a9193e736493fee1b03a585117adb5a892548",
    "RepoTags": [
        "cpu",
        "cpu-0.1",
        "cpu-jupyter",
        "cpu-jupyter-kubeflow",
        "cpu-jupyter-kubeflow-0.1",
        "cpu-jupyter-kubeflow-latest",
        "cpu-jupyter-kubeflow-nightly",
        "cpu-latest",
        "cpu-nightly",
        "gpu",
        "gpu-0.1",
        "gpu-jupyter-kubeflow",
        "gpu-jupyter-kubeflow-0.1",
        "gpu-jupyter-kubeflow-latest",
        "gpu-jupyter-kubeflow-nightly",
        "gpu-latest",
        "gpu-nightly",
        "latest"
    ],
    "Created": "2021-02-13T19:54:05.154969129Z",
    "DockerVersion": "20.10.3",
    "Labels": null,
    "Architecture": "amd64",
    "Os": "linux",
    "Layers": [
        "sha256:45b42c59be334ecda0daaa139b2f7d310e45c564c5f12263b1b8e68ec9e810ed",
        "sha256:f875e16ab19cd1fe91a8dec4e53d46321630bfd611851b1817341c3302f638c2",
        "sha256:cbef73715c9a0db92ae2ef79d2f1da3d89938a37f315ebc2463803b985ed3cff",
        "sha256:8ad3aa474633ababfa4d4c4a62c87e7406a76d7b7825f20f5900f5bef297c16f",
        "sha256:847bc7dff64c7c1034befd0fa4c50ee7e99608eaddcb2711bcd123ffddfdc105",
        "sha256:7dd1a9663574729232a43f4f00c687f19226dd10d3db094d5b25192ebb7ead8a",
        "sha256:31630fbb17f99c98edfb9b7878d84aab112e602e1a18798578e1e6625abb7cd6",
        "sha256:c0a407d6201e6e14432463a3bf9afb289c801f9fa43f3955635cf541e090bd75"
    ],
    "Env": [
        "PATH=/opt/venv/bin:/usr/local/bin:/usr/local/sbin:/usr/local/bin:/usr/sbin:/usr/bin:/sbin:/bin",
        "LANG=C.UTF-8",
        "GPG_KEY=E3FF2839C048B25C084DEBE9B26995E310250568",
        "PYTHON_VERSION=3.8.7",
        "PYTHON_PIP_VERSION=21.0.1",
        "PYTHON_GET_PIP_URL=https://github.com/pypa/get-pip/raw/4be3fe44ad9dedc028629ed1497052d65d281b8e/get-pip.py",
        "PYTHON_GET_PIP_SHA256=8006625804f55e1bd99ad4214fd07082fee27a1c35945648a58f9087a714e9d4"
    ]
}
