{
    "Name": "docker.io/s22s/rasterframes-notebook",
    "Digest": "sha256:a28c1790fc67d370adee5b7ffae2ef75468909e60695518484b1d3290a21b15a",
    "RepoTags": [
        "0.8.0",
        "0.8.0-SNAPSHOT",
        "0.8.1",
        "0.8.2",
        "0.8.3",
        "0.8.4",
        "0.8.4-SNAPSHOT",
        "0.8.5",
        "0.8.5-astraea.9a24f084",
        "0.9.0",
        "0.9.0-1ce1ff3",
        "0.9.0-9560e45",
        "0.9.0-RC1",
        "0.9.0-RC2",
        "0.9.0-astraea",
        "0.9.0-astraea.452747b4",
        "0.9.1",
        "13eb6f2",
        "20190916",
        "21cb7f4",
        "45ab397",
        "59cacd5",
        "6ada5a4",
        "9de8ebc4",
        "a9e2a4c",
        "caa4758",
        "d223b82",
        "fc9d48d",
        "latest"
    ],
    "Created": "2021-04-01T17:14:09.8629206Z",
    "DockerVersion": "",
    "Labels": {
        "maintainer": "Astraea, Inc. \u003cinfo@astraea.earth\u003e"
    },
    "Architecture": "amd64",
    "Os": "linux",
    "Layers": [
        "sha256:5b7339215d1d5f8e68622d584a224f60339f5bef41dbd74330d081e912f0cddd",
        "sha256:14ca88e9f6723ce82bc14b241cda8634f6d19677184691d086662641ab96fe68",
        "sha256:a31c3b1caad473a474d574283741f880e37c708cc06ee620d3e93fa602125ee0",
        "sha256:b054a26005b7f3b032577f811421fab5ec3b42ce45a4012dfa00cf6ed6191b0f",
        "sha256:51cd026b34bddb9346ba1b0a92d00b8327a359b88af0a9b80ddb4eb40bc30e6e",
        "sha256:c583df1459c52884a06380dfaf2c3195f38bf0d63411b20fde54aa536791350e",
        "sha256:4faa8cc1412c823e05014adddeb7ca8e6f65b7c8f088759120bcd93e77e131f5",
        "sha256:4faa8cc1412c823e05014adddeb7ca8e6f65b7c8f088759120bcd93e77e131f5",
        "sha256:fb492281364f429215b60c5926f7fb33012d1b93f60cbe6885e6135ecb951f36",
        "sha256:dd8998f7ce9b9102f6c541ad2baee09ee3672f85e3146e985a873e02cf818307",
        "sha256:b9bd010903bb53f2c46e16bd4ad843a7e48c4e2edb7c2fe240abe87c4bce7b0f",
        "sha256:0eff58a0c423f7053ec0bb316733afe5bc73d65820c12710455e0ba33cd6c6bd",
        "sha256:850b278151083622c50d80c4ade2004ac18a53f7036210c87b66f650aae5fd02",
        "sha256:a34630579b2d4616da3d9dc9aef0bf94ef45db5ebdc6962c698fd319284fdfb8",
        "sha256:223a57a5015f654a1049e309d68d3d6e4cedbe8cd3d42957246caecf180cd0db",
        "sha256:3af0f17f1f8c0298ac611c5ef1cc2ba864a564be445f15cf354079693e934fb9",
        "sha256:655c5d841eff9ba635f998e5d13b138ea246891daa30f52726636b58671c47ca",
        "sha256:37f5604f5d015e602cd64c12238d3d7f019f704a3207b2be232d87741d0cfbd5",
        "sha256:73e5d0905c9e46cb8e93a6ab36369151291b0e180b13ffcfd9c13f214b28ed75",
        "sha256:76aa6604723f23e97f9fe896b80ac26d5ae01f82873d8de813b8b234e84137c8",
        "sha256:7df703e356a30cec5bbe7ec4b3b4899f4bcae9a499857009802f7ae927d5020c",
        "sha256:7d84b35446f70ae2ab3f353f27a9baff3f16797d4a016a1590b42eca391ff99e",
        "sha256:b6c3521fc392d3324e1534dfab836b89a45b5923a9b90e741166aed83d718a0e",
        "sha256:7abd084421cb5c1aaf6b8e9aa0763d33c06d531be9cbd063752a433739fee0db",
        "sha256:851b3bf19961249bcc7722179fb1719267a7c3efd103f6909c4698b5b27cd5e4",
        "sha256:d42faa3a3caa7400dd4278ff78be9b452b3f561df0ba8b080fbea1c3810ef990",
        "sha256:dc7194ffb4c3b896064fd3048c90ad9d90c0650a282a897be1312440680041ff",
        "sha256:480822adaa65eae34b72d766a4ce8f906b02f2d86d45544a5c71e36f3a1a5adb",
        "sha256:34ffb85a7f031660d33a058d06d6c11293773f4e05a08d1a67d9c1ce552f8596",
        "sha256:7beb29f3c93a893b4a0592f28c35c6ffc3eddc6de91b1b9d4149c29b37cc6122",
        "sha256:dac59b5655f86e398338367b06c904b54e02c1650a9536308d80c2ab313138a2",
        "sha256:3d74b52f0690e3dab83b53bf3a33c5ce0d3a066afd513920ca075c0abc72515a",
        "sha256:4010f8d19a3f2d0a5e6f29a02650a0bb90db3ba2bc10476ff253ba9452ea14a1",
        "sha256:1366947581ad627d628b567c5ffcfa2eb45f3b023b3b1a9e86b8b2d02c71cfd8",
        "sha256:7970871a04c69084d4e266393788a7189a49df0b2230194e0130e25cf457cbf0",
        "sha256:a3d2777d9ea7d387432da5343a71a85e20214fd4d609a5a9a32a1166705e2861",
        "sha256:f03160d94143ab57d8f2cef5c3dceb5a2313cb0b62946e0dd1b894a4cc5cfd64"
    ],
    "Env": [
        "PATH=/opt/conda/bin:/usr/local/sbin:/usr/local/bin:/usr/sbin:/usr/bin:/sbin:/bin",
        "DEBIAN_FRONTEND=noninteractive",
        "CONDA_DIR=/opt/conda",
        "SHELL=/bin/bash",
        "NB_USER=jovyan",
        "NB_UID=1000",
        "NB_GID=100",
        "LC_ALL=en_US.UTF-8",
        "LANG=en_US.UTF-8",
        "LANGUAGE=en_US.UTF-8",
        "HOME=/home/jovyan",
        "MINICONDA_VERSION=4.7.10",
        "MINICONDA_MD5=1c945f2b3335c7b2b15130b1b2dc5cf4",
        "CONDA_VERSION=4.7.12",
        "XDG_CACHE_HOME=/home/jovyan/.cache/",
        "APACHE_SPARK_VERSION=2.4.7",
        "HADOOP_VERSION=2.7",
        "SPARK_HOME=/usr/local/spark",
        "PYTHONPATH=/usr/local/spark/python:/usr/local/spark/python/lib/py4j-0.10.7-src.zip",
        "SPARK_OPTS=--driver-java-options=-Xms1024M --driver-java-options=-Xmx4096M --driver-java-options=-Dlog4j.logLevel=info",
        "RF_LIB_LOC=/usr/local/rasterframes",
        "LD_LIBRARY_PATH=:/opt/conda/lib"
    ]
}
