{
    "Name": "docker.io/ibmcom/helayers-pylab",
    "Digest": "sha256:a30f07bad17e3af1a730b12bf95e9cacc87ccb8007e9a62b91b83f67862e0409",
    "RepoTags": [
        "1.0",
        "1.0.12",
        "1.2.4",
        "latest"
    ],
    "Created": "2021-12-06T10:18:18.534479104Z",
    "DockerVersion": "20.10.8",
    "Labels": null,
    "Architecture": "amd64",
    "Os": "linux",
    "Layers": [
        "sha256:35807b77a593c1147d13dc926a91dcc3015616ff7307cc30442c5a8e07546283",
        "sha256:12626346b8e9b1dce8ceb449f274e31bcce537292fa531c66c54c581e244eef3",
        "sha256:7085c10675834b17c33f98f18b23f560153b5381be6c7c891fd95df0b8f61839",
        "sha256:bebd4b8298ecdc84edc4be2c33d95ea7ccc9b6ae32d9db1ca5f49b5c9a4bcaf8",
        "sha256:3d752ddfd6090c520f188ef11d8b7658d465df037bf673b6427f00d016494336",
        "sha256:fc25cf7beab4fb9853e5ae5636e14832483322e5d8edb7afd061bc407837ca3b",
        "sha256:5a43acf86d01b1e0adac47df5d45301ae64dcd3f79e70796019e1a5d377a01ab",
        "sha256:7727aa498dbf5f4c8b5c5e91a00e35a534ee6f0e1490931c861717f28704036f",
        "sha256:f401a54cba6676a4f299a0835df8343aad41dd5b65d7eaf5054760d572394d5d",
        "sha256:54bf4d8120e5105189faf164cb3c1f627bb3b75317fc939c3b709e930993b826",
        "sha256:d0e29d9a30a4302ecc47af1f909900c7444c74cff8948bae9739a9675e3fb2a3",
        "sha256:6eef1dbc64b3cca0724b80abb01dd56e003d58152efb780265420d19f638cffa",
        "sha256:8267c7ec6fd0fe3fdbf461e7e9920ab4b0e7ffc42aa31b22071c7d8b964200ff",
        "sha256:2331c4f7102ed900409b46cf813016cac03ddcd50eb09decb18cb2deaf71ec51",
        "sha256:d8a8fff2819cdad2d7527a564d833bfbfce4e0092f9a7e80b0e818d1f65a4c90",
        "sha256:5027eaacdf65c6404f7a5e7b06cf272ad503ca78cc900cf073f6a8f156bb0c9b",
        "sha256:8eef290065e72c6ae14b395a7658b2b2cf5a3867b55e48774544d762bde5512f",
        "sha256:819923f36ce225b2bdba18d724e9be5a11eac217dce876f8617df2577c83b005",
        "sha256:4a169536269559c523e1696d6a991452cd88067f0a10593a8f1a1f9e08ac1044",
        "sha256:5aa9752cc30ede5419fcdb2b7747feed40e5d3dcc846df75580e44f96e14aafe",
        "sha256:84ec1185bec43ae2bcda0c2dc563cf4215f306942ec6a46106ca1f3876bad1e2",
        "sha256:27508539bf95ce1f6aea82598038f336cb5e68f1a758f7d1f0709daf5d73e550",
        "sha256:cddf6c77184831d78e9b38662003b85b62320c4f2395f161afa28f403d1ae6d6",
        "sha256:52328a1c2b3b04e48d500e03114273ec52355a9c04a18ca069eaf72004059732",
        "sha256:e2b8cfee0814f8b5f789d2e5dbe2f4cb983900c0312dedb79a13090fe74d96f6",
        "sha256:f0fcea48fa0da84f2a9acb6ded0adb36bda1808592eb4b5c580f8f89802979bd",
        "sha256:3d662bb6386c8260f612cc5ea104f6a836aeb826b4faa7b8669edf1fafd277be",
        "sha256:d0bbfc126cfe5d429acbd4f19a88876abc3556b8e424cb51edcccb059b93d858",
        "sha256:b2042722114bff87f931e9626e637ec1dc042f068b6601808c3c4eeb2359b00c",
        "sha256:88b791c4539bd0521cb2bc29b04f0fa4398a926941fa49a5baa18bf14ab2527c",
        "sha256:6a1fc49e5ace5133ecd81d25d2de24b3e0a743e566292974bc462d937ecf2591",
        "sha256:946397bb6fc0248ac787680605d41438d681aa2d6010e6eef1abc60266b0eb00",
        "sha256:6c93d7c87049c8dac17528ac1b3ee41e05143e16e37b6b8ba91f8f5b9ec63397",
        "sha256:8700b1cb7644e3201e4777d876cefc8dfbb852b922bac05c0c6b374756db089f",
        "sha256:4a142e965986d915af199cab8c50a33c82265214adb806fb0ec0ac5c9776f644",
        "sha256:e9b14e76cc94df5445b4f1c1709a58033f1d29f773c2879b87d7a72cc2df1f10",
        "sha256:c0441bb234b8fb684eab212aa35d664d732aea73854356bbc8e7a5bda5ae508f",
        "sha256:c5ff9da2b0be246891f74a6c0e6cef9c64b2fe8fc0f564c8f2892c018e0215bd",
        "sha256:cd7194b5c0c051266a8db899c34733c6523433dd9462f7f76fb0b4195970f9c9",
        "sha256:72386ec02dd59dade42cd1d5ce7894a7052da995b7679483f407a7d490a29396",
        "sha256:27316fb4c5b7d5dc977667fc1f5f176e1aacbe6d20ea62bb7af3d2473f0fa271",
        "sha256:bcc37480b4f7a54142ed1deccbe5f33ac9475fcdbe50c51359542f68fb53c136",
        "sha256:c1960f48772f058c4d181cd96a9d06e54c5bd5a710b6c78f24765071c154c950",
        "sha256:025517e598b6709ab9b0291234f88bb75cb6f9b0dd67a10bc0cabad545c6b215"
    ],
    "Env": [
        "PATH=/usr/local/sbin:/usr/local/bin:/usr/sbin:/usr/bin:/sbin:/bin",
        "DEBIAN_FRONTEND=noninteractive",
        "HELAYERS_DATA_SETS_DIR=/opt/IBM/Lab-Workspace/examples/data/",
        "HELAYERS_RESOURCES_DIR=/opt/IBM/Lab-Workspace/resources/",
        "HELAYERS_EXAMPLES_DIR=/opt/IBM/Lab-Workspace/examples",
        "HELAYERS_TESTS_OUTPUT_DIR=/opt/IBM/Lab-Workspace/make/output"
    ]
}
