{
    "Name": "docker.io/ibmcom/helayers-lab",
    "Digest": "sha256:fbaf3e84f34bd16e271c9819e6ad5a6e19645eeffe26eaa9491a964ed6ef5401",
    "RepoTags": [
        "1.0",
        "1.0.12",
        "1.2.4",
        "latest"
    ],
    "Created": "2021-12-06T09:58:16.197409172Z",
    "DockerVersion": "20.10.8",
    "Labels": null,
    "Architecture": "amd64",
    "Os": "linux",
    "Layers": [
        "sha256:35807b77a593c1147d13dc926a91dcc3015616ff7307cc30442c5a8e07546283",
        "sha256:12626346b8e9b1dce8ceb449f274e31bcce537292fa531c66c54c581e244eef3",
        "sha256:7085c10675834b17c33f98f18b23f560153b5381be6c7c891fd95df0b8f61839",
        "sha256:bebd4b8298ecdc84edc4be2c33d95ea7ccc9b6ae32d9db1ca5f49b5c9a4bcaf8",
        "sha256:3d752ddfd6090c520f188ef11d8b7658d465df037bf673b6427f00d016494336",
        "sha256:fc25cf7beab4fb9853e5ae5636e14832483322e5d8edb7afd061bc407837ca3b",
        "sha256:5a43acf86d01b1e0adac47df5d45301ae64dcd3f79e70796019e1a5d377a01ab",
        "sha256:7727aa498dbf5f4c8b5c5e91a00e35a534ee6f0e1490931c861717f28704036f",
        "sha256:f401a54cba6676a4f299a0835df8343aad41dd5b65d7eaf5054760d572394d5d",
        "sha256:54bf4d8120e5105189faf164cb3c1f627bb3b75317fc939c3b709e930993b826",
        "sha256:d0e29d9a30a4302ecc47af1f909900c7444c74cff8948bae9739a9675e3fb2a3",
        "sha256:6eef1dbc64b3cca0724b80abb01dd56e003d58152efb780265420d19f638cffa",
        "sha256:8267c7ec6fd0fe3fdbf461e7e9920ab4b0e7ffc42aa31b22071c7d8b964200ff",
        "sha256:2331c4f7102ed900409b46cf813016cac03ddcd50eb09decb18cb2deaf71ec51",
        "sha256:d8a8fff2819cdad2d7527a564d833bfbfce4e0092f9a7e80b0e818d1f65a4c90",
        "sha256:5027eaacdf65c6404f7a5e7b06cf272ad503ca78cc900cf073f6a8f156bb0c9b",
        "sha256:8eef290065e72c6ae14b395a7658b2b2cf5a3867b55e48774544d762bde5512f",
        "sha256:819923f36ce225b2bdba18d724e9be5a11eac217dce876f8617df2577c83b005",
        "sha256:4a169536269559c523e1696d6a991452cd88067f0a10593a8f1a1f9e08ac1044",
        "sha256:5aa9752cc30ede5419fcdb2b7747feed40e5d3dcc846df75580e44f96e14aafe",
        "sha256:84ec1185bec43ae2bcda0c2dc563cf4215f306942ec6a46106ca1f3876bad1e2",
        "sha256:27508539bf95ce1f6aea82598038f336cb5e68f1a758f7d1f0709daf5d73e550",
        "sha256:cddf6c77184831d78e9b38662003b85b62320c4f2395f161afa28f403d1ae6d6",
        "sha256:52328a1c2b3b04e48d500e03114273ec52355a9c04a18ca069eaf72004059732",
        "sha256:e2b8cfee0814f8b5f789d2e5dbe2f4cb983900c0312dedb79a13090fe74d96f6",
        "sha256:f0fcea48fa0da84f2a9acb6ded0adb36bda1808592eb4b5c580f8f89802979bd",
        "sha256:3d662bb6386c8260f612cc5ea104f6a836aeb826b4faa7b8669edf1fafd277be",
        "sha256:d0bbfc126cfe5d429acbd4f19a88876abc3556b8e424cb51edcccb059b93d858",
        "sha256:b2042722114bff87f931e9626e637ec1dc042f068b6601808c3c4eeb2359b00c",
        "sha256:88b791c4539bd0521cb2bc29b04f0fa4398a926941fa49a5baa18bf14ab2527c",
        "sha256:6a1fc49e5ace5133ecd81d25d2de24b3e0a743e566292974bc462d937ecf2591",
        "sha256:3d208e5fef31c212086d22c636ccd21f9ed42009d40723690859997a1fe960a7",
        "sha256:e3d3f5e75d16f9d24d261187d86127b35d80b8763129f3a4f5ffd4e60235b76d",
        "sha256:9e52f0a67d6caeb50d5862af4100fa526c63cc709ce50d80fe9821b8b33e110f",
        "sha256:2228ab2597c60a46e3b91cfaad37cc7e2c0cd1be52df195e0bb05d7f76d0e454",
        "sha256:947a727c1d7067b09c8f768e13598cdce4aad60bd3ca2d03c538ee4a0df3984c",
        "sha256:4198d048a4eb53d7a686553b3bb3255fdec3ec735504d215fe1f6dd8967be7c4",
        "sha256:f84340cd15664cbec0dc2c01ee3821701c8ae73d0de67bf8eaa8a6cc8823b9f4",
        "sha256:3c018e8904974c833bcda9ce7c9d33efc1770a723288478835f154c1f9774bf6",
        "sha256:5e685dfba0647b47d16f025a4664dea0f843f10ee1ed9e4bf17b8bf51ecd9427",
        "sha256:da0874bda3faae0a8543e97c8e506aed552866dffddcdb105d04c3b2d53239b0",
        "sha256:152ca5202236842f2cf1a80ebeab353389312d2d30bd4c463fa2ac4bf1f823c6",
        "sha256:e9aa4f52d774a90f442d3e05150dd8a2bfae5e5f9a5a209115e08bdc685a9c9c",
        "sha256:ad8c714053e14d26391c78b0a16a1d7ac3f46bbfb09e53398062d3406be64bae",
        "sha256:82478b56095515be5bb06144eb0964a1c833324344234b081aae8e83ea622eda",
        "sha256:a6482f10542631410daaa42d4359db060312a1e2b22f92b644916593ebbd8f37",
        "sha256:8f4a93991ffa07b796ef0496f0e40b89e6bcc7ec452b21552449f20134115cf0",
        "sha256:2ad1ffe1d14d04f50acfca1fcf3e4148dc1b466aaacd310a6a494d791db1046a",
        "sha256:01e1793fd9a17999047cfcc71f2c2146de332d74f9c0ec46989ba663bafccd0c",
        "sha256:5022b4351631a9cc9cff81815b097cd3a35efe2b8bed7ccb2efb68a7314b2ea6",
        "sha256:dc027edb74565b6386ff6fd7c88097dabdfde4178181087807ba31d4580b16c5",
        "sha256:2ed0e24973f4af2335d04dca70d45358125b07bc63e4f7cac03a29ca0e1b2977"
    ],
    "Env": [
        "PATH=/usr/local/sbin:/usr/local/bin:/usr/sbin:/usr/bin:/sbin:/bin",
        "DEBIAN_FRONTEND=noninteractive",
        "HELAYERS_DATA_SETS_DIR=/opt/IBM/Lab-Workspace/examples/data/",
        "HELAYERS_RESOURCES_DIR=/opt/IBM/Lab-Workspace/resources/",
        "HELAYERS_EXAMPLES_DIR=/opt/IBM/Lab-Workspace/examples/"
    ]
}
