{
    "Name": "docker.io/ibmcom/helayers-pylab-s390x",
    "Digest": "sha256:b470a571ed986d73ad8d854e31868a5f5476885449132178ca408c9282b73ea8",
    "RepoTags": [
        "1.0",
        "1.0.12",
        "1.2.4",
        "latest"
    ],
    "Created": "2021-12-06T09:49:03.337356246Z",
    "DockerVersion": "20.10.7",
    "Labels": {
        "io.buildah.version": "1.19.8",
        "maintainer": "LoZ Open Source Ecosystem (https://www.ibm.com/community/z/usergroups/opensource)"
    },
    "Architecture": "s390x",
    "Os": "linux",
    "Layers": [
        "sha256:38800a0044dea146ca3c3a08bc2c9c956396ad3241a3c343010775650298c379",
        "sha256:3440b16450d5774fcdcdde0c6ab4ff68fb978f19f1db42eb3aa2114920b3bbec",
        "sha256:97db6824e4e8f0b9678d1feb65d5104350c9bc38bcd22a9c45bea00ebcfd4dcf",
        "sha256:38bed64cfb0b930722c1320832ac80c5b19d65df90f139a039491f6db48d5d9b",
        "sha256:825f679840b5b0549d85b0bb9f08873aef6d81450b327c10a828a494ff5f49ec",
        "sha256:3da8224d57fafd229bf75c916f46b4c52a1da9185b16d1e9f50e248ee0ee2fab",
        "sha256:a7755c1bf006a81a49a24868d7d5050560f681d6f2737aeda663ffdfdbc972fd",
        "sha256:b0809b22b78241357993805b5c934f1b700c2debde82737c66b110e0d2918f74",
        "sha256:8b4e53c7cea4d20a8d1e4e9d34e17abf95c9a33fe9467c79de9c1da271633cb4",
        "sha256:ec78c9e96be3a653ec36105e50aecf834a2557d1d1b3e9fa7833236b04eec2fb",
        "sha256:7e96feada90e769e13c8d153286332dea9f488cda30e558fb3c693515428af4f",
        "sha256:ab46da9f4f9d71b3a55c3aa312ae524d3297498151539f1d65232807eaf11aa9",
        "sha256:987f16774b474083586a93b9a622d8b92ff6f0a992d56c183f10ccfcf43c839b",
        "sha256:7c5f1a8f2740234d0ae45aec5fad5d39979703f2c60d27e406ac327c118adf6d",
        "sha256:44f12670172ef985f94dc79abbe8b30e3bc17e9fba7dd9b047cec13c3a95d9b1",
        "sha256:d06e086b074e19b3c12f2f44b3d75795ac1365eb3fddf13318f26dafcea7bfb9",
        "sha256:0f908d6d1c586ef7d1acd016a78812f10084e51fb82dcebec6658c9f699b0693",
        "sha256:4790aeaae200fa25453d8d7304c856cbcf1599d05462882d8e09c3be82ea314f",
        "sha256:bc948093d3ff69b5e7d3fcb0deb62eb093a1050b0caee93a52f0f3c709360fa1",
        "sha256:f43bc0bb4cb78a2146bb18769564490626db952d87f2e85dc7274f0a135ad5f4",
        "sha256:e27202163615903958432cfa1ae1163ef5e7061cb0e9ae6c2ce70ec4d256807d",
        "sha256:0a6de13368341e889f0b212f04eb2dbebc57a81ca3671dbec48fbd527239cee6",
        "sha256:b16e791cc702f00b07b4e319e8aa5673ed4505bf1d4f7be7c2294da0bd665f27",
        "sha256:454e42eaecaa247c73479573522e1cf7a81e84f4154a83b33b004460a4718bf7",
        "sha256:4b580ec895725374288a73c183f38caeb75b2b70319ef447df720c03c23bf65d",
        "sha256:650e3c7f4e48f9488b2a9f60804de6868f53225756bbd7bd8f06f29efc303994",
        "sha256:1f34ce3b9e63a5bd147270622954e217827c5035a26c6cb484f24df4ea78194e",
        "sha256:de01eb3844c5eab47de0011725f0eff87e163e751cf4759cd0c875bb747e502d",
        "sha256:4f8f09f387746dffe273d98c5eb793f225ac8a45a8581790bf630b3744622842",
        "sha256:26cc8927287d339840c6c1cff2ee2dbfd3039001294bb91b25b1412c0bff945e",
        "sha256:555924777c62651cac7982d44c3978874bf5f7850076ac26b4199ef2591e5cfb",
        "sha256:6e3f5b3335980a28e9e631665304a590633c2e4759351b5d53bd87f64f28776f",
        "sha256:4d4867d672222a76f4999596249995b76ff98336782991c06d2b32ffca302b79",
        "sha256:5f37c68a8ac840f717ab3f879ec6a745aa937825202a76c9d0e6e1d92e2b90ef",
        "sha256:3bfebaccc4b16840e84c99b6e14a62d37cced3b4c506351b7929490792e589a4",
        "sha256:0a4f91f0b7cba1731c87bc1a093d6f7b84fd0f17acbabb4644f15aa62d5d9017",
        "sha256:3ad94c933708120a8b13924ac157689f44d545f826f9c1fb04c3b64b8b2f06e1",
        "sha256:c431c95733717544e58691da03189e647eac7d8a521a20c78a02793cc027abcf",
        "sha256:f92fdef77f34d2c3fd49931f737a6e3424be7d000de245d488fb52a570593b68",
        "sha256:820030382b32b22bfa469d087336dd23ff13b24a3c17601bc87ca72e4d9fe89a",
        "sha256:96cf09e36dde96ac8230a57e050caa688a4d8f91fb4fdff2adf07859f1cb0a1e",
        "sha256:0ed5a533a4944d870ec38374032655c8daa775758155205c289f069294190d7d",
        "sha256:a6da083bd014f6408010724b58c4b360903e58ba32ee06a686fa096158770d68",
        "sha256:e59441950a4132b87223ffc19e7aa957c59cf1103d60e5a503145257546f57df",
        "sha256:63b45a0863604b0a02b062339b1304f79a85a999202b88552eeb8c1e295b392e",
        "sha256:a949a81aab5d376b03a44a6bbc310ed977e334a393b41d4bffd9f7cac9c851cc",
        "sha256:357fb8919c3224d980980453c25b19c1738130ef06bdcaea4988fc13c3bfd4d4",
        "sha256:9957393bb9ee9307046a73935922214bb2a03c5478b5a822d872a558bf2b9cc2",
        "sha256:f9f3d6e0d7c2f3017365bb355db19ce4e26dc1ac361d3c9cd656f03a13e6228f",
        "sha256:44a11f5c5af7829a53b1675ee1fe127fba711c18c1be672dcd5dbd7163c847a8"
    ],
    "Env": [
        "SOURCE_ROOT=/tmp/source",
        "PATH=/tmp/source/bazel/output/:/usr/local/sbin:/usr/local/bin:/usr/sbin:/usr/bin:/sbin:/bin",
        "PYTHON_BIN_PATH=/usr/bin/python3",
        "GRPC_PYTHON_BUILD_SYSTEM_OPENSSL=True",
        "DEBIAN_FRONTEND=noninteractive",
        "HELAYERS_DATA_SETS_DIR=/opt/IBM/Lab-Workspace/examples/data/",
        "HELAYERS_RESOURCES_DIR=/opt/IBM/Lab-Workspace/resources/",
        "HELAYERS_EXAMPLES_DIR=/opt/IBM/Lab-Workspace/examples",
        "HELAYERS_TESTS_OUTPUT_DIR=/opt/IBM/Lab-Workspace/make/output"
    ]
}
