{
    "Name": "mcr.microsoft.com/azureml/sklearn-0.24.1-ubuntu18.04-py37-cpu-inference",
    "Digest": "sha256:4218030de335369d8844a4c77b39e5a9fa0a33bbc1e7ab94f76ecd60f641e641",
    "RepoTags": [
        "20210517.v3",
        "20210518.v1",
        "20210601.v1",
        "20210603.v4",
        "20210608.v1",
        "20210611.v5",
        "20210622.v2",
        "20210629.v1",
        "20210705.v1",
        "20210712.v1",
        "20210719.v1",
        "20210726.v1",
        "20210728.v6",
        "20210802.v1",
        "20210809.v1",
        "20210816.v1",
        "20210823.1",
        "20210825.v2",
        "20210830.v1",
        "20210906.v1",
        "20210920.v1",
        "20210927.v1",
        "20210930.v4",
        "20211004.v1",
        "20211011.v1",
        "20211018.v1",
        "20211025.v1",
        "20211101.v1",
        "20211108.v1",
        "20211129.v1",
        "20211206.v7",
        "20220103.v1",
        "20220110.v1",
        "latest"
    ],
    "Created": "2022-01-10T10:11:08.214472594Z",
    "DockerVersion": "20.10.11+azure-3",
    "Labels": null,
    "Architecture": "amd64",
    "Os": "linux",
    "Layers": [
        "sha256:284055322776031bac33723839acb0db2d063a525ba4fa1fd268a831c7553b26",
        "sha256:17a3c67eb1ffde394a1dc48d73eaf238fd045f7441d4e3f0dc1413db0df277c6",
        "sha256:c0aeb3c036fde76aafb2fbd7f749be1a46962d0934a7db747580ff5c034430fc",
        "sha256:95b81151bc5dc0d762fd6a68da70ab3ad02b41cc0c55b3aa7f225fa9bb7e5f30",
        "sha256:a0b5ef629a3d68415450e45d9a53f836f4ef051c986fe6ba5b6ffb6f260d5ced",
        "sha256:188e75a62c0e77087e2186033a3dcede6e76fa1754239791b01bf251329ad656",
        "sha256:90acc103ec6727fc95ab9c9efaee78eb55bf4a66aef7fa1072056c55b7e2a5d6",
        "sha256:959e7efd03c6273f9d980ae52e54d1e8702af1e5ece9deaadb65a3f709c5433d",
        "sha256:1bd3e3c7d25e8f6b89e4927db13992b62e90d7d43559df4b0ff2df1f30cf2c4b",
        "sha256:8496c841716ef9e44c53a34d03cab52da1657372607e7864999c23d496160d68",
        "sha256:2251d57a84e17462b6024c5b4deecc243308aa9ec69aacaf53c63752f43a5b5e",
        "sha256:15dc12d7713826c5d89cd38723a232a3ad9cc423055296bbcb7985109e1ea2df",
        "sha256:c69d65c68bb0d7320bbae0c78c8b8f2883f509ccff5e091f07563155ff4abdd8",
        "sha256:978dbc7744fe3e843b3fcd581fe4e164535cb1e3099e0ee57c1ee40b34733174",
        "sha256:0fe1fdf76faa9fe99c248b050810542bae2cdf7afdf456ba0d040dfedf869dde",
        "sha256:78825888d46240087e92d8e02e80d29557089da3a80c78edafcc0b57d13f3d4f",
        "sha256:943af13d4ad848ccd9136dc973877e793997cb92c732d731ad53b90ce4fa905c"
    ],
    "Env": [
        "PATH=/opt/miniconda/envs/amlenv/bin:/opt/miniconda/bin:/usr/local/sbin:/usr/local/bin:/usr/sbin:/usr/bin:/sbin:/bin",
        "LANG=C.UTF-8",
        "LC_ALL=C.UTF-8",
        "DEBIAN_FRONTEND=noninteractive",
        "SVDIR=/var/runit",
        "WORKER_TIMEOUT=300",
        "AZUREML_INFERENCE_SERVER_HTTP_ENABLED=True",
        "AZUREML_CONDA_ENVIRONMENT_PATH=/opt/miniconda/envs/amlenv"
    ]
}
