{
    "Name": "docker.io/llnl/merlin",
    "Digest": "sha256:53707a80bdd24642e8625690d8a90a56e3e7cb23ca981dddfdf8a501dddc13d1",
    "RepoTags": [
        "1.2.3",
        "1.3.0",
        "1.4.0",
        "1.5.3",
        "1.6.2",
        "1.7.4",
        "1.7.9",
        "latest"
    ],
    "Created": "2021-05-24T21:36:38.964434264Z",
    "DockerVersion": "19.03.5",
    "Labels": {
        "maintainer": "Joe Koning koning1@llnl.gov"
    },
    "Architecture": "amd64",
    "Os": "linux",
    "Layers": [
        "sha256:7595c8c21622ea8a8b9778972e26dbbe063f7a1c4b0a28a80a34ebb3d343b586",
        "sha256:d13af8ca898f36af68711cb67c345f65046a78ccd802453f4b129adf9205b1f8",
        "sha256:70799171ddba93a611490ba3557d782714b3f4da8963d49ac8726786ba8274a5",
        "sha256:b6c12202c5ef07dc9eb8f9d9e71407064684ed70f8c4040b62679b7d30200840",
        "sha256:1c08c232a15033a9f85c913971e0854b7e9328637750d996fba9b05cd6db06fc",
        "sha256:5f1234d993e20448908896d11656ab7eec5ffee57fbb6cc47c610b784d85315b"
    ],
    "Env": [
        "PATH=/usr/local/sbin:/usr/local/bin:/usr/sbin:/usr/bin:/sbin:/bin"
    ]
}
