{
    "Name": "docker.io/cbica/captk",
    "Digest": "sha256:28c94e75e5071f9391905241f991b1a28f908e04458583fe97036e1e130cdd9b",
    "RepoTags": [
        "2021.03.23",
        "2021.03.29",
        "20210322",
        "2501",
        "azure-latest",
        "latest",
        "release-1.8.0",
        "release-1.8.1"
    ],
    "Created": "2021-07-22T06:11:40.864325789Z",
    "DockerVersion": "",
    "Labels": {
        "authors": "CBICA_UPenn \u003csoftware@cbica.upenn.edu\u003e",
        "com.azure.dev.image.build.buildnumber": "20190927.2",
        "com.azure.dev.image.build.builduri": "vstfs:///Build/Build/687",
        "com.azure.dev.image.build.definitionname": "CBICA.captk_centos7",
        "com.azure.dev.image.build.repository.name": "CBICA/captk_centos7",
        "com.azure.dev.image.build.repository.uri": "https://github.com/CBICA/captk_centos7",
        "com.azure.dev.image.build.sourcebranchname": "master",
        "com.azure.dev.image.build.sourceversion": "294279cf2e0da4640c0838e987bd83c966a0d3d2",
        "com.azure.dev.image.system.teamfoundationcollectionuri": "https://dev.azure.com/CBICA/",
        "com.azure.dev.image.system.teamproject": "captk_centos7",
        "maintainer": "3D Slicer Community \u003cslicer-devel@bwh.harvard.edu\u003e",
        "org.label-schema.build-date": "2019-03-05T20:06:21Z",
        "org.label-schema.description": "Base image for slicer/slicer-builds-deps and slicer/slicer-build",
        "org.label-schema.license": "GPLv2",
        "org.label-schema.name": "slicer/buildenv-qt5-centos7:latest",
        "org.label-schema.schema-version": "1.0",
        "org.label-schema.url": "http://www.slicer.org",
        "org.label-schema.vcs-ref": "460da7f",
        "org.label-schema.vcs-url": "git://github.com/Slicer/SlicerBuildEnvironment",
        "org.label-schema.vendor": "CentOS"
    },
    "Architecture": "amd64",
    "Os": "linux",
    "Layers": [
        "sha256:a02a4930cb5d36f3290eb84f4bfa30668ef2e9fe3a1fb73ec015fc58b9958b17",
        "sha256:6a788e5d573f7d7e74377d95b089b384b4af0d82cef1a9d9054c2252f626ff85",
        "sha256:a9afa5c4a5302e896706eb4b45bf2348351d701427b6cde7f681992aab917bff",
        "sha256:6383f75ec3ac8a1727c0413413e812ed1f0ada0fb2ba348556ba4bc064478f50",
        "sha256:ec1353604d1f879fef7ee247760a3110e6c753d120d767b53aa2f904239f468d",
        "sha256:a6a7f5d80d82eed0e5ca871c871dee51de66f059ebe29d303f947e67f7841f70",
        "sha256:87bee5282cddd8247161b529d3486f36296918bcea9f4a8f28f24fdbd3d87873",
        "sha256:f7c2185022f0386476f5fc4d4cb371eee9e397063cb1e2a4468e5c61ad55247c",
        "sha256:b6413c55b95efc9ed2fe6fb492af73981279516958084938f23e4bfff84818a2",
        "sha256:233e4e5c4d7d7dd211b85ad22c565804c638e6973275fd594c9cb781f8ff2840",
        "sha256:15c1ee1ebe9f914cd6a6125b8a2cb413f384c18301916290abb7015eb4f5263f",
        "sha256:c56f40d05267d9ac71a2abde095efe7b3dee1dc539e0ba903be179a6ae04e139",
        "sha256:474472da2af39fee46f789c5ffe303a0187878bc74e6663d2e21aceebe046bb3",
        "sha256:c6b343a14555fc7f1e7a855af61e9eed652926d9b1394630906ec8402e3d7bdd",
        "sha256:4e3400df7ab9f309960f315f969d5f1e9827b633dc87c1901c41ce7f33e3f856",
        "sha256:74a6ca9b9e0a8380d4915d4a60d5dc4297f482467c551dd0d4f631aef12d9f7f",
        "sha256:6f4b5b2a6e874454c18a2c1a7174e2f9726fb24f9c60b8222346745fd27720b8",
        "sha256:aca288b421c9a500a68ad87969d05128ed163c4a8c8962a73dc543d42e63c161",
        "sha256:9dee1df6cf6da83aea1eb5896853283f3891d96d564bae50d49c01e6cc0aeec0",
        "sha256:cb97626759d2e302dffec189b391a02ef32a528b7ec63be85657afd85aa5a15f"
    ],
    "Env": [
        "PATH=/opt/qt/5.11.2/gcc_64/:/opt/rh/devtoolset-4/root/usr/bin:/usr/local/sbin:/usr/local/bin:/usr/sbin:/usr/bin:/sbin:/bin",
        "DEFAULT_DOCKCROSS_IMAGE=slicer/buildenv-qt5-centos7:latest",
        "CC=/opt/rh/devtoolset-4/root/usr/bin/gcc",
        "CXX=/opt/rh/devtoolset-4/root/usr/bin/g++",
        "FC=/opt/rh/devtoolset-4/root/usr/bin/gfortran",
        "LANG=en_US.UTF-8",
        "LC_ALL=en_US.UTF-8",
        "LANGUAGE=en_US.UTF-8",
        "Qt5_DIR=/opt/qt/5.11.2/gcc_64/lib/cmake/Qt5",
        "GIT_LFS_SKIP_SMUDGE=1",
        "PKG_FAST_MODE=1",
        "PKG_COPY_QT_LIBS=1",
        "CMAKE_PREFIX_PATH=`pwd`/CaPTk/bin/ITK-build:`pwd`/CaPTk/bin/DCMTK-build",
        "DCMTK_DIR=`pwd`/CaPTk/bin/DCMTK-build",
        "NVM_DIR=/.nvm",
        "QT_X11_NO_MITSHM=1",
        "QT_GRAPHICSSYSTEM=native"
    ]
}
