{
    "Name": "docker.io/predator4hack/roboticsacademy",
    "Digest": "sha256:2dd8bd6de2147d342a4c4332b41a8c2a9e79cd5e085624924a227b07a1036b44",
    "RepoTags": [
        "base",
        "latest"
    ],
    "Created": "2021-06-24T20:16:01.64517662Z",
    "DockerVersion": "20.10.7",
    "Labels": {
        "com.nvidia.volumes.needed": "nvidia_driver"
    },
    "Architecture": "amd64",
    "Os": "linux",
    "Layers": [
        "sha256:4bbfd2c87b7524455f144a03bf387c88b6d4200e5e0df9139a9d5e79110f89ca",
        "sha256:d2e110be24e168b42c1a2ddbc4a476a217b73cccdba69cdcb212b812a88f5726",
        "sha256:889a7173dcfeb409f9d88054a97ab2445f5a799a823f719a5573365ee3662b6f",
        "sha256:1270d8e5a641a61675efd742287bbc693c243ab17fd4886a7550878d186f2565",
        "sha256:6b8ca49cb51a84fa2a9f93d1c7107f0d2aef6eba8e6373200924e7ed48f92b25",
        "sha256:c95c6800a35c80da2d4542be914c18d8d2e523af035ec0801de2f75bebc15b67",
        "sha256:47408d20bf58ac7b24178d21c4d9126baed5eec7359f8de4634cf9b61f617ed8",
        "sha256:29f56ec2afd12a5efb460252f6944fe65e9d19b9655bd6024c6750e716601c82",
        "sha256:a07d96849f4ebeebab347c1391c749becf6177b2d8500dfa0ca81a4199d1b161",
        "sha256:86b45c5e646692323b7775bf036e164b4b3c5d74973dc24196bd4fc8817de1c5",
        "sha256:d761800cb971091b8325e6250ab21cd8df0d35fb88f823c35d456720fe1a5cf5",
        "sha256:8f3409eabec0f7e38c7ee7cb16b5ff51b46b749b7b2b85aab629a81167bb8b2d",
        "sha256:aebe9f16eba25d64024c40b1bc07af6aadf9aad798dee3bf929ec8382d9ffa25",
        "sha256:5c80026661cc2a4d4999720870166cc89d77748e74694deb5e46aaa6a5dcf263",
        "sha256:d629bf3d1a448991872ca6fdc54db935ae437eea3e04eb2969addc0346ccb930",
        "sha256:fc587b024134b7183a941358c9e22e7c9fc455126499c68b179d8e0df0e06b59",
        "sha256:be0f33858094fb65823bd9fe39cc90b66733ae940de188421fbd9bfc37246488",
        "sha256:b002906d2e2c9ee10197e109495d23604f33b000cde71c26fd13459ad3d5eaf9",
        "sha256:a4c0a692d8706adbcf8f99a4991417c779e5155520a0202ee9ca573cb1c46b5c",
        "sha256:7da9153d1231bbb572751f532cc0bc32580667a7887451d82597978cb488fc93",
        "sha256:a18fa73f3b49dbc27471f9dca31f826f8aa1d46b20b5a66a16a8ca3fe0ddd970",
        "sha256:80c9fed0f56930b2e43e0571dab9503857ad0670e7904ec4e12eac4d57dc0a58",
        "sha256:fe3b7f7984c5d36e8cbbd5a9ca27272ea8adc50125e50d1b06864bba1af25e6d",
        "sha256:5c76a16e490e5d84fa71e05dd7362849fc9918cf4e19db53b347d70a994d578c",
        "sha256:7e1fad222df70f572a94cb410d5409005d0c9b8ea7f1365026bfdde47b3dd915",
        "sha256:0aabda43ee670f32ed2a4b19975806c1447c819fba8dbacc695eab563c36149f",
        "sha256:29e6265e257b7171eda387dcc8935c5a9c8758b0f3450b7a0949de3d38469528",
        "sha256:d78de03e969700e3c42d8e243532e35744f6703e0bb1698bc8ad271c2266ec9b",
        "sha256:42e022bbd3367c4721ea5231c49412e1ce144ba074339a84808bf11c0d9c5dfa",
        "sha256:e201f3704334a823b2877efbe8d9ae694c7a6c4a9c5d6eeff00d39ddbad8a4a9",
        "sha256:3b5fbdc965dc8f1ee86482698fdfe7095af46727813b54118de0eac7e36729ef",
        "sha256:cfed8efa0d8257b9e8d3850af7cb3dfbbdc7d658a23c74b91a7afb586cc5691d",
        "sha256:89f4ff0559bdd461b9151d4272cf2e6ba15ab4a5990edcbf3fed5c3ae03000b6",
        "sha256:bce3226c66ec0eeca63e303349d96f71e3b2fdf6199e87c42ec095c569b3da55",
        "sha256:9be164bfea7673ec5b72ca27e55aa65adf11ec0eca430b339aba4752b50f9c3a",
        "sha256:4b358c0aebe14d9162f3b28b9f66e23f41af4df9d20eb40ff1544ec6c7de5f67",
        "sha256:561672433cdc4ffed44e2eb287778ff9b2307bbb51cf7e2c4c7681a2cf3de362",
        "sha256:b6461febba27063cf44fadff2ce92d0e8522fa63154fb4dd873091e78a0a0371",
        "sha256:e2c386cff444c834f3f219fc56c9d6f5f1309048ca862cfa5bcb1bba5b06d5b6",
        "sha256:1f26feab02daaa9a0f2ceffe5136026dc1ddd1a44d7608f86477ac2e11962325",
        "sha256:b26120014ef6d052d82ad07cc2ff4305078a3365a42f745394b8adb034f1ad5a",
        "sha256:d312a576e02caaf38a6bfc5ae1802ee2a7a084c6cc6a0f298a36fd5c2dc12886",
        "sha256:e6fb3f974fe584c4b9ffadd442595852bc0e74724e35131db6ce050354c29e73",
        "sha256:338e74fb9733f1e139920454f0e9e573f3e1416a8903287bbdf6b439d3a67570",
        "sha256:4e0d3873f7e18f4ee110ceded9f8b987dc0da6dc23b4b174ce4e386c45d1f2b1",
        "sha256:b614fb000265e52b8f7857619b09beff08d38d49a8bd119b0421cd72904d0a41",
        "sha256:8c2744965c5d2814a74f7c3888409deb2f7bd0e5a46c385300e9b7d57537b8d8",
        "sha256:ad09024c6a73415b5ab76a95abefad54d8ec3badef73c250cb9c044da2ba1987",
        "sha256:045bdb2eea51f6e11553a73aa3f9252b700138ef377a3f2fe67fecc91d37e251",
        "sha256:3e81c9b09ec37862f5b4224c6143f5133bfd386322502eba319b4bd7a9bc0bf3",
        "sha256:b36025bb1ef0d87c075da181a04e5055af8161e32d1159a9ff55c51813cc60fc",
        "sha256:f2d65e3f0226e0f68cb9885cfcade6d890a32565a90743df7ecdb76277953d62"
    ],
    "Env": [
        "PATH=/opt/gradle/gradle-6.3-rc-4/bin:/usr/local/nvidia/bin:/usr/local/sbin:/usr/local/bin:/usr/sbin:/usr/bin:/sbin:/bin",
        "LANG=C.UTF-8",
        "LC_ALL=C.UTF-8",
        "ROS_DISTRO=melodic",
        "NVIDIA_VISIBLE_DEVICES=all",
        "NVIDIA_DRIVER_CAPABILITIES=graphics",
        "LD_LIBRARY_PATH=/usr/local/nvidia/lib:/usr/local/nvidia/lib64::/usr/lib/x86_64-linux-gnu/gazebo-9/plugins:/Firmware/build/px4_sitl_default/build_gazebo",
        "DEBIAN_FRONTEND=noninteractive",
        "PIP_DEFAULT_TIMEOUT=1000",
        "GAZEBO_RESOURCE_PATH=:/usr/share/gazebo-9:/RoboticsAcademy/exercises/follow_line/web-template/launch",
        "GAZEBO_PLUGIN_PATH=:/usr/lib/x86_64-linux-gnu/gazebo-9/plugins:/Firmware/build/px4_sitl_default/build_gazebo",
        "GAZEBO_MODEL_PATH=:/usr/share/gazebo-9/models:/opt/jderobot/CustomRobots/f1:/opt/jderobot/CustomRobots/roomba_robot:/opt/jderobot/CustomRobots/3d_reconstruction:/opt/jderobot/CustomRobots/Taxi_navigator:/Firmware/Tools/sitl_gazebo/models:/opt/ros/melodic/share/drone_assets/models:/opt/ros/melodic/share/drone_assets/urdf"
    ]
}
